
Loading the model ...
  input file   : /home/eliranab/FDMAP/Resources/problems/BP-2x1_2A_1H_0L_TEAM.pomdpx
  loading time : 0.00s 

SARSOP initializing ...
In sarsop::initialize
0.1
0.2
0.3
0.4
0.5
0.6
0.7
0.8
0.8.1
0.8.2
0.8.3
0.8.4
0.8.5
0.8.6
0.9
0.10
Finished sarsop::initialize
1
2
3
4
5
6
  initialization time : 0.00s

-------------------------------------------------------------------------------
 Time   |#Trial |#Backup |LBound    |UBound    |Precision  |#Alphas |#Beliefs  
-------------------------------------------------------------------------------
 0       0       0        0          462.308    462.308     15       1        
 0       3       17       454.837    456.103    1.26617     14       5        
-------------------------------------------------------------------------------

SARSOP finishing ...
  target precision reached
  target precision  : 5.000000
  precision reached : 1.266168 

-------------------------------------------------------------------------------
 Time   |#Trial |#Backup |LBound    |UBound    |Precision  |#Alphas |#Beliefs  
-------------------------------------------------------------------------------
 0       3       17       454.837    456.103    1.26617     13       5        
-------------------------------------------------------------------------------

Writing out policy ...
  output file : /home/eliranab/FDMAP/Resources/policies/BP-2x1_2A_1H_0L_TEAM.policy

Solve took 
real	0m0.022s
user	0m0.009s
sys	0m0.000s
