
Loading the model ...
  input file   : /home/eliranab/FDMAP/Resources/problems/BP-2x2_2A_0H_3L_TEAM.pomdpx
  loading time : 0.41s 

SARSOP initializing ...
In sarsop::initialize
0.1
0.2
0.3
0.4
0.5
0.6
0.7
0.8
0.8.1
0.8.2
0.8.3
0.8.4
0.8.5
0.8.6
0.9
0.10
Finished sarsop::initialize
1
2
3
4
5
6
  initialization time : 0.50s

-------------------------------------------------------------------------------
 Time   |#Trial |#Backup |LBound    |UBound    |Precision  |#Alphas |#Beliefs  
-------------------------------------------------------------------------------
 0.5     0       0        0          595.345    595.345     39       1        
 0.51    2       50       482.661    587.064    104.403     34       17       
 0.53    4       109      530.615    586.447    55.8322     76       35       
 0.55    5       150      530.615    586.447    55.8322     105      50       
 0.56    7       200      539.802    583.454    43.6517     139      61       
 0.59    9       255      543.34     583.454    40.1141     184      78       
 0.63    11      300      544.725    582.813    38.0879     217      97       
 0.65    12      350      545.476    582.746    37.2697     253      107      
 0.68    14      400      550.992    582.596    31.6036     288      121      
 0.71    16      451      550.992    582.596    31.6036     326      131      
 0.76    18      505      552.213    582.311    30.0979     356      149      
 0.8     20      559      552.213    582.107    29.8938     392      163      
 0.85    22      611      553.059    580.984    27.9248     422      178      
 0.88    24      655      553.12     580.684    27.5647     449      191      
 0.93    26      705      553.12     580.684    27.5647     486      203      
 1       28      759      553.12     580.381    27.2608     505      220      
 1.05    30      807      553.585    580.296    26.7112     553      231      
 1.09    32      853      554.146    580.286    26.1395     582      240      
 1.14    34      901      554.146    580.241    26.0951     614      251      
 1.19    36      950      554.146    580.023    25.8775     630      263      
 1.25    39      1000     556.559    579.293    22.7343     653      271      
 1.32    41      1050     556.559    578.863    22.3041     681      285      
 1.41    43      1109     556.559    578.706    22.1466     740      304      
 1.47    45      1151     556.559    578.539    21.9797     753      312      
 1.54    47      1200     556.559    577.71     21.1512     762      322      
 1.6     49      1250     557.984    577.35     19.3652     812      333      
 1.69    51      1301     557.984    577.071    19.087      835      348      
 1.77    54      1350     557.984    576.771    18.7863     884      359      
 1.86    56      1400     557.984    576.731    18.7469     895      371      
 1.97    58      1450     557.984    576.728    18.7441     915      385      
 2.02    60      1500     557.984    576.683    18.6991     965      390      
 2.13    63      1557     557.984    576.546    18.562      973      400      
 2.22    65      1611     557.984    576.351    18.3671     1027     413      
 2.32    67      1659     557.984    576.13     18.1461     1022     421      
 2.42    69      1713     557.984    576.105    18.1202     1076     429      
 2.55    71      1750     557.984    576.101    18.1162     1069     440      
 2.64    73      1809     558.141    576.053    17.912      1128     448      
 2.78    75      1850     558.251    576.044    17.7922     1123     457      
 2.87    77      1905     558.251    576.014    17.7624     1178     466      
 2.96    79      1950     558.251    575.98     17.7285     1223     475      
 3.12    81      2000     558.645    575.945    17.2997     1211     485      
 3.23    83      2050     558.645    575.945    17.2993     1261     494      
 3.4     85      2100     558.645    575.909    17.2631     1259     504      
 3.5     87      2150     558.645    575.84     17.1946     1309     513      
 3.71    89      2200     558.81     575.713    16.9028     1297     524      
 3.82    91      2250     558.81     575.7      16.89       1347     534      
 3.93    93      2300     558.81     575.57     16.7599     1397     543      
 4.15    96      2361     559.549    575.541    15.9918     1387     553      
 4.24    98      2401     559.549    575.488    15.9387     1427     561      
 4.36    100     2450     559.549    575.488    15.9387     1476     569      
 4.56    102     2500     559.549    575.427    15.8777     1463     572      
 4.68    104     2550     561.523    575.335    13.8113     1513     579      
 4.84    107     2607     561.523    575.215    13.6918     1570     588      
 5.02    109     2653     562.777    574.996    12.2184     1555     590      
 5.18    111     2707     562.777    574.986    12.2086     1609     601      
 5.28    113     2750     562.777    574.514    11.7368     1652     604      
 6.4     115     2809     562.777    573.435    10.6583     1645     618      
 6.54    117     2855     562.777    573.261    10.4836     1691     624      
 6.68    120     2900     562.777    573.182    10.4053     1736     631      
 6.9     121     2950     563.287    572.81     9.52244     1786     644      
 7.24    123     3000     563.287    572.699    9.41159     1775     652      
 7.4     125     3050     563.287    572.503    9.21558     1825     657      
 7.55    127     3100     563.528    572.428    8.90005     1875     662      
 7.86    130     3150     563.528    572.41     8.88236     1862     665      
 8.12    133     3213     563.732    572.149    8.41751     1925     675      
 8.28    135     3253     563.732    572.113    8.38064     1965     681      
 8.43    138     3300     563.732    572.035    8.30345     2012     685      
 8.77    140     3350     563.732    572.023    8.29125     1980     689      
 8.97    143     3403     563.732    571.956    8.22417     2033     697      
 9.16    145     3457     563.732    571.956    8.22417     2087     700      
 9.34    147     3501     563.732    571.937    8.20488     2131     705      
 9.73    150     3550     563.782    571.88     8.09821     2081     711      
 9.96    153     3600     563.782    571.851    8.06858     2131     720      
 10.16   155     3650     563.782    571.816    8.03413     2181     726      
 10.44   158     3707     563.782    571.774    7.99233     2238     736      
 10.64   160     3757     563.782    571.744    7.96215     2288     739      
 11.04   163     3805     563.782    571.713    7.93101     2225     742      
 11.23   165     3851     563.782    571.713    7.93101     2271     745      
 11.45   167     3900     563.782    571.711    7.92865     2320     750      
 11.69   170     3953     563.782    571.573    7.79101     2373     755      
 12.2    172     4000     563.79     571.521    7.73068     2302     762      
 12.46   175     4065     563.79     571.455    7.66551     2367     765      
 12.6    178     4105     563.994    571.449    7.45453     2407     768      
 12.77   180     4151     563.994    571.408    7.41388     2453     769      
 12.96   183     4203     564.351    571.357    7.00612     2505     773      
 15.2    185     4259     564.351    571.319    6.96881     2431     781      
 15.41   187     4300     564.351    571.284    6.93355     2472     788      
 15.65   190     4350     564.351    570.964    6.61363     2522     794      
 15.92   192     4400     564.351    570.894    6.54358     2572     800      
 16.11   196     4451     564.351    570.779    6.42886     2623     803      
 16.73   199     4509     564.457    570.601    6.14366     2567     809      
 16.96   201     4553     564.457    570.467    6.00997     2611     813      
 17.17   203     4609     564.478    570.412    5.93332     2667     813      
 17.35   204     4650     564.494    570.407    5.91309     2708     814      
 17.57   207     4700     564.494    570.353    5.85857     2758     817      
 17.85   209     4750     564.494    570.308    5.81374     2808     823      
 18.45   211     4800     564.494    570.255    5.76058     2753     824      
 18.69   214     4855     564.494    570.236    5.74135     2808     828      
 18.92   216     4905     564.494    570.086    5.5914      2858     829      
 19.13   218     4950     564.494    569.991    5.4965      2903     832      
 19.48   220     5009     564.494    569.911    5.41668     2962     842      
 20.17   222     5065     564.494    569.872    5.37798     2901     842      
 20.41   224     5107     564.494    569.751    5.25674     2943     849      
 20.67   227     5153     564.494    569.745    5.25061     2989     854      
 20.92   230     5200     564.494    569.653    5.15889     3036     858      
 21.16   233     5250     564.494    569.597    5.10251     3086     859      
 21.46   235     5313     564.494    569.577    5.08303     3149     860      
 21.53   236     5327     564.494    569.352    4.85821     3163     862      
-------------------------------------------------------------------------------

SARSOP finishing ...
  target precision reached
  target precision  : 5.000000
  precision reached : 4.858208 

-------------------------------------------------------------------------------
 Time   |#Trial |#Backup |LBound    |UBound    |Precision  |#Alphas |#Beliefs  
-------------------------------------------------------------------------------
 22.03   236     5327     564.494    569.352    4.85821     3040     862      
-------------------------------------------------------------------------------

Writing out policy ...
  output file : /home/eliranab/FDMAP/Resources/policies/BP-2x2_2A_0H_3L_TEAM.policy

Solve took 
real	0m24.651s
user	0m24.202s
sys	0m0.348s
