
Loading the model ...
  input file   : /home/eliranab/FDMAP/Resources/problems/BP-3x3_2A_2H_1L_TEAM.pomdpx
  loading time : 18.23s 

SARSOP initializing ...
In sarsop::initialize
0.1
0.2
0.3
0.4
0.5
0.6
0.7
0.8
0.8.1
0.8.2
0.8.3
0.8.4
0.8.5
0.8.6
0.9
0.10
Finished sarsop::initialize
1
2
3
4
5
6
  initialization time : 66.43s

-------------------------------------------------------------------------------
 Time   |#Trial |#Backup |LBound    |UBound    |Precision  |#Alphas |#Beliefs  
-------------------------------------------------------------------------------
 66.43   0       0        0          877.23     877.23      31       1        
 67.52   0       50       0          875.967    875.967     13       40       
 68.12   1       141      244.379    875.967    631.588     77       55       
 68.32   1       150      244.379    875.967    631.588     86       62       
 69.27   1       200      244.379    875.967    631.588     124      99       
 69.45   2       271      312.07     875.126    563.056     187      102      
 70.25   2       300      312.07     875.126    563.056     207      127      
 71.44   2       350      312.07     875.126    563.056     252      164      
 71.62   3       431      315.189    875.126    559.937     316      165      
 72.04   3       450      315.189    875.126    559.937     335      178      
 76.42   3       500      315.189    875.126    559.937     367      218      
 76.72   4       577      343.179    874.722    531.542     431      221      
 77.27   4       600      343.179    874.722    531.542     454      237      
 78.46   5       699      370.037    873.807    503.77      536      267      
 78.49   5       700      370.037    873.807    503.77      537      268      
 79.93   5       750      370.037    873.807    503.77      587      310      
 80.15   6       803      382.483    872.605    490.122     611      310      
 81.34   7       850      382.483    872.605    490.122     658      344      
 81.59   7       900      428.462    872.605    444.143     693      347      
 83.05   7       950      428.462    872.605    444.143     743      384      
 83.75   8       1029     428.462    872.6      444.138     794      395      
 84.28   8       1050     428.462    872.6      444.138     815      410      
 84.71   9       1100     468.946    871.38     402.434     865      419      
 86.25   10      1175     468.951    871.38     402.429     923      449      
 86.93   10      1200     468.951    871.38     402.429     920      464      
 88.47   11      1297     489.162    871.38     382.218     993      490      
 88.51   11      1300     489.162    871.38     382.218     996      491      
 90.17   11      1350     489.162    871.38     382.218     1046     530      
 90.68   12      1413     489.162    871.092    381.931     1084     534      
 92.19   12      1450     489.162    871.092    381.931     1121     564      
 93.65   13      1543     489.162    871.092    381.931     1190     585      
 93.75   13      1550     489.162    871.092    381.931     1197     587      
 94.99   14      1607     489.162    871.087    381.926     1254     607      
 96.53   14      1650     489.162    871.087    381.926     1297     639      
 97.83   15      1733     489.162    871.087    381.926     1361     656      
 98.25   15      1750     489.162    871.087    381.926     1378     666      
 100.64  16      1859     489.162    871.083    381.921     1458     703      
 100.65  16      1860     489.162    871.083    381.921     1459     703      
 102.29  17      1939     505.928    866.519    360.591     1507     728      
 102.51  17      1950     505.928    866.519    360.591     1518     733      
 159.27  18      2053     513.942    863.49     349.548     1596     769      
 159.29  18      2054     513.942    863.49     349.548     1597     769      
 160.69  19      2127     520.106    863.49     343.384     1670     798      
 161.52  19      2150     520.106    863.49     343.384     1693     814      
 163.09  20      2217     524.517    863.49     338.972     1724     830      
 164.39  20      2250     524.517    863.49     338.972     1757     853      
 166.44  21      2351     525.349    863.49     338.14      1858     878      
 166.46  21      2352     525.349    863.49     338.14      1859     878      
 168.48  21      2400     525.349    863.49     338.14      1858     910      
 169.05  22      2457     525.349    863.485    338.135     1915     913      
 170.73  22      2500     525.349    863.485    338.135     1958     943      
 171.69  23      2567     525.349    862.45     337.1       2025     952      
 173.32  23      2600     525.349    862.45     337.1       2008     976      
 173.95  24      2650     525.349    862.45     337.1       2058     981      
 176.36  25      2751     528.009    862.45     334.44      2159     1016     
 176.39  25      2752     528.009    862.45     334.44      2160     1016     
 178.91  25      2800     528.009    862.45     334.44      2171     1049     
 179.8   26      2863     530.453    861.433    330.98      2234     1054     
 181.56  26      2900     530.453    861.433    330.98      2271     1078     
 184.46  27      3003     533.026    861.433    328.407     2327     1106     
 184.48  27      3004     533.026    861.433    328.407     2328     1106     
 186.38  27      3050     533.026    861.433    328.407     2374     1140     
 187.14  28      3107     533.026    861.161    328.135     2431     1144     
 188.98  29      3169     533.026    860.103    327.077     2493     1165     
 190.09  29      3200     533.026    860.103    327.077     2524     1184     
 191.8   30      3257     533.026    860.103    327.077     2504     1192     
 193.69  31      3331     533.026    860.098    327.072     2578     1219     
 194.31  31      3350     533.026    860.098    327.072     2597     1230     
 196.72  32      3425     533.026    860.098    327.072     2672     1251     
 197.61  32      3450     533.026    860.098    327.072     2697     1266     
 198.49  33      3500     546.256    860.098    313.843     2747     1275     
 200.88  34      3577     546.256    860.093    313.838     2768     1298     
 202.03  34      3600     546.256    860.093    313.838     2791     1314     
 204.94  35      3687     546.256    860.093    313.838     2878     1338     
 205.2   35      3700     546.256    860.093    313.838     2891     1342     
 209.27  36      3807     549.208    859.693    310.485     2936     1376     
 209.29  36      3808     549.208    859.693    310.485     2937     1376     
 211.29  37      3871     549.208    859.688    310.48      3000     1398     
 212.67  38      3925     562.227    859.423    297.196     3054     1413     
 214.4   38      3950     562.227    859.423    297.196     3079     1431     
 218.47  39      4055     562.227    859.423    297.196     3184     1463     
 218.5   39      4056     562.227    859.423    297.196     3185     1463     
 220.96  39      4100     562.227    859.423    297.196     3229     1489     
 223.34  40      4189     563.534    859.423    295.889     3246     1504     
 223.64  40      4200     563.534    859.423    295.889     3257     1509     
 226.23  41      4265     567.972    857.743    289.771     3322     1528     
 228.03  41      4300     567.972    857.743    289.771     3357     1549     
 228.94  42      4350     571.985    857.726    285.741     3407     1552     
 233.25  43      4441     571.985    857.44     285.455     3399     1578     
 233.46  43      4450     571.985    857.44     285.455     3408     1580     
 235.79  44      4511     574.74     857.435    282.695     3469     1598     
 238.66  44      4550     574.74     857.435    282.695     3508     1625     
 241     45      4629     582.033    857.176    275.143     3587     1642     
 241.91  45      4650     582.033    857.176    275.143     3608     1657     
 245.43  46      4733     582.033    857.176    275.143     3691     1682     
 245.87  46      4750     582.033    857.176    275.143     3708     1688     
 250.63  46      4800     582.033    857.176    275.143     3691     1730     
 252.18  47      4881     582.033    857.176    275.143     3772     1735     
 252.91  47      4900     582.033    857.176    275.143     3791     1742     
 257.91  48      4989     582.033    857.173    275.14      3880     1769     
 258.06  48      5000     582.033    857.173    275.14      3891     1769     
 261.06  49      5081     588.677    857.128    268.451     3972     1795     
 261.5   49      5100     588.677    857.128    268.451     3991     1799     
 266.69  50      5189     590.891    857.128    266.237     3986     1825     
 266.94  50      5200     590.891    857.128    266.237     3997     1827     
 271.36  51      5283     590.891    857.128    266.237     4080     1854     
 271.75  51      5300     590.891    857.128    266.237     4097     1858     
 274.31  52      5359     590.891    857.081    266.189     4156     1874     
 276.9   52      5400     590.891    857.081    266.189     4197     1899     
 279.72  53      5489     593.505    857.035    263.529     4286     1918     
 280.31  53      5500     593.505    857.035    263.529     4297     1924     
 281.56  54      5550     606.508    857.035    250.527     4347     1935     
 285.67  55      5621     606.508    856.875    250.367     4294     1957     
 287.1   55      5650     606.508    856.875    250.367     4323     1976     
 288.14  56      5700     616.745    856.658    239.913     4373     1980     
 291.74  57      5793     616.745    856.658    239.913     4466     2011     
 291.84  57      5800     616.745    856.658    239.913     4473     2011     
 295.88  58      5903     616.745    856.653    239.908     4576     2044     
 295.91  58      5904     616.745    856.653    239.908     4577     2044     
 298.95  58      5950     616.745    856.653    239.908     4623     2075     
 300.08  59      6005     616.745    856.598    239.853     4678     2078     
 302.74  59      6050     616.745    856.598    239.853     4723     2104     
 305.39  60      6105     619.109    856.598    237.49      4662     2107     
 309.7   61      6185     621.564    856.403    234.839     4742     2135     
 310.01  61      6200     621.564    856.403    234.839     4757     2137     
 312.52  62      6267     627.754    856.105    228.351     4824     2155     
 314.41  62      6300     627.754    856.105    228.351     4857     2176     
 316     63      6353     627.754    856.105    228.351     4910     2183     
 319.85  64      6423     627.754    856.105    228.351     4980     2206     
 321.48  64      6450     627.754    856.105    228.351     5007     2222     
 325.87  65      6529     627.754    855.049    227.295     4949     2243     
 327.13  65      6550     627.754    855.049    227.295     4970     2258     
 331.45  66      6600     627.754    855.049    227.295     5020     2298     
 332.77  66      6671     627.815    855.049    227.233     5091     2298     
 334.54  66      6700     627.815    855.049    227.233     5120     2317     
 339.55  67      6803     633.798    855.025    221.227     5223     2345     
 339.59  67      6804     633.798    855.025    221.227     5224     2345     
 343.84  67      6850     633.798    855.025    221.227     5270     2378     
 345.91  68      6919     633.798    854.926    221.128     5339     2385     
 347.95  68      6950     633.798    854.926    221.128     5370     2401     
 354.41  68      7000     633.798    854.926    221.128     5420     2445     
 360.31  69      7107     633.798    854.86     221.062     5371     2452     
 360.35  69      7108     633.798    854.86     221.062     5372     2452     
 362.96  69      7150     633.798    854.86     221.062     5414     2482     
 363.9   70      7200     633.798    854.86     221.062     5464     2483     
 367.7   70      7250     633.798    854.86     221.062     5514     2521     
 370.18  71      7335     633.798    854.699    220.901     5599     2533     
 371.08  71      7350     633.798    854.699    220.901     5614     2537     
 376.14  72      7435     633.798    854.335    220.537     5699     2563     
 376.88  72      7450     633.798    854.335    220.537     5714     2568     
 382.15  73      7541     633.798    854.335    220.537     5805     2599     
 382.58  73      7550     633.798    854.335    220.537     5814     2602     
 386.4   74      7631     633.798    854.289    220.491     5895     2626     
 389.82  74      7650     633.798    854.289    220.491     5782     2637     
 393.85  75      7727     633.798    853.803    220.005     5859     2661     
 394.71  75      7750     633.798    853.803    220.005     5882     2669     
 397.69  76      7800     633.798    853.798    220         5932     2678     
 405.3   77      7903     633.798    853.798    220         6035     2716     
 405.35  77      7904     633.798    853.798    220         6036     2716     
 409.67  78      7985     633.798    853.749    219.951     6117     2736     
 410.83  78      8000     633.798    853.749    219.951     6132     2746     
 413.72  79      8067     653.546    853.749    200.203     6199     2764     
 416.29  79      8100     653.546    853.749    200.203     6232     2786     
 418.83  80      8159     653.546    853.744    200.198     6291     2793     
 426.98  80      8200     653.546    853.744    200.198     6332     2821     
 436.47  81      8297     653.546    853.66     200.114     6259     2845     
 436.56  81      8300     653.546    853.66     200.114     6262     2845     
 442.67  81      8350     653.546    853.66     200.114     6312     2880     
 445.93  82      8423     653.546    853.617    200.071     6385     2887     
 448.59  82      8450     653.546    853.617    200.071     6412     2904     
 449.91  83      8501     653.546    853.617    200.071     6463     2911     
 455.53  83      8550     653.546    853.617    200.071     6512     2948     
 459.94  84      8651     653.546    853.532    199.986     6613     2969     
 459.99  84      8652     653.546    853.532    199.986     6614     2969     
 464.91  85      8731     653.546    853.498    199.952     6693     2998     
 466.05  85      8750     653.546    853.498    199.952     6712     3011     
 470.25  86      8829     653.546    853.498    199.952     6791     3034     
 474.83  86      8850     653.546    853.498    199.952     6652     3048     
 480.79  87      8949     653.546    853.489    199.944     6751     3079     
 480.85  87      8950     653.546    853.489    199.944     6752     3079     
 486.35  88      9047     653.546    853.329    199.783     6849     3108     
 486.43  88      9050     653.546    853.329    199.783     6852     3108     
 493.06  89      9139     653.546    853.329    199.783     6941     3133     
 493.32  89      9150     653.546    853.329    199.783     6952     3134     
 499.94  90      9241     653.546    853.261    199.715     7043     3161     
 500.12  90      9250     653.546    853.261    199.715     7052     3161     
 508.54  91      9347     653.546    853.259    199.713     7149     3193     
 508.62  91      9350     653.546    853.259    199.713     7152     3193     
 515.68  92      9429     653.546    853.256    199.71      7231     3221     
 517.38  92      9450     653.546    853.256    199.71      7252     3234     
 530.03  93      9555     653.546    853.251    199.705     7162     3267     
 530.09  93      9556     653.546    853.251    199.705     7163     3267     
 534.49  93      9600     653.546    853.251    199.705     7207     3293     
 538.26  94      9683     653.546    853.246    199.7       7290     3303     
 539.5   94      9700     653.546    853.246    199.7       7307     3312     
 542.5   95      9773     662.326    853.119    190.792     7380     3331     
 544.96  95      9800     662.326    853.119    190.792     7407     3351     
 552.71  96      9903     662.326    853.119    190.792     7510     3379     
 552.78  96      9904     662.326    853.119    190.792     7511     3379     
 557.3   97      9950     662.326    853.119    190.792     7557     3407     
 559.62  97      10000    662.326    853.11     190.783     7607     3407     
 564.85  97      10050    662.326    853.11     190.783     7657     3448     
 566.9   98      10113    662.326    852.935    190.609     7720     3451     
 570.41  98      10150    662.326    852.935    190.609     7757     3474     
 572.17  99      10200    662.326    852.935    190.609     7807     3476     
 584.78  100     10297    662.326    852.7      190.374     7673     3511     
 584.87  100     10300    662.326    852.7      190.374     7676     3511     
 589.84  101     10375    669.561    852.352    182.791     7751     3536     
 591.45  101     10400    669.561    852.352    182.791     7776     3545     
 596.17  102     10453    669.561    852.347    182.786     7829     3555     
 602.66  102     10500    669.561    852.347    182.786     7876     3583     
 605.37  103     10571    669.561    852.299    182.738     7947     3590     
 607.43  103     10600    669.561    852.299    182.738     7976     3607     
 613.32  104     10683    671.168    852.299    181.131     8059     3627     
 614.32  104     10700    671.168    852.299    181.131     8076     3636     
 617.87  105     10763    671.484    852.227    180.743     8139     3654     
 623.2   105     10800    671.484    852.227    180.743     8176     3682     
 629.21  106     10887    671.484    852.218    180.734     8263     3700     
 629.89  106     10900    671.484    852.218    180.734     8276     3707     
 637.76  106     10950    671.484    852.218    180.734     8326     3750     
 640.46  107     11017    671.484    852.218    180.734     8393     3751     
 644.33  107     11050    671.484    852.218    180.734     8426     3766     
 2072.29 108     11109    671.484    852.218    180.734     8251     3775     
-------------------------------------------------------------------------------

SARSOP finishing ...
  Preset timeout reached
  Timeout     : 1000.000000s
  Actual Time : 2072.290000s

-------------------------------------------------------------------------------
 Time   |#Trial |#Backup |LBound    |UBound    |Precision  |#Alphas |#Beliefs  
-------------------------------------------------------------------------------
 2078.03 108     11109    671.484    852.218    180.734     8251     3775     
-------------------------------------------------------------------------------

Writing out policy ...
  output file : /home/eliranab/FDMAP/Resources/policies/BP-3x3_2A_2H_1L_TEAM.policy

Solve took 
real	40m19.969s
user	39m59.253s
sys	0m14.596s
