
Loading the model ...
  input file   : /home/eliranab/FDMAP/Resources/problems/BP-3x1_2A_1H_1L_TEAM.pomdpx
  loading time : 0.03s 

SARSOP initializing ...
In sarsop::initialize
0.1
0.2
0.3
0.4
0.5
0.6
0.7
0.8
0.8.1
0.8.2
0.8.3
0.8.4
0.8.5
0.8.6
0.9
0.10
Finished sarsop::initialize
1
2
3
4
5
6
  initialization time : 0.02s

-------------------------------------------------------------------------------
 Time   |#Trial |#Backup |LBound    |UBound    |Precision  |#Alphas |#Beliefs  
-------------------------------------------------------------------------------
 0.02    0       0        0          821.356    821.356     25       1        
 0.02    2       55       690.679    812.142    121.463     44       22       
 0.03    3       100      716.58     812.142    95.5615     75       37       
 0.03    5       151      744.733    809.442    64.7092     121      52       
 0.04    7       200      757.76     805.659    47.8986     162      69       
 0.05    10      255      777.193    804.146    26.9529     203      83       
 0.05    12      300      779.421    803.363    23.9423     234      88       
 0.06    15      350      784.258    802.857    18.5991     278      93       
 0.07    19      409      788.254    802.052    13.7983     317      101      
 0.08    22      450      788.254    801.512    13.258      339      104      
 0.09    27      505      791.953    798.858    6.90502     379      109      
 0.1     29      555      792.337    797.981    5.64346     414      115      
 0.11    30      579      793.645    797.978    4.33261     421      115      
-------------------------------------------------------------------------------

SARSOP finishing ...
  target precision reached
  target precision  : 5.000000
  precision reached : 4.332612 

-------------------------------------------------------------------------------
 Time   |#Trial |#Backup |LBound    |UBound    |Precision  |#Alphas |#Beliefs  
-------------------------------------------------------------------------------
 0.11    30      579      793.645    797.978    4.33261     419      115      
-------------------------------------------------------------------------------

Writing out policy ...
  output file : /home/eliranab/FDMAP/Resources/policies/BP-3x1_2A_1H_1L_TEAM.policy

Solve took 
real	0m0.172s
user	0m0.168s
sys	0m0.004s
