
Loading the model ...
  input file   : /home/eliranab/FDMAP/Resources/problems/BP-3x2_3A_0H_2L_TEAM.pomdpx
  loading time : 5.20s 

SARSOP initializing ...
In sarsop::initialize
0.1
0.2
0.3
0.4
0.5
0.6
0.7
0.8
0.8.1
0.8.2
0.8.3
0.8.4
0.8.5
0.8.6
0.9
0.10
Finished sarsop::initialize
1
2
3
4
5
6
  initialization time : 5.58s

-------------------------------------------------------------------------------
 Time   |#Trial |#Backup |LBound    |UBound    |Precision  |#Alphas |#Beliefs  
-------------------------------------------------------------------------------
 5.58    0       0        0          357.465    357.465     43       1        
 5.66    2       50       282.477    350.526    68.0488     41       18       
 5.75    4       107      313.721    350.026    36.3046     88       38       
 5.82    6       159      325.253    349.441    24.1874     130      53       
 5.87    8       200      329.804    347.676    17.8724     162      63       
 5.95    10      250      329.866    347.456    17.59       197      78       
 6.02    13      305      332.692    346.477    13.7842     241      88       
 6.09    15      359      335.479    345.97     10.491      276      99       
 6.12    18      403      338.846    344.847    6.00133     308      102      
 6.16    20      450      339.046    344.359    5.31267     344      105      
 6.21    23      493      339.286    343.955    4.66934     366      110      
-------------------------------------------------------------------------------

SARSOP finishing ...
  target precision reached
  target precision  : 5.000000
  precision reached : 4.669339 

-------------------------------------------------------------------------------
 Time   |#Trial |#Backup |LBound    |UBound    |Precision  |#Alphas |#Beliefs  
-------------------------------------------------------------------------------
 6.21    23      493      339.286    343.955    4.66934     366      110      
-------------------------------------------------------------------------------

Writing out policy ...
  output file : /home/eliranab/FDMAP/Resources/policies/BP-3x2_3A_0H_2L_TEAM.policy

Solve took 
real	0m13.303s
user	0m12.874s
sys	0m0.328s
