input file   : /home/eliranab/FDMAP/Resources/problems/BP-3x2_3A_0H_3L_TEAM.pomdpx
Use one-step look ahead
discount : 0.99
initialBeliefY : 
size: 46656,
 data: [11448= 0.125, 11453= 0.125, 11478= 0.125, 11483= 0.125, 11628= 0.125, 11633= 0.125, 11658= 0.125, 11663= 0.125]
initialBeliefStval : 
initialBeliefStval stval: 0
size: 46656,
 data: [11448= 0.125, 11453= 0.125, 11478= 0.125, 11483= 0.125, 11628= 0.125, 11633= 0.125, 11658= 0.125, 11663= 0.125]
initialBeliefX : 
1
1 
Num X States : 1
Num Y States : 46656
Num Action : 58
Num Observations : 27
X Trans : Object at 0x53bca20
Y Trans : Object at 0xf8f900
Obs Prob : Object at 0x538f500
Rewards : Object at 0x5385ba0

NOT In special case for initial X is a distribtion
Graph generation took 
real	1m43.107s
user	1m37.593s
sys	0m5.264s
