
Loading the model ...
  input file   : /home/eliranab/FDMAP/Resources/problems/BP-3x2_3A_0H_3L_TEAM.pomdpx
  loading time : 31.10s 

SARSOP initializing ...
In sarsop::initialize
0.1
0.2
0.3
0.4
0.5
0.6
0.7
0.8
0.8.1
0.8.2
0.8.3
0.8.4
0.8.5
0.8.6
0.9
0.10
Finished sarsop::initialize
1
2
3
4
5
6
  initialization time : 97.84s

-------------------------------------------------------------------------------
 Time   |#Trial |#Backup |LBound    |UBound    |Precision  |#Alphas |#Beliefs  
-------------------------------------------------------------------------------
 97.84   0       0        0          532.767    532.767     58       1        
 98.53   1       55       260.944    526.337    265.393     44       23       
 99.26   2       100      356.037    524.337    168.3       84       45       
 99.97   4       173      371.141    523.001    151.859     142      65       
 100.47  5       215      378.238    522.915    144.676     176      80       
 101.01  6       257      378.238    522.915    144.676     212      96       
 101.6   7       300      386.445    522.361    135.917     241      113      
 102.24  9       357      437.603    522.2      84.5975     286      131      
 103     10      400      443.123    522.2      79.0776     323      153      
 106.02  11      450      443.123    521.234    78.1115     359      172      
 106.46  12      500      443.123    520.858    77.7356     399      183      
 107.38  13      550      443.123    520.822    77.6991     442      209      
 107.96  15      615      458.501    520.323    61.8213     499      223      
 108.53  16      657      458.501    520.155    61.6537     530      238      
 109.15  17      700      461.498    520.05     58.5521     556      254      
 109.87  18      750      463.26     520.03     56.7701     606      273      
 110.49  20      807      468.827    519.886    51.0587     650      287      
 111.29  21      850      470.646    519.773    49.1266     676      307      
 112.14  23      919      471.287    519.745    48.4583     731      326      
 112.54  24      950      471.7      519.674    47.974      746      334      
 113.25  26      1011     474.056    519.369    45.3129     807      350      
 113.88  27      1050     481.156    519.161    38.0052     822      362      
 114.69  29      1109     481.939    519.008    37.0687     853      379      
 115.4   30      1150     481.939    519.008    37.0687     894      396      
 116.12  32      1201     481.939    518.949    37.0098     915      409      
 116.94  33      1250     482.105    518.942    36.8367     964      429      
 117.85  34      1300     482.105    518.942    36.8367     979      447      
 118.51  36      1350     482.105    518.766    36.661      1029     462      
 119.64  38      1421     483.311    518.456    35.1449     1063     480      
 120.11  39      1451     483.694    518.456    34.762      1093     489      
 121.09  41      1509     483.694    518.353    34.6594     1096     505      
 121.89  42      1550     483.694    518.353    34.6594     1137     522      
 122.41  44      1600     483.694    518.272    34.5783     1187     530      
 123.39  46      1659     483.694    518.267    34.5727     1186     544      
 123.98  47      1700     483.694    518.24     34.5461     1227     554      
 124.96  49      1750     483.694    518.121    34.4267     1219     567      
 125.99  50      1800     485.056    518.057    33.0009     1269     589      
 126.49  52      1855     485.056    518.018    32.9618     1324     596      
 152.87  53      1900     485.056    517.978    32.9225     1312     612      
 153.59  55      1957     485.056    517.949    32.8934     1369     624      
 154.45  57      2009     485.056    517.911    32.8548     1421     637      
 155.36  58      2050     485.056    517.893    32.8373     1412     647      
 156.45  60      2113     485.056    517.707    32.6512     1475     665      
 157.03  61      2150     485.635    517.618    31.9834     1512     674      
 158.44  63      2200     485.635    517.6      31.9655     1509     691      
 158.93  64      2250     485.635    517.6      31.9655     1559     697      
 159.62  66      2305     485.635    517.501    31.8661     1614     707      
 160.85  68      2365     485.635    517.495    31.8603     1603     721      
 161.23  69      2400     485.635    517.495    31.8603     1638     726      
 162.19  71      2459     485.635    517.397    31.7628     1697     742      
 163.29  72      2500     485.635    517.367    31.7328     1669     752      
 163.88  74      2550     485.748    517.314    31.5659     1719     759      
 165.2   76      2619     485.748    517.285    31.5367     1788     781      
 165.66  77      2651     485.748    517.248    31.5004     1820     788      
 167.34  79      2713     485.748    517.239    31.4909     1818     807      
 167.93  80      2750     485.748    517.219    31.4714     1855     814      
 168.55  82      2800     485.77     517.076    31.3063     1905     823      
 170.13  84      2855     485.77     517.071    31.3008     1876     837      
 170.96  86      2900     485.77     517.041    31.2712     1921     849      
 171.86  88      2953     485.77     517.032    31.262      1974     861      
 172.62  90      3000     485.77     517.007    31.2372     2021     871      
 174.55  93      3057     485.77     517.002    31.2317     1986     888      
 175.46  95      3107     485.77     517        31.2296     2036     901      
 176.33  97      3167     485.77     516.933    31.1629     2096     913      
 176.85  98      3200     485.77     516.918    31.1475     2129     920      
 178.62  100     3259     485.77     516.905    31.1347     2081     933      
 179.44  102     3313     485.77     516.873    31.1027     2135     945      
 180.36  103     3350     487.91     516.223    28.3124     2172     958      
 181.3   105     3401     487.91     515.778    27.8673     2223     970      
 183.04  107     3450     488.835    514.576    25.7415     2201     981      
 184.08  109     3501     488.835    514.554    25.7191     2252     995      
 185.21  111     3550     488.835    514.507    25.6722     2301     1009     
 186.15  113     3603     488.835    514.49     25.6547     2354     1019     
 188.03  115     3655     488.835    514.402    25.5672     2314     1030     
 189.22  116     3700     488.835    514.394    25.5593     2359     1045     
 190.27  118     3759     488.835    513.886    25.0512     2418     1057     
 191.03  119     3800     488.835    513.845    25.0105     2459     1066     
 192.11  122     3850     488.835    513.687    24.8523     2509     1079     
 194.19  126     3900     489.327    513.505    24.1787     2453     1090     
 195.18  127     3950     489.327    513.381    24.0545     2503     1104     
 196.16  129     4009     489.327    513.351    24.0245     2562     1113     
 196.83  131     4055     489.327    513.277    23.9501     2608     1119     
 197.79  133     4113     489.327    513.265    23.9383     2666     1129     
 200     134     4157     489.327    513.227    23.9004     2605     1141     
 200.71  135     4200     489.327    513.219    23.8922     2648     1150     
 201.89  136     4250     489.327    513.216    23.8895     2698     1165     
 202.76  138     4303     489.327    513.168    23.8414     2751     1174     
 203.89  139     4350     490.684    513.161    22.4772     2798     1188     
 206.84  141     4413     490.684    513.124    22.4403     2748     1202     
 207.77  142     4450     490.684    513.116    22.4321     2785     1213     
 208.81  145     4505     490.684    513.105    22.4214     2840     1221     
 209.46  147     4553     490.684    513.033    22.3495     2888     1225     
 210.48  148     4607     490.684    513.026    22.3418     2942     1235     
 211.06  149     4650     490.684    512.947    22.2632     2985     1238     
 213.73  151     4703     493.344    512.855    19.511      2924     1248     
 214.78  153     4751     493.344    512.489    19.1443     2972     1257     
 216.23  154     4800     493.344    512.452    19.1074     3021     1275     
 217.64  156     4865     493.344    512.355    19.0105     3086     1286     
 218.4   157     4900     493.344    512.152    18.8076     3121     1293     
 219.55  159     4955     493.344    511.993    18.6483     3176     1303     
 222.81  162     5003     493.344    511.908    18.5634     3107     1317     
 224.19  164     5067     493.344    511.842    18.4976     3171     1326     
 224.91  166     5100     493.344    511.739    18.3946     3204     1332     
 225.82  167     5153     493.344    511.692    18.3477     3257     1336     
 226.52  169     5200     493.541    511.245    17.7041     3304     1339     
 227.5   171     5250     493.768    510.339    16.5704     3354     1347     
 228.92  173     5300     493.768    510.274    16.5063     3404     1363     
 231.79  175     5353     493.813    509.968    16.1551     3325     1364     
 232.9   178     5400     493.813    509.636    15.8237     3372     1374     
 234.08  181     5459     493.813    509.579    15.7658     3431     1383     
 234.76  183     5500     493.821    509.465    15.6435     3472     1386     
 235.96  186     5550     494.498    509.18     14.6825     3522     1396     
 237.13  188     5600     494.498    509.153    14.655      3572     1403     
 240.96  190     5659     494.498    509.111    14.6127     3487     1414     
 242.17  191     5705     494.498    509.095    14.5969     3533     1426     
 243.35  192     5750     494.498    509.095    14.5969     3578     1436     
 244.29  194     5800     494.498    509.089    14.5916     3628     1442     
 245.23  197     5853     494.498    508.999    14.5015     3681     1446     
 246.35  199     5903     494.498    508.999    14.5015     3731     1454     
 247.76  201     5950     494.498    508.957    14.4591     3778     1464     
 249.62  204     6007     494.498    508.928    14.4305     3835     1478     
 253.72  206     6050     494.498    508.928    14.4305     3716     1487     
 255.07  208     6100     494.498    508.916    14.4184     3766     1499     
 255.86  210     6150     494.498    508.902    14.4039     3816     1502     
 256.83  212     6200     494.498    508.899    14.401      3866     1510     
 257.85  214     6250     494.498    508.88     14.3822     3916     1518     
 258.88  216     6301     494.498    508.866    14.3683     3967     1524     
 259.81  218     6353     494.498    508.786    14.288      4019     1528     
 264.33  220     6413     494.498    508.766    14.268      3894     1535     
 265.31  222     6451     494.498    508.747    14.2495     3932     1542     
 266.48  224     6501     494.498    508.741    14.2431     3982     1550     
 267.37  225     6550     494.498    508.735    14.2372     4031     1556     
 268.45  228     6600     494.498    508.72     14.2223     4081     1563     
 269.81  230     6650     494.498    508.668    14.1701     4131     1573     
 271.41  232     6700     494.498    508.648    14.1502     4181     1588     
 272.6   234     6750     494.498    508.62     14.1219     4231     1593     
 277.79  237     6800     494.498    508.595    14.0971     4089     1605     
 279.31  240     6850     494.498    508.564    14.0665     4139     1614     
 280.47  242     6909     494.498    508.529    14.0306     4198     1619     
 281.14  244     6951     494.498    508.516    14.0181     4240     1621     
 281.85  246     7000     496.035    508.121    12.086      4289     1621     
 282.69  248     7050     496.035    507.752    11.7166     4339     1623     
 283.75  250     7100     496.459    507.608    11.1497     4389     1627     
 285.14  253     7161     496.459    507.491    11.0326     4450     1636     
 291.52  255     7200     496.459    507.3      10.8415     4303     1649     
 292.74  258     7250     496.459    507.183    10.7244     4353     1658     
 293.5   261     7305     496.77     507.142    10.3726     4408     1658     
 294.44  263     7350     496.77     507.131    10.3608     4453     1661     
 295.5   265     7401     497.178    507.052    9.87414     4504     1666     
 296.78  267     7450     497.277    506.912    9.63577     4553     1676     
 297.92  269     7500     497.277    506.905    9.62816     4603     1681     
 299.42  271     7561     497.277    506.867    9.59043     4664     1689     
 300.57  273     7600     497.277    506.858    9.58142     4703     1697     
 307.91  276     7650     497.277    506.851    9.5743      4563     1707     
 309.37  279     7700     497.277    506.843    9.56683     4613     1719     
 311.16  282     7759     497.277    506.819    9.54251     4672     1731     
 312.55  284     7800     497.277    506.819    9.54251     4713     1741     
 314.1   286     7851     497.277    506.801    9.52414     4764     1749     
 315.65  288     7909     497.338    506.782    9.44429     4822     1758     
 316.65  290     7955     497.338    506.78     9.44275     4868     1762     
 318.23  294     8005     497.338    506.752    9.41413     4918     1770     
 319.68  296     8050     497.338    506.752    9.41413     4963     1779     
 327.45  298     8100     497.338    506.739    9.40164     4762     1791     
 328.84  300     8155     497.338    506.732    9.39487     4817     1798     
 330.12  301     8200     497.338    506.719    9.38145     4862     1803     
 331.59  304     8251     497.338    506.715    9.37779     4913     1812     
 333.12  306     8300     497.338    506.707    9.36937     4962     1819     
 334.98  308     8353     497.338    506.697    9.3596      5015     1829     
 336.16  310     8400     497.338    506.685    9.34723     5062     1834     
 338.14  313     8450     497.338    506.622    9.28449     5112     1844     
 340.09  317     8500     497.338    506.558    9.2207      5162     1856     
 348.37  320     8553     497.338    506.522    9.18405     4972     1859     
 349.47  323     8600     497.35     506.515    9.16515     5019     1864     
 350.77  325     8651     497.35     506.51     9.16051     5070     1870     
 352.01  328     8700     497.352    506.452    9.10044     5119     1876     
 353.83  330     8755     497.395    506.436    9.04111     5174     1884     
 355.45  332     8800     497.395    506.428    9.0326      5219     1895     
 356.79  335     8859     497.395    506.393    8.99751     5278     1898     
 357.75  337     8900     497.404    506.38     8.97619     5319     1901     
 359.01  340     8950     497.781    506.273    8.49253     5369     1906     
 360.43  343     9005     497.781    506.099    8.31783     5424     1911     
 371.03  347     9050     497.781    505.916    8.1352      5250     1916     
 372.66  350     9100     497.905    505.875    7.97006     5300     1925     
 373.94  353     9150     497.905    505.857    7.95238     5350     1931     
 376.07  356     9209     497.905    505.846    7.94154     5409     1941     
 377.35  358     9250     497.905    505.844    7.93872     5450     1948     
 378.8   360     9305     497.905    505.837    7.93257     5505     1954     
 646.28  363     9350     497.905    505.826    7.92095     5367     1962     
 648.21  366     9409     497.905    505.8      7.89522     5426     1971     
 649.67  368     9451     497.905    505.791    7.88581     5468     1980     
 651.9   370     9509     497.905    505.79     7.88472     5526     1991     
 653.71  373     9555     497.905    505.779    7.87418     5572     2000     
 655.79  376     9609     497.905    505.766    7.86133     5626     2011     
 656.84  378     9650     497.905    505.766    7.86133     5667     2013     
 658.47  380     9700     497.905    505.764    7.85892     5717     2020     
 660.18  383     9755     497.905    505.753    7.8481      5772     2029     
 661.67  385     9809     497.905    505.742    7.83722     5826     2034     
 663.54  388     9850     497.905    505.741    7.83608     5867     2046     
 675.16  390     9900     497.905    505.739    7.83417     5608     2051     
 676.99  392     9955     498.001    505.736    7.73496     5663     2058     
 678.91  394     10005    498.001    505.724    7.72206     5713     2067     
 680.55  397     10050    498.001    505.722    7.72023     5758     2076     
 682.41  400     10105    498.001    505.718    7.71638     5813     2087     
 684.71  403     10157    498.001    505.708    7.7062      5865     2101     
 687.05  405     10219    498.001    505.699    7.69799     5927     2111     
 687.91  407     10250    498.001    505.698    7.69677     5958     2113     
 689.85  409     10300    498.001    505.688    7.68635     6008     2119     
 691.93  411     10353    498.001    505.684    7.68239     6061     2126     
 693.68  413     10400    498.001    505.681    7.67922     6108     2131     
 695.49  416     10459    498.001    505.661    7.6598      6167     2136     
 709.91  418     10501    498.075    505.657    7.58217     5910     2137     
 711.84  422     10553    498.075    505.318    7.24358     5962     2146     
 714.28  427     10600    498.075    505.236    7.16101     6009     2159     
 716.52  432     10650    498.075    505.219    7.14398     6059     2170     
 718.62  436     10701    498.075    505.215    7.14056     6110     2182     
 720.29  438     10751    498.075    505.208    7.13357     6160     2187     
 722.24  442     10805    498.075    505.206    7.13187     6214     2194     
 723.66  444     10850    498.075    505.203    7.12817     6259     2201     
 725.39  447     10900    498.075    505.194    7.11948     6309     2210     
 728.23  449     10957    498.075    505.192    7.11768     6366     2224     
 730.65  452     11007    498.075    505.188    7.11366     6416     2237     
 745.32  455     11055    498.075    505.188    7.11366     6153     2248     
 746.48  457     11100    498.075    505.182    7.10745     6198     2252     
 747.89  460     11150    498.415    505.017    6.60216     6248     2257     
 749.15  464     11200    498.447    504.792    6.3445      6298     2261     
 750.8   468     11251    498.447    504.76     6.31267     6349     2265     
 752.41  473     11303    498.509    504.601    6.0919      6401     2271     
 754.52  477     11351    498.509    504.543    6.03385     6449     2284     
 755.87  480     11401    498.531    504.486    5.95577     6499     2287     
 757.52  483     11450    498.79     504.313    5.52302     6548     2292     
 758.79  486     11500    498.79     504.196    5.40634     6598     2293     
 760.49  491     11550    498.79     504.002    5.21234     6648     2300     
 762.17  495     11603    498.79     503.936    5.14588     6701     2305     
 763.87  499     11653    498.79     503.883    5.09273     6751     2309     
 780     501     11700    498.79     503.856    5.0663      6493     2313     
 782.15  505     11757    498.794    503.795    5.00084     6550     2322     
 782.36  506     11763    498.794    503.784    4.98985     6556     2323     
-------------------------------------------------------------------------------

SARSOP finishing ...
  target precision reached
  target precision  : 5.000000
  precision reached : 4.989846 

-------------------------------------------------------------------------------
 Time   |#Trial |#Backup |LBound    |UBound    |Precision  |#Alphas |#Beliefs  
-------------------------------------------------------------------------------
 794.79  506     11763    498.794    503.784    4.98985     6511     2323     
-------------------------------------------------------------------------------

Writing out policy ...
  output file : /home/eliranab/FDMAP/Resources/policies/BP-3x2_3A_0H_3L_TEAM.policy

Solve took 
real	17m11.751s
user	16m56.527s
sys	0m12.085s
