
Loading the model ...
  input file   : /home/eliranab/FDMAP/Resources/problems/BPPEN-2x2_2A_0H_3L_TEAM.pomdpx
  loading time : 0.52s 

SARSOP initializing ...
In sarsop::initialize
0.1
0.2
0.3
0.4
0.5
0.6
0.7
0.8
0.8.1
0.8.2
0.8.3
0.8.4
0.8.5
0.8.6
0.9
0.10
Finished sarsop::initialize
1
2
3
4
5
6
  initialization time : 0.54s

-------------------------------------------------------------------------------
 Time   |#Trial |#Backup |LBound    |UBound    |Precision  |#Alphas |#Beliefs  
-------------------------------------------------------------------------------
 0.54    0       0        0          610.128    610.128     39       1        
 0.55    2       50       477.693    601.721    124.028     37       16       
 0.56    5       105      559.16     598.439    39.2797     76       29       
 0.58    7       150      566.985    597.196    30.2113     111      46       
 0.6     10      211      570.59     596.138    25.5476     146      60       
 0.61    11      250      570.59     596.084    25.4935     169      71       
 0.63    14      305      570.59     595.897    25.3068     204      80       
 0.66    17      353      574.532    594.666    20.134      235      91       
 0.68    19      400      574.532    593.506    18.9747     273      101      
 0.7     22      450      575.616    593.163    17.5472     296      107      
 0.73    25      500      575.616    593.163    17.5472     317      119      
 0.75    26      550      576.077    591.993    15.9158     359      126      
 0.78    29      600      576.334    591.845    15.5105     397      133      
 0.8     32      650      576.334    591.248    14.9135     430      137      
 0.83    34      700      577.029    590.957    13.9276     448      141      
 0.87    36      750      577.274    590.719    13.4456     487      147      
 0.9     39      800      578.566    590.616    12.0499     522      154      
 0.93    43      851      579.582    588.608    9.02603     573      159      
 0.98    45      907      579.66     588.345    8.68448     583      165      
 1       47      951      579.66     588.287    8.62726     627      168      
 1.04    52      1000     579.66     588.029    8.36923     654      172      
 1.09    55      1059     579.762    586.977    7.21487     686      178      
 1.12    57      1100     579.889    586.818    6.92905     710      179      
 1.15    60      1153     579.914    586.473    6.55835     763      181      
 1.2     63      1203     580.108    586.302    6.19374     780      183      
 1.25    67      1250     580.108    586.151    6.04302     795      186      
 1.29    71      1300     580.143    585.575    5.43261     845      188      
 1.34    72      1350     580.143    585.483    5.34005     860      192      
 1.38    75      1400     580.248    585.359    5.11142     910      192      
 1.44    78      1453     580.248    585.256    5.0077      932      193      
 1.46    79      1485     580.286    585.139    4.85334     964      196      
-------------------------------------------------------------------------------

SARSOP finishing ...
  target precision reached
  target precision  : 5.000000
  precision reached : 4.853340 

-------------------------------------------------------------------------------
 Time   |#Trial |#Backup |LBound    |UBound    |Precision  |#Alphas |#Beliefs  
-------------------------------------------------------------------------------
 1.49    79      1485     580.286    585.139    4.85334     943      196      
-------------------------------------------------------------------------------

Writing out policy ...
  output file : /home/eliranab/FDMAP/Resources/policies/BPPEN-2x2_2A_0H_3L_TEAM.policy

Solve took 
real	0m2.757s
user	0m2.609s
sys	0m0.056s
