
Loading the model ...
  input file   : /home/eliranab/FDMAP/Resources/problems/BPPEN-3x1_2A_1H_1L_TEAM.pomdpx

Loading the policy ...
  input file   : /home/eliranab/FDMAP/Resources/policies/BPPEN-3x1_2A_1H_1L_TEAM.policy

Simulating ...
  action selection :  one-step look ahead

-----------------------------------
 #Simulations  | Exp Total Reward  
-----------------------------------
 10              1031.35
 20              869.624
 30              885.571
 40              863.478
 50              843.739
 60              918.37
 70              860.333
 80              823.92
 90              802.816
 100             783.309
-----------------------------------

Finishing ...

-------------------------------------------------------------
 #Simulations  | Exp Total Reward | 95% Confidence Interval 
-------------------------------------------------------------
 100             783.309            (632.728, 933.89)
-------------------------------------------------------------
Simulation took 
real	0m1.417s
user	0m1.308s
sys	0m0.108s 3131341511581881
