
Loading the model ...
  input file   : /home/eliranab/FDMAP/Resources/problems/BPPEN-3x1_2A_1H_1L_TEAM.pomdpx
  loading time : 0.03s 

SARSOP initializing ...
In sarsop::initialize
0.1
0.2
0.3
0.4
0.5
0.6
0.7
0.8
0.8.1
0.8.2
0.8.3
0.8.4
0.8.5
0.8.6
0.9
0.10
Finished sarsop::initialize
1
2
3
4
5
6
  initialization time : 0.02s

-------------------------------------------------------------------------------
 Time   |#Trial |#Backup |LBound    |UBound    |Precision  |#Alphas |#Beliefs  
-------------------------------------------------------------------------------
 0.02    0       0        0          820.858    820.858     25       1        
 0.03    2       50       277.546    812.429    534.883     33       19       
 0.03    3       107      699.55     811.65     112.099     75       32       
 0.03    5       157      746.436    807.862    61.426      113      47       
 0.04    7       201      763.525    805.207    41.6815     151      61       
 0.05    10      259      771.806    805.119    33.3126     192      78       
 0.05    13      300      782.298    802.507    20.2089     228      83       
 0.06    16      350      786.518    801.499    14.9804     262      86       
 0.06    18      400      790.359    800.653    10.2937     304      89       
 0.07    23      450      793.339    799.48     6.14092     328      94       
 0.08    26      481      794.241    798.249    4.00865     349      95       
-------------------------------------------------------------------------------

SARSOP finishing ...
  target precision reached
  target precision  : 5.000000
  precision reached : 4.008648 

-------------------------------------------------------------------------------
 Time   |#Trial |#Backup |LBound    |UBound    |Precision  |#Alphas |#Beliefs  
-------------------------------------------------------------------------------
 0.08    26      481      794.241    798.249    4.00865     349      95       
-------------------------------------------------------------------------------

Writing out policy ...
  output file : /home/eliranab/FDMAP/Resources/policies/BPPEN-3x1_2A_1H_1L_TEAM.policy

Solve took 
real	0m0.137s
user	0m0.133s
sys	0m0.004s
