input file   : /home/eliranab/FDMAP/Resources/problems/BPPEN-2x2_2A_0H_3L_TEAM.pomdpx
Use one-step look ahead
discount : 0.99
initialBeliefY : 
size: 1024,
 data: [448= 0.125, 451= 0.125, 460= 0.125, 463= 0.125, 496= 0.125, 499= 0.125, 508= 0.125, 511= 0.125]
initialBeliefStval : 
initialBeliefStval stval: 0
size: 1024,
 data: [448= 0.125, 451= 0.125, 460= 0.125, 463= 0.125, 496= 0.125, 499= 0.125, 508= 0.125, 511= 0.125]
initialBeliefX : 
1
1 
Num X States : 1
Num Y States : 1024
Num Action : 39
Num Observations : 27
X Trans : Object at 0x1307500
Y Trans : Object at 0x1311f20
Obs Prob : Object at 0x1305a60
Rewards : Object at 0x1305f00

NOT In special case for initial X is a distribtion
Graph generation took 
real	0m0.777s
user	0m0.769s
sys	0m0.008s
