
Loading the model ...
  input file   : /home/eliranab/FDMAP/Resources/problems/DT-2x1_2A.pomdpx
  loading time : 0.00s 

SARSOP initializing ...
In sarsop::initialize
0.1
0.2
0.3
0.4
0.5
0.6
0.7
0.8
0.8.1
0.8.2
0.8.3
0.8.4
0.8.5
0.8.6
0.9
0.10
Finished sarsop::initialize
1
2
3
4
5
6
  initialization time : 0.02s

-------------------------------------------------------------------------------
 Time   |#Trial |#Backup |LBound    |UBound    |Precision  |#Alphas |#Beliefs  
-------------------------------------------------------------------------------
 0.02    0       0        0          667.711    667.711     10       1        
 0.02    0       50       22.2417    648.538    626.296     33       17       
 0.02    1       127      72.596     638.128    565.532     15       21       
 0.02    1       150      72.596     638.128    565.532     20       31       
 0.02    2       263      88.3371    634.026    545.689     31       48       
 0.02    2       264      88.3371    634.026    545.689     32       48       
 0.03    2       300      93.4409    631.227    537.786     31       54       
 0.03    3       393      129.393    618.665    489.273     20       55       
 0.03    3       400      129.615    617.599    487.984     27       55       
 0.03    3       450      129.615    617.599    487.984     26       56       
 0.03    4       525      153.188    605.326    452.138     36       56       
 0.03    4       550      153.188    605.326    452.138     41       58       
 0.03    5       657      177.681    595.151    417.47      33       58       
 0.03    5       658      177.681    592.764    415.083     34       58       
 0.03    5       700      177.681    592.764    415.083     46       62       
 0.03    6       791      189.998    584.237    394.238     26       65       
 0.03    6       800      189.998    584.237    394.238     35       65       
 0.03    6       850      196.099    578.363    382.264     36       68       
 0.04    7       919      203.637    570.959    367.323     46       68       
 0.04    7       950      203.637    570.959    367.323     57       68       
 0.04    8       1055     215.043    565.25     350.207     36       68       
 0.04    8       1056     215.043    562.663    347.621     37       68       
 0.04    8       1100     215.043    562.663    347.621     36       68       
 0.04    9       1183     227.636    554.512    326.876     52       68       
 0.04    9       1200     227.636    554.512    326.876     57       68       
 0.04    10      1315     239.51     540.023    300.513     45       68       
 0.04    10      1316     239.51     540.023    300.513     46       68       
 0.04    10      1350     239.51     540.023    300.513     48       68       
 0.04    11      1447     244.08     534.623    290.542     45       68       
 0.04    11      1450     244.08     534.468    290.388     48       68       
 0.04    11      1500     247.477    530.447    282.969     54       68       
 0.05    12      1577     253.725    524.955    271.23      51       68       
 0.05    12      1600     253.725    524.955    271.23      47       68       
 0.05    13      1687     257.242    519.705    262.464     55       68       
 0.05    13      1700     257.242    518.947    261.705     62       68       
 0.05    13      1750     257.242    518.947    261.705     77       68       
 0.05    14      1817     264.113    510.715    246.602     54       68       
 0.05    14      1850     264.113    510.715    246.602     64       68       
 0.05    15      1941     271.06     506.268    235.208     61       68       
 0.05    15      1950     271.06     506.268    235.208     70       68       
 0.05    16      2053     273.654    501.277    227.623     52       68       
 0.05    16      2054     273.654    501.277    227.623     53       68       
 0.06    16      2100     274.422    497.682    223.26      65       68       
 0.06    17      2167     278.536    489.701    211.165     63       68       
 0.06    17      2200     278.536    489.701    211.165     67       68       
 0.06    18      2281     281.203    486.61     205.407     63       68       
 0.06    18      2300     281.203    486.61     205.407     77       68       
 0.06    19      2377     284.046    477.037    192.99      75       68       
 0.06    19      2400     284.046    477.037    192.99      77       68       
 0.06    20      2459     284.535    475.791    191.256     78       68       
 0.06    20      2500     284.535    475.791    191.256     78       68       
 0.07    21      2589     287.337    471.577    184.24      76       68       
 0.07    21      2600     287.337    471.577    184.24      77       68       
 0.07    22      2687     289.75     466.964    177.214     64       68       
 0.07    22      2700     289.75     466.964    177.214     59       68       
 0.07    23      2785     292.33     459.706    167.376     71       68       
 0.07    23      2800     292.33     459.706    167.376     79       68       
 0.07    24      2893     294.699    455.109    160.409     70       68       
 0.07    24      2900     294.699    453.238    158.538     77       68       
 0.07    25      2997     295.662    451.784    156.122     53       68       
 0.07    25      3000     295.662    451.784    156.122     56       68       
 0.08    25      3050     295.662    451.784    156.122     66       68       
 0.08    26      3105     298.269    447.266    148.997     57       68       
 0.08    26      3150     298.53     444.816    146.286     57       68       
 0.08    27      3200     299.335    442.386    143.051     53       68       
 0.08    28      3293     300.737    439.292    138.554     54       68       
 0.08    28      3300     300.737    439.292    138.554     61       68       
 0.08    29      3353     301.343    436.99     135.648     55       68       
 0.08    30      3443     302.067    434.786    132.719     63       68       
 0.08    30      3450     302.067    434.786    132.719     70       68       
 0.08    30      3500     302.956    430.408    127.452     82       68       
 0.09    31      3559     304.244    425.719    121.475     92       68       
 0.09    31      3600     304.244    425.719    121.475     83       68       
 0.09    32      3650     304.72     423.266    118.546     76       68       
 0.09    33      3717     305.19     420.438    115.248     63       68       
 0.09    33      3750     305.19     420.438    115.248     58       68       
 0.09    34      3849     306.397    416.234    109.837     56       68       
 0.09    34      3850     306.397    415.522    109.125     57       68       
 0.09    34      3900     306.397    415.522    109.125     69       68       
 0.09    35      3971     307.659    409.471    101.812     74       68       
 0.1     35      4000     307.659    409.471    101.812     83       68       
 0.1     36      4050     307.962    408.653    100.691     86       68       
 0.1     37      4151     308.89     404.566    95.676      94       68       
 0.1     37      4152     308.89     403.233    94.3428     95       68       
 0.1     38      4217     309.255    402.009    92.7543     76       68       
 0.1     39      4263     309.417    401.179    91.7625     79       68       
 0.1     40      4300     309.647    400.168    90.5213     79       68       
 0.1     40      4350     309.647    400.168    90.5213     76       68       
 0.1     41      4429     310.183    397.463    87.2807     58       68       
 0.11    41      4450     310.183    397.463    87.2807     66       68       
 0.11    42      4551     311.602    390.462    78.8597     87       68       
 0.11    42      4552     311.602    390.462    78.8597     88       68       
 0.11    43      4600     311.651    389.378    77.7272     92       68       
 0.11    44      4650     311.764    389.063    77.2989     89       68       
 0.11    45      4700     311.784    388.853    77.0693     94       68       
 0.11    45      4750     311.784    388.853    77.0693     102      68       
 0.11    46      4825     312.253    384.009    71.7566     79       68       
 0.12    47      4867     312.489    382.76     70.2706     74       68       
 0.12    48      4915     312.557    382.521    69.9637     64       68       
 0.12    49      4981     312.849    380.892    68.0433     56       68       
 0.12    49      5000     312.849    380.892    68.0433     64       68       
 0.12    50      5050     313.103    378.867    65.7649     52       68       
 0.12    51      5125     313.39     376.632    63.2421     51       68       
 0.12    52      5163     313.609    374.527    60.9178     51       68       
 0.12    53      5207     313.753    373.775    60.0223     51       68       
 0.12    54      5251     313.798    373.418    59.62       50       68       
 0.12    54      5300     313.798    373.418    59.62       50       68       
 0.13    55      5373     314.16     370.707    56.5474     44       68       
 0.13    55      5400     314.16     370.707    56.5474     48       68       
 0.13    56      5450     314.384    368.123    53.7393     42       68       
 0.13    57      5500     314.412    367.602    53.1901     49       68       
 0.13    59      5561     314.613    365.122    50.5089     39       68       
 0.13    60      5600     314.638    364.766    50.1275     39       68       
 0.13    61      5675     314.762    363.064    48.3022     38       68       
 0.13    62      5713     314.784    362.652    47.8685     38       68       
 0.13    63      5750     314.926    361.484    46.5578     39       68       
 0.14    64      5829     315.016    360.252    45.2359     38       68       
 0.14    64      5850     315.016    360.252    45.2359     48       68       
 0.14    65      5903     315.117    359.524    44.4076     38       68       
 0.14    66      5979     315.254    358.281    43.0268     37       68       
 0.14    67      6000     315.254    358.281    43.0268     47       68       
 0.14    68      6059     315.441    355.709    40.2679     37       68       
 0.14    69      6107     315.45     355.108    39.6583     37       68       
 0.14    70      6150     315.475    354.712    39.2374     46       68       
 0.14    71      6200     315.54     353.755    38.2144     45       68       
 0.15    73      6250     315.625    352.631    37.0054     43       68       
 0.15    74      6301     315.701    351.549    35.8478     37       68       
 0.15    76      6373     315.756    350.687    34.9309     37       68       
 0.15    76      6400     315.756    350.687    34.9309     41       68       
 0.15    77      6487     315.898    349.438    33.54       35       68       
 0.15    77      6500     315.898    349.438    33.54       37       68       
 0.15    79      6555     316.098    347.142    31.0438     34       68       
 0.15    80      6600     316.124    346.855    30.7319     40       68       
 0.15    82      6673     316.206    345.7      29.4936     33       68       
 0.15    83      6700     316.26     344.957    28.6969     33       68       
 0.15    85      6750     316.284    344.617    28.333      36       68       
 0.16    86      6800     316.332    343.82     27.4888     33       68       
 0.16    87      6850     316.383    342.986    26.6035     37       68       
 0.16    88      6900     316.427    342.238    25.8112     32       68       
 0.16    89      6979     316.498    341.928    25.4303     32       68       
 0.16    90      7000     316.507    340.941    24.4341     33       68       
 0.16    91      7085     316.587    340.17     23.5829     32       68       
 0.16    92      7105     316.597    339.54     22.9435     32       68       
 0.16    94      7165     316.646    338.733    22.0869     32       68       
 0.16    94      7200     316.646    338.733    22.0869     33       68       
 0.16    95      7295     316.706    338.17     21.4646     31       68       
 0.16    95      7300     316.706    338.17     21.4646     36       68       
 0.17    97      7365     316.794    336.398    19.6044     31       68       
 0.17    98      7419     316.832    335.818    18.9854     31       68       
 0.17    98      7450     316.832    335.818    18.9854     40       68       
 0.17    99      7547     316.887    334.914    18.0272     31       68       
 0.17    99      7550     316.887    334.914    18.0272     34       68       
 0.17    101     7600     316.954    333.803    16.8491     40       68       
 0.17    102     7650     316.969    333.427    16.4579     34       68       
 0.17    103     7700     316.993    332.962    15.9692     31       68       
 0.17    104     7750     317.011    332.499    15.4877     33       68       
 0.18    105     7847     317.057    331.653    14.5959     31       68       
 0.18    105     7850     317.057    331.653    14.5959     34       68       
 0.18    107     7913     317.104    330.811    13.7062     31       68       
 0.18    108     7969     317.117    330.532    13.4148     31       68       
 0.18    109     8009     317.13     330.086    12.9556     31       68       
 0.18    110     8063     317.152    329.369    12.2167     31       68       
 0.18    110     8100     317.152    329.369    12.2167     35       68       
 0.18    111     8191     317.182    328.598    11.4158     30       68       
 0.18    111     8200     317.182    328.598    11.4158     39       68       
 0.18    114     8257     317.216    327.728    10.5119     30       68       
 0.18    115     8300     317.219    327.638    10.4188     39       68       
 0.18    116     8350     317.22     327.51     10.2902     32       68       
 0.19    117     8445     317.24     327.03     9.79033     30       68       
 0.19    117     8450     317.24     327.03     9.79033     35       68       
 0.19    119     8500     317.264    326.243    8.97892     37       68       
 0.19    120     8550     317.269    326.115    8.84621     39       68       
 0.19    121     8627     317.281    325.694    8.41363     29       68       
 0.19    121     8650     317.281    325.694    8.41363     30       68       
 0.19    122     8753     317.303    325.208    7.90466     29       68       
 0.19    122     8754     317.303    325.208    7.90466     30       68       
 0.19    123     8800     317.318    324.822    7.50382     38       68       
 0.19    124     8850     317.325    324.376    7.05182     35       68       
 0.19    125     8947     317.337    323.913    6.57658     29       68       
 0.19    125     8950     317.337    323.913    6.57658     32       68       
 0.2     127     9000     317.351    323.339    5.9878      30       68       
 0.2     127     9050     317.351    323.339    5.9878      36       68       
 0.2     128     9125     317.358    322.967    5.60888     29       68       
 0.2     129     9150     317.367    322.679    5.31232     34       68       
 0.2     130     9200     317.368    322.606    5.23824     39       68       
 0.2     131     9250     317.373    322.41     5.03669     33       68       
 0.2     132     9343     317.379    322.116    4.73646     29       68       
 0.2     132     9350     317.379    322.116    4.73646     36       68       
 0.2     132     9400     317.379    322.116    4.73646     31       68       
 0.2     133     9471     317.387    321.78     4.39267     29       68       
 0.2     134     9500     317.392    321.495    4.10329     36       68       
 0.21    135     9550     317.394    321.315    3.92089     31       68       
 0.21    137     9613     317.399    321.02     3.62072     29       68       
 0.21    138     9663     317.401    320.891    3.4905      29       68       
 0.21    138     9700     317.401    320.891    3.4905      33       68       
 0.21    139     9787     317.405    320.603    3.19808     29       68       
 0.21    139     9800     317.405    320.603    3.19808     31       68       
 0.21    141     9867     317.411    320.179    2.76765     29       68       
 0.21    141     9900     317.411    320.179    2.76765     29       68       
 0.21    142     9989     317.415    319.958    2.54328     29       68       
 0.21    142     10000    317.415    319.958    2.54328     29       68       
 0.22    143     10105    317.419    319.731    2.31194     29       68       
 0.22    143     10106    317.419    319.731    2.31194     30       68       
 0.22    145     10150    317.422    319.513    2.09116     32       68       
 0.22    146     10200    317.422    319.475    2.05263     36       68       
 0.22    147     10301    317.424    319.31     1.88602     29       68       
 0.22    147     10302    317.424    319.31     1.88602     30       68       
 0.22    148     10350    317.425    319.152    1.72687     39       68       
 0.22    150     10400    317.426    319.093    1.66762     30       68       
 0.22    150     10450    317.427    319.018    1.5913      34       68       
 0.22    151     10553    317.428    318.883    1.45528     29       68       
 0.22    151     10554    317.428    318.883    1.45528     30       68       
 0.23    151     10600    317.428    318.883    1.45528     32       68       
 0.23    152     10671    317.429    318.73     1.30105     29       68       
 0.23    153     10700    317.43     318.65     1.21963     38       68       
 0.23    153     10750    317.43     318.65     1.21963     33       68       
 0.23    154     10821    317.431    318.561    1.12957     29       68       
 0.23    155     10850    317.432    318.474    1.04245     35       68       
 0.23    156     10959    317.432    318.399    0.967128    29       68       
 0.23    156     10959    317.432    318.399    0.967128    29       68       
-------------------------------------------------------------------------------

SARSOP finishing ...
  target precision reached
  target precision  : 1.000000
  precision reached : 0.967128 

-------------------------------------------------------------------------------
 Time   |#Trial |#Backup |LBound    |UBound    |Precision  |#Alphas |#Beliefs  
-------------------------------------------------------------------------------
 0.23    156     10959    317.432    318.399    0.967128    29       68       
-------------------------------------------------------------------------------

Writing out policy ...
  output file : /home/eliranab/FDMAP/Resources/policies/DT-2x1_2A.policy

Solve took 
real	0m0.238s
user	0m0.238s
sys	0m0.000s
