input file   : /home/eliranab/FDMAP/Resources/problems/DT-2x1_2A.pomdpx
Use one-step look ahead
discount : 0.99
initialBeliefY : 
size: 8,
 data: [2= 0.5, 3= 0.5]
initialBeliefStval : 
initialBeliefStval stval: 0
size: 8,
 data: [2= 0.5, 3= 0.5]
initialBeliefX : 
1
1 
Num X States : 1
Num Y States : 8
Num Action : 10
Num Observations : 9
X Trans : Object at 0x1e6ced0
Y Trans : Object at 0x1e62e60
Obs Prob : Object at 0x1e62760
Rewards : Object at 0x1e70ca0

NOT In special case for initial X is a distribtion
Graph generation took 
real	0m0.006s
user	0m0.006s
sys	0m0.000s
