
Loading the model ...
  input file   : /home/eliranab/FDMAP/Resources/problems/DT-2x1_2A_TEAM.pomdpx
  loading time : 0.00s 

SARSOP initializing ...
In sarsop::initialize
0.1
0.2
0.3
0.4
0.5
0.6
0.7
0.8
0.8.1
0.8.2
0.8.3
0.8.4
0.8.5
0.8.6
0.9
0.10
Finished sarsop::initialize
1
2
3
4
5
6
  initialization time : 0.02s

-------------------------------------------------------------------------------
 Time   |#Trial |#Backup |LBound    |UBound    |Precision  |#Alphas |#Beliefs  
-------------------------------------------------------------------------------
 0.02    0       0        0          668.656    668.656     10       1        
 0.02    0       50       25.0786    656.402    631.324     37       19       
 0.02    1       125      120.342    650.541    530.199     15       23       
 0.02    1       150      120.342    650.541    530.199     39       23       
 0.02    2       259      181.599    645.994    464.395     24       24       
 0.02    2       260      181.599    645.994    464.395     25       24       
 0.02    2       300      194.158    642.186    448.028     34       26       
 0.03    3       385      238.247    637.347    399.1       66       26       
 0.03    3       400      238.247    637.347    399.1       56       28       
 0.03    4       513      280.06     630.84     350.781     32       28       
 0.03    4       514      280.06     630.84     350.781     33       28       
 0.03    4       550      280.06     630.84     350.781     58       28       
 0.03    5       639      305.594    624.155    318.561     26       28       
 0.03    5       650      305.594    624.155    318.561     16       28       
 0.03    5       700      305.594    624.155    318.561     61       28       
 0.03    6       769      329.148    620.95     291.802     112      28       
 0.03    6       800      329.148    620.95     291.802     79       28       
 0.03    7       903      350.259    616.738    266.479     117      28       
 0.03    7       904      350.259    616.738    266.479     118      28       
 0.03    7       950      351.766    613.433    261.667     84       28       
 0.04    8       1033     372.962    609.154    236.192     30       28       
 0.04    8       1050     372.962    609.154    236.192     29       28       
 0.04    9       1165     385.815    605.103    219.288     122      28       
 0.04    9       1166     385.815    605.103    219.288     123      28       
 0.04    9       1200     385.815    605.103    219.288     146      28       
 0.04    10      1297     400.508    601.457    200.949     80       28       
 0.04    10      1300     400.508    601.457    200.949     83       28       
 0.04    10      1350     400.508    601.457    200.949     41       28       
 0.04    11      1425     408.776    597.527    188.751     77       28       
 0.04    11      1450     408.776    597.527    188.751     82       28       
 0.05    12      1555     421.928    591.354    169.426     50       28       
 0.05    12      1556     421.928    591.354    169.426     51       28       
 0.05    12      1600     421.928    591.354    169.426     45       28       
 0.05    13      1689     430.217    589.019    158.802     32       28       
 0.05    13      1700     430.217    589.019    158.802     33       28       
 0.05    13      1750     430.22     585.005    154.785     40       28       
 0.05    14      1823     435.632    579.918    144.286     32       28       
 0.05    14      1850     435.632    579.918    144.286     34       28       
 0.05    15      1953     443.685    575.985    132.301     24       28       
 0.05    15      1954     443.685    575.985    132.301     25       28       
 0.05    15      2000     443.685    575.985    132.301     37       28       
 0.05    16      2085     448.989    571.307    122.319     26       28       
 0.05    16      2100     448.989    571.307    122.319     30       28       
 0.05    17      2197     450.744    567.572    116.828     28       29       
 0.05    17      2200     450.744    567.572    116.828     31       29       
 0.05    17      2250     450.744    567.572    116.828     37       29       
 0.06    18      2329     458.139    564.368    106.229     28       29       
 0.06    18      2350     458.139    564.368    106.229     37       29       
 0.06    19      2445     460.134    562.194    102.059     29       30       
 0.06    19      2450     460.134    562.194    102.059     34       30       
 0.06    19      2500     460.134    562.194    102.059     29       30       
 0.06    20      2573     462.786    559.586    96.7996     26       30       
 0.06    20      2600     462.786    559.586    96.7996     31       30       
 0.06    21      2705     466.349    558.688    92.3388     26       30       
 0.06    21      2706     466.349    558.688    92.3388     27       30       
 0.06    21      2750     466.349    558.688    92.3388     27       30       
 0.06    22      2825     468.706    554.918    86.2119     26       30       
 0.06    22      2850     468.706    554.918    86.2119     33       30       
 0.06    23      2955     470.756    550.512    79.7567     25       30       
 0.06    23      2956     470.756    550.512    79.7567     26       30       
 0.06    23      3000     470.756    550.512    79.7567     26       30       
 0.06    24      3081     473.704    546.775    73.0713     25       30       
 0.06    24      3100     473.704    546.775    73.0713     34       30       
 0.07    25      3209     475.072    542.878    67.8063     24       30       
 0.07    25      3210     475.072    542.878    67.8063     25       30       
 0.07    25      3250     475.072    542.878    67.8063     31       30       
 0.07    26      3335     476.106    541.005    64.8985     23       30       
 0.07    26      3350     476.106    541.005    64.8985     28       30       
 0.07    27      3463     477.949    538.07     60.121      24       30       
 0.07    27      3464     477.949    538.07     60.121      25       30       
 0.07    27      3500     477.949    538.07     60.121      28       30       
 0.07    28      3593     479.037    535.733    56.6956     24       30       
 0.07    28      3600     479.037    535.733    56.6956     31       30       
 0.07    28      3650     479.037    535.733    56.6956     26       30       
 0.07    29      3711     479.765    534.441    54.6763     24       30       
 0.07    29      3750     479.765    534.441    54.6763     30       30       
 0.07    30      3839     480.486    531.768    51.2818     24       30       
 0.07    30      3850     480.486    531.768    51.2818     24       30       
 0.07    30      3900     480.486    531.768    51.2818     30       30       
 0.07    31      3969     481.257    529.072    47.8146     24       30       
 0.07    31      4000     481.257    529.072    47.8146     33       30       
 0.08    32      4095     482.119    527.184    45.0648     24       30       
 0.08    32      4100     482.119    527.184    45.0648     29       30       
 0.08    33      4203     482.756    525.71     42.9541     24       30       
 0.08    33      4204     482.756    525.71     42.9541     25       30       
 0.08    33      4250     482.756    525.71     42.9541     27       30       
 0.08    34      4331     483.185    523.724    40.5396     24       30       
 0.08    34      4350     483.185    523.724    40.5396     32       30       
 0.08    35      4437     483.59     522.05     38.46       24       30       
 0.08    35      4450     483.59     522.05     38.46       26       30       
 0.08    35      4500     483.59     522.05     38.46       32       30       
 0.08    36      4565     483.937    520.326    36.389      24       30       
 0.08    36      4600     483.937    520.326    36.389      26       30       
 0.08    37      4679     484.42     518.665    34.2449     24       30       
 0.08    37      4700     484.42     518.665    34.2449     34       30       
 0.08    38      4783     484.63     517.119    32.4889     24       30       
 0.08    38      4800     484.63     517.119    32.4889     30       30       
 0.08    39      4911     484.94     515.018    30.0782     24       30       
 0.08    39      4912     484.94     515.018    30.0782     25       30       
 0.09    39      4950     484.94     515.018    30.0782     30       30       
 0.09    40      5037     485.229    512.781    27.5519     24       30       
 0.09    40      5050     485.229    512.781    27.5519     26       30       
 0.09    40      5100     485.229    512.781    27.5519     32       30       
 0.09    41      5167     485.598    510.704    25.1064     24       30       
 0.09    41      5200     485.598    510.704    25.1064     24       30       
 0.09    42      5297     485.778    508.617    22.839      24       30       
 0.09    42      5300     485.778    508.617    22.839      27       30       
 0.09    42      5350     485.778    508.617    22.839      33       30       
 0.09    43      5425     486.056    506.947    20.8904     24       30       
 0.09    43      5450     486.056    506.947    20.8904     27       30       
 0.09    44      5555     486.254    506.158    19.9036     24       30       
 0.09    44      5556     486.254    506.158    19.9036     25       30       
 0.09    44      5600     486.254    506.158    19.9036     25       30       
 0.09    45      5671     486.442    505.686    19.2446     24       30       
 0.09    45      5700     486.442    505.686    19.2446     31       30       
 0.09    46      5805     486.546    504.585    18.0397     24       30       
 0.09    46      5806     486.546    504.585    18.0397     25       30       
 0.1     46      5850     486.546    504.585    18.0397     25       30       
 0.1     47      5935     486.656    504.055    17.3991     24       30       
 0.1     47      5950     486.656    504.055    17.3991     28       30       
 0.1     47      6000     486.656    504.055    17.3991     34       30       
 0.1     48      6069     486.863    503.101    16.238      24       30       
 0.1     48      6100     486.863    503.101    16.238      33       30       
 0.1     49      6179     486.928    502.329    15.4005     24       30       
 0.1     49      6200     486.928    502.329    15.4005     34       30       
 0.1     50      6317     486.976    502.126    15.1499     24       30       
 0.1     50      6318     486.976    502.126    15.1499     25       30       
 0.1     50      6350     486.976    502.126    15.1499     24       30       
 0.1     51      6447     487.154    500.981    13.8275     24       30       
 0.1     51      6450     487.154    500.981    13.8275     27       30       
 0.1     52      6551     487.201    500.13     12.9284     24       30       
 0.1     52      6552     487.201    500.13     12.9284     25       30       
 0.1     52      6600     487.201    500.13     12.9284     29       30       
 0.1     53      6691     487.272    499.736    12.4639     24       30       
 0.1     53      6700     487.272    499.736    12.4639     33       30       
 0.11    53      6750     487.272    499.736    12.4639     28       30       
 0.11    54      6823     487.332    498.968    11.6362     24       30       
 0.11    54      6850     487.332    498.968    11.6362     29       30       
 0.11    55      6953     487.421    497.945    10.5241     24       30       
 0.11    55      6954     487.421    497.945    10.5241     25       30       
 0.11    55      7000     487.421    497.945    10.5241     27       30       
 0.11    56      7067     487.463    497.069    9.60544     24       30       
 0.11    56      7100     487.463    497.069    9.60544     24       30       
 0.11    57      7203     487.524    496.638    9.11466     24       30       
 0.11    57      7204     487.524    496.638    9.11466     25       30       
 0.11    57      7250     487.524    496.638    9.11466     27       30       
 0.11    58      7341     487.592    496.239    8.64707     24       30       
 0.11    58      7350     487.592    496.239    8.64707     33       30       
 0.11    59      7451     487.613    495.873    8.2599      24       30       
 0.11    59      7452     487.613    495.873    8.2599      25       30       
 0.11    59      7500     487.613    495.873    8.2599      29       30       
 0.11    60      7591     487.645    495.387    7.7414      24       30       
 0.11    60      7600     487.645    495.387    7.7414      33       30       
 0.11    60      7650     487.645    495.387    7.7414      28       30       
 0.12    61      7721     487.672    495.23     7.55776     24       30       
 0.12    61      7750     487.672    495.23     7.55776     31       30       
 0.12    62      7855     487.712    494.468    6.75675     24       30       
 0.12    62      7856     487.712    494.468    6.75675     25       30       
 0.12    62      7900     487.712    494.468    6.75675     25       30       
 0.12    63      7971     487.726    494.355    6.62884     24       30       
 0.12    63      8000     487.726    494.355    6.62884     31       30       
 0.12    64      8105     487.747    493.953    6.20597     24       30       
 0.12    64      8106     487.747    493.953    6.20597     25       30       
 0.12    64      8150     487.747    493.953    6.20597     25       30       
 0.12    65      8247     487.766    493.882    6.11596     24       30       
 0.12    65      8250     487.766    493.882    6.11596     27       30       
 0.12    65      8300     487.766    493.882    6.11596     33       30       
 0.12    66      8381     487.793    493.247    5.45364     24       30       
 0.12    66      8400     487.793    493.247    5.45364     32       30       
 0.12    67      8497     487.803    493.086    5.28287     24       30       
 0.12    67      8500     487.803    493.086    5.28287     27       30       
 0.12    67      8550     487.803    493.086    5.28287     33       30       
 0.13    68      8639     487.819    492.796    4.97746     24       30       
 0.13    68      8650     487.819    492.796    4.97746     24       30       
 0.13    68      8700     487.819    492.796    4.97746     30       30       
 0.13    69      8773     487.83     492.614    4.78425     24       30       
 0.13    69      8800     487.83     492.614    4.78425     29       30       
 0.13    70      8903     487.848    492.14     4.29204     24       30       
 0.13    70      8904     487.848    492.14     4.29204     25       30       
 0.13    70      8950     487.848    492.14     4.29204     27       30       
 0.13    71      9033     487.856    491.988    4.13244     24       30       
 0.13    71      9050     487.856    491.988    4.13244     30       30       
 0.13    72      9145     487.868    491.723    3.85456     24       30       
 0.13    72      9150     487.868    491.723    3.85456     29       30       
 0.13    72      9200     487.868    491.723    3.85456     24       30       
 0.13    73      9287     487.873    491.609    3.73618     24       30       
 0.13    73      9300     487.873    491.609    3.73618     26       30       
 0.13    73      9350     487.873    491.609    3.73618     32       30       
 0.13    74      9427     487.884    491.427    3.54311     24       30       
 0.13    74      9450     487.884    491.427    3.54311     25       30       
 0.14    75      9555     487.894    491.041    3.14708     24       30       
 0.14    75      9556     487.894    491.041    3.14708     25       30       
 0.14    75      9600     487.894    491.041    3.14708     25       30       
 0.14    76      9697     487.9      490.953    3.05325     24       30       
 0.14    76      9700     487.9      490.953    3.05325     27       30       
 0.14    76      9750     487.9      490.953    3.05325     33       30       
 0.14    77      9831     487.907    490.612    2.70486     24       30       
 0.14    77      9850     487.907    490.612    2.70486     32       30       
 0.14    78      9947     487.911    490.6      2.68907     24       30       
 0.14    78      9950     487.911    490.6      2.68907     27       30       
 0.14    78      10000    487.911    490.6      2.68907     33       30       
 0.14    79      10081    487.916    490.375    2.45879     24       30       
 0.14    79      10100    487.916    490.375    2.45879     32       30       
 0.14    80      10150    487.916    490.375    2.45879     27       30       
 0.14    80      10219    487.919    490.375    2.45616     24       30       
 0.14    80      10250    487.919    490.375    2.45616     33       30       
 0.14    81      10349    487.925    490.272    2.34641     24       30       
 0.14    81      10350    487.925    490.272    2.34641     25       30       
 0.14    81      10400    487.925    490.272    2.34641     31       30       
 0.14    82      10473    487.928    490.075    2.14714     24       30       
 0.15    82      10500    487.928    490.075    2.14714     29       30       
 0.15    83      10607    487.931    489.795    1.86342     24       30       
 0.15    83      10607    487.931    489.795    1.86342     24       30       
-------------------------------------------------------------------------------

SARSOP finishing ...
  target precision reached
  target precision  : 2.000000
  precision reached : 1.863421 

-------------------------------------------------------------------------------
 Time   |#Trial |#Backup |LBound    |UBound    |Precision  |#Alphas |#Beliefs  
-------------------------------------------------------------------------------
 0.15    83      10607    487.931    489.795    1.86342     24       30       
-------------------------------------------------------------------------------

Writing out policy ...
  output file : /home/eliranab/FDMAP/Resources/policies/DT-2x1_2A_TEAM.policy

Solve took 
real	0m0.152s
user	0m0.152s
sys	0m0.000s
