input file   : /home/eliranab/FDMAP/Resources/problems/RS-3x4_2C_2S_1P_TEAM.pomdpx
Use one-step look ahead
discount : 0.99
initialBeliefY : 
size: 512,
 data: [56= 0.125, 57= 0.125, 58= 0.125, 59= 0.125, 60= 0.125, 61= 0.125, 62= 0.125, 63= 0.125]
initialBeliefStval : 
initialBeliefStval stval: 0
size: 512,
 data: [56= 0.125, 57= 0.125, 58= 0.125, 59= 0.125, 60= 0.125, 61= 0.125, 62= 0.125, 63= 0.125]
initialBeliefX : 
1
1 
Num X States : 1
Num Y States : 512
Num Action : 18
Num Observations : 243
X Trans : Object at 0xc1cc30
Y Trans : Object at 0xc16d60
Obs Prob : Object at 0xc1c710
Rewards : Object at 0xbfcd50

NOT In special case for initial X is a distribtion
Graph generation took 
real	0m0.800s
user	0m0.776s
sys	0m0.024s
