
Loading the model ...
  input file   : /home/eliranab/FDMAP/Resources/problems/RS-3x4_2C_2S_2P_TEAM_car2.pomdpx
  loading time : 0.43s 

SARSOP initializing ...
In sarsop::initialize
0.1
0.2
0.3
0.4
0.5
0.6
0.7
0.8
0.8.1
0.8.2
0.8.3
0.8.4
0.8.5
0.8.6
0.9
0.10
Finished sarsop::initialize
1
2
3
4
5
6
  initialization time : 0.06s

-------------------------------------------------------------------------------
 Time   |#Trial |#Backup |LBound    |UBound    |Precision  |#Alphas |#Beliefs  
-------------------------------------------------------------------------------
 0.06    0       0        0          1995.26    1995.26     16       1        
 0.07    1       50       855.86     1980.14    1124.28     31       24       
 0.08    2       100      1009.74    1971.31    961.574     44       33       
 0.08    3       150      1147.36    1967.81    820.455     66       49       
 0.09    4       203      1207.4     1961.97    754.563     75       65       
 0.11    4       250      1207.4     1961.97    754.563     89       100      
 0.14    5       361      1220.74    1959.93    739.185     87       123      
 0.14    5       362      1220.74    1959.93    739.185     88       123      
 0.16    5       400      1220.74    1959.93    739.185     98       153      
 0.18    6       497      1220.74    1958.4     737.662     100      173      
 0.18    6       500      1220.74    1958.4     737.662     103      175      
 0.21    7       575      1234.06    1952.29    718.233     109      200      
 0.22    7       600      1234.06    1952.29    718.233     116      220      
 0.24    8       679      1234.06    1950.48    716.424     116      236      
 0.26    8       700      1234.06    1950.48    716.424     130      252      
 0.27    9       750      1268.77    1946.37    677.594     144      267      
 0.3     10      839      1268.77    1945.6     676.831     143      294      
 0.31    10      850      1268.77    1945.6     676.831     154      303      
 0.34    11      911      1268.77    1943.71    674.94      147      321      
 0.36    12      950      1270.72    1939.65    668.925     163      337      
 0.4     13      1049     1281.16    1939.12    657.953     182      367      
 0.41    13      1050     1281.16    1939.12    657.953     183      368      
 0.43    14      1100     1285.09    1937.05    651.958     210      391      
 0.46    15      1150     1285.09    1934.5     649.414     220      405      
 0.49    16      1200     1295.31    1933.05    637.741     238      422      
 0.52    17      1250     1295.31    1930.79    635.482     243      437      
 0.57    18      1325     1295.31    1928.43    633.121     241      457      
 0.6     19      1361     1295.31    1927.58    632.276     250      467      
 0.62    20      1411     1305.77    1926.33    620.565     269      482      
 0.66    20      1450     1305.77    1926.33    620.565     292      511      
 0.7     21      1513     1305.77    1925.57    619.806     293      518      
 0.73    22      1555     1305.77    1923.64    617.87      300      532      
 0.78    22      1600     1305.77    1923.64    617.87      323      563      
 0.81    23      1655     1305.77    1923.31    617.545     315      565      
 0.85    24      1700     1307.59    1922.93    615.343     334      584      
 0.92    26      1775     1307.59    1920.04    612.452     346      605      
 0.95    26      1800     1307.59    1920.04    612.452     371      620      
 0.99    27      1850     1329.65    1919.33    589.672     375      626      
 1.08    28      1941     1329.65    1919.02    589.363     384      655      
 1.09    28      1950     1329.65    1919.02    589.363     393      661      
 1.14    29      2003     1329.65    1917.48    587.825     398      674      
 1.18    30      2050     1329.65    1917.4     587.744     413      687      
 1.23    31      2100     1335.24    1916.47    581.229     433      706      
 1.31    32      2150     1335.24    1914.7     579.464     456      731      
 1.37    33      2209     1343.53    1914.47    570.943     444      739      
 1.42    33      2250     1343.53    1914.47    570.943     485      771      
 1.54    34      2345     1343.53    1913.68    570.15      461      788      
 1.56    34      2350     1343.53    1913.68    570.15      466      791      
 1.63    35      2403     1343.53    1913.11    569.589     465      810      
 1.7     37      2461     1344.75    1911.45    566.702     485      825      
 1.75    38      2505     1344.75    1911.09    566.341     529      838      
 1.84    39      2569     1350.9     1910.98    560.086     519      860      
 1.89    39      2600     1350.9     1910.98    560.086     550      880      
 1.96    40      2650     1350.9     1908.9     558         553      888      
 2.1     41      2751     1350.9     1908       557.106     609      919      
 2.13    41      2752     1350.9     1908       557.106     558      920      
 2.21    42      2809     1356.79    1906.38    549.587     569      938      
 2.31    43      2869     1356.79    1906.34    549.547     574      959      
 2.38    44      2921     1356.79    1906.08    549.285     626      976      
 2.45    45      2971     1356.79    1905.68    548.893     633      990      
 2.53    46      3000     1356.79    1905.1     548.312     603      997      
 2.59    47      3050     1356.79    1904.88    548.091     653      1015     
 2.68    49      3115     1357.95    1904.32    546.371     667      1029     
 2.83    50      3181     1357.95    1904.04    546.089     686      1053     
 2.88    51      3209     1357.96    1903.64    545.68      654      1059     
 2.98    52      3265     1357.96    1903.44    545.484     710      1078     
 3.04    53      3300     1357.96    1902.59    544.635     685      1087     
 3.14    54      3350     1357.96    1902.41    544.458     687      1101     
 3.18    55      3400     1364.36    1901.66    537.299     737      1113     
 3.31    56      3450     1365.62    1901.51    535.89      740      1131     
 3.42    57      3500     1365.62    1899.9     534.28      741      1151     
 3.55    58      3557     1365.62    1899.86    534.24      724      1158     
 3.63    59      3619     1365.62    1899.36    533.737     786      1179     
 3.77    59      3650     1365.62    1899.36    533.737     758      1202     
 3.83    60      3700     1365.62    1899.16    533.535     808      1207     
 3.98    61      3750     1366.3     1898.6     532.304     802      1229     
 4.09    62      3803     1366.3     1898       531.702     777      1238     
 4.2     63      3855     1366.47    1897.91    531.442     829      1255     
 4.36    64      3919     1366.47    1897.91    531.442     836      1278     
 4.49    64      3950     1366.47    1897.91    531.442     867      1303     
 4.6     65      4000     1366.47    1896.95    530.484     836      1309     
 4.73    66      4061     1366.47    1895.66    529.194     897      1328     
 4.89    66      4100     1366.47    1895.66    529.194     862      1355     
 5       67      4150     1366.47    1894.97    528.506     912      1360     
 5.41    68      4200     1366.47    1894.72    528.252     868      1378     
 5.54    69      4250     1366.47    1894.3     527.837     918      1393     
 5.71    70      4313     1366.47    1894.16    527.697     877      1408     
 5.88    71      4379     1366.47    1894.09    527.62      943      1429     
 5.95    71      4400     1366.47    1894.09    527.62      964      1443     
 6.13    72      4477     1366.47    1893.96    527.49      963      1457     
 6.32    73      4519     1366.47    1893.68    527.21      919      1468     
 6.41    74      4575     1366.54    1893       526.459     975      1482     
 6.59    75      4617     1366.55    1892.94    526.397     942      1494     
 6.76    76      4671     1366.55    1892.94    526.397     928      1511     
 6.88    77      4717     1366.55    1892.94    526.392     974      1524     
 6.97    78      4761     1366.55    1892.26    525.717     1018     1536     
 7.11    79      4800     1366.55    1891.85    525.299     981      1547     
 7.27    80      4850     1366.55    1891.34    524.789     1031     1569     
 7.44    81      4907     1366.55    1891.28    524.729     1011     1580     
 7.56    82      4951     1366.55    1890.8     524.256     1055     1591     
 7.76    84      5019     1366.55    1890.15    523.6       1036     1610     
 8.19    84      5050     1366.55    1890.15    523.6       993      1629     
 8.33    85      5100     1366.55    1889.89    523.341     1043     1637     
 8.51    86      5150     1366.57    1888.53    521.955     1006     1648     
 8.74    87      5221     1366.57    1888.41    521.836     1077     1673     
 8.86    87      5250     1366.57    1888.41    521.836     1106     1692     
 9.06    88      5311     1366.57    1888.36    521.785     1082     1701     
 9.32    89      5361     1366.57    1888.36    521.785     1049     1717     
 9.42    90      5407     1366.57    1887.92    521.352     1095     1730     
 9.53    91      5450     1366.57    1887.74    521.17      1138     1748     
 9.78    92      5505     1366.57    1887.74    521.169     1124     1760     
 9.9     93      5550     1366.57    1887.43    520.855     1169     1774     
 10.29   94      5641     1366.57    1886.95    520.375     1185     1800     
 10.32   94      5650     1366.57    1886.95    520.375     1194     1804     
 10.53   95      5700     1366.57    1886.95    520.375     1147     1819     
 10.67   97      5771     1366.57    1886.19    519.618     1218     1835     
 10.86   97      5800     1366.57    1886.19    519.618     1247     1851     
 11.52   99      5861     1366.57    1886.05    519.478     1166     1857     
 11.61   100     5900     1366.57    1886.03    519.458     1205     1870     
 11.81   102     5965     1366.57    1885.44    518.871     1270     1883     
 12.07   102     6000     1366.57    1885.44    518.871     1220     1907     
 12.32   103     6073     1366.57    1885.33    518.758     1293     1919     
 12.57   104     6119     1366.57    1885.09    518.515     1202     1930     
 12.74   105     6177     1366.57    1885.07    518.501     1260     1951     
 12.85   105     6200     1366.57    1885.07    518.501     1283     1968     
 13.22   106     6257     1366.57    1884.83    518.255     1228     1979     
 13.45   107     6337     1366.57    1884.45    517.876     1308     2002     
 13.52   107     6350     1366.57    1884.45    517.876     1321     2010     
 13.91   108     6411     1366.57    1884.31    517.734     1237     2026     
 14.02   109     6450     1366.57    1883.68    517.108     1276     2037     
 14.37   110     6531     1366.57    1882.77    516.198     1357     2062     
 14.57   110     6550     1366.57    1882.77    516.198     1265     2071     
 14.7    112     6600     1366.57    1882.55    515.98      1315     2086     
 14.86   112     6650     1366.57    1882.49    515.919     1365     2102     
 15.23   113     6707     1366.57    1881.83    515.255     1339     2110     
 15.37   114     6757     1366.57    1881.83    515.255     1389     2124     
 16.22   115     6807     1366.57    1881.81    515.24      1310     2139     
 16.32   116     6850     1366.57    1881.71    515.141     1353     2151     
 16.62   118     6919     1366.57    1881.52    514.949     1422     2169     
 16.9    119     6957     1366.57    1881.28    514.705     1330     2179     
 17.07   120     7009     1366.57    1881.22    514.65      1382     2194     
 17.35   121     7059     1366.57    1881.17    514.596     1432     2208     
 17.77   122     7139     1366.57    1881.17    514.596     1394     2236     
 17.82   122     7150     1366.57    1881.17    514.596     1405     2240     
 17.92   124     7200     1366.57    1881.01    514.439     1455     2248     
 18.38   125     7250     1366.57    1880.99    514.414     1381     2264     
 18.56   127     7300     1366.57    1880.79    514.219     1431     2282     
 18.71   128     7367     1366.57    1880.37    513.793     1498     2297     
 19.17   129     7419     1366.58    1880.18    513.608     1441     2314     
 19.32   130     7461     1366.58    1879.92    513.344     1483     2325     
 19.45   131     7500     1366.58    1879.86    513.289     1522     2335     
 19.83   132     7550     1366.58    1879.85    513.275     1450     2353     
 20.14   133     7600     1366.58    1879.2     512.624     1500     2372     
 20.31   134     7650     1366.58    1878.02    511.44      1550     2384     
 20.66   136     7715     1366.58    1877.59    511.019     1479     2397     
 20.95   137     7765     1366.58    1877.36    510.783     1529     2412     
 22.04   138     7821     1366.58    1877.05    510.472     1455     2428     
 22.22   139     7873     1366.58    1877       510.425     1507     2441     
 22.39   140     7900     1366.58    1877       510.425     1534     2459     
 22.92   141     7967     1366.58    1876.65    510.074     1482     2471     
 23.15   142     8027     1366.58    1876.48    509.904     1542     2492     
 23.28   142     8050     1366.58    1876.48    509.904     1565     2505     
 23.42   144     8103     1366.58    1875.93    509.357     1618     2511     
 23.99   145     8185     1366.58    1875.81    509.231     1601     2532     
 24.11   145     8200     1366.58    1875.81    509.231     1616     2545     
 24.33   146     8250     1366.58    1875.68    509.106     1666     2560     
 24.73   147     8300     1366.58    1875.68    509.105     1584     2575     
 25.14   148     8363     1366.58    1875.4     508.829     1647     2593     
 25.35   149     8415     1366.58    1875.4     508.829     1699     2609     
 25.76   150     8463     1366.58    1875.36    508.789     1617     2624     
 26.16   151     8517     1366.58    1875.34    508.768     1671     2641     
 26.37   151     8550     1366.58    1875.34    508.768     1704     2665     
 26.51   152     8600     1366.58    1875.04    508.468     1754     2671     
 26.96   153     8650     1366.58    1874.98    508.407     1670     2691     
 27.14   154     8707     1366.58    1874.81    508.233     1727     2698     
 27.46   155     8750     1366.58    1874.57    507.992     1770     2710     
 27.86   156     8807     1366.58    1874.56    507.98      1671     2726     
 29      157     8851     1366.58    1873.72    507.145     1678     2739     
 29.45   158     8921     1366.58    1873.72    507.145     1748     2759     
 29.66   158     8950     1366.58    1873.72    507.145     1777     2781     
 30.23   159     9031     1366.58    1873.37    506.79      1685     2801     
 30.36   159     9050     1366.58    1873.37    506.79      1704     2814     
 30.58   160     9100     1366.58    1873.07    506.487     1754     2831     
 31.01   162     9150     1366.58    1872.64    506.057     1804     2850     
 31.46   162     9200     1366.58    1872.38    505.794     1732     2861     
 31.72   163     9250     1366.58    1872.22    505.631     1782     2878     
 31.95   164     9300     1366.58    1872.06    505.48      1832     2893     
 32.41   165     9357     1366.58    1871.96    505.376     1889     2904     
 32.85   166     9403     1366.58    1871.86    505.271     1806     2917     
 33.04   168     9465     1366.58    1871.68    505.091     1868     2930     
 33.22   169     9515     1366.58    1871.63    505.046     1918     2945     
 34.03   170     9583     1366.58    1871.54    504.956     1809     2963     
 34.15   171     9600     1366.58    1871.54    504.956     1826     2971     
 34.33   172     9651     1366.58    1871.47    504.889     1877     2978     
 34.56   173     9700     1366.58    1871.42    504.834     1926     2992     
 34.82   174     9750     1366.58    1871.4     504.812     1976     3011     
 35.59   175     9800     1366.58    1871.21    504.621     1858     3029     
 35.84   176     9861     1366.58    1871.21    504.621     1919     3043     
 36.21   177     9927     1366.58    1871.08    504.501     1985     3066     
 36.38   178     9950     1366.58    1871.08    504.501     2008     3081     
 36.88   179     10007    1366.58    1870.92    504.335     1934     3089     
 37.53   180     10085    1366.58    1870.81    504.224     2012     3114     
 38.94   180     10100    1366.58    1870.81    504.224     1927     3126     
 39.3    181     10163    1366.58    1870.78    504.2       1990     3146     
 39.65   182     10223    1366.58    1870.75    504.166     2050     3169     
 40.17   182     10250    1366.58    1870.75    504.166     2077     3190     
 40.77   183     10300    1366.58    1870.52    503.932     1964     3202     
 41.03   184     10350    1366.58    1870.33    503.741     2014     3217     
 41.35   185     10413    1366.58    1870.25    503.663     2077     3232     
 41.5    186     10450    1366.58    1870.22    503.636     2114     3239     
 42.63   187     10539    1366.58    1870.16    503.573     2016     3267     
 42.69   187     10550    1366.58    1870.16    503.573     2027     3270     
 43.01   188     10600    1366.58    1870.11    503.527     2077     3294     
 43.27   189     10650    1366.58    1870.1     503.515     2127     3305     
 43.9    190     10700    1366.58    1870.06    503.475     2013     3322     
 44.38   191     10750    1366.58    1869.61    503.028     2063     3333     
 44.7    192     10807    1366.58    1869.53    502.946     2120     3350     
 44.95   193     10855    1366.58    1869.31    502.722     2168     3362     
 45.59   194     10900    1366.58    1868.66    502.071     2065     3381     
 46.17   195     10950    1366.58    1865.16    498.576     2115     3392     
 46.43   196     11000    1366.58    1865.08    498.493     2165     3407     
 46.65   197     11051    1366.58    1865.07    498.486     2216     3419     
 47.39   198     11115    1366.58    1864.72    498.138     2093     3439     
 47.65   199     11161    1366.58    1864.48    497.892     2139     3453     
 48.28   200     11219    1366.58    1864.35    497.768     2197     3474     
 48.64   201     11275    1366.58    1863.83    497.242     2253     3492     
 48.87   201     11300    1366.58    1863.83    497.242     2278     3507     
 49.49   202     11350    1366.58    1863.76    497.177     2146     3514     
 49.71   203     11409    1366.58    1863.6     497.016     2205     3528     
 49.98   204     11465    1366.58    1863.55    496.966     2261     3545     
 52.24   204     11500    1366.58    1863.55    496.966     2150     3567     
 52.46   205     11550    1366.58    1863.39    496.807     2200     3573     
 52.86   206     11600    1366.58    1863.09    496.509     2250     3594     
 53.16   207     11650    1366.58    1862.97    496.385     2300     3606     
 53.5    209     11711    1366.58    1862.76    496.172     2361     3620     
 54.67   209     11750    1366.58    1862.76    496.172     2226     3647     
 54.94   210     11807    1366.58    1862.51    495.923     2283     3652     
 55.27   211     11853    1366.58    1862.48    495.89      2329     3667     
 55.49   212     11900    1366.58    1862.31    495.726     2376     3681     
 56.17   214     11955    1366.58    1862       495.413     2254     3688     
 56.89   215     12003    1366.58    1861.89    495.302     2302     3706     
 57.21   216     12050    1366.58    1861.82    495.233     2349     3722     
 57.73   217     12113    1366.58    1861.49    494.9       2412     3746     
 57.94   218     12153    1366.58    1861.46    494.875     2452     3755     
 58.74   219     12215    1366.58    1861.36    494.773     2354     3773     
 59.49   220     12269    1366.58    1861.27    494.681     2408     3786     
 59.86   221     12325    1366.58    1861.27    494.681     2464     3803     
 60.13   221     12350    1366.58    1861.27    494.681     2489     3822     
 60.9    222     12400    1366.58    1861.07    494.489     2356     3833     
 61.26   223     12450    1366.58    1860.91    494.324     2406     3848     
 61.61   224     12500    1366.58    1860.41    493.829     2456     3862     
 62.29   225     12559    1369.46    1860.01    490.556     2515     3873     
 62.79   226     12619    1370.44    1859.59    489.152     2575     3894     
 63.67   226     12650    1370.44    1859.59    489.152     2432     3914     
 63.92   227     12700    1370.44    1859.53    489.09      2482     3923     
 64.35   228     12750    1370.44    1859.24    488.802     2532     3940     
 65.25   229     12800    1370.44    1859.05    488.614     2582     3950     
 65.66   230     12850    1377.8     1859.01    481.205     2632     3967     
 68.83   232     12917    1377.8     1858.77    480.969     2472     3979     
 69.09   233     12951    1377.8     1858.38    480.571     2506     3988     
 69.69   234     13033    1377.8     1858.24    480.434     2588     4013     
 69.87   234     13050    1377.8     1858.24    480.434     2605     4023     
 70.67   236     13111    1393.51    1858.04    464.528     2666     4035     
 71.68   237     13169    1393.51    1858.01    464.498     2580     4054     
 71.98   238     13207    1393.51    1857.23    463.717     2618     4064     
 72.57   239     13279    1393.51    1857.2     463.684     2690     4087     
 72.81   239     13300    1393.51    1857.2     463.684     2711     4100     
 73.88   240     13375    1393.51    1856.53    463.017     2786     4117     
 74.24   241     13400    1393.51    1856.53    463.017     2811     4134     
 75.33   242     13469    1395.55    1855.73    460.184     2676     4147     
 75.79   243     13523    1403.1     1855.55    452.449     2730     4168     
 76.19   244     13571    1415.71    1855.25    439.548     2778     4181     
 76.5    245     13613    1415.71    1855.25    439.548     2820     4194     
 77.58   246     13677    1415.71    1855.22    439.513     2884     4214     
 78.54   247     13717    1424.1     1854.9     430.798     2745     4224     
 79.02   248     13775    1424.1     1854.27    430.167     2803     4246     
 79.32   249     13819    1424.1     1853.86    429.762     2847     4258     
 79.63   250     13859    1425.95    1853.86    427.91      2887     4271     
 80.24   251     13915    1426.11    1853.82    427.702     2943     4292     
 80.67   251     13950    1426.11    1853.82    427.702     2978     4316     
 82.49   252     14021    1426.13    1853.82    427.687     2878     4328     
 82.96   253     14071    1426.13    1853.76    427.627     2928     4343     
 83.33   254     14117    1426.13    1853.68    427.548     2974     4355     
 83.63   255     14150    1426.78    1853.58    426.8       3007     4362     
 84.29   256     14219    1434.16    1853.52    419.365     3076     4382     
 85.38   257     14255    1434.16    1852.8     418.643     2914     4393     
 85.76   258     14300    1435.07    1852.63    417.553     2959     4404     
 86.9    259     14353    1435.45    1852.42    416.969     3012     4421     
 87.45   260     14409    1435.45    1852.38    416.924     3068     4438     
 87.97   261     14461    1435.92    1852.37    416.452     3120     4456     
 92.31   262     14521    1437.29    1852.02    414.73      3000     4474     
 92.91   263     14577    1437.85    1851.93    414.074     3056     4492     
 93.25   264     14617    1438.57    1851.93    413.357     3096     4501     
 93.65   265     14659    1440.55    1851.66    411.111     3138     4516     
 94.82   266     14703    1440.55    1851.61    411.06      3182     4529     
 95.39   267     14759    1440.55    1851.61    411.06      3238     4546     
 96.05   268     14811    1440.55    1851.53    410.978     3290     4566     
 97.42   269     14885    1444.65    1851.49    406.834     3169     4588     
 97.6    270     14911    1446.99    1851.4     404.41      3195     4592     
 98.15   270     14950    1446.99    1851.4     404.41      3234     4613     
 99.15   271     15000    1450.81    1851.35    400.54      3284     4618     
 99.65   272     15050    1450.81    1851.32    400.51      3334     4637     
 100.12  273     15100    1450.81    1851.26    400.453     3384     4649     
 101.54  274     15159    1450.81    1851.26    400.453     3248     4668     
 102.23  274     15200    1450.81    1851.26    400.453     3289     4699     
 102.55  275     15250    1450.81    1850.99    400.18      3339     4702     
 103.12  276     15300    1450.81    1850.1     399.291     3389     4719     
 104.45  277     15350    1451.87    1849.87    398.001     3439     4738     
 104.9   279     15411    1453.21    1848.96    395.751     3500     4746     
 105.32  280     15450    1453.42    1848.88    395.454     3539     4760     
 106.67  281     15500    1453.42    1848.88    395.454     3342     4778     
 107.1   282     15550    1453.42    1848.48    395.061     3392     4792     
 107.56  283     15600    1453.42    1847.52    394.095     3442     4801     
 108.21  284     15661    1453.44    1847.14    393.702     3503     4819     
 109.59  285     15727    1453.44    1847.14    393.702     3569     4838     
 109.95  285     15750    1453.44    1847.14    393.702     3592     4852     
 110.42  286     15800    1453.44    1847.11    393.667     3642     4862     
 111.93  287     15850    1453.44    1847.11    393.667     3393     4876     
 112.67  288     15915    1453.44    1847.06    393.621     3458     4899     
 113.2   289     15983    1455.09    1847.03    391.941     3526     4917     
 113.47  290     16013    1455.17    1846.74    391.577     3556     4922     
 114.9   291     16071    1455.24    1846.5     391.257     3614     4939     
 115.37  291     16100    1455.24    1846.5     391.257     3643     4957     
 115.82  292     16150    1455.24    1846.49    391.243     3693     4967     
 117.43  293     16200    1455.25    1846.45    391.198     3503     4988     
 117.82  294     16250    1455.25    1846.34    391.09      3553     4993     
 118.5   295     16300    1455.25    1845.97    390.725     3603     5014     
 119.05  297     16361    1455.25    1845.91    390.657     3664     5025     
 120.62  297     16400    1455.25    1845.91    390.657     3703     5052     
 120.94  298     16450    1455.25    1845.91    390.657     3753     5054     
 121.43  299     16500    1455.25    1845.89    390.642     3803     5070     
 123.08  300     16550    1468.79    1845.88    377.096     3609     5086     
 123.76  301     16613    1471.45    1845.81    374.361     3672     5104     
 129.75  302     16685    1471.45    1845.58    374.131     3647     5129     
 130.01  302     16700    1471.45    1845.58    374.131     3662     5136     
 131.47  304     16769    1474.8     1844.89    370.094     3731     5150     
 131.89  305     16800    1474.8     1844.89    370.094     3762     5168     
 132.27  305     16850    1474.8     1844.85    370.054     3812     5177     
 132.94  307     16917    1474.8     1844.16    369.369     3879     5190     
 133.28  308     16950    1475.05    1843.82    368.769     3912     5196     
 133.91  309     17000    1475.88    1843.51    367.631     3962     5211     
 135.72  310     17050    1475.9     1843.45    367.55      3744     5225     
 137.17  311     17101    1475.9     1843.42    367.525     3795     5234     
 137.73  312     17151    1475.97    1843.32    367.345     3845     5249     
 138.36  313     17201    1475.98    1843.28    367.301     3895     5263     
 139     314     17257    1475.98    1842.48    366.5       3951     5278     
 139.66  315     17329    1475.98    1842.26    366.278     4023     5299     
 140.09  315     17350    1475.98    1842.26    366.278     4044     5312     
 140.74  316     17405    1475.98    1842.21    366.234     4099     5324     
 142.6   317     17467    1475.98    1842.17    366.193     3884     5340     
 144.33  317     17500    1475.98    1842.17    366.193     3917     5368     
 144.91  318     17550    1475.98    1841.65    365.671     3967     5377     
 145.72  319     17600    1475.98    1841.5     365.518     4017     5402     
 146.61  320     17665    1475.98    1841.33    365.35      4082     5419     
 147.44  321     17733    1476.6     1841.32    364.724     4150     5438     
 147.81  321     17750    1476.6     1841.32    364.724     4167     5449     
 148.56  322     17809    1476.92    1841.03    364.11      4226     5462     
 150.75  322     17850    1476.92    1841.03    364.11      3999     5493     
 152.49  323     17919    1476.92    1840.81    363.894     4068     5501     
 153.38  324     17979    1476.92    1840.7     363.781     4128     5524     
 153.72  325     18011    1478.55    1840.67    362.124     4160     5533     
 154.17  326     18050    1478.55    1840.36    361.816     4199     5544     
 154.84  327     18100    1478.55    1840.36    361.806     4249     5562     
 155.54  328     18150    1478.63    1840.18    361.547     4299     5577     
 156.15  329     18203    1478.63    1840.18    361.547     4352     5591     
 159.5   330     18265    1478.63    1840.18    361.547     4144     5609     
 160.21  331     18319    1478.63    1840.11    361.475     4198     5626     
 160.76  331     18350    1478.63    1840.11    361.475     4229     5646     
 161.38  332     18409    1478.63    1840.11    361.475     4288     5653     
 162.05  333     18457    1478.63    1839.98    361.349     4336     5667     
 162.58  334     18500    1478.63    1839.95    361.316     4379     5678     
 163.86  335     18585    1478.63    1839.71    361.084     4464     5705     
 164.18  335     18600    1478.63    1839.71    361.084     4479     5712     
 166.45  337     18657    1478.63    1839.69    361.059     4230     5723     
 168.7   338     18731    1479.65    1839.16    359.51      4304     5743     
 169.01  338     18750    1479.65    1839.16    359.51      4323     5754     
 169.68  339     18800    1479.65    1839.09    359.446     4373     5768     
 170.53  341     18877    1479.89    1838.12    358.23      4450     5786     
 171.02  341     18900    1479.89    1838.12    358.23      4473     5803     
 171.72  342     18965    1479.89    1838.06    358.173     4538     5816     
 172.36  343     19011    1479.89    1838.06    358.167     4584     5828     
 174.74  344     19081    1480.07    1837.95    357.881     4329     5845     
 183.9   344     19100    1480.07    1837.95    357.881     4302     5857     
 184.55  345     19153    1480.07    1837.74    357.668     4355     5868     
 185.16  346     19200    1480.07    1837.58    357.515     4402     5881     
 186.27  347     19287    1480.07    1837.52    357.451     4489     5904     
 186.6   347     19300    1480.07    1837.52    357.451     4502     5912     
 187.32  348     19351    1480.07    1837.42    357.35      4553     5925     
 188.78  349     19445    1480.11    1837.41    357.305     4647     5956     
 188.88  349     19450    1480.11    1837.41    357.305     4652     5958     
 189.7   351     19509    1480.11    1837.29    357.182     4711     5971     
 193.39  352     19550    1481.63    1837.24    355.61      4402     5982     
 194.19  354     19615    1481.76    1836.99    355.229     4467     5998     
 194.79  355     19655    1481.78    1836.77    354.991     4507     6010     
 195.47  356     19700    1481.78    1836.69    354.913     4552     6027     
 196.03  357     19750    1481.78    1836.58    354.808     4602     6038     
 197.59  358     19843    1481.78    1836.42    354.641     4695     6068     
 197.75  358     19850    1481.78    1836.42    354.641     4702     6072     
 198.71  359     19911    1481.78    1836.4     354.62      4763     6092     
 199.31  360     19950    1481.78    1836.36    354.587     4802     6105     
 203.55  361     20000    1481.78    1836.34    354.567     4507     6120     
 204.51  363     20069    1481.78    1836.28    354.508     4576     6134     
 205.3   364     20119    1481.78    1836.25    354.476     4626     6147     
 205.92  365     20163    1481.78    1836.24    354.462     4670     6160     
 206.45  366     20201    1481.78    1836.19    354.415     4708     6168     
 207.4   367     20259    1481.78    1836.11    354.335     4766     6188     
 208.08  368     20305    1481.78    1836.08    354.299     4812     6199     
 208.85  369     20350    1481.78    1836.07    354.293     4857     6217     
 210.97  370     20400    1481.78    1836.02    354.24      4907     6225     
 213.89  371     20450    1481.78    1835.96    354.181     4579     6242     
 214.57  373     20507    1481.78    1835.89    354.116     4636     6253     
 215.15  374     20550    1481.78    1835.62    353.845     4679     6263     
 215.88  375     20603    1481.78    1835.61    353.831     4732     6281     
 216.53  376     20650    1481.78    1835.55    353.774     4779     6291     
 217.6   377     20709    1481.78    1835.53    353.756     4838     6310     
 218.21  378     20750    1481.78    1835.4     353.628     4879     6321     
 218.89  379     20801    1481.78    1835.29    353.518     4930     6335     
 221.63  380     20867    1482.08    1835.28    353.193     4996     6355     
 224.15  381     20907    1482.08    1835.26    353.179     4672     6364     
 225.09  382     20961    1482.11    1835.25    353.144     4726     6382     
 225.63  383     21000    1482.11    1835.21    353.096     4765     6391     
 226.42  384     21057    1482.14    1835.11    352.975     4822     6407     
 227.42  385     21115    1482.14    1835.06    352.916     4880     6426     
 228.23  386     21183    1482.14    1835.01    352.867     4948     6445     
 228.66  386     21200    1482.14    1835.01    352.867     4965     6455     
 229.34  387     21250    1482.14    1834.86    352.718     5015     6466     
 230     389     21303    1482.14    1834.71    352.565     5068     6474     
 232.44  390     21350    1482.14    1834.65    352.51      5115     6491     
 235.45  392     21417    1484.93    1834.49    349.565     4830     6507     
 236.01  393     21459    1485.17    1833.98    348.811     4872     6518     
 237.18  394     21517    1485.17    1833.97    348.8       4930     6539     
 237.84  395     21555    1485.17    1833.96    348.793     4968     6550     
 238.89  396     21619    1485.17    1833.89    348.719     5032     6569     
 239.3   397     21650    1485.19    1833.71    348.516     5063     6575     
 240.22  398     21701    1485.19    1833.67    348.48      5114     6592     
 240.86  399     21750    1485.19    1833.56    348.363     5163     6604     
 243.5   400     21800    1485.19    1833.05    347.854     5213     6624     
 244.16  402     21855    1485.19    1833.01    347.815     5268     6631     
 247.23  403     21903    1485.2     1832.95    347.759     4972     6642     
 248.01  404     21950    1485.2     1832.88    347.681     5019     6656     
 248.99  406     22011    1485.2     1832.62    347.427     5080     6671     
 249.84  407     22063    1485.2     1832.61    347.415     5132     6687     
 261.52  408     22113    1485.2     1832.61    347.415     4978     6703     
 262.58  409     22173    1485.2     1832.48    347.283     5038     6721     
 263.4   410     22217    1485.2     1832.46    347.267     5082     6736     
 265.82  411     22263    1485.2     1832.43    347.235     5128     6749     
 266.43  412     22303    1485.2     1832.17    346.979     5168     6758     
 267.26  413     22350    1485.2     1832.08    346.883     5215     6775     
 268.07  414     22400    1485.2     1832.08    346.883     5265     6785     
 269.27  416     22450    1485.2     1832.03    346.833     5315     6807     
 270.17  417     22509    1485.2     1831.75    346.557     5374     6813     
 271.35  418     22573    1487.16    1831.71    344.556     5438     6829     
 274.43  419     22615    1487.16    1831.59    344.432     5121     6839     
 275.1   420     22650    1487.16    1831.48    344.325     5156     6850     
 275.92  421     22700    1487.33    1831.45    344.124     5206     6867     
 278.48  422     22750    1487.33    1831.28    343.954     5256     6881     
 279.08  423     22800    1487.33    1831.02    343.69      5306     6892     
 279.9   424     22857    1487.33    1831.01    343.679     5363     6907     
 280.75  425     22900    1487.45    1830.93    343.476     5406     6922     
 281.88  426     22950    1492.4     1830.66    338.261     5456     6941     
 282.92  427     23015    1493.03    1830.37    337.342     5521     6957     
 283.91  427     23050    1493.03    1830.37    337.342     5556     6979     
 284.67  428     23100    1493.03    1830.34    337.305     5606     6986     
 288.42  429     23169    1493.09    1830.34    337.249     5313     7001     
 289.33  429     23200    1493.09    1830.34    337.249     5344     7022     
 291.87  430     23250    1493.09    1830.15    337.059     5394     7031     
 292.73  432     23311    1493.09    1829.75    336.657     5455     7042     
 293.53  433     23353    1493.09    1829.56    336.464     5497     7055     
 295.02  434     23429    1493.09    1829.56    336.464     5573     7076     
 295.63  435     23463    1493.09    1829.48    336.383     5607     7085     
 296.4   436     23500    1493.09    1829.32    336.228     5644     7099     
 297.43  437     23550    1493.09    1828.91    335.823     5694     7112     
 298.21  438     23603    1495.1     1828.85    333.748     5747     7122     
 299.17  439     23650    1495.78    1828.77    332.993     5794     7138     
 302.93  440     23700    1495.78    1828.68    332.907     5445     7152     
 305.53  441     23750    1496.49    1828.53    332.043     5495     7158     
 306.49  442     23800    1496.61    1828.15    331.544     5545     7173     
 307.53  443     23850    1496.61    1828.04    331.433     5595     7193     
 308.31  444     23900    1496.61    1827.89    331.285     5645     7201     
 309.08  445     23950    1496.61    1827.67    331.057     5695     7215     
 310.27  446     24029    1496.61    1827.56    330.952     5774     7239     
 311.02  446     24050    1496.61    1827.56    330.952     5795     7253     
 312.15  447     24121    1496.61    1827.48    330.873     5866     7268     
 313.42  448     24177    1496.61    1827.47    330.863     5922     7285     
 317.03  449     24221    1496.61    1827.47    330.86      5541     7300     
 317.59  449     24250    1496.61    1827.47    330.86      5570     7314     
 320.18  450     24300    1497.53    1827.25    329.717     5620     7321     
 321.18  451     24350    1497.62    1826.85    329.231     5670     7343     
 321.99  452     24403    1497.62    1826.79    329.169     5723     7351     
 322.95  453     24450    1497.62    1826.78    329.159     5770     7367     
 323.75  454     24500    1497.63    1826.73    329.096     5820     7378     
 324.69  455     24550    1498.33    1826.67    328.34      5870     7394     
 325.74  456     24600    1499       1826.66    327.658     5920     7408     
 326.72  457     24650    1499       1826.55    327.549     5970     7418     
 327.76  458     24711    1499       1826.44    327.442     6031     7434     
 328.93  459     24763    1500.32    1826.36    326.043     6083     7449     
 332.87  459     24800    1500.32    1826.36    326.043     5724     7472     
 335.57  460     24850    1500.32    1826.31    325.994     5774     7477     
 336.94  461     24900    1500.32    1826.13    325.815     5824     7502     
 338.62  462     24983    1501.23    1825.91    324.673     5907     7527     
 338.93  462     25000    1501.23    1825.91    324.673     5924     7534     
 339.68  463     25050    1501.23    1825.89    324.657     5974     7545     
 341.19  464     25119    1501.23    1825.88    324.641     6043     7571     
 342.27  464     25150    1501.23    1825.88    324.641     6074     7593     
 343.13  465     25200    1501.23    1825.88    324.641     6124     7602     
 344.3   467     25261    1501.23    1825.83    324.594     6185     7619     
 345.58  468     25335    1501.23    1825.73    324.494     6259     7638     
 349.31  468     25350    1501.23    1825.73    324.494     5829     7649     
 352.84  470     25421    1501.37    1825.61    324.235     5900     7664     
 353.65  471     25459    1501.37    1825.37    323.998     5938     7674     
 354.65  472     25507    1501.58    1825.21    323.621     5986     7687     
 355.35  473     25550    1501.58    1825.11    323.53      6029     7697     
 356.63  474     25600    1501.58    1825.04    323.451     6079     7720     
 375.15  475     25703    1501.58    1824.88    323.293     5886     7743     
 375.23  475     25704    1501.58    1824.88    323.293     5887     7743     
 376.3   476     25761    1501.58    1824.81    323.224     5944     7758     
 377.99  477     25821    1501.58    1824.57    322.987     6004     7779     
 378.66  478     25857    1501.6     1824.23    322.631     6040     7786     
 379.62  479     25903    1501.6     1824.23    322.63      6086     7798     
 383.35  480     25973    1501.6     1824.19    322.596     6156     7821     
 384.1   481     26009    1501.6     1824.15    322.556     6192     7830     
 386.02  482     26087    1501.6     1824.14    322.546     6270     7859     
 386.4   482     26100    1501.6     1824.14    322.546     6283     7867     
 387.47  483     26157    1501.6     1824.13    322.535     6340     7879     
 388.6   484     26200    1501.6     1824.06    322.466     6383     7895     
 389.54  485     26255    1502.06    1823.99    321.935     6438     7907     
 394.6   486     26333    1502.06    1823.71    321.647     6081     7930     
 395.24  486     26350    1502.06    1823.71    321.647     6098     7941     
 396.25  487     26400    1502.12    1823.64    321.521     6148     7954     
 397.12  489     26453    1502.12    1823.38    321.255     6201     7963     
 401.46  490     26525    1502.12    1823.37    321.25      6273     7988     
 402.84  491     26573    1502.13    1823.31    321.183     6321     8004     
 403.66  491     26600    1502.13    1823.31    321.183     6348     8021     
 404.48  492     26650    1502.13    1823.26    321.135     6398     8029     
 406.27  493     26721    1502.13    1823.26    321.135     6469     8050     
 407.08  494     26761    1502.13    1823.15    321.026     6509     8063     
 407.87  495     26800    1503.01    1823.13    320.118     6548     8073     
 409.43  496     26871    1504.34    1823.04    318.698     6619     8087     
 416.08  497     26917    1504.34    1822.9     318.56      6197     8103     
 417.57  498     26979    1504.54    1822.86    318.319     6259     8123     
 418.57  499     27000    1504.54    1822.86    318.319     6280     8136     
 422.55  499     27050    1504.55    1822.73    318.179     6330     8160     
 423.64  500     27100    1504.55    1822.72    318.166     6380     8171     
 424.75  501     27150    1504.55    1822.68    318.131     6430     8183     
 425.91  503     27211    1504.8     1822.51    317.709     6491     8199     
 427.21  503     27250    1504.8     1822.51    317.709     6530     8226     
 428.11  504     27300    1504.8     1822.44    317.639     6580     8232     
 429.84  505     27383    1504.96    1822.38    317.418     6663     8253     
 430.39  505     27400    1504.96    1822.38    317.418     6680     8264     
 432.01  505     27450    1504.96    1822.38    317.418     6730     8292     
 433.19  506     27527    1504.99    1822.29    317.3       6807     8294     
 437.96  506     27550    1504.99    1822.29    317.3       6375     8312     
 438.93  507     27600    1504.99    1822.29    317.3       6425     8318     
 442.81  508     27650    1504.99    1822.19    317.194     6475     8337     
 444.13  509     27700    1504.99    1822.08    317.09      6525     8357     
 445.24  510     27750    1505.01    1821.92    316.907     6575     8365     
 446.46  511     27805    1505.01    1821.79    316.779     6630     8375     
 447.58  512     27850    1505.01    1821.73    316.713     6675     8389     
 448.88  513     27900    1505.01    1821.63    316.622     6725     8405     
 449.93  514     27950    1505.01    1821.63    316.619     6775     8414     
 451.05  515     28000    1505.02    1821.13    316.111     6825     8429     
 452.75  516     28071    1505.02    1821.11    316.09      6896     8452     
 454.17  517     28119    1505.02    1820.77    315.756     6944     8467     
 455.33  517     28150    1505.02    1820.77    315.756     6975     8483     
 464.11  518     28247    1505.02    1820.76    315.738     6586     8499     
 464.21  518     28250    1505.02    1820.76    315.738     6589     8499     
 465.54  519     28300    1505.02    1820.65    315.628     6639     8517     
 467.18  520     28367    1505.02    1820.64    315.626     6706     8532     
 468.33  521     28423    1505.02    1820.57    315.548     6762     8547     
 468.98  522     28453    1505.02    1820.56    315.539     6792     8554     
 470.36  523     28515    1505.02    1820.52    315.503     6854     8572     
 471.46  524     28555    1505.02    1820.46    315.445     6894     8585     
 472.56  525     28600    1505.02    1820.32    315.298     6939     8597     
 474.02  527     28650    1505.02    1820.28    315.259     6989     8613     
 475.73  528     28700    1505.02    1820.21    315.187     7039     8635     
 477.02  528     28750    1505.02    1820.19    315.168     7089     8647     
 477.95  529     28809    1505.02    1820.19    315.168     7148     8658     
 486.01  530     28857    1505.02    1820.14    315.118     6676     8673     
 487.01  531     28903    1505.02    1820.13    315.113     6722     8686     
 488.38  532     28950    1505.02    1820.12    315.101     6769     8703     
 489.62  533     29000    1505.02    1820.05    315.032     6819     8718     
 492     534     29091    1505.02    1819.86    314.845     6910     8741     
 492.32  534     29100    1505.02    1819.86    314.845     6919     8745     
 493.73  535     29153    1505.02    1819.65    314.631     6972     8757     
 494.66  536     29200    1505.02    1819.58    314.56      7019     8770     
 496.1   537     29265    1505.64    1819.51    313.866     7084     8784     
 496.71  538     29300    1505.64    1819.38    313.739     7119     8791     
 497.92  539     29350    1505.64    1819.31    313.664     7169     8805     
 499.67  540     29400    1505.64    1819.25    313.612     7219     8830     
 500.92  541     29450    1505.64    1819.21    313.572     7269     8839     
 510.63  542     29500    1505.64    1819.15    313.508     6813     8855     
 512.28  543     29567    1505.7     1819.09    313.395     6880     8875     
 512.92  544     29600    1505.7     1818.89    313.191     6913     8880     
 515.23  545     29683    1505.7     1818.82    313.129     6996     8904     
 515.99  545     29700    1505.7     1818.82    313.129     7013     8916     
 516.8   546     29751    1505.7     1818.77    313.074     7064     8925     
 518.04  547     29800    1505.7     1818.76    313.064     7113     8940     
 519.67  549     29850    1505.7     1818.58    312.879     7163     8960     
 520.91  550     29900    1505.7     1818.45    312.746     7213     8970     
 522.3   552     29959    1505.7     1818.41    312.706     7272     8982     
 523.05  553     30000    1505.7     1818.38    312.681     7313     8989     
 524.53  554     30050    1505.7     1818.25    312.547     7363     9007     
 554.44  555     30100    1505.76    1818.13    312.371     6946     9020     
 555.63  556     30150    1505.79    1817.85    312.057     6996     9034     
 557.15  557     30203    1505.79    1817.81    312.021     7049     9052     
 558.48  558     30250    1505.79    1817.49    311.702     7096     9068     
 560.03  559     30300    1505.8     1817.46    311.667     7146     9084     
 561.46  560     30350    1505.8     1817.35    311.553     7196     9105     
 562.36  561     30405    1505.8     1817.28    311.482     7251     9112     
 564.38  562     30473    1505.8     1817.26    311.459     7319     9132     
 565.71  562     30500    1505.8     1817.26    311.459     7346     9150     
 567.7   563     30583    1505.8     1817.26    311.459     7429     9164     
 568.26  563     30600    1505.8     1817.26    311.459     7446     9173     
 569.56  564     30667    1505.8     1817.16    311.365     7513     9187     
 571.13  564     30700    1505.8     1817.16    311.365     7546     9207     
 575.55  565     30750    1505.8     1817.15    311.349     7596     9215     
 582.5   566     30811    1505.8     1816.99    311.192     7103     9231     
 583.48  567     30850    1505.8     1816.88    311.084     7142     9239     
 585.18  568     30900    1505.8     1816.74    310.946     7192     9260     
 586.86  569     30959    1505.8     1816.64    310.839     7251     9276     
 588.72  570     31021    1505.8     1816.62    310.82      7313     9295     
 589.97  571     31065    1505.8     1816.35    310.554     7357     9307     
 591.41  572     31109    1505.8     1816.26    310.456     7401     9322     
 593.58  573     31179    1505.8     1816.18    310.379     7471     9346     
 594.67  573     31200    1505.8     1816.18    310.379     7492     9362     
 596.61  575     31267    1505.8     1816       310.196     7559     9378     
 597.61  576     31307    1505.8     1815.77    309.974     7599     9386     
 599.26  577     31355    1505.8     1815.63    309.826     7647     9401     
 603.83  578     31400    1505.8     1815.6     309.797     7692     9415     
 605.24  579     31450    1506.54    1815.55    309.01      7742     9426     
 607.32  580     31515    1506.54    1815.45    308.906     7807     9448     
 613.97  580     31550    1506.54    1815.45    308.906     7312     9465     
 614.75  581     31600    1506.61    1815.42    308.81      7362     9469     
 616.28  583     31667    1506.62    1815.26    308.641     7429     9487     
 617.72  583     31700    1506.62    1815.26    308.641     7462     9509     
 618.83  584     31750    1506.62    1815.13    308.517     7512     9517     
 620.49  586     31811    1506.62    1815.13    308.517     7573     9531     
 621.83  587     31850    1506.62    1815.13    308.517     7612     9552     
 622.86  587     31900    1506.62    1815.13    308.517     7662     9559     
 623.95  588     31950    1506.62    1815.06    308.448     7712     9571     
 625.73  589     32000    1506.62    1814.95    308.336     7762     9589     
 632.06  590     32081    1506.62    1814.9     308.28      7843     9616     
 633     590     32100    1506.62    1814.9     308.28      7862     9629     
 634.18  591     32150    1506.62    1814.83    308.211     7912     9640     
 635.59  592     32200    1506.62    1814.81    308.197     7962     9656     
 636.82  593     32250    1506.62    1814.81    308.197     8012     9666     
 645.11  594     32337    1506.62    1814.77    308.15      7584     9693     
 645.76  594     32350    1506.62    1814.77    308.15      7597     9704     
 647.06  595     32400    1506.62    1814.73    308.114     7647     9721     
 648.4   596     32450    1506.62    1814.72    308.102     7697     9736     
 650.11  598     32519    1506.62    1814.64    308.02      7766     9751     
 651.73  599     32571    1506.69    1814.45    307.765     7818     9766     
 653.34  599     32600    1506.69    1814.45    307.765     7847     9786     
 654.97  600     32650    1506.69    1814.45    307.765     7897     9799     
 656.47  601     32700    1506.69    1814.39    307.704     7947     9810     
 658     602     32750    1506.69    1814.39    307.704     7997     9825     
 664.42  603     32827    1506.69    1814.39    307.704     8074     9851     
 665.84  603     32850    1506.69    1814.39    307.704     8097     9871     
 667.24  604     32909    1506.69    1814.39    307.704     8156     9883     
 668.77  604     32950    1506.69    1814.39    307.704     8197     9903     
 669.62  605     33000    1506.69    1814.27    307.582     8247     9904     
 677.74  606     33051    1506.7     1814.23    307.535     7765     9924     
 679.45  607     33100    1506.7     1814.13    307.437     7814     9940     
 681.27  609     33163    1506.7     1813.79    307.09      7877     9952     
 683.5   610     33221    1506.7     1813.77    307.071     7935     9970     
 685.19  610     33250    1506.7     1813.77    307.071     7964     9988     
 686.85  611     33315    1506.7     1813.75    307.052     8029     10004    
 688.95  611     33350    1506.7     1813.75    307.052     8064     10034    
 690.13  612     33400    1506.7     1813.65    306.95      8114     10038    
 691.79  613     33450    1506.7     1813.65    306.943     8164     10052    
 698.23  614     33543    1506.7     1813.64    306.932     8257     10074    
 698.56  614     33550    1506.7     1813.64    306.932     8264     10078    
 700.26  615     33601    1506.7     1813.64    306.932     8315     10093    
 701.67  616     33650    1506.7     1813.62    306.918     8364     10107    
 703.18  617     33700    1506.7     1813.48    306.776     8414     10119    
 704.95  618     33750    1506.7     1813.4     306.699     8464     10138    
 713.47  619     33800    1506.7     1813.4     306.696     7898     10153    
 714.92  620     33850    1506.7     1813.31    306.602     7948     10164    
 716.64  621     33900    1506.7     1813.16    306.451     7998     10182    
 718.47  622     33957    1506.77    1813.11    306.34      8055     10197    
 719.88  623     34000    1506.77    1812.99    306.224     8098     10209    
 722.2   625     34071    1506.77    1812.94    306.167     8169     10229    
 723.39  626     34105    1506.78    1812.81    306.03      8203     10237    
 725.01  627     34150    1506.78    1812.78    306.002     8248     10249    
 731.11  628     34200    1506.78    1812.78    305.999     8298     10268    
 732.59  629     34250    1507.44    1812.77    305.338     8348     10282    
 733.82  630     34301    1507.5     1812.76    305.256     8399     10290    
 735.37  631     34350    1507.5     1812.75    305.245     8448     10306    
 736.9   632     34400    1507.51    1812.74    305.231     8498     10321    
 738.58  633     34450    1507.51    1812.66    305.154     8548     10333    
 740.41  634     34527    1507.51    1812.66    305.152     8625     10346    
 741.93  634     34550    1507.51    1812.66    305.152     8648     10362    
 752.23  635     34617    1507.51    1812.63    305.126     8125     10373    
 753.95  636     34669    1507.51    1812.57    305.061     8177     10388    
 755.95  637     34725    1507.51    1812.56    305.057     8233     10404    
 757.16  638     34767    1507.51    1812.53    305.027     8275     10413    
 758.49  639     34819    1507.51    1812.51    305.003     8327     10425    
 759.48  639     34850    1507.51    1812.51    305.003     8358     10441    
 760.76  640     34900    1507.56    1812.37    304.818     8408     10452    
 766.17  641     34950    1507.56    1812.29    304.726     8458     10461    
 769     642     35035    1507.56    1812.23    304.675     8543     10487    
 769.54  642     35050    1507.56    1812.23    304.675     8558     10495    
 770.77  643     35100    1507.56    1812.23    304.668     8608     10510    
 772.15  644     35163    1507.56    1812.04    304.483     8671     10525    
 773.21  644     35200    1507.56    1812.04    304.483     8708     10541    
 774.39  645     35261    1507.56    1812.03    304.466     8769     10548    
 775.81  646     35300    1507.63    1811.96    304.332     8808     10559    
 778.08  647     35355    1507.63    1811.68    304.052     8863     10579    
 779.59  648     35400    1507.63    1811.57    303.938     8908     10590    
 827.08  649     35450    1507.63    1811.55    303.919     8353     10607    
 828.25  650     35500    1507.63    1811.51    303.871     8403     10617    
 829.85  651     35550    1507.63    1811.49    303.851     8453     10632    
 831.56  652     35600    1507.63    1811.45    303.811     8503     10651    
 833.25  653     35650    1507.63    1811.45    303.811     8553     10668    
 840.44  654     35733    1507.63    1811.38    303.745     8636     10688    
 841.42  654     35750    1507.63    1811.38    303.745     8653     10699    
 842.96  655     35815    1507.63    1811.32    303.683     8718     10712    
 845.29  656     35877    1507.63    1811.18    303.542     8780     10734    
 846.47  656     35900    1507.63    1811.18    303.542     8803     10749    
 848.4   657     35950    1507.64    1811.12    303.48      8853     10765    
 849.77  658     36000    1507.64    1811.09    303.451     8903     10776    
 852.04  659     36065    1507.64    1810.88    303.241     8968     10792    
 853.24  660     36100    1507.64    1810.87    303.228     9003     10801    
 856.86  661     36199    1507.64    1810.83    303.19      9102     10824    
 856.95  661     36200    1507.64    1810.83    303.19      9103     10824    
 858.77  662     36250    1507.64    1810.63    302.984     9153     10839    
 869.43  663     36300    1507.7     1810.63    302.922     8572     10860    
 870.86  664     36350    1507.7     1810.58    302.88      8622     10868    
 872.75  665     36400    1507.7     1810.58    302.877     8672     10882    
 879.22  666     36453    1507.7     1810.51    302.804     8725     10899    
 882.02  667     36529    1507.7     1810.43    302.723     8801     10921    
 883.2   667     36550    1507.7     1810.43    302.723     8822     10933    
 885.13  669     36617    1508       1810.27    302.276     8889     10944    
 886.33  670     36650    1508       1810.23    302.238     8922     10951    
 888.46  671     36700    1508.03    1810.23    302.2       8972     10968    
 890.31  673     36769    1508.03    1810.09    302.064     9041     10982    
 892     673     36800    1508.03    1810.09    302.064     9072     10997    
 893.53  674     36850    1508.06    1809.98    301.922     9122     11004    
 896.05  675     36927    1508.06    1809.96    301.906     9199     11024    
 897.36  676     36950    1508.06    1809.96    301.906     9222     11036    
 899.25  676     37000    1508.06    1809.92    301.862     9272     11051    
 900.65  677     37050    1508.06    1809.82    301.759     9322     11058    
-------------------------------------------------------------------------------

SARSOP finishing ...
  Preset timeout reached
  Timeout     : 900.000000s
  Actual Time : 900.650000s

-------------------------------------------------------------------------------
 Time   |#Trial |#Backup |LBound    |UBound    |Precision  |#Alphas |#Beliefs  
-------------------------------------------------------------------------------
 911.13  677     37050    1508.06    1809.82    301.759     8755     11058    
-------------------------------------------------------------------------------

Writing out policy ...
  output file : /home/eliranab/FDMAP/Resources/policies/RS-3x4_2C_2S_2P_TEAM_car2.policy

Solve took 
real	15m17.848s
user	15m16.936s
sys	0m0.724s
