
Loading the model ...
  input file   : /home/eliranab/FDMAP/Resources/problems/RS-3x4_2C_2S_1P_TEAM_car2.pomdpx
  loading time : 0.21s 

SARSOP initializing ...
In sarsop::initialize
0.1
0.2
0.3
0.4
0.5
0.6
0.7
0.8
0.8.1
0.8.2
0.8.3
0.8.4
0.8.5
0.8.6
0.9
0.10
Finished sarsop::initialize
1
2
3
4
5
6
  initialization time : 0.03s

-------------------------------------------------------------------------------
 Time   |#Trial |#Backup |LBound    |UBound    |Precision  |#Alphas |#Beliefs  
-------------------------------------------------------------------------------
 0.03    0       0        0          1917.62    1917.62     15       1        
 0.04    2       59       1277.58    1894.7     617.123     37       18       
 0.04    3       100      1336.66    1885.87    549.209     54       34       
 0.05    4       150      1355.38    1885.63    530.246     73       54       
 0.05    6       205      1361.45    1876.16    514.703     77       64       
 0.06    7       253      1367.6     1870.01    502.413     79       79       
 0.07    8       311      1367.6     1869.06    501.463     85       97       
 0.08    9       377      1367.6     1863.93    496.325     94       120      
 0.08    10      409      1368.14    1857.58    489.433     99       129      
 0.09    11      451      1368.14    1853.14    484.999     104      142      
 0.1     13      521      1368.19    1849.23    481.03      117      162      
 0.11    14      557      1368.2     1846.89    478.696     119      171      
 0.12    15      600      1368.2     1845.4     477.202     137      190      
 0.13    16      651      1368.2     1844.31    476.114     139      200      
 0.14    17      700      1368.2     1842.87    474.675     149      215      
 0.16    18      785      1368.2     1841.22    473.023     145      241      
 0.17    18      800      1368.2     1841.22    473.023     146      251      
 0.18    20      851      1368.2     1833.95    465.757     155      261      
 0.19    22      921      1368.2     1826.48    458.282     170      279      
 0.2     23      950      1368.2     1826.21    458.013     175      286      
 0.22    24      1000     1368.2     1825.32    457.127     196      310      
 0.23    25      1059     1368.2     1825.32    457.127     220      318      
 0.25    26      1113     1368.2     1825.14    456.943     244      334      
 0.26    27      1150     1368.2     1823.99    455.79      259      344      
 0.28    28      1200     1376.41    1823.53    447.118     279      362      
 0.3     29      1250     1376.41    1823.53    447.118     295      381      
 0.32    31      1313     1377.14    1818.05    440.916     331      393      
 0.34    32      1350     1377.2     1816.11    438.904     325      405      
 0.36    33      1409     1377.21    1813.82    436.612     322      417      
 0.38    34      1453     1377.21    1813.24    436.027     339      431      
 0.4     35      1500     1377.21    1811.74    434.53      347      443      
 0.43    36      1550     1377.21    1810.42    433.208     371      465      
 0.45    37      1603     1377.21    1809.88    432.67      358      473      
 0.47    38      1650     1377.21    1809.37    432.164     372      490      
 0.5     39      1700     1377.21    1808.58    431.375     381      504      
 0.53    40      1750     1377.21    1808.09    430.884     398      520      
 0.55    42      1801     1377.21    1806.99    429.78      425      528      
 0.59    43      1865     1377.21    1805.65    428.443     412      549      
 0.6     44      1900     1380.68    1805.4     424.725     447      565      
 0.64    45      1953     1391.95    1803.17    411.222     459      578      
 0.68    46      2015     1391.95    1799.36    407.411     470      597      
 0.7     46      2050     1391.95    1799.36    407.411     505      622      
 0.73    47      2100     1391.95    1799.17    407.226     496      626      
 0.76    49      2153     1394.8     1798.65    403.847     506      638      
 0.78    50      2200     1394.8     1798.18    403.38      553      656      
 0.82    51      2250     1396.04    1797.32    401.28      568      668      
 0.85    52      2311     1399.35    1795.95    396.6       608      682      
 0.89    53      2350     1402.23    1795.08    392.85      609      694      
 0.94    55      2417     1402.51    1791.96    389.448     639      712      
 0.97    56      2453     1402.51    1791.96    389.448     613      721      
 1.01    57      2500     1402.51    1791.82    389.309     660      736      
 1.06    58      2561     1402.51    1791.53    389.018     685      759      
 1.11    59      2600     1402.51    1790.73    388.213     662      771      
 1.15    60      2650     1402.51    1787.48    384.967     712      789      
 1.2     61      2700     1404.37    1786.7     382.326     719      805      
 1.24    63      2755     1404.37    1786.62    382.244     733      812      
 1.29    64      2803     1404.37    1784.75    380.372     731      825      
 1.34    65      2863     1404.37    1784.18    379.806     791      844      
 1.38    66      2900     1404.54    1782.45    377.909     770      855      
 1.42    67      2950     1406.45    1782.32    375.864     820      865      
 1.49    69      3011     1406.64    1781.85    375.212     837      880      
 1.55    70      3050     1406.65    1781.63    374.976     815      897      
 1.63    72      3121     1406.65    1781.45    374.793     842      916      
 1.66    73      3151     1406.65    1780.12    373.461     872      924      
 1.74    74      3207     1419.96    1779.09    359.136     874      939      
 1.78    75      3250     1421.13    1777.51    356.377     917      961      
 1.86    77      3313     1424.95    1774.11    349.152     922      972      
 1.91    78      3365     1425.29    1773.99    348.696     974      985      
 1.98    79      3400     1426.44    1773.92    347.477     945      995      
 2.03    80      3450     1430.66    1773.82    343.158     995      1011     
 2.11    81      3500     1432.78    1773.58    340.8       986      1026     
 2.18    83      3559     1432.78    1772.86    340.079     1045     1038     
 2.27    84      3611     1434.48    1772.57    338.086     1011     1052     
 2.32    85      3663     1434.82    1770.67    335.844     1063     1066     
 2.44    86      3731     1435       1770.47    335.471     1037     1084     
 2.48    86      3750     1435       1770.47    335.471     1056     1097     
 2.53    87      3800     1435.02    1770.45    335.431     1106     1106     
 2.64    88      3850     1435.02    1770.18    335.166     1079     1120     
 2.71    89      3900     1435.02    1769.61    334.595     1129     1144     
 2.81    90      3950     1435.02    1769.45    334.435     1086     1146     
 2.86    91      4000     1435.02    1767.84    332.824     1136     1161     
 3.02    92      4083     1435.07    1767.43    332.36      1113     1180     
 3.05    92      4100     1435.07    1767.43    332.36      1130     1189     
 3.14    94      4171     1436.4     1766.69    330.288     1201     1208     
 3.25    95      4211     1436.4     1766.15    329.752     1158     1221     
 3.31    96      4250     1436.52    1766.15    329.627     1197     1235     
 3.4     97      4300     1436.52    1766.15    329.627     1247     1252     
 3.54    99      4361     1436.53    1763.87    327.336     1232     1265     
 3.6     100     4409     1436.66    1763.39    326.733     1280     1276     
 3.78    101     4487     1436.8     1763.28    326.479     1244     1294     
 3.81    101     4500     1436.8     1763.28    326.479     1257     1303     
 3.92    102     4577     1436.81    1763.05    326.234     1334     1317     
 4.01    103     4611     1436.81    1763.05    326.234     1368     1328     
 4.17    104     4687     1436.81    1762.73    325.92      1365     1349     
 4.23    104     4700     1436.81    1762.73    325.92      1378     1357     
 4.38    105     4750     1436.81    1762.73    325.92      1343     1376     
 4.49    107     4809     1436.84    1760.29    323.452     1402     1386     
 4.58    108     4871     1436.84    1759.46    322.619     1464     1403     
 4.72    109     4903     1436.84    1758.64    321.798     1410     1411     
 4.81    111     4957     1436.84    1757.16    320.322     1464     1426     
 5.03    112     5025     1436.85    1756.54    319.69      1436     1443     
 5.48    113     5057     1436.85    1756.39    319.546     1448     1452     
 5.58    115     5107     1436.85    1756.2     319.355     1498     1464     
 5.65    116     5150     1436.85    1756.17    319.323     1541     1474     
 5.77    117     5200     1440.8     1756.13    315.331     1591     1484     
 5.96    118     5250     1440.8     1755.81    315.004     1540     1496     
 6.09    119     5300     1441.15    1755.58    314.431     1590     1512     
 6.21    120     5350     1441.18    1755.55    314.372     1640     1534     
 6.39    121     5400     1441.18    1755.44    314.259     1583     1539     
 6.46    123     5450     1441.6     1754.56    312.955     1633     1549     
 6.6     124     5500     1445.93    1754.54    308.61      1683     1569     
 6.8     126     5577     1447.26    1753.68    306.422     1652     1584     
 6.89    127     5611     1447.76    1753.34    305.577     1686     1591     
 7.02    128     5677     1447.81    1752.27    304.459     1752     1610     
 7.19    128     5700     1447.81    1752.27    304.459     1660     1626     
 7.31    130     5767     1447.81    1752.12    304.303     1727     1631     
 7.37    131     5800     1447.86    1751.97    304.11      1760     1640     
 7.66    132     5871     1447.87    1751.43    303.565     1703     1660     
 7.73    132     5900     1447.87    1751.43    303.565     1732     1676     
 7.82    133     5950     1447.88    1750.92    303.04      1782     1686     
 7.98    134     6000     1447.88    1750.92    303.04      1832     1705     
 8.18    136     6050     1447.88    1750.58    302.707     1775     1715     
 8.34    137     6100     1447.88    1750.39    302.508     1825     1731     
 8.46    139     6169     1448.55    1750.22    301.668     1894     1743     
 8.55    139     6200     1448.55    1750.22    301.668     1925     1760     
 8.79    140     6250     1448.61    1750.22    301.607     1820     1763     
 8.89    141     6309     1448.68    1749.99    301.311     1879     1775     
 9.75    142     6371     1448.69    1749.96    301.271     1828     1789     
 9.84    142     6400     1448.69    1749.96    301.271     1857     1806     
 9.94    143     6450     1448.69    1749.61    300.916     1907     1814     
 10.1    144     6500     1448.7     1748.67    299.974     1957     1830     
 10.21   145     6550     1448.7     1746.55    297.85      2007     1841     
 10.49   146     6605     1448.76    1745.17    296.414     1935     1851     
 10.62   147     6657     1448.76    1744.27    295.516     1987     1866     
 10.73   148     6700     1448.76    1744.27    295.516     2030     1886     
 11.01   148     6750     1448.76    1744.27    295.51      1943     1891     
 11.15   149     6800     1448.76    1744.16    295.397     1993     1910     
 11.27   150     6850     1448.76    1743.73    294.971     2043     1919     
 11.75   151     6963     1448.76    1743.7     294.938     1980     1943     
 11.76   151     6964     1448.76    1743.7     294.938     1981     1943     
 11.94   152     7013     1448.76    1743.66    294.896     2030     1955     
 12.05   153     7050     1448.76    1743.59    294.825     2067     1969     
 12.17   154     7100     1448.76    1743.08    294.317     2117     1982     
 12.38   155     7150     1448.77    1742.72    293.951     2167     2005     
 12.68   157     7200     1448.77    1742.62    293.851     2068     2021     
 12.87   158     7263     1448.77    1740.87    292.103     2131     2032     
 12.99   158     7300     1448.77    1740.87    292.103     2168     2047     
 13.08   159     7350     1448.78    1740.55    291.768     2218     2049     
 13.45   160     7400     1448.78    1740.53    291.749     2092     2062     
 13.58   161     7450     1448.78    1740.38    291.607     2142     2076     
 13.7    162     7500     1448.78    1740.22    291.444     2192     2089     
 13.87   163     7555     1448.78    1739.99    291.21      2247     2094     
 14.26   164     7643     1448.78    1739.99    291.21      2181     2112     
 14.29   164     7650     1448.78    1739.99    291.21      2188     2116     
 14.47   165     7703     1448.78    1739.78    291         2241     2126     
 14.62   166     7750     1448.78    1739.33    290.555     2288     2144     
 15.14   167     7845     1448.78    1739.33    290.555     2204     2167     
 15.17   167     7850     1448.78    1739.33    290.555     2209     2170     
 15.33   168     7900     1448.78    1739.06    290.281     2259     2188     
 15.49   169     7950     1448.78    1738.15    289.371     2309     2203     
 16.75   170     8000     1448.78    1738.15    289.371     2260     2221     
 16.89   171     8050     1448.78    1737.68    288.899     2310     2232     
 17.02   173     8107     1449.62    1736.94    287.313     2367     2239     
 17.32   174     8187     1449.62    1736.77    287.146     2447     2262     
 17.38   174     8200     1449.62    1736.77    287.146     2460     2267     
 17.76   175     8250     1449.7     1736.26    286.554     2310     2279     
 18.01   176     8311     1449.79    1735.74    285.953     2371     2293     
 18.18   176     8350     1449.79    1735.74    285.953     2410     2312     
 18.31   177     8407     1449.8     1735.74    285.939     2467     2315     
 18.55   178     8461     1450.43    1735.74    285.311     2521     2329     
 18.89   179     8500     1450.49    1735.74    285.248     2385     2343     
 19.05   180     8550     1450.5     1735.74    285.242     2435     2360     
 19.28   181     8600     1450.5     1735.74    285.241     2485     2374     
 19.39   182     8650     1450.5     1735.7     285.201     2535     2381     
 19.82   183     8713     1450.5     1735.25    284.756     2429     2396     
 20.1    184     8763     1450.5     1735.02    284.52      2479     2416     
 20.24   185     8807     1450.5     1735.02    284.52      2523     2427     
 20.43   186     8879     1450.5     1734.31    283.813     2595     2443     
 20.58   187     8901     1450.57    1734       283.433     2617     2448     
 21.02   189     8965     1450.58    1733.36    282.786     2496     2463     
 21.21   190     9033     1450.58    1733.34    282.767     2564     2475     
 21.38   190     9050     1450.58    1733.34    282.767     2581     2485     
 21.54   191     9100     1451       1733.25    282.252     2631     2499     
 21.69   193     9163     1451       1733.13    282.13      2694     2510     
 21.93   194     9200     1451       1733.13    282.13      2731     2528     
 22.36   194     9250     1451.04    1732.91    281.865     2576     2535     
 22.57   195     9325     1452.2     1732.56    280.365     2651     2551     
 22.65   196     9357     1452.3     1732.37    280.071     2683     2554     
 22.88   197     9400     1452.3     1731.13    278.83      2726     2569     
 23.07   198     9461     1452.41    1731.07    278.653     2787     2583     
 23.5    199     9503     1452.41    1731.03    278.62      2622     2595     
 23.81   200     9561     1452.42    1731.03    278.603     2680     2613     
 23.95   201     9615     1452.42    1730.97    278.544     2734     2622     
 24.05   202     9650     1452.44    1730.87    278.423     2769     2627     
 24.33   203     9700     1452.44    1729.1     276.656     2819     2644     
 24.49   204     9750     1452.44    1729.07    276.63      2869     2652     
 24.98   205     9800     1452.45    1728.91    276.468     2702     2666     
 25.1    206     9850     1452.45    1728.89    276.44      2752     2674     
 25.46   207     9931     1452.53    1728.83    276.3       2833     2691     
 25.55   207     9950     1452.53    1728.83    276.3       2852     2701     
 25.69   208     10005    1452.54    1728.71    276.167     2907     2708     
 25.98   209     10051    1452.54    1728.71    276.167     2953     2722     
 28.15   210     10100    1452.54    1728.55    276.012     2787     2739     
 28.33   211     10165    1452.54    1728.49    275.951     2852     2752     
 28.61   211     10200    1452.54    1728.49    275.951     2887     2772     
 28.76   212     10259    1452.54    1728.15    275.605     2946     2777     
 28.98   212     10300    1452.54    1728.15    275.605     2987     2797     
 29.17   213     10363    1454.48    1727.7     273.225     3050     2802     
 29.84   214     10415    1454.66    1727.43    272.772     2871     2817     
 30      215     10457    1454.66    1726.86    272.205     2913     2829     
 30.16   216     10500    1454.66    1726.86    272.205     2956     2843     
 30.34   217     10550    1454.66    1726.67    272.013     3006     2857     
 30.58   218     10600    1454.68    1726.22    271.543     3056     2865     
 30.82   219     10653    1455.05    1726.05    270.996     3109     2879     
 31.4    220     10700    1455.05    1726.05    270.996     2932     2903     
 31.63   220     10750    1455.09    1725.74    270.645     2982     2903     
 31.85   221     10813    1455.09    1725.65    270.561     3045     2920     
 32.12   222     10877    1455.13    1725.42    270.294     3109     2938     
 32.23   223     10907    1455.13    1725.38    270.241     3139     2944     
 32.92   224     10957    1455.13    1725.29    270.157     2962     2959     
 33.06   225     11000    1455.13    1725.1     269.966     3005     2970     
 33.29   226     11057    1455.16    1724.89    269.735     3062     2983     
 33.68   227     11131    1455.16    1724.4     269.243     3136     3003     
 33.77   228     11159    1455.16    1724.31    269.148     3164     3008     
 33.97   229     11201    1455.16    1724.1     268.942     3206     3020     
 34.72   230     11279    1455.16    1723.91    268.751     3018     3040     
 34.87   231     11300    1455.16    1723.91    268.751     3039     3056     
 35.22   232     11363    1455.16    1723.75    268.595     3102     3069     
 35.42   233     11415    1455.16    1723.75    268.595     3154     3080     
 35.62   234     11459    1455.16    1723.64    268.476     3198     3090     
 35.99   235     11509    1455.16    1723.63    268.473     3248     3106     
 36.2    236     11550    1455.16    1723.63    268.473     3289     3126     
 36.81   236     11600    1455.16    1723.21    268.044     3112     3131     
 37.02   237     11650    1455.16    1723.21    268.044     3162     3145     
 37.29   238     11700    1455.16    1722.99    267.829     3212     3152     
 37.56   239     11767    1455.16    1722.87    267.706     3279     3169     
 37.76   240     11825    1455.16    1722.29    267.127     3337     3180     
 37.92   240     11850    1455.16    1722.29    267.127     3362     3193     
 38.22   241     11900    1456.54    1721.99    265.451     3412     3199     
 38.9    242     11955    1456.76    1720.25    263.497     3243     3212     
 39.18   243     12023    1456.9     1720.25    263.357     3311     3231     
 39.3    243     12050    1456.9     1720.25    263.357     3338     3243     
 39.62   244     12100    1456.91    1720.21    263.304     3388     3250     
 39.91   245     12150    1456.91    1720.03    263.119     3438     3271     
 40.11   246     12205    1456.91    1720.03    263.118     3493     3274     
 40.83   247     12259    1456.91    1719.85    262.937     3315     3287     
 41.3    248     12329    1457.05    1719.83    262.781     3385     3306     
 41.47   249     12361    1457.05    1719.45    262.409     3417     3314     
 41.67   250     12423    1457.09    1718.49    261.4       3479     3321     
 41.85   250     12450    1457.09    1718.49    261.4       3506     3336     
 42.44   251     12535    1457.11    1718.49    261.384     3591     3354     
 45.55   251     12550    1457.11    1718.49    261.384     3339     3363     
 45.92   252     12627    1457.11    1718.16    261.052     3416     3381     
 46.11   252     12650    1457.11    1718.16    261.052     3439     3395     
 46.55   253     12711    1457.11    1717.73    260.626     3500     3401     
 46.94   254     12787    1457.11    1717.71    260.605     3576     3421     
 47.09   254     12800    1457.11    1717.71    260.605     3589     3429     
 47.31   255     12857    1457.11    1717.57    260.459     3646     3432     
 48.14   256     12900    1457.11    1717.57    260.454     3437     3447     
 48.51   257     12957    1457.11    1716.25    259.141     3494     3454     
 48.84   258     13031    1457.13    1716.15    259.026     3568     3472     
 48.97   258     13050    1457.13    1716.15    259.026     3587     3481     
 49.69   259     13141    1457.13    1716       258.877     3678     3502     
 49.78   259     13150    1457.13    1716       258.877     3687     3507     
 50.05   260     13200    1457.13    1716       258.876     3737     3517     
 51.24   261     13289    1457.13    1715.78    258.655     3570     3536     
 51.35   261     13300    1457.13    1715.78    258.655     3581     3544     
 51.86   262     13350    1457.13    1715.78    258.655     3631     3559     
 52.31   263     13447    1457.13    1715.74    258.614     3728     3581     
 52.33   263     13450    1457.13    1715.74    258.614     3731     3581     
 52.71   264     13521    1457.13    1715.5     258.366     3802     3600     
 52.92   264     13550    1457.13    1715.5     258.366     3831     3614     
 54      265     13619    1457.13    1715.46    258.326     3628     3624     
 54.18   266     13653    1457.13    1715.45    258.32      3662     3633     
 54.38   267     13700    1457.13    1715.42    258.291     3709     3642     
 54.91   268     13775    1457.13    1715.41    258.279     3784     3660     
 55.08   268     13800    1457.13    1715.41    258.279     3809     3669     
 55.52   269     13885    1457.13    1715.41    258.278     3894     3682     
 55.62   269     13900    1457.13    1715.41    258.278     3909     3688     
 55.87   270     13963    1457.27    1715.19    257.914     3972     3697     
 56.97   271     14011    1457.27    1714.84    257.569     3756     3714     
 57.17   272     14063    1457.27    1714.7     257.428     3808     3724     
 57.35   273     14111    1457.29    1714.39    257.098     3856     3732     
 57.56   274     14153    1457.29    1714.31    257.022     3898     3743     
 58.02   275     14200    1457.29    1714.31    257.022     3945     3755     
 58.46   276     14285    1457.29    1714.23    256.939     4030     3774     
 58.6    276     14300    1457.29    1714.23    256.939     4045     3783     
 59.65   277     14369    1457.3     1714.23    256.924     3820     3795     
 59.9    277     14400    1457.3     1714.23    256.924     3851     3812     
 60.35   278     14467    1457.31    1713.99    256.677     3918     3819     
 60.61   278     14500    1457.31    1713.99    256.677     3951     3840     
 60.88   279     14563    1457.32    1713.79    256.469     4014     3844     
 61.08   280     14600    1457.33    1713.73    256.404     4051     3852     
 61.51   281     14650    1457.33    1713.62    256.288     4101     3862     
 61.67   282     14700    1457.33    1713.26    255.933     4151     3866     
 62.59   283     14763    1457.33    1712.85    255.515     3904     3870     
 62.86   284     14803    1457.33    1712.56    255.222     3944     3884     
 63.41   284     14850    1457.33    1712.56    255.222     3991     3909     
 63.59   285     14901    1457.34    1712.56    255.22      4042     3909     
 64.02   286     14983    1457.34    1712.52    255.18      4124     3929     
 64.14   286     15000    1457.34    1712.52    255.18      4141     3937     
 64.43   287     15050    1457.34    1712.34    255.005     4191     3953     
 64.87   288     15103    1457.34    1712.34    255.005     4244     3959     
 66.03   289     15181    1457.34    1712.2     254.863     4008     3976     
 66.19   289     15200    1457.34    1712.2     254.863     4027     3984     
 66.38   290     15250    1457.34    1712.16    254.819     4077     3988     
 66.68   291     15300    1457.34    1712.02    254.684     4127     4006     
 71.35   292     15401    1457.34    1711.74    254.406     4034     4030     
 71.38   292     15402    1457.34    1711.74    254.406     4035     4030     
 71.77   292     15450    1457.34    1711.74    254.406     4083     4054     
 72.04   293     15509    1457.34    1711.74    254.406     4142     4057     
 72.58   293     15550    1457.34    1711.74    254.406     4183     4077     
 73.09   294     15643    1457.34    1711.73    254.391     4276     4089     
 73.14   294     15650    1457.34    1711.73    254.391     4283     4090     
 73.73   295     15751    1457.34    1711.73    254.391     4384     4117     
 73.75   295     15752    1457.34    1711.73    254.391     4385     4117     
 74.45   295     15800    1457.34    1711.73    254.391     4433     4144     
 75.77   296     15887    1457.34    1711.69    254.351     4187     4154     
 75.88   296     15900    1457.34    1711.69    254.351     4200     4159     
 76.27   298     15969    1457.34    1711.66    254.322     4269     4174     
 76.78   299     16015    1457.34    1711.43    254.093     4315     4184     
 77.16   300     16069    1457.34    1711.43    254.093     4369     4200     
 77.36   300     16100    1457.34    1711.43    254.093     4400     4210     
 77.56   301     16150    1457.34    1711.43    254.093     4450     4214     
 78.06   301     16200    1457.34    1711.43    254.093     4500     4240     
 79.57   302     16269    1457.34    1711.14    253.805     4192     4242     
 79.88   302     16300    1457.34    1711.14    253.805     4223     4260     
 80.19   303     16350    1457.34    1710.84    253.503     4273     4269     
 80.56   304     16417    1457.34    1710.75    253.412     4340     4278     
 80.94   304     16450    1457.34    1710.75    253.412     4373     4302     
 81.74   305     16537    1457.34    1710.49    253.149     4460     4314     
 81.87   305     16550    1457.34    1710.49    253.149     4473     4321     
 82.25   306     16600    1457.34    1710.29    252.946     4523     4335     
 82.78   307     16683    1457.34    1710.21    252.87      4606     4348     
 83.86   307     16700    1457.34    1710.21    252.87      4303     4359     
 84.29   309     16769    1457.34    1710.02    252.68      4372     4371     
 84.94   310     16823    1457.34    1709.98    252.642     4426     4388     
 85.08   311     16851    1457.34    1709.96    252.618     4454     4393     
 85.45   312     16900    1457.34    1709.87    252.527     4503     4408     
 85.91   314     16971    1457.34    1709.62    252.283     4574     4424     
 86.08   315     17003    1457.34    1709.52    252.179     4606     4428     
 86.72   316     17053    1457.34    1709.42    252.082     4656     4443     
 87.09   317     17100    1457.34    1709.38    252.04      4703     4459     
 88.36   318     17150    1457.34    1709.31    251.973     4435     4473     
 88.59   319     17200    1457.34    1709.3     251.954     4485     4477     
 88.85   320     17250    1457.34    1709.24    251.9       4535     4485     
 89.51   322     17307    1457.34    1708.31    250.964     4592     4497     
 89.87   323     17357    1457.34    1708.19    250.852     4642     4510     
 90.28   324     17407    1457.34    1708.18    250.833     4692     4523     
 90.77   324     17450    1457.34    1708.18    250.833     4735     4549     
 91.2    325     17513    1457.34    1708.05    250.707     4798     4552     
 91.61   325     17550    1457.34    1708.05    250.707     4835     4572     
 93.29   326     17619    1457.34    1707.75    250.407     4555     4579     
 93.47   327     17651    1457.34    1707.62    250.273     4587     4585     
 93.94   327     17700    1457.34    1707.62    250.273     4636     4610     
 94.31   328     17765    1457.34    1707.62    250.273     4701     4613     
 94.64   328     17800    1457.34    1707.62    250.273     4736     4629     
 95.21   329     17850    1457.34    1707.34    250.002     4786     4632     
 95.58   330     17900    1457.34    1707.24    249.896     4836     4645     
 95.93   331     17950    1457.34    1707.06    249.714     4886     4655     
 96.48   332     18000    1457.34    1707.06    249.714     4936     4684     
 97.79   332     18055    1457.34    1706.96    249.616     4603     4684     
 98.06   333     18100    1457.34    1705.75    248.408     4648     4692     
 98.6    334     18150    1457.34    1705.4     248.06      4698     4695     
 99.08   335     18225    1457.34    1705.4     248.06      4773     4709     
 99.32   335     18250    1457.34    1705.4     248.06      4798     4721     
 99.87   336     18341    1457.34    1705.38    248.037     4889     4733     
 99.94   336     18350    1457.34    1705.38    248.037     4898     4735     
 100.71  337     18400    1457.34    1705.38    248.037     4948     4751     
 100.97  338     18450    1457.34    1705.04    247.693     4998     4753     
 101.39  339     18500    1457.34    1705.04    247.693     5048     4779     
 102.73  339     18553    1457.34    1705.02    247.679     4705     4779     
 103.02  340     18600    1457.34    1704.97    247.626     4752     4791     
 103.92  340     18650    1457.34    1704.97    247.626     4802     4822     
 104.32  341     18715    1457.34    1704.96    247.62      4867     4824     
 104.7   341     18750    1457.34    1704.96    247.62      4902     4845     
 105     342     18805    1457.34    1704.96    247.62      4957     4846     
 105.38  343     18853    1457.34    1704.93    247.588     5005     4857     
 111.94  344     18917    1457.34    1704.71    247.369     4778     4868     
 112.29  344     18950    1457.34    1704.71    247.369     4811     4883     
 113.01  345     19049    1457.34    1704.65    247.312     4910     4899     
 113.04  345     19050    1457.34    1704.65    247.312     4911     4899     
 113.6   346     19135    1457.34    1704.56    247.216     4996     4920     
 114.1   346     19150    1457.34    1704.56    247.216     5011     4928     
 114.46  347     19200    1457.34    1704.56    247.216     5061     4943     
 114.68  348     19250    1457.34    1704.37    247.023     5111     4943     
 115.13  349     19300    1457.34    1704.32    246.98      5161     4957     
 115.77  350     19369    1457.34    1704.25    246.905     5230     4975     
 117.22  350     19400    1457.34    1704.25    246.905     4895     4990     
 117.93  351     19469    1457.34    1704.09    246.746     4964     4996     
 118.38  352     19525    1457.34    1704.08    246.742     5020     5010     
 118.67  353     19567    1457.34    1704.07    246.732     5062     5019     
 119.07  353     19600    1457.34    1704.07    246.732     5095     5037     
 119.51  354     19667    1457.34    1703.93    246.592     5162     5045     
 120.24  354     19700    1457.34    1703.93    246.592     5195     5064     
 120.72  355     19771    1457.34    1703.74    246.402     5266     5073     
 121.05  356     19800    1457.34    1703.74    246.402     5295     5086     
 121.37  356     19850    1457.34    1703.74    246.402     5345     5089     
 122.88  357     19900    1457.34    1703.65    246.308     5010     5097     
 124     358     19993    1457.34    1703.4     246.055     5103     5115     
 124.09  358     20000    1457.34    1703.4     246.055     5110     5118     
 124.61  359     20059    1457.34    1703.25    245.903     5169     5135     
 125.01  360     20107    1457.34    1703.2     245.861     5217     5146     
 125.51  360     20150    1457.34    1703.2     245.861     5260     5169     
 126.29  361     20211    1457.34    1703.14    245.797     5321     5172     
 126.93  362     20273    1457.34    1702.81    245.47      5383     5187     
 127.14  363     20301    1457.34    1702.28    244.936     5411     5191     
 127.92  364     20375    1457.34    1702.02    244.678     5485     5214     
 129.65  364     20400    1457.34    1702.02    244.678     5126     5229     
 129.97  365     20450    1457.34    1701.93    244.586     5176     5233     
 131.14  366     20525    1457.34    1701.81    244.467     5251     5252     
 131.46  366     20550    1457.34    1701.81    244.467     5276     5264     
 132.26  367     20641    1457.34    1701.72    244.382     5367     5281     
 132.35  367     20650    1457.34    1701.72    244.382     5376     5284     
 133.16  368     20741    1457.38    1701.71    244.335     5467     5307     
 133.3   368     20750    1457.38    1701.71    244.335     5476     5311     
 134.32  369     20800    1457.38    1701.36    243.975     5526     5327     
 136.72  370     20905    1457.39    1701.33    243.939     5210     5355     
 136.75  370     20906    1457.39    1701.33    243.939     5211     5355     
 137.25  370     20950    1457.39    1701.33    243.939     5255     5373     
 137.86  371     21029    1457.39    1701.22    243.83      5334     5381     
 138.45  372     21051    1457.39    1700.83    243.438     5356     5386     
 138.92  373     21100    1457.39    1700.76    243.364     5405     5402     
 139.38  374     21150    1457.39    1700.62    243.226     5455     5415     
 140.18  375     21235    1457.39    1700.51    243.12      5540     5436     
 140.31  375     21250    1457.39    1700.51    243.12      5555     5438     
 141.36  377     21325    1457.39    1700.44    243.05      5630     5454     
 141.6   377     21350    1457.39    1700.44    243.05      5655     5461     
 142.1   378     21419    1457.39    1700.38    242.986     5724     5469     
 143.82  378     21450    1457.39    1700.38    242.986     5331     5479     
 144.38  379     21529    1457.39    1700.35    242.958     5410     5485     
 144.65  379     21550    1457.39    1700.35    242.958     5431     5493     
 144.95  380     21600    1457.39    1700.27    242.878     5481     5497     
 146.21  381     21697    1457.39    1700.09    242.695     5578     5520     
 146.26  381     21700    1457.39    1700.09    242.695     5581     5520     
 146.84  382     21750    1457.39    1699.75    242.362     5631     5539     
 147.36  383     21800    1457.39    1699.75    242.362     5681     5551     
 147.87  384     21850    1457.39    1699.75    242.362     5731     5561     
 148.73  385     21900    1457.39    1699.45    242.056     5781     5569     
 149.16  386     21950    1457.39    1699.2     241.81      5831     5578     
 150.98  387     22009    1457.39    1699.15    241.758     5467     5583     
 151.41  388     22051    1457.39    1699       241.605     5509     5596     
 151.82  389     22100    1457.39    1698.97    241.58      5558     5609     
 152.29  390     22150    1457.39    1698.97    241.58      5608     5623     
 153.66  391     22249    1457.39    1698.97    241.58      5707     5643     
 153.7   391     22250    1457.39    1698.97    241.58      5708     5643     
 154.3   392     22323    1457.39    1698.95    241.553     5781     5655     
 154.62  392     22350    1457.39    1698.95    241.553     5808     5668     
 155.36  393     22437    1457.39    1698.79    241.396     5895     5679     
 155.5   393     22450    1457.39    1698.79    241.396     5908     5684     
 157.99  394     22500    1457.39    1698.7     241.304     5532     5695     
 158.44  395     22550    1457.39    1698.63    241.243     5582     5704     
 158.95  397     22609    1457.39    1698.32    240.924     5641     5715     
 159.5   398     22667    1457.39    1698.32    240.924     5699     5728     
 160.17  399     22727    1457.39    1698.32    240.924     5759     5746     
 160.47  399     22750    1457.39    1698.32    240.924     5782     5756     
 161.42  400     22800    1457.39    1698.17    240.782     5832     5770     
 161.99  401     22871    1457.39    1698.09    240.702     5903     5780     
 162.32  401     22900    1457.39    1698.09    240.702     5932     5792     
 162.7   402     22950    1457.39    1697.81    240.413     5982     5796     
 163.46  402     23000    1457.39    1697.81    240.413     6032     5828     
 174.54  403     23071    1457.39    1697.81    240.413     5641     5828     
 174.9   403     23100    1457.39    1697.81    240.413     5670     5841     
 175.4   404     23157    1457.39    1697.77    240.373     5727     5846     
 175.92  405     23207    1457.39    1697.69    240.3       5777     5859     
 176.47  406     23265    1457.39    1697.66    240.265     5835     5871     
 176.85  407     23309    1457.39    1697.54    240.149     5879     5879     
 177.35  408     23357    1457.39    1697.49    240.096     5927     5894     
 178.26  409     23400    1457.39    1697.38    239.985     5970     5906     
 179.21  409     23450    1457.39    1697.38    239.985     6020     5944     
 179.98  410     23525    1457.39    1697.38    239.985     6095     5949     
 180.38  411     23563    1457.39    1697.31    239.918     6133     5957     
 180.74  412     23600    1457.39    1697.24    239.846     6170     5966     
 182.93  413     23650    1457.39    1696.92    239.523     5793     5984     
 184.28  414     23747    1457.39    1696.87    239.483     5890     6004     
 184.32  414     23750    1457.39    1696.87    239.483     5893     6004     
 185.15  414     23800    1457.39    1696.87    239.483     5943     6035     
 185.79  415     23873    1457.39    1696.75    239.354     6016     6039     
 186.25  416     23915    1457.39    1696.73    239.333     6058     6050     
 186.66  417     23957    1457.39    1696.73    239.333     6100     6060     
 187.78  417     24000    1457.39    1696.73    239.333     6143     6081     
 188.18  418     24051    1457.39    1696.41    239.015     6194     6082     
 188.84  420     24123    1457.39    1696.28    238.884     6266     6093     
 189.28  421     24173    1457.39    1696.21    238.814     6316     6102     
 189.76  421     24200    1457.39    1696.21    238.814     6343     6117     
 192     422     24250    1457.39    1696.21    238.814     5931     6124     
 193.45  423     24361    1457.39    1696.09    238.703     6042     6142     
 193.49  423     24362    1457.39    1696.09    238.703     6043     6142     
 193.81  424     24400    1457.39    1696.09    238.696     6081     6146     
 194.58  424     24450    1457.39    1696.09    238.696     6131     6171     
 195.47  425     24537    1457.39    1696.09    238.696     6218     6182     
 195.64  425     24550    1457.39    1696.09    238.696     6231     6187     
 196.79  426     24600    1457.39    1696.09    238.696     6281     6200     
 197.43  427     24650    1457.39    1696.09    238.696     6331     6215     
 198.77  428     24769    1457.39    1696.09    238.696     6450     6242     
 198.8   428     24770    1457.39    1696.09    238.696     6451     6242     
 199.33  428     24800    1457.39    1696.09    238.696     6481     6260     
 203.01  429     24901    1457.39    1695.8     238.405     6107     6286     
 203.05  429     24902    1457.39    1695.8     238.405     6108     6286     
 203.61  431     24963    1457.39    1695.76    238.371     6169     6298     
 204.04  432     25003    1457.39    1695.76    238.371     6209     6306     
 204.77  433     25079    1457.39    1695.6     238.206     6285     6317     
 205.06  433     25100    1457.39    1695.6     238.206     6306     6328     
 205.7   434     25173    1457.39    1695.58    238.186     6379     6338     
 206.23  435     25219    1457.39    1695.37    237.975     6425     6351     
 207.32  435     25250    1457.39    1695.37    237.975     6456     6366     
 208.65  436     25369    1457.39    1695.37    237.975     6575     6392     
 208.69  436     25370    1457.39    1695.37    237.975     6576     6392     
 209.25  436     25400    1457.39    1695.37    237.975     6606     6409     
 212.39  437     25489    1457.39    1695.35    237.962     6201     6429     
 212.57  437     25500    1457.39    1695.35    237.962     6212     6436     
 214.02  438     25575    1457.39    1695.26    237.868     6287     6453     
 214.36  439     25613    1457.39    1695.12    237.73      6325     6458     
 215.2   440     25679    1457.39    1695.12    237.73      6391     6475     
 215.63  441     25715    1457.39    1694.98    237.583     6427     6485     
 216.06  442     25750    1457.39    1694.92    237.524     6462     6499     
 216.68  443     25800    1457.39    1694.88    237.491     6512     6512     
 217.19  444     25861    1457.39    1694.88    237.491     6573     6517     
 217.79  444     25900    1457.39    1694.88    237.491     6612     6536     
 218.87  445     25950    1457.39    1694.66    237.265     6662     6537     
 219.54  446     26000    1457.39    1694.59    237.202     6712     6552     
 222.27  447     26050    1457.39    1694.59    237.197     6306     6569     
 223.57  448     26153    1457.39    1694.57    237.174     6409     6595     
 223.61  448     26154    1457.39    1694.57    237.174     6410     6595     
 224.03  449     26207    1457.39    1694.44    237.049     6463     6600     
 224.68  449     26250    1457.39    1694.44    237.049     6506     6623     
 226.16  450     26343    1457.39    1694.39    237.002     6599     6635     
 226.25  450     26350    1457.39    1694.39    237.002     6606     6635     
 227.3   451     26423    1457.39    1694.37    236.974     6679     6656     
 227.71  451     26450    1457.39    1694.37    236.974     6706     6671     
 228.26  452     26500    1457.39    1694.37    236.974     6756     6676     
 229.28  453     26589    1457.39    1694.33    236.94      6845     6698     
 229.49  453     26600    1457.39    1694.33    236.94      6856     6704     
 230.92  454     26650    1457.39    1694.21    236.815     6906     6720     
 233.79  455     26729    1457.39    1694.19    236.794     6442     6732     
 234.14  455     26750    1457.39    1694.19    236.794     6463     6743     
 234.95  456     26827    1457.39    1694.16    236.768     6540     6757     
 235.31  456     26850    1457.39    1694.16    236.768     6563     6766     
 236.04  457     26929    1457.39    1694.14    236.746     6642     6778     
 236.33  457     26950    1457.39    1694.14    236.746     6663     6787     
 237.73  459     27015    1457.39    1694.09    236.696     6728     6799     
 238.24  459     27050    1457.39    1694.09    236.696     6763     6815     
 239.16  460     27145    1457.39    1693.85    236.459     6858     6827     
 239.3   460     27150    1457.39    1693.85    236.459     6863     6832     
 240.05  461     27200    1457.39    1693.83    236.436     6913     6852     
 240.79  462     27253    1457.39    1693.78    236.388     6966     6865     
 241.4   463     27301    1457.39    1693.74    236.343     7014     6878     
 244.95  463     27350    1457.39    1693.74    236.343     6539     6898     
 245.4   464     27405    1457.39    1693.43    236.033     6594     6898     
 246.11  464     27450    1457.39    1693.43    236.033     6639     6923     
 246.77  465     27519    1457.39    1693.34    235.949     6708     6928     
 260.16  466     27565    1457.39    1693.31    235.921     6538     6942     
 260.62  467     27603    1457.39    1693.07    235.681     6576     6951     
 262.04  468     27673    1457.39    1692.99    235.595     6646     6959     
 262.45  469     27705    1457.39    1692.99    235.595     6678     6966     
 263.18  470     27750    1457.39    1692.92    235.525     6723     6979     
 263.84  471     27800    1457.39    1692.89    235.496     6773     6989     
 265.78  472     27919    1457.39    1692.84    235.451     6892     7028     
 265.82  472     27920    1457.39    1692.84    235.451     6893     7028     
 266.16  473     27950    1457.39    1692.8     235.408     6923     7034     
 266.94  474     28000    1457.39    1692.78    235.386     6973     7053     
 268.45  475     28050    1457.39    1692.74    235.347     7023     7071     
 268.96  476     28107    1457.39    1692.68    235.29      7080     7072     
 269.6   477     28159    1457.39    1692.68    235.29      7132     7080     
 270.25  478     28203    1457.39    1692.57    235.179     7176     7094     
 273.12  479     28250    1457.39    1692.55    235.156     6707     7107     
 273.85  480     28300    1457.39    1692.4     235.008     6757     7127     
 274.28  481     28350    1457.39    1692.07    234.675     6807     7127     
 276.11  482     28415    1457.39    1691.89    234.5       6872     7149     
 276.91  483     28473    1457.39    1691.89    234.5       6930     7165     
 277.37  483     28500    1457.39    1691.89    234.5       6957     7179     
 278.26  484     28589    1457.39    1691.61    234.213     7046     7189     
 278.49  484     28600    1457.39    1691.61    234.213     7057     7197     
 279.3   485     28650    1457.39    1691.5     234.109     7107     7214     
 279.91  486     28700    1457.39    1691.43    234.035     7157     7225     
 280.57  487     28750    1457.39    1691.32    233.927     7207     7237     
 282.12  489     28800    1457.39    1691.15    233.758     7257     7250     
 282.91  490     28865    1457.39    1691.13    233.735     7322     7262     
 286.24  491     28915    1457.39    1691.1     233.712     6840     7279     
 287.13  492     28977    1457.39    1690.95    233.555     6902     7296     
 287.62  493     29013    1457.39    1690.95    233.555     6938     7309     
 288.04  493     29050    1457.39    1690.95    233.555     6975     7315     
 288.45  494     29103    1457.39    1690.86    233.468     7028     7316     
 289.88  495     29150    1457.39    1690.81    233.417     7075     7331     
 290.53  496     29200    1457.39    1690.79    233.403     7125     7343     
 291.34  497     29251    1457.39    1690.72    233.329     7176     7360     
 292.05  498     29305    1457.39    1690.69    233.295     7230     7372     
 292.61  499     29350    1457.39    1690.35    232.955     7275     7379     
 293.06  500     29401    1457.39    1690.33    232.934     7326     7381     
 293.62  502     29450    1457.39    1690.07    232.678     7375     7389     
 294.4   503     29500    1457.39    1690.02    232.627     7425     7404     
 295.74  504     29561    1457.39    1689.86    232.471     7486     7409     
 298.96  504     29600    1457.39    1689.86    232.471     6991     7427     
 299.71  505     29663    1457.39    1689.83    232.433     7054     7432     
 300.34  505     29700    1457.39    1689.83    232.433     7091     7449     
 301.33  506     29787    1457.39    1689.82    232.427     7178     7461     
 301.51  506     29800    1457.39    1689.82    232.427     7191     7464     
 302.24  507     29850    1457.39    1689.8     232.409     7241     7477     
 303.72  508     29900    1457.39    1689.66    232.265     7291     7491     
 305.62  509     30019    1457.39    1689.62    232.227     7410     7522     
 305.67  509     30020    1457.39    1689.62    232.227     7411     7522     
 306.21  510     30059    1457.39    1689.51    232.118     7450     7531     
 306.67  511     30100    1457.39    1689.35    231.958     7491     7539     
 307.8   512     30163    1457.39    1689.26    231.867     7554     7557     
 308.31  513     30200    1457.39    1689.23    231.843     7591     7568     
 309.98  514     30250    1457.39    1689.19    231.803     7641     7586     
 313.44  515     30307    1457.39    1689.09    231.693     7122     7598     
 314.22  515     30350    1457.39    1689.09    231.693     7165     7619     
 314.77  516     30403    1457.39    1689.09    231.693     7218     7620     
 315.69  516     30450    1457.39    1689.09    231.693     7265     7646     
 317.02  517     30543    1457.39    1689.09    231.693     7358     7660     
 317.12  517     30550    1457.39    1689.09    231.693     7365     7661     
 317.96  518     30600    1457.39    1689.09    231.693     7415     7679     
 320.74  519     30717    1457.39    1688.88    231.487     7532     7705     
 320.8   519     30718    1457.39    1688.88    231.487     7533     7705     
 321.33  520     30753    1457.39    1687.75    230.361     7568     7713     
 322     520     30800    1457.39    1687.75    230.361     7615     7728     
 322.61  521     30861    1457.39    1687.66    230.265     7676     7731     
 323.38  522     30921    1457.39    1687.53    230.141     7736     7746     
 324.14  523     30973    1457.39    1687.4     230.004     7788     7758     
 328.36  524     31015    1457.39    1687.38    229.992     7250     7769     
 328.97  524     31050    1457.39    1687.38    229.992     7285     7782     
 330.1   525     31137    1457.39    1687.38    229.991     7372     7794     
 330.37  525     31150    1457.39    1687.38    229.991     7385     7801     
 331.23  526     31200    1457.39    1687.38    229.991     7435     7824     
 331.88  526     31263    1457.39    1687.34    229.948     7498     7824     
 332.72  527     31323    1457.39    1687.16    229.768     7558     7838     
 334.18  528     31365    1457.39    1687.12    229.73      7600     7847     
 334.79  529     31403    1457.39    1687.1     229.706     7638     7858     
 335.43  530     31450    1457.39    1686.89    229.494     7685     7868     
 336.58  530     31500    1457.39    1686.89    229.494     7735     7901     
 337.33  531     31563    1457.39    1686.72    229.33      7798     7901     
 338.08  531     31600    1457.39    1686.72    229.33      7835     7919     
 338.67  532     31650    1457.39    1686.71    229.314     7885     7921     
 342.17  533     31700    1457.39    1686.71    229.313     7346     7933     
 343.92  534     31750    1457.39    1686.63    229.24      7396     7951     
 344.69  535     31800    1457.39    1686.57    229.181     7446     7964     
 345.61  536     31883    1457.39    1686.55    229.159     7529     7978     
 346     536     31900    1457.39    1686.55    229.159     7546     7988     
 347.13  537     31975    1457.39    1686.51    229.114     7621     8000     
 347.58  537     32000    1457.39    1686.51    229.114     7646     8011     
 348.71  538     32091    1457.4     1686.49    229.089     7737     8027     
 348.84  538     32100    1457.4     1686.49    229.089     7746     8028     
 350.44  539     32150    1457.4     1686.37    228.974     7796     8036     
 351.56  541     32215    1457.4     1686.23    228.827     7861     8055     
 352.13  542     32267    1457.4     1686.11    228.707     7913     8059     
 352.94  543     32315    1457.4     1686.11    228.707     7961     8073     
 353.66  543     32350    1457.4     1686.11    228.707     7996     8089     
 358     544     32437    1457.4     1686.1     228.706     7481     8097     
 358.39  544     32450    1457.4     1686.1     228.706     7494     8108     
 359.42  545     32500    1457.4     1686.06    228.663     7544     8128     
 361.35  545     32550    1457.4     1686.06    228.663     7594     8155     
 362.05  546     32617    1457.4     1686.05    228.646     7661     8155     
 362.94  547     32673    1457.4     1685.99    228.593     7717     8170     
 363.41  547     32700    1457.4     1685.99    228.593     7744     8184     
 364.51  548     32787    1457.4     1685.58    228.178     7831     8197     
 364.83  548     32800    1457.4     1685.58    228.178     7844     8207     
 365.79  550     32865    1457.4     1685.24    227.843     7909     8221     
 366.64  550     32900    1457.4     1685.24    227.843     7944     8241     
 369.58  551     33003    1457.4     1685.17    227.775     8047     8269     
 369.64  551     33004    1457.4     1685.17    227.775     8048     8269     
 370.37  552     33050    1457.4     1685.14    227.737     8094     8281     
 371.2   553     33100    1457.4     1685.04    227.64      8144     8292     
 372.15  555     33169    1457.4     1684.95    227.552     8213     8309     
 393.17  556     33209    1457.4     1684.88    227.482     7618     8320     
 393.94  556     33250    1457.4     1684.88    227.482     7659     8337     
 396.12  557     33337    1457.4     1684.85    227.449     7746     8345     
 396.34  557     33350    1457.4     1684.85    227.449     7759     8348     
 397.05  558     33400    1457.4     1684.85    227.449     7809     8360     
 397.84  559     33450    1457.4     1684.83    227.434     7859     8372     
 399.1   560     33500    1457.4     1684.83    227.434     7909     8402     
 399.97  560     33567    1457.4     1684.83    227.434     7976     8402     
 400.71  560     33600    1457.4     1684.83    227.434     8009     8420     
 402.08  561     33693    1457.4     1684.83    227.434     8102     8433     
 402.2   561     33700    1457.4     1684.83    227.434     8109     8434     
 404.21  561     33750    1457.4     1684.83    227.434     8159     8457     
 405.15  562     33829    1457.4     1684.83    227.434     8238     8460     
 405.58  562     33850    1457.4     1684.83    227.434     8259     8468     
 407.47  563     33963    1457.4     1684.65    227.255     8372     8489     
 407.52  563     33964    1457.4     1684.65    227.255     8373     8489     
 411.47  564     34009    1457.4     1684.59    227.19      7772     8502     
 412     565     34050    1457.4     1684.2     226.796     7813     8509     
 412.81  566     34100    1457.4     1684.2     226.796     7863     8522     
 415.22  567     34203    1457.4     1684.09    226.695     7966     8538     
 415.27  567     34204    1457.4     1684.09    226.695     7967     8538     
 415.92  568     34250    1457.4     1684       226.605     8013     8547     
 416.62  569     34300    1457.4     1684       226.597     8063     8558     
 417.42  570     34350    1457.4     1683.92    226.519     8113     8570     
 418.52  570     34400    1457.4     1683.92    226.519     8163     8599     
 419.28  571     34471    1457.4     1683.9     226.5       8234     8601     
 420.01  571     34500    1457.4     1683.9     226.5       8263     8618     
 420.66  572     34550    1457.4     1683.89    226.495     8313     8624     
 421.49  573     34600    1457.4     1683.81    226.407     8363     8635     
 423.35  574     34650    1457.4     1683.79    226.387     8413     8649     
 424.11  575     34700    1457.4     1683.71    226.309     8463     8657     
 429     576     34805    1457.4     1683.67    226.267     7936     8680     
 429.06  576     34806    1457.4     1683.67    226.267     7937     8680     
 429.9   577     34850    1457.4     1683.51    226.108     7981     8696     
 431.03  578     34900    1457.4     1682.9     225.496     8031     8718     
 431.85  579     34950    1457.4     1682.86    225.46      8081     8732     
 434.56  580     35061    1457.4     1682.72    225.324     8192     8754     
 434.61  580     35062    1457.4     1682.72    225.324     8193     8754     
 435.47  580     35100    1457.4     1682.72    225.324     8231     8771     
 436.82  581     35191    1457.4     1682.68    225.283     8322     8785     
 436.95  581     35200    1457.4     1682.68    225.283     8331     8785     
 438.35  581     35250    1457.4     1682.68    225.283     8381     8822     
 439.54  582     35329    1457.4     1682.63    225.225     8460     8828     
 440.05  582     35350    1457.4     1682.63    225.225     8481     8838     
 441.68  583     35451    1457.4     1682.6     225.2       8582     8858     
 441.74  583     35452    1457.4     1682.6     225.2       8583     8858     
 444.15  583     35500    1457.4     1682.6     225.2       8631     8885     
 449.53  584     35611    1457.4     1682.59    225.191     7996     8903     
 449.59  584     35612    1457.4     1682.59    225.191     7997     8903     
 450.31  585     35663    1457.4     1682.58    225.184     8048     8913     
 451.03  586     35717    1457.4     1682.54    225.143     8102     8921     
 451.65  587     35757    1457.4     1682.39    224.99      8142     8929     
 452.57  588     35813    1457.4     1682.39    224.99      8198     8943     
 453.65  589     35871    1457.4     1682.37    224.965     8256     8957     
 454.64  590     35917    1457.4     1682.32    224.916     8302     8970     
 456.56  591     35953    1457.4     1682.29    224.884     8338     8979     
 457.65  592     36007    1457.4     1682.09    224.685     8392     8993     
 458.69  592     36050    1457.4     1682.09    224.685     8435     9014     
 460.14  593     36135    1457.4     1682.09    224.685     8520     9027     
 460.47  593     36150    1457.4     1682.09    224.685     8535     9033     
 461.39  594     36200    1457.4     1682.02    224.619     8585     9045     
 462.02  595     36250    1457.4     1681.96    224.562     8635     9049     
 462.91  596     36300    1457.4     1681.81    224.412     8685     9067     
 463.61  597     36351    1457.4     1681.72    224.322     8736     9070     
 466.03  598     36400    1457.4     1681.6     224.203     8785     9091     
 471.19  599     36450    1457.4     1681.34    223.942     8198     9103     
 473.34  600     36565    1457.4     1681.25    223.845     8313     9131     
 473.4   600     36566    1457.4     1681.25    223.845     8314     9131     
 474.29  600     36600    1457.4     1681.25    223.845     8348     9154     
 474.96  601     36651    1457.4     1681.17    223.77      8399     9156     
 475.81  602     36707    1457.4     1681.04    223.644     8455     9170     
 476.71  603     36777    1457.4     1681.04    223.644     8525     9178     
 478.32  603     36800    1457.4     1681.04    223.644     8548     9185     
 479.13  604     36850    1457.4     1680.96    223.561     8598     9201     
 480.8   605     36959    1457.4     1680.94    223.535     8707     9224     
 480.86  605     36960    1457.4     1680.94    223.535     8708     9224     
 481.59  605     37000    1457.4     1680.94    223.535     8748     9239     
 482.62  606     37079    1457.4     1680.92    223.521     8827     9245     
 483.16  606     37100    1457.4     1680.92    223.521     8848     9254     
 484.34  607     37189    1457.4     1680.86    223.455     8937     9269     
 484.66  607     37200    1457.4     1680.86    223.455     8948     9276     
 490.82  608     37271    1457.4     1680.81    223.411     8286     9288     
 491.67  608     37300    1457.4     1680.81    223.411     8315     9309     
 492.46  609     37367    1457.4     1680.59    223.192     8382     9312     
 493.1   609     37400    1457.4     1680.59    223.192     8415     9325     
 493.89  610     37465    1457.4     1680.59    223.192     8480     9331     
 494.91  611     37519    1457.4     1680.38    222.979     8534     9345     
 495.63  612     37550    1457.4     1680.38    222.979     8565     9359     
 496.4   612     37600    1457.4     1680.35    222.953     8615     9366     
 497.37  613     37650    1457.4     1680.2     222.802     8665     9382     
 500.96  614     37757    1457.4     1680.2     222.802     8772     9419     
 501.02  614     37758    1457.4     1680.2     222.802     8773     9419     
 501.86  614     37800    1457.4     1680.2     222.802     8815     9440     
 502.97  615     37889    1457.4     1680.15    222.754     8904     9448     
 503.17  615     37900    1457.4     1680.15    222.754     8915     9451     
 504.08  616     37950    1457.4     1680.14    222.743     8965     9465     
 505.42  617     38015    1457.4     1680.13    222.729     9030     9482     
 506.12  618     38057    1457.4     1680.06    222.662     9072     9492     
 510.93  619     38107    1457.4     1680.03    222.627     8458     9509     
 511.98  619     38150    1457.4     1680.03    222.627     8501     9529     
 514.71  620     38233    1457.4     1680.03    222.626     8584     9542     
 515.22  620     38250    1457.4     1680.03    222.626     8601     9551     
 516.08  621     38300    1457.4     1680.03    222.626     8651     9563     
 517.89  622     38411    1457.4     1680.03    222.626     8762     9589     
 517.95  622     38412    1457.4     1680.03    222.626     8763     9589     
 518.8   623     38457    1457.4     1680.01    222.607     8808     9602     
 519.48  624     38500    1457.4     1679.9     222.503     8851     9613     
 520.82  624     38550    1457.4     1679.9     222.503     8901     9641     
 521.77  625     38615    1457.4     1679.9     222.501     8966     9643     
 522.74  625     38650    1457.4     1679.9     222.501     9001     9666     
 525.19  626     38725    1457.4     1679.88    222.481     9076     9675     
 526     627     38769    1457.4     1679.88    222.479     9120     9684     
 526.68  628     38805    1457.4     1679.84    222.435     9156     9690     
 527.25  629     38851    1457.4     1679.66    222.259     9202     9693     
 528.6   630     38917    1457.4     1679.66    222.259     9268     9713     
 533.25  631     38957    1457.4     1679.36    221.96      8597     9722     
 534.3   631     39000    1457.4     1679.36    221.96      8640     9745     
 535.92  632     39099    1457.4     1679.22    221.819     8739     9763     
 535.99  632     39100    1457.4     1679.22    221.819     8740     9763     
 536.99  633     39150    1457.4     1679.21    221.81      8790     9781     
 539.96  634     39243    1457.4     1679.21    221.81      8883     9798     
 540.1   634     39250    1457.4     1679.21    221.81      8890     9800     
 541.48  634     39300    1457.4     1679.21    221.81      8940     9831     
 542.64  635     39377    1457.4     1679.21    221.81      9017     9837     
 543.06  635     39400    1457.4     1679.21    221.81      9040     9845     
 544.65  636     39507    1457.4     1679.13    221.733     9147     9862     
 544.71  636     39508    1457.4     1679.13    221.733     9148     9862     
 545.57  637     39575    1457.4     1679.12    221.723     9215     9867     
 546.2   637     39600    1457.4     1679.12    221.723     9240     9880     
 548.19  638     39701    1457.4     1679.09    221.689     9341     9899     
 548.25  638     39702    1457.4     1679.09    221.689     9342     9899     
 574.99  638     39750    1457.4     1679.09    221.689     8693     9921     
 576.47  639     39837    1457.4     1679.09    221.686     8780     9934     
 576.75  639     39850    1457.4     1679.09    221.686     8793     9939     
 578.52  640     39961    1457.4     1679.03    221.631     8904     9960     
 578.58  640     39962    1457.4     1679.03    221.631     8905     9960     
 579.78  640     40000    1457.4     1679.03    221.631     8943     9987     
 582.11  641     40105    1457.4     1678.99    221.585     9048     10013    
 582.17  641     40106    1457.4     1678.99    221.585     9049     10013    
 583.22  641     40150    1457.4     1678.99    221.585     9093     10031    
 586.08  642     40235    1457.4     1678.89    221.485     9178     10040    
 586.35  642     40250    1457.4     1678.89    221.485     9193     10044    
 587.22  644     40323    1457.4     1678.72    221.322     9266     10048    
 588.22  645     40373    1457.4     1678.72    221.322     9316     10060    
 588.87  646     40419    1457.4     1678.69    221.286     9362     10067    
 589.9   647     40479    1457.4     1678.68    221.282     9422     10082    
 590.61  647     40500    1457.4     1678.68    221.282     9443     10096    
 591.88  649     40569    1457.4     1678.62    221.217     9512     10108    
 592.69  650     40615    1457.4     1678.62    221.217     9558     10118    
 597.62  650     40650    1457.4     1678.62    221.217     8870     10133    
 600.66  651     40741    1457.4     1678.57    221.165     8961     10145    
 600.86  651     40750    1457.4     1678.57    221.165     8970     10147    
 601.95  651     40800    1457.4     1678.57    221.165     9020     10172    
 602.82  652     40869    1457.4     1678.52    221.123     9089     10174    
 603.46  653     40927    1457.4     1678.4     221.003     9147     10175    
 604.02  653     40950    1457.4     1678.4     221.003     9170     10185    
 604.89  654     41000    1457.4     1678.39    220.989     9220     10195    
 605.78  655     41050    1457.4     1678.37    220.966     9270     10208    
 607.63  656     41165    1457.4     1678.36    220.955     9385     10231    
 607.69  656     41166    1457.4     1678.36    220.955     9386     10231    
 608.79  657     41215    1457.4     1678.33    220.924     9435     10245    
 611.32  658     41279    1457.4     1678.31    220.912     9499     10258    
 611.73  658     41300    1457.4     1678.31    220.912     9520     10263    
 612.96  659     41377    1457.4     1678.23    220.831     9597     10273    
 613.74  659     41400    1457.4     1678.23    220.831     9620     10286    
 614.46  661     41450    1457.4     1678.15    220.746     9670     10289    
 615.6   661     41500    1457.4     1678.07    220.672     9720     10306    
 621.61  662     41613    1457.4     1677.74    220.336     9087     10323    
 621.67  662     41614    1457.4     1677.74    220.336     9088     10323    
 622.48  663     41657    1457.4     1677.6     220.202     9131     10333    
 625.14  664     41713    1457.4     1677.6     220.195     9187     10347    
 626.38  665     41771    1457.4     1677.52    220.116     9245     10364    
 627.32  666     41825    1457.4     1677.41    220.01      9299     10378    
 627.91  666     41850    1457.4     1677.41    220.01      9324     10389    
 629     668     41917    1457.4     1677.32    219.921     9391     10398    
 629.63  668     41950    1457.4     1677.32    219.921     9424     10410    
 630.46  669     42007    1457.4     1677.24    219.835     9481     10415    
 631.19  670     42065    1457.4     1677.21    219.807     9539     10421    
 631.93  671     42100    1457.4     1677.16    219.76      9574     10432    
 633.03  672     42155    1457.4     1677.11    219.709     9629     10448    
 636.13  673     42235    1457.4     1677.07    219.673     9709     10469    
 636.48  673     42250    1457.4     1677.07    219.673     9724     10474    
 637.43  674     42300    1457.4     1677.07    219.669     9774     10483    
 639.02  674     42350    1457.4     1677.07    219.669     9824     10511    
 644.85  675     42431    1457.4     1677.05    219.651     9160     10515    
 645.43  676     42463    1457.4     1676.98    219.581     9192     10522    
 646.02  677     42503    1457.4     1676.84    219.443     9232     10531    
 647.48  677     42550    1457.4     1676.84    219.443     9279     10560    
 651.39  678     42663    1457.4     1676.79    219.384     9392     10588    
 651.45  678     42664    1457.4     1676.79    219.384     9393     10588    
 652.65  679     42709    1457.4     1676.76    219.354     9438     10605    
 653.61  680     42755    1457.4     1676.72    219.317     9484     10617    
 655.1   681     42827    1457.4     1676.69    219.292     9556     10637    
 655.82  681     42850    1457.4     1676.69    219.292     9579     10650    
 657.98  682     42965    1457.4     1676.68    219.281     9694     10668    
 658.05  682     42966    1457.4     1676.68    219.281     9695     10668    
 658.76  682     43000    1457.4     1676.68    219.281     9729     10679    
 660.38  683     43097    1457.4     1676.67    219.266     9826     10694    
 660.47  683     43100    1457.4     1676.67    219.266     9829     10694    
 663.13  684     43150    1457.4     1676.55    219.15      9879     10709    
 664.84  685     43247    1457.4     1676.52    219.122     9976     10724    
 664.95  685     43250    1457.4     1676.52    219.122     9979     10724    
 666.35  686     43300    1457.4     1676.41    219.014     10029    10746    
 672.51  687     43350    1457.4     1676.41    219.014     9329     10756    
 673.64  688     43400    1457.4     1676.39    218.993     9379     10770    
 675.35  688     43450    1457.4     1676.39    218.993     9429     10803    
 676.65  689     43529    1457.4     1676.39    218.992     9508     10806    
 677.19  689     43550    1457.4     1676.39    218.992     9529     10813    
 680.78  690     43661    1457.4     1676.38    218.98      9640     10829    
 680.84  690     43662    1457.4     1676.38    218.98      9641     10829    
 682.05  691     43711    1457.4     1676.37    218.966     9690     10845    
 682.86  692     43757    1457.4     1676.35    218.947     9736     10853    
 683.61  692     43800    1457.4     1676.35    218.947     9779     10867    
 684.69  693     43877    1457.4     1676.32    218.916     9856     10872    
 685.01  693     43900    1457.4     1676.32    218.916     9879     10872    
 685.75  694     43950    1457.4     1676.3     218.901     9929     10880    
 686.72  695     44017    1457.4     1676.3     218.895     9996     10887    
 687.35  696     44050    1457.4     1676.3     218.895     10029    10896    
 688.28  696     44100    1457.4     1676.17    218.768     10079    10907    
 689.46  697     44150    1457.4     1676       218.597     10129    10925    
 693.67  698     44263    1457.4     1675.97    218.564     10242    10951    
 693.74  698     44264    1457.4     1675.97    218.564     10243    10951    
 699.4   699     44303    1457.4     1675.93    218.526     9472     10960    
 700.45  700     44350    1457.4     1675.91    218.504     9519     10975    
 701.47  701     44403    1457.4     1675.81    218.407     9572     10986    
 702.96  701     44450    1457.4     1675.81    218.407     9619     11016    
 704.88  702     44543    1457.4     1675.8     218.398     9712     11030    
 705.04  702     44550    1457.4     1675.8     218.398     9719     11031    
 706.24  703     44603    1457.4     1675.73    218.331     9772     11047    
 708.67  704     44651    1457.4     1675.69    218.291     9820     11056    
 709.63  705     44700    1457.4     1675.67    218.268     9869     11068    
 710.68  707     44761    1457.4     1675.67    218.268     9930     11081    
 711.55  707     44800    1457.4     1675.67    218.268     9969     11097    
 713.16  708     44889    1457.4     1675.6     218.199     10058    11109    
 713.58  708     44900    1457.4     1675.6     218.199     10069    11118    
 714.66  709     44950    1457.4     1675.59    218.188     10119    11130    
 715.67  711     45000    1457.4     1675.16    217.756     10169    11140    
 717.22  711     45050    1457.4     1675.16    217.756     10219    11164    
 719.04  712     45135    1457.4     1675.14    217.734     10304    11174    
 721.1   712     45150    1457.4     1675.14    217.734     10319    11181    
 722.23  714     45200    1457.4     1675.12    217.716     10369    11193    
 728.52  715     45265    1457.4     1675.1     217.702     9660     11205    
 729.59  716     45300    1457.4     1675.1     217.702     9695     11221    
 730.48  716     45350    1457.4     1675.1     217.694     9745     11229    
 731.7   717     45400    1457.4     1675.04    217.636     9795     11243    
 732.73  718     45450    1457.4     1674.97    217.568     9845     11254    
 735.4   719     45567    1457.4     1674.86    217.463     9962     11277    
 735.47  719     45568    1457.4     1674.86    217.463     9963     11277    
 736.27  719     45600    1457.4     1674.86    217.463     9995     11289    
 739.57  720     45687    1457.4     1674.78    217.383     10082    11301    
 739.81  720     45700    1457.4     1674.78    217.383     10095    11304    
 741.17  721     45777    1457.4     1674.75    217.346     10172    11319    
 741.87  721     45800    1457.4     1674.75    217.346     10195    11332    
 743.57  722     45899    1457.4     1674.66    217.258     10294    11345    
 743.64  722     45900    1457.4     1674.66    217.258     10295    11345    
 744.89  722     45950    1457.4     1674.66    217.258     10345    11367    
 746.07  723     46025    1457.4     1674.44    217.037     10420    11373    
 747     724     46067    1457.4     1674.43    217.031     10462    11385    
 748.16  725     46115    1457.4     1674.35    216.944     10510    11398    
 748.99  726     46155    1457.4     1674.27    216.865     10550    11405    
 757.42  726     46200    1457.4     1674.27    216.865     9782     11429    
 758.67  727     46273    1457.4     1674.26    216.858     9855     11435    
 759.44  727     46300    1457.4     1674.26    216.858     9882     11449    
 761.58  728     46409    1457.4     1674.22    216.819     9991     11471    
 761.65  728     46410    1457.4     1674.22    216.819     9992     11471    
 762.61  729     46450    1457.4     1674.21    216.808     10032    11485    
 763.74  729     46500    1457.4     1674.21    216.808     10082    11508    
 764.72  730     46569    1457.4     1673.88    216.48      10151    11509    
 765.49  731     46600    1457.4     1673.77    216.368     10182    11519    
 767     731     46650    1457.4     1673.77    216.368     10232    11546    
 769.93  732     46725    1457.4     1673.68    216.282     10307    11551    
 770.74  733     46765    1457.4     1673.56    216.159     10347    11560    
 771.57  734     46809    1457.4     1673.56    216.159     10391    11569    
 772.28  735     46850    1457.4     1673.55    216.145     10432    11575    
 773.38  736     46900    1457.4     1673.55    216.145     10482    11588    
 774.45  737     46950    1457.4     1673.52    216.119     10532    11601    
 776.48  738     47025    1457.4     1673.52    216.119     10607    11625    
 777.5   738     47050    1457.4     1673.52    216.119     10632    11644    
 779.78  739     47167    1457.4     1673.51    216.11      10749    11663    
 785.85  739     47168    1457.4     1673.51    216.11      9924     11663    
 786.78  740     47209    1457.4     1673.48    216.078     9965     11671    
 823.29  741     47250    1457.4     1673.44    216.038     9944     11681    
 824.26  741     47300    1457.4     1673.44    216.038     9994     11698    
 825.13  742     47365    1457.4     1673.35    215.953     10059    11700    
 825.93  743     47407    1457.4     1673.31    215.912     10101    11706    
 826.98  743     47450    1457.4     1673.31    215.912     10144    11718    
 828.22  744     47529    1457.4     1673.24    215.834     10223    11723    
 828.69  744     47550    1457.4     1673.24    215.834     10244    11728    
 830.12  744     47600    1457.4     1673.24    215.834     10294    11755    
 831.24  745     47675    1457.4     1673.18    215.78      10369    11755    
 832     745     47700    1457.4     1673.18    215.78      10394    11767    
 833.06  746     47750    1457.4     1673.15    215.753     10444    11777    
 835.78  747     47800    1457.4     1673.15    215.753     10494    11788    
 837.57  748     47905    1457.4     1673.15    215.748     10599    11803    
 837.64  748     47906    1457.4     1673.15    215.748     10600    11803    
 838.73  748     47950    1457.4     1673.15    215.748     10644    11823    
 840.56  749     48051    1457.4     1673.04    215.636     10745    11837    
 840.64  749     48052    1457.4     1673.04    215.636     10746    11837    
 842     750     48121    1457.4     1673.01    215.611     10815    11854    
 842.9   750     48150    1457.4     1673.01    215.611     10844    11868    
 851.54  751     48267    1457.4     1673.01    215.611     10100    11890    
 851.61  751     48268    1457.4     1673.01    215.611     10101    11890    
 854.46  751     48300    1457.4     1673.01    215.611     10133    11908    
 855.32  752     48350    1457.4     1673.01    215.611     10183    11911    
 857.05  752     48400    1457.4     1673.01    215.611     10233    11939    
 858.6   753     48481    1457.4     1672.98    215.577     10314    11945    
 859.31  753     48500    1457.4     1672.98    215.577     10333    11957    
 860.51  755     48561    1457.4     1672.87    215.471     10394    11967    
 861.78  755     48600    1457.4     1672.87    215.471     10433    11986    
 864.01  756     48705    1457.4     1672.7     215.3       10538    12003    
 864.08  756     48706    1457.4     1672.7     215.3       10539    12003    
 865.02  757     48750    1457.4     1672.69    215.289     10583    12019    
 865.84  758     48800    1457.4     1672.51    215.104     10633    12025    
 869.47  759     48883    1457.4     1672.51    215.104     10716    12045    
 869.86  759     48900    1457.4     1672.51    215.104     10733    12049    
 871.88  759     48950    1457.4     1672.51    215.104     10783    12089    
 873.74  760     49039    1457.4     1672.5     215.098     10872    12099    
 874.26  760     49050    1457.4     1672.5     215.098     10883    12106    
 876.02  762     49115    1457.4     1672.4     214.996     10948    12121    
 876.83  763     49150    1457.4     1672.37    214.97      10983    12129    
 878.48  763     49200    1457.4     1672.37    214.97      11033    12153    
 885.74  764     49281    1457.4     1672.36    214.955     10292    12159    
 886.44  765     49313    1457.4     1672.32    214.916     10324    12166    
 889.05  767     49359    1457.4     1672.28    214.879     10370    12174    
 890.56  767     49400    1457.4     1672.28    214.879     10411    12197    
 893.5   768     49515    1457.4     1672.26    214.863     10526    12226    
 893.58  768     49516    1457.4     1672.26    214.863     10527    12226    
 894.96  769     49581    1457.4     1672.19    214.79      10592    12239    
 895.49  769     49600    1457.4     1672.19    214.79      10611    12247    
 896.82  770     49650    1457.4     1671.83    214.429     10661    12261    
 899.75  771     49769    1457.4     1671.81    214.405     10780    12285    
 899.82  771     49770    1457.4     1671.81    214.405     10781    12285    
 900.7   771     49800    1457.4     1671.81    214.405     10811    12302    
-------------------------------------------------------------------------------

SARSOP finishing ...
  Preset timeout reached
  Timeout     : 900.000000s
  Actual Time : 900.700000s

-------------------------------------------------------------------------------
 Time   |#Trial |#Backup |LBound    |UBound    |Precision  |#Alphas |#Beliefs  
-------------------------------------------------------------------------------
 906.16  771     49800    1457.4     1671.81    214.405     10374    12302    
-------------------------------------------------------------------------------

Writing out policy ...
  output file : /home/eliranab/FDMAP/Resources/policies/RS-3x4_2C_2S_1P_TEAM_car2.policy

Solve took 
real	15m10.219s
user	15m9.330s
sys	0m0.668s
