
Loading the model ...
  input file   : /home/eliranab/FDMAP/Resources/problems/RS-3x4_2C_2S_1P_TEAM.pomdpx
  loading time : 0.27s 

SARSOP initializing ...
In sarsop::initialize
0.1
0.2
0.3
0.4
0.5
0.6
0.7
0.8
0.8.1
0.8.2
0.8.3
0.8.4
0.8.5
0.8.6
0.9
0.10
Finished sarsop::initialize
1
2
3
4
5
6
  initialization time : 0.04s

-------------------------------------------------------------------------------
 Time   |#Trial |#Backup |LBound    |UBound    |Precision  |#Alphas |#Beliefs  
-------------------------------------------------------------------------------
 0.04    0       0        0          1182.51    1182.51     18       1        
 0.05    3       50       806.628    1161.07    354.442     42       22       
 0.06    5       100      915.023    1156.5     241.477     71       41       
 0.07    7       165      944.557    1156.05    211.49      112      63       
 0.08    8       201      953.968    1154.88    200.907     127      74       
 0.09    10      250      990.106    1148.37    158.268     158      91       
 0.11    12      309      999.551    1147.21    147.655     202      109      
 0.13    14      350      999.551    1144.33    144.779     222      128      
 0.15    15      400      1003.57    1144.11    140.541     243      146      
 0.17    17      450      1009.98    1142.21    132.23      265      158      
 0.19    20      509      1040.36    1140.22    99.8593     312      173      
 0.22    21      550      1040.36    1140.22    99.8593     328      194      
 0.24    23      600      1041.76    1138.8     97.0335     368      203      
 0.28    25      663      1041.92    1137.01    95.0999     373      224      
 0.3     26      701      1042.05    1136.15    94.0966     385      237      
 0.34    29      765      1042.05    1134.77    92.7216     425      258      
 0.37    31      803      1042.07    1134.53    92.4667     437      266      
 0.41    34      861      1044.55    1133.53    88.9855     479      283      
 0.44    36      901      1046.26    1133.04    86.7838     491      294      
 0.5     38      959      1046.41    1131.24    84.8375     518      313      
 0.54    39      1000     1046.41    1131.13    84.7206     522      329      
 0.6     41      1050     1046.42    1131.04    84.6247     542      348      
 0.66    43      1117     1046.42    1129.81    83.3869     573      362      
 0.69    46      1150     1046.42    1129.48    83.0588     606      375      
 0.74    48      1205     1048.97    1127.92    78.9497     620      390      
 0.79    49      1250     1048.97    1127.61    78.6382     641      409      
 0.83    52      1300     1048.97    1127.56    78.5822     662      420      
 0.88    54      1355     1048.99    1126.32    77.3295     670      428      
 0.91    57      1409     1050.92    1126.22    75.2954     724      440      
 0.97    59      1461     1057.78    1125.45    67.6655     742      455      
 1.01    61      1500     1058.06    1125.19    67.1307     781      466      
 1.08    63      1553     1058.06    1124.65    66.5893     797      480      
 1.13    66      1600     1065.93    1124.3     58.3742     806      486      
 1.19    68      1650     1065.93    1123.46    57.5284     856      506      
 1.26    70      1701     1065.93    1122.92    56.9878     851      514      
 1.31    73      1750     1066.62    1122.55    55.9265     900      528      
 1.38    76      1801     1066.68    1122.27    55.5827     884      538      
 1.52    78      1879     1066.68    1122.25    55.5623     912      562      
 1.56    79      1900     1066.68    1122.06    55.3763     933      570      
 1.66    82      1957     1066.97    1121.53    54.5627     928      584      
 1.75    83      2005     1066.97    1121.23    54.2581     976      603      
 1.85    86      2063     1066.97    1120.88    53.9142     984      622      
 1.91    88      2101     1066.97    1120.67    53.7017     1022     631      
 2.01    90      2150     1066.97    1120.46    53.4907     1018     648      
 2.12    92      2211     1068.2     1120.14    51.9307     1079     666      
 2.23    94      2253     1068.2     1120.06    51.8536     1055     678      
 2.3     96      2300     1068.2     1119.59    51.3805     1102     691      
 2.44    98      2350     1069.33    1118.99    49.6663     1084     712      
 2.52    100     2400     1072.56    1118.83    46.2724     1134     720      
 2.64    104     2459     1074.57    1118.18    43.6144     1137     731      
 2.76    106     2523     1074.57    1117.8     43.2257     1201     751      
 2.82    107     2550     1074.57    1117.66    43.0932     1228     755      
 2.96    109     2605     1074.86    1117.31    42.451      1205     765      
 3.02    112     2650     1075.78    1116.95    41.175      1250     774      
 3.17    114     2700     1075.95    1116.46    40.5099     1233     784      
 3.28    116     2750     1075.95    1116.26    40.3167     1283     802      
 3.38    118     2800     1075.96    1116.07    40.1074     1333     814      
 3.54    121     2853     1076.66    1116.03    39.3753     1318     825      
 3.63    126     2901     1076.83    1115.61    38.7787     1366     831      
 3.75    127     2950     1076.83    1115.6     38.7719     1415     844      
 3.92    129     3001     1077.11    1115.54    38.428      1386     859      
 4.03    132     3050     1077.28    1114.98    37.7003     1435     870      
 4.16    135     3100     1077.29    1114.66    37.3717     1485     884      
 4.31    137     3150     1077.29    1114.6     37.3051     1456     891      
 4.44    140     3203     1077.29    1114.53    37.2429     1509     905      
 4.56    143     3250     1078.11    1114.14    36.0321     1556     915      
 4.73    145     3300     1078.19    1113.77    35.5795     1512     928      
 4.85    147     3350     1078.19    1113.52    35.3342     1562     942      
 5       149     3400     1078.19    1113.17    34.9885     1612     956      
 5.66    151     3450     1078.19    1112.89    34.7026     1538     970      
 5.79    153     3501     1078.19    1112.83    34.6461     1589     979      
 5.94    156     3563     1078.19    1112.56    34.3756     1651     993      
 6.15    159     3605     1078.19    1112.48    34.2939     1588     1002     
 6.25    162     3651     1078.19    1112.26    34.0702     1634     1009     
 6.4     164     3700     1078.19    1112.2     34.0143     1683     1022     
 6.55    167     3750     1078.19    1112.08    33.8878     1733     1031     
 6.72    171     3800     1078.19    1111.78    33.5937     1690     1041     
 6.87    173     3850     1079.33    1111.68    32.3522     1740     1049     
 6.99    176     3900     1080.42    1111.51    31.0901     1790     1060     
 7.2     179     3951     1080.48    1111.36    30.8801     1746     1068     
 7.32    181     4009     1081.27    1111.03    29.7537     1804     1076     
 7.46    183     4050     1081.32    1111.01    29.6952     1845     1083     
 7.68    185     4109     1081.32    1110.96    29.6337     1806     1096     
 7.84    187     4150     1081.32    1110.81    29.4861     1847     1106     
 8       189     4205     1081.37    1110.73    29.3585     1902     1116     
 8.19    192     4255     1081.38    1110.66    29.2884     1952     1129     
 8.45    194     4311     1081.38    1110.53    29.1487     1909     1146     
 8.63    196     4357     1081.38    1110.49    29.1116     1955     1155     
 8.77    198     4411     1081.47    1110.4     28.9298     2009     1164     
 8.94    200     4450     1081.47    1110.05    28.5798     2048     1174     
 9.21    203     4511     1081.48    1109.84    28.3603     1997     1187     
 9.38    204     4550     1081.48    1109.82    28.3459     2036     1195     
 9.53    206     4600     1081.48    1109.78    28.3002     2086     1203     
 9.68    208     4650     1081.48    1109.75    28.2737     2136     1213     
 9.98    210     4700     1081.51    1109.69    28.1772     2067     1225     
 10.93   212     4750     1081.51    1109.67    28.1591     2015     1232     
 11.15   214     4800     1081.51    1109.59    28.0798     2065     1247     
 11.3    216     4850     1081.51    1109.58    28.0662     2115     1255     
 11.52   218     4900     1081.51    1109.56    28.049      2165     1264     
 11.8    221     4955     1081.52    1109.44    27.9228     2093     1276     
 12.04   223     5000     1081.52    1109.43    27.9128     2138     1291     
 12.18   224     5051     1081.57    1109.38    27.8101     2189     1296     
 12.32   227     5100     1081.86    1109.06    27.1966     2238     1302     
 12.55   229     5150     1081.86    1108.86    26.9985     2288     1316     
 12.86   232     5203     1081.89    1108.4     26.5119     2225     1331     
 13.07   236     5250     1081.89    1108.23    26.3391     2272     1339     
 13.26   238     5300     1081.89    1108       26.1068     2322     1351     
 13.47   240     5357     1082.16    1107.87    25.7048     2379     1356     
 13.71   241     5400     1082.28    1107.82    25.5486     2296     1363     
 13.74   242     5417     1082.88    1107.79    24.916      2313     1363     
-------------------------------------------------------------------------------

SARSOP finishing ...
  target precision reached
  target precision  : 25.000000
  precision reached : 24.916047 

-------------------------------------------------------------------------------
 Time   |#Trial |#Backup |LBound    |UBound    |Precision  |#Alphas |#Beliefs  
-------------------------------------------------------------------------------
 13.84   242     5417     1082.88    1107.79    24.916      2295     1363     
-------------------------------------------------------------------------------

Writing out policy ...
  output file : /home/eliranab/FDMAP/Resources/policies/RS-3x4_2C_2S_1P_TEAM.policy

Solve took 
real	0m14.969s
user	0m14.809s
sys	0m0.108s
