
Loading the model ...
  input file   : /home/eliranab/FDMAP/Resources/problems/RS-3x4_2C_2S_2P_TEAM_car1.pomdpx
  loading time : 0.42s 

SARSOP initializing ...
In sarsop::initialize
0.1
0.2
0.3
0.4
0.5
0.6
0.7
0.8
0.8.1
0.8.2
0.8.3
0.8.4
0.8.5
0.8.6
0.9
0.10
Finished sarsop::initialize
1
2
3
4
5
6
  initialization time : 0.07s

-------------------------------------------------------------------------------
 Time   |#Trial |#Backup |LBound    |UBound    |Precision  |#Alphas |#Beliefs  
-------------------------------------------------------------------------------
 0.07    0       0        0          1995.26    1995.26     16       1        
 0.08    2       67       1089.29    1959.9     870.608     39       23       
 0.09    2       100      1089.29    1959.9     870.608     45       42       
 0.09    3       150      1157.28    1958.25    800.972     58       48       
 0.11    4       231      1157.28    1951.84    794.562     67       71       
 0.11    4       250      1157.28    1951.84    794.562     77       82       
 0.12    5       307      1157.28    1942.5     785.22      73       94       
 0.13    6       350      1195.5     1936.09    740.593     89       109      
 0.15    7       407      1204.09    1935.81    731.723     101      125      
 0.16    8       463      1204.57    1934.55    729.983     123      143      
 0.18    9       500      1204.57    1934.55    729.983     138      162      
 0.19    9       550      1204.57    1924.13    719.559     147      169      
 0.2     10      600      1204.57    1923.61    719.042     148      179      
 0.22    11      659      1219.31    1921.13    701.819     160      196      
 0.24    12      729      1219.31    1921.13    701.819     176      216      
 0.26    12      750      1219.31    1921.13    701.819     182      229      
 0.28    13      800      1219.31    1919.17    699.865     207      243      
 0.3     14      850      1227.14    1915.12    687.976     215      256      
 0.32    15      900      1227.14    1914.77    687.625     224      267      
 0.34    16      950      1229.95    1908.79    678.836     225      280      
 0.37    17      1000     1231.45    1908.79    677.34      239      293      
 0.4     18      1059     1231.45    1907.4     675.95      252      314      
 0.44    19      1123     1232.21    1907.4     675.189     266      331      
 0.46    20      1175     1232.21    1905.9     673.692     279      347      
 0.49    21      1219     1247.51    1905.9     658.396     292      359      
 0.52    21      1250     1247.51    1905.9     658.396     299      378      
 0.54    22      1300     1252.73    1904.9     652.166     315      386      
 0.58    23      1350     1252.73    1902.62    649.89      330      402      
 0.62    25      1415     1252.73    1898.64    645.914     332      415      
 0.65    26      1457     1252.73    1894.28    641.553     342      430      
 0.69    27      1507     1252.73    1890.23    637.499     350      443      
 0.73    28      1567     1252.73    1889.58    636.85      366      466      
 0.77    28      1600     1252.73    1889.58    636.85      399      488      
 0.81    29      1650     1252.73    1888.56    635.833     388      491      
 0.85    30      1700     1252.73    1888.56    635.833     396      507      
 0.91    31      1767     1252.73    1885.91    633.177     409      526      
 0.96    32      1823     1252.73    1885.15    632.417     417      542      
 1       33      1873     1252.73    1884.51    631.78      434      559      
 1.03    34      1913     1252.73    1883.82    631.091     474      571      
 1.12    35      1983     1263.88    1883.82    619.939     458      594      
 1.14    35      2000     1263.88    1883.82    619.939     475      606      
 1.19    36      2055     1263.88    1883.1     619.222     483      616      
 1.25    37      2107     1263.88    1882.13    618.244     509      633      
 1.32    38      2169     1263.88    1881.07    617.187     523      652      
 1.36    38      2200     1263.88    1881.07    617.187     554      671      
 1.42    39      2250     1263.88    1881.07    617.187     554      683      
 1.48    40      2300     1263.88    1880.58    616.702     551      692      
 1.57    41      2377     1263.88    1880.21    616.324     565      721      
 1.6     41      2400     1263.88    1880.21    616.324     588      735      
 1.68    42      2450     1263.88    1878.49    614.612     583      744      
 1.72    43      2500     1263.88    1877.15    613.266     633      759      
 1.8     44      2550     1263.88    1877.15    613.266     634      776      
 1.89    45      2605     1263.88    1875.89    612.006     650      793      
 1.98    46      2671     1263.88    1875.77    611.888     669      810      
 2.06    47      2711     1263.88    1874.75    610.868     653      822      
 2.14    48      2755     1265.54    1874.12    608.58      638      834      
 2.18    49      2800     1265.54    1873.9     608.363     683      847      
 2.27    50      2859     1265.54    1873.66    608.124     695      865      
 2.4     51      2931     1265.54    1873.64    608.103     721      890      
 2.44    51      2950     1265.54    1873.64    608.103     740      904      
 2.54    52      3009     1265.54    1872.58    607.041     747      914      
 2.66    53      3065     1265.54    1872.2     606.664     748      932      
 2.78    54      3133     1265.54    1872.11    606.575     756      954      
 2.82    54      3150     1265.54    1872.11    606.575     773      966      
 2.92    55      3200     1265.54    1871.41    605.877     740      981      
 2.99    56      3253     1267.45    1871.1     603.658     793      992      
 3.1     57      3300     1277.97    1870.54    592.576     797      1007     
 3.22    58      3361     1277.97    1869.21    591.24      787      1027     
 3.33    59      3417     1277.97    1868.35    590.387     843      1044     
 3.44    60      3461     1277.97    1868.35    590.387     810      1056     
 3.53    60      3500     1277.97    1868.35    590.387     849      1083     
 3.64    61      3559     1277.97    1867.5     589.528     840      1088     
 3.73    62      3623     1277.97    1867.48    589.509     904      1106     
 3.88    63      3667     1277.97    1867.48    589.509     877      1119     
 3.97    63      3700     1277.97    1867.48    589.509     910      1139     
 4.11    64      3750     1277.97    1867.2     589.236     883      1146     
 4.19    65      3800     1309.93    1864.29    554.363     933      1163     
 4.35    66      3859     1309.93    1864.29    554.363     915      1176     
 4.41    67      3900     1309.93    1863.18    553.254     956      1188     
 4.59    68      3953     1309.93    1862.5     552.572     940      1203     
 4.68    69      4001     1309.93    1861.19    551.265     988      1217     
 4.9     70      4067     1309.93    1860.88    550.95      953      1235     
 4.98    70      4100     1309.93    1860.88    550.95      986      1255     
 5.06    71      4150     1309.93    1860.65    550.727     1036     1264     
 5.53    72      4200     1309.93    1860.52    550.591     972      1280     
 5.61    73      4250     1309.93    1859.74    549.816     1022     1290     
 5.84    74      4300     1309.93    1859.41    549.481     1005     1311     
 5.93    75      4351     1309.93    1859.41    549.481     1056     1320     
 6.2     76      4427     1309.93    1859.4     549.471     1030     1342     
 6.27    76      4450     1309.93    1859.4     549.471     1053     1356     
 6.4     77      4500     1309.93    1859.36    549.439     1103     1363     
 6.58    78      4550     1309.93    1859.19    549.27      1054     1377     
 6.77    79      4617     1309.93    1858.65    548.724     1121     1397     
 6.84    80      4651     1309.93    1858.41    548.485     1155     1407     
 7.04    81      4703     1309.93    1857.73    547.807     1112     1424     
 7.21    82      4757     1309.93    1857.67    547.743     1166     1439     
 7.37    83      4800     1310.42    1857.54    547.122     1126     1448     
 7.58    84      4865     1310.42    1857.33    546.908     1191     1468     
 7.8     85      4900     1310.42    1857.33    546.908     1132     1489     
 7.9     85      4950     1310.42    1857.33    546.908     1182     1498     
 8.52    86      5000     1310.42    1857.24    546.818     1122     1513     
 8.65    87      5050     1310.42    1857.02    546.605     1172     1532     
 8.8     88      5101     1310.42    1856.66    546.239     1223     1539     
 9.01    89      5155     1310.42    1856.63    546.211     1186     1554     
 9.11    90      5200     1310.46    1856.34    545.877     1231     1566     
 9.42    91      5255     1310.46    1856.32    545.861     1171     1583     
 9.52    92      5300     1310.46    1856.3     545.835     1216     1595     
 9.94    93      5387     1310.46    1856.3     545.835     1193     1625     
 9.99    93      5400     1310.46    1856.3     545.835     1206     1634     
 10.1    94      5450     1311.32    1855.94    544.614     1256     1647     
 10.44   95      5519     1313.38    1855.94    542.553     1220     1665     
 10.57   96      5563     1313.38    1855.1     541.717     1264     1680     
 10.72   96      5600     1313.38    1855.1     541.717     1301     1704     
 11.01   97      5650     1313.38    1854.59    541.203     1255     1710     
 11.17   98      5700     1314.22    1854.24    540.025     1305     1731     
 11.32   99      5750     1316.55    1854.08    537.529     1355     1745     
 12.17   100     5800     1316.55    1853.5     536.954     1295     1758     
 12.32   101     5855     1316.55    1852.9     536.357     1350     1770     
 12.48   102     5907     1316.55    1852.9     536.357     1402     1786     
 12.93   103     5983     1316.55    1852.64    536.089     1376     1811     
 13      103     6000     1316.55    1852.64    536.089     1393     1820     
 13.44   104     6075     1316.55    1852.55    536.006     1341     1841     
 13.55   104     6100     1316.55    1852.55    536.006     1366     1857     
 13.69   105     6150     1316.55    1852.55    536.006     1416     1868     
 14.12   107     6219     1316.55    1851.9     535.353     1401     1885     
 14.32   108     6277     1322.02    1851.83    529.819     1459     1904     
 14.45   108     6300     1322.02    1851.83    529.819     1482     1920     
 14.59   109     6350     1322.5     1851.78    529.279     1532     1928     
 14.98   110     6401     1334.54    1851.4     516.858     1474     1941     
 15.14   111     6471     1344.59    1851.04    506.449     1544     1959     
 15.57   112     6523     1344.59    1850.56    505.968     1494     1974     
 15.71   112     6550     1344.59    1850.56    505.968     1521     1991     
 15.84   113     6600     1344.59    1850.41    505.824     1571     1997     
 16.04   114     6650     1344.59    1850.41    505.824     1621     2015     
 16.51   115     6700     1344.59    1849.32    504.728     1552     2028     
 16.74   116     6750     1344.59    1849.32    504.728     1602     2048     
 17.78   117     6800     1344.59    1849.09    504.499     1561     2059     
 18.18   118     6861     1344.59    1849.09    504.499     1622     2079     
 18.43   118     6900     1344.59    1849.09    504.499     1661     2107     
 18.58   119     6950     1344.59    1848.74    504.147     1711     2114     
 19.01   120     7007     1344.59    1847.5     502.914     1646     2129     
 19.43   121     7087     1347.24    1847.22    499.979     1726     2154     
 19.51   121     7100     1347.24    1847.22    499.979     1739     2162     
 19.92   122     7150     1350.44    1847.22    496.777     1638     2175     
 20.35   123     7229     1350.44    1847.22    496.777     1717     2200     
 20.49   123     7250     1350.44    1847.22    496.777     1738     2213     
 20.66   124     7300     1350.44    1847.22    496.777     1788     2221     
 21.26   125     7365     1350.44    1846.84    496.404     1735     2241     
 21.49   125     7400     1350.44    1846.84    496.404     1770     2264     
 21.67   126     7457     1350.44    1846.43    495.99      1827     2271     
 22.08   127     7500     1352.11    1845.46    493.349     1739     2283     
 22.44   128     7550     1352.11    1844.97    492.86      1789     2302     
 22.62   129     7600     1352.11    1844.93    492.817     1839     2314     
 23.1    130     7650     1361.59    1844.93    483.339     1780     2328     
 23.35   131     7700     1361.59    1844.78    483.188     1830     2348     
 23.68   132     7750     1361.59    1844.56    482.973     1880     2356     
 23.87   133     7801     1385.6     1844.54    458.935     1931     2369     
 24.4    134     7850     1385.6     1844.54    458.935     1850     2386     
 24.75   135     7917     1390.67    1844.05    453.382     1917     2411     
 25.12   135     7950     1390.67    1844.05    453.382     1950     2431     
 26.58   136     8000     1390.67    1843.55    452.881     1864     2440     
 26.88   138     8071     1396.83    1843.14    446.302     1935     2457     
 27.1    139     8100     1396.83    1843.14    446.302     1964     2472     
 27.5    139     8150     1396.83    1842.09    445.257     2014     2485     
 28      140     8200     1398.71    1842.09    443.378     1923     2495     
 28.23   141     8250     1398.88    1842.09    443.212     1973     2509     
 28.51   142     8300     1398.89    1842.09    443.198     2023     2532     
 28.92   143     8350     1398.89    1842.06    443.169     2073     2544     
 29.47   144     8413     1398.89    1842.03    443.14      1973     2559     
 29.73   144     8450     1398.89    1842.03    443.14      2010     2582     
 29.92   145     8500     1398.89    1841.48    442.583     2060     2590     
 30.35   146     8550     1398.89    1840.88    441.982     2110     2601     
 30.69   147     8600     1398.89    1840.58    441.686     2160     2622     
 31.3    148     8650     1398.89    1840.58    441.686     2070     2640     
 31.59   149     8700     1398.89    1840.41    441.513     2120     2657     
 32.1    150     8750     1402.24    1840.32    438.073     2170     2672     
 32.31   151     8800     1402.24    1840.13    437.887     2220     2686     
 32.9    152     8850     1402.24    1840.13    437.887     2113     2700     
 33.13   153     8900     1402.24    1839.88    437.638     2163     2712     
 33.7    155     8969     1402.24    1839.25    437.011     2232     2731     
 33.93   156     9009     1402.24    1839.2     436.956     2272     2744     
 34.15   157     9050     1402.24    1838.94    436.7       2313     2758     
 34.89   159     9117     1402.24    1838.61    436.365     2214     2777     
 35.16   160     9165     1402.24    1838.41    436.172     2262     2792     
 35.7    161     9225     1402.24    1838.41    436.172     2322     2810     
 35.96   161     9250     1402.24    1838.41    436.172     2347     2828     
 36.64   162     9305     1402.24    1837.8     435.553     2207     2837     
 37.16   163     9383     1402.24    1837.75    435.511     2285     2865     
 37.53   163     9400     1402.24    1837.75    435.511     2302     2874     
 37.82   164     9450     1402.24    1836.91    434.672     2352     2889     
 40.11   165     9521     1405.83    1836.57    430.746     2274     2908     
 40.37   166     9563     1405.83    1836.28    430.455     2316     2922     
 40.67   167     9615     1405.83    1835.95    430.123     2368     2938     
 41.2    168     9665     1405.83    1835.95    430.123     2418     2951     
 41.5    168     9700     1405.83    1835.95    430.123     2453     2974     
 42.13   169     9750     1405.83    1835.92    430.093     2338     2979     
 42.43   170     9800     1405.83    1835.25    429.422     2388     2995     
 42.99   171     9850     1405.83    1835.23    429.399     2438     3012     
 43.23   172     9903     1405.83    1835.12    429.291     2491     3023     
 43.54   173     9953     1405.83    1834.84    429.017     2541     3040     
 44.41   174     10017    1405.83    1834.74    428.91      2446     3061     
 44.58   175     10050    1405.83    1834.39    428.564     2479     3068     
 45.17   176     10100    1405.83    1834.39    428.564     2529     3083     
 45.43   177     10150    1405.83    1834.1     428.274     2579     3099     
 45.84   179     10217    1405.83    1833.57    427.747     2646     3115     
 46.7    180     10269    1405.83    1833.56    427.731     2514     3130     
 47.11   181     10329    1405.83    1833.27    427.437     2574     3147     
 47.8    182     10369    1405.83    1832.7     426.873     2614     3159     
 48.24   182     10400    1405.83    1832.7     426.873     2645     3179     
 48.57   183     10453    1405.83    1832.57    426.745     2698     3186     
 49.47   184     10507    1405.83    1832.44    426.611     2596     3205     
 49.75   185     10550    1405.83    1832.14    426.312     2639     3217     
 50.44   186     10600    1405.83    1832.14    426.312     2689     3235     
 50.78   187     10650    1405.83    1831.82    425.993     2739     3251     
 51.16   189     10719    1405.83    1831.48    425.651     2808     3265     
 52.11   189     10750    1405.83    1831.48    425.651     2643     3288     
 52.41   190     10800    1405.83    1831.38    425.553     2693     3298     
 53.12   191     10850    1405.83    1830.92    425.088     2743     3314     
 53.39   192     10900    1405.83    1830.82    424.993     2793     3325     
 53.62   193     10950    1406.14    1830.71    424.567     2843     3335     
 54.56   194     11000    1406.14    1830.67    424.527     2686     3350     
 54.98   196     11067    1406.14    1830.52    424.379     2753     3364     
 55.65   196     11100    1406.14    1830.52    424.379     2786     3386     
 55.92   197     11150    1406.14    1830.39    424.248     2836     3395     
 56.35   198     11221    1406.14    1830.31    424.17      2907     3413     
 57.44   199     11275    1412.07    1830.24    418.165     2749     3431     
 60.41   200     11300    1412.07    1830.24    418.165     2755     3448     
 61.11   201     11361    1412.07    1829.96    417.888     2816     3457     
 61.4    202     11400    1412.07    1829.63    417.56      2855     3472     
 61.85   203     11465    1412.07    1829.63    417.56      2920     3490     
 62.28   204     11521    1412.07    1828.81    416.739     2976     3509     
 62.67   205     11550    1412.07    1828.81    416.739     3005     3527     
 63.71   206     11615    1412.07    1828.72    416.644     2905     3537     
 64.5    207     11671    1412.07    1828.72    416.644     2961     3558     
 64.79   208     11727    1412.07    1828.71    416.633     3017     3572     
 65.08   208     11750    1412.07    1828.71    416.633     3040     3587     
 65.41   209     11800    1418.1     1828.58    410.482     3090     3596     
 66.7    210     11873    1432.98    1828.58    395.605     3000     3617     
 67.38   210     11900    1432.98    1828.58    395.605     3027     3632     
 67.74   212     11969    1432.98    1827.94    394.964     3096     3646     
 68.01   213     12015    1439.37    1827.86    388.487     3142     3659     
 68.44   214     12081    1439.37    1827.26    387.882     3208     3679     
 68.66   214     12100    1439.37    1827.26    387.882     3227     3689     
 69.17   215     12150    1439.37    1827.21    387.831     3277     3709     
 71.03   216     12221    1439.37    1827.17    387.798     3171     3725     
 71.43   217     12267    1439.37    1827.17    387.798     3217     3740     
 71.64   218     12300    1448.6     1826.85    378.258     3250     3747     
 72.39   219     12383    1449.97    1825.94    375.962     3333     3774     
 72.59   219     12400    1449.97    1825.94    375.962     3350     3783     
 73.11   220     12450    1449.97    1825.73    375.758     3400     3803     
 75.01   221     12515    1449.97    1825.37    375.396     3214     3815     
 75.47   222     12569    1451.49    1825.19    373.7       3268     3832     
 75.93   223     12625    1452.23    1824.87    372.642     3324     3846     
 76.33   223     12650    1452.23    1824.87    372.642     3349     3865     
 76.69   224     12705    1452.82    1824.87    372.052     3404     3876     
 77.14   225     12763    1452.82    1824.87    372.052     3462     3895     
 78.2    226     12825    1452.82    1824.83    372.008     3524     3916     
 79.51   227     12865    1452.82    1824.82    371.993     3319     3928     
 79.91   228     12913    1452.82    1824.78    371.953     3367     3941     
 80.24   229     12955    1452.82    1824.76    371.935     3409     3951     
 81.1    230     13043    1454.58    1824.76    370.181     3497     3982     
 81.18   230     13050    1454.58    1824.76    370.181     3504     3984     
 81.62   231     13105    1454.58    1824.52    369.947     3559     3999     
 82.67   232     13157    1454.58    1824.52    369.947     3611     4016     
 84.19   233     13223    1454.58    1824.48    369.901     3414     4035     
 88.9    233     13250    1454.58    1824.48    369.901     3384     4052     
 89.35   234     13300    1454.58    1824.48    369.901     3434     4067     
 89.81   235     13350    1454.58    1824.18    369.607     3484     4082     
 90.38   236     13400    1454.58    1824.12    369.549     3534     4099     
 91.48   238     13467    1454.58    1823.9     369.326     3601     4109     
 91.94   239     13519    1454.98    1823.82    368.837     3653     4126     
 92.29   239     13550    1454.98    1823.82    368.837     3684     4142     
 93.62   240     13600    1455.17    1823.62    368.451     3502     4149     
 94.11   241     13650    1455.17    1823.62    368.451     3552     4169     
 94.53   242     13709    1455.17    1823.57    368.398     3611     4180     
 95.71   243     13771    1461.03    1823.52    362.487     3673     4198     
 96.23   244     13823    1461.03    1823.52    362.487     3725     4213     
 96.63   245     13871    1461.03    1823.43    362.396     3773     4227     
 97.02   246     13917    1461.03    1823.41    362.379     3819     4240     
 98.51   247     13950    1470.62    1822.87    352.245     3616     4250     
 99.4    248     14000    1470.62    1822.87    352.245     3666     4284     
 99.74   248     14053    1470.62    1822.83    352.209     3719     4284     
 101.18  249     14100    1470.62    1822.83    352.209     3766     4313     
 101.46  249     14150    1472.31    1822.83    350.521     3816     4314     
 101.93  250     14203    1472.46    1822.79    350.335     3869     4330     
 102.52  251     14259    1472.46    1822.79    350.335     3925     4349     
 104.4   252     14315    1472.46    1822.72    350.26      3704     4368     
 105.05  252     14350    1472.46    1822.72    350.26      3739     4391     
 106.41  253     14423    1472.46    1822.69    350.231     3812     4401     
 106.92  253     14450    1472.46    1822.69    350.231     3839     4421     
 107.73  254     14525    1472.46    1822.48    350.022     3914     4438     
 108.11  255     14550    1472.46    1822.48    350.022     3939     4453     
 108.67  255     14600    1472.46    1822.38    349.924     3989     4467     
 109.32  256     14665    1472.47    1821.54    349.068     4054     4478     
 111.27  257     14719    1472.47    1821.34    348.862     3833     4496     
 112.72  258     14779    1472.47    1821.34    348.862     3893     4514     
 113.09  258     14800    1472.47    1821.34    348.862     3914     4527     
 113.66  259     14850    1472.47    1820.87    348.395     3964     4541     
 114.06  260     14901    1472.73    1820.67    347.943     4015     4549     
 114.47  261     14950    1472.73    1820.67    347.943     4064     4562     
 115.35  262     15015    1472.73    1820.62    347.887     4129     4583     
 115.89  262     15050    1472.73    1820.62    347.887     4164     4603     
 117.68  263     15100    1472.75    1820.62    347.864     3878     4608     
 119     264     15157    1472.75    1820.42    347.666     3935     4621     
 120.02  265     15237    1472.75    1820.42    347.665     4015     4647     
 120.25  265     15250    1472.75    1820.42    347.665     4028     4655     
 120.84  266     15300    1473.75    1820.04    346.293     4078     4672     
 121.53  267     15355    1473.75    1820.04    346.293     4133     4686     
 122.1   268     15407    1473.77    1820.04    346.273     4185     4703     
 122.9   269     15471    1473.77    1819.69    345.92      4249     4723     
 125.76  269     15500    1473.77    1819.69    345.92      3976     4744     
 126.2   270     15550    1473.77    1819.62    345.847     4026     4750     
 127     271     15615    1473.77    1819.58    345.808     4091     4772     
 127.53  272     15665    1473.77    1819.58    345.808     4141     4785     
 135     273     15713    1473.77    1819.48    345.712     4030     4801     
 135.91  274     15785    1473.77    1819.48    345.712     4102     4823     
 136.12  274     15800    1473.77    1819.48    345.712     4117     4830     
 137.63  275     15850    1473.77    1819.45    345.684     4167     4849     
 138.08  276     15901    1473.77    1819.37    345.604     4218     4858     
 139.11  277     15979    1473.86    1818.91    345.055     4296     4879     
 139.42  277     16000    1473.86    1818.91    345.055     4317     4890     
 140.01  278     16050    1473.86    1818.91    345.055     4367     4901     
 140.51  279     16100    1473.86    1818.88    345.021     4417     4908     
 142.81  280     16150    1473.86    1818.88    345.021     4157     4927     
 144.34  281     16200    1473.86    1818.64    344.777     4207     4935     
 144.88  282     16250    1473.86    1818.29    344.435     4257     4950     
 145.73  283     16315    1473.9     1818.29    344.387     4322     4970     
 146.54  284     16350    1473.9     1818.29    344.387     4357     4993     
 147.03  284     16400    1473.9     1818.07    344.169     4407     5002     
 147.61  285     16453    1473.9     1817.95    344.05      4460     5017     
 148.37  286     16500    1473.9     1817.74    343.841     4507     5035     
 150.71  287     16550    1473.9     1817.59    343.688     4229     5046     
 152.4   288     16600    1473.91    1817.29    343.382     4279     5065     
 153.35  289     16675    1473.91    1817.23    343.322     4354     5082     
 153.83  289     16700    1473.91    1817.23    343.322     4379     5096     
 154.35  290     16750    1473.91    1817.16    343.257     4429     5103     
 154.98  291     16800    1473.91    1817.11    343.201     4479     5120     
 155.43  292     16850    1473.91    1817.11    343.201     4529     5128     
 156.24  293     16919    1473.91    1817.05    343.143     4598     5147     
 156.85  293     16950    1473.91    1817.05    343.143     4629     5167     
 160.14  294     17000    1473.91    1817.05    343.143     4371     5174     
 160.81  295     17063    1473.91    1816.74    342.832     4434     5189     
 161.59  296     17133    1473.91    1816.54    342.637     4504     5209     
 162.05  296     17150    1473.91    1816.54    342.637     4521     5222     
 162.95  297     17209    1473.91    1816.54    342.637     4580     5236     
 163.58  298     17255    1473.91    1816.54    342.635     4626     5248     
 164.27  299     17305    1473.99    1816.48    342.492     4676     5264     
 165.97  300     17350    1474       1815.85    341.849     4721     5278     
 166.78  301     17407    1474       1815.81    341.802     4778     5290     
 169.17  302     17450    1474       1815.81    341.802     4518     5302     
 170.2   303     17515    1474       1815.76    341.753     4583     5323     
 170.99  304     17563    1474       1815.74    341.733     4631     5338     
 171.61  305     17615    1474       1815.74    341.733     4683     5355     
 172.34  305     17650    1474       1815.74    341.733     4718     5380     
 172.85  306     17700    1474       1815.57    341.562     4768     5386     
 174.99  307     17773    1474       1815.28    341.275     4841     5406     
 175.47  308     17813    1480.05    1815.23    335.185     4881     5415     
 175.95  309     17850    1480.58    1815.21    334.63      4918     5424     
 178.69  310     17900    1480.63    1815.08    334.454     4611     5444     
 179.11  311     17950    1480.63    1814.99    334.363     4661     5448     
 179.97  312     18009    1480.63    1814.99    334.363     4720     5465     
 181.08  313     18079    1480.63    1814.99    334.357     4790     5488     
 181.5   314     18109    1480.64    1814.64    334.008     4820     5496     
 183.69  315     18187    1480.64    1814.64    334.008     4898     5520     
 183.97  315     18200    1480.64    1814.64    334.008     4911     5528     
 184.73  316     18250    1480.64    1814.6     333.963     4961     5546     
 185.31  317     18300    1480.64    1814.6     333.963     5011     5556     
 188.15  318     18350    1480.64    1814.28    333.647     4712     5573     
 188.94  319     18400    1480.64    1814.28    333.647     4762     5590     
 189.67  320     18450    1480.64    1814.21    333.577     4812     5603     
 190.41  321     18500    1480.64    1814.21    333.577     4862     5614     
 191.3   322     18550    1480.64    1813.83    333.197     4912     5631     
 193.36  323     18601    1480.64    1813.83    333.197     4963     5645     
 194.07  324     18650    1480.64    1813.8     333.164     5012     5655     
 195.07  325     18715    1480.64    1813.8     333.164     5077     5677     
 196.03  325     18750    1480.64    1813.8     333.164     5112     5702     
 206.68  326     18800    1480.64    1813.79    333.15      4744     5706     
 207.47  327     18853    1480.64    1813.76    333.122     4797     5722     
 208.13  328     18900    1480.64    1813.74    333.106     4844     5735     
 208.81  329     18950    1480.64    1813.7     333.061     4894     5748     
 209.62  330     19000    1480.64    1813.7     333.061     4944     5760     
 211.64  331     19050    1480.64    1813.54    332.908     4994     5774     
 212.25  332     19100    1480.64    1813.54    332.908     5044     5789     
 213.23  333     19151    1480.64    1813.54    332.908     5095     5807     
 214.02  334     19201    1480.64    1813.01    332.371     5145     5823     
 214.89  335     19250    1480.64    1813.01    332.371     5194     5843     
 217.82  336     19300    1480.64    1812.95    332.312     4859     5854     
 218.62  337     19350    1480.64    1812.95    332.312     4909     5872     
 219.26  338     19400    1480.64    1812.94    332.304     4959     5880     
 221.38  339     19450    1480.64    1812.82    332.186     5009     5901     
 222.36  341     19523    1480.64    1812.55    331.918     5082     5914     
 222.9   342     19550    1480.64    1812.55    331.918     5109     5927     
 223.67  343     19611    1480.64    1812.34    331.708     5170     5935     
 224.77  344     19675    1480.64    1812.31    331.672     5234     5956     
 225.11  345     19703    1480.64    1812.3     331.668     5262     5961     
 226.05  346     19755    1480.64    1812.23    331.597     5314     5977     
 229.32  347     19809    1480.64    1812.1     331.463     4976     5993     
 231.56  348     19865    1480.64    1812.1     331.463     5032     6009     
 232.25  349     19911    1480.64    1812.1     331.463     5078     6022     
 233.09  350     19953    1480.64    1811.99    331.358     5120     6037     
 234.07  351     20009    1480.64    1811.99    331.358     5176     6053     
 234.88  352     20053    1480.64    1811.78    331.145     5220     6069     
 235.73  353     20100    1480.64    1811.76    331.123     5267     6085     
 236.57  354     20150    1480.64    1811.76    331.123     5317     6096     
 237.3   355     20203    1480.64    1811.72    331.088     5370     6112     
 238.03  356     20250    1480.64    1811.66    331.02      5417     6123     
 242.53  358     20301    1480.64    1811.59    330.957     5050     6133     
 243.46  359     20365    1480.64    1811.56    330.923     5114     6154     
 244.07  360     20400    1480.64    1811.56    330.923     5149     6170     
 244.65  360     20450    1485.4     1811.33    325.929     5199     6176     
 245.66  361     20517    1485.4     1811.33    325.929     5266     6189     
 246.62  362     20573    1485.4     1811.19    325.791     5322     6209     
 247.3   362     20600    1485.4     1811.19    325.791     5349     6224     
 248.82  363     20691    1486.4     1810.8     324.396     5440     6243     
 248.97  363     20700    1486.4     1810.8     324.396     5449     6245     
 251.05  364     20751    1486.4     1810.8     324.396     5500     6259     
 255.02  365     20819    1486.4     1810.53    324.131     5197     6279     
 255.66  365     20850    1486.4     1810.53    324.131     5228     6298     
 256.4   366     20911    1486.49    1810.52    324.027     5289     6307     
 257.4   366     20950    1486.49    1810.52    324.027     5328     6329     
 258     367     21000    1486.5     1810.52    324.019     5378     6332     
 258.82  368     21050    1486.5     1810.44    323.94      5428     6349     
 259.62  369     21105    1486.5     1810.39    323.891     5483     6363     
 260.89  369     21150    1486.5     1810.39    323.891     5528     6390     
 263     370     21200    1486.5     1810.28    323.78      5578     6390     
 263.83  371     21261    1486.5     1810.03    323.526     5639     6404     
 267.49  371     21300    1486.5     1810.03    323.526     5300     6430     
 268.08  372     21350    1486.5     1810.03    323.526     5350     6435     
 269.21  373     21429    1486.5     1809.98    323.481     5429     6454     
 269.7   373     21450    1486.5     1809.98    323.481     5450     6464     
 270.68  374     21511    1486.5     1809.42    322.925     5511     6475     
 271.92  375     21550    1486.5     1809.42    322.925     5550     6505     
 272.72  375     21600    1487.58    1809.2     321.625     5600     6512     
 273.68  376     21650    1487.58    1809.02    321.446     5650     6529     
 276.21  377     21700    1487.58    1808.95    321.376     5700     6545     
 277.1   378     21755    1487.58    1808.95    321.376     5755     6557     
 281.62  379     21835    1487.58    1808.9     321.326     5426     6583     
 282.09  379     21850    1487.58    1808.9     321.326     5441     6593     
 282.94  380     21900    1487.58    1808.86    321.285     5491     6605     
 284.17  382     21969    1487.58    1808.86    321.285     5560     6623     
 284.97  383     22013    1487.58    1808.77    321.197     5604     6635     
 286.46  384     22081    1487.58    1808.77    321.197     5672     6658     
 286.95  384     22100    1487.58    1808.77    321.197     5691     6670     
 289.39  385     22159    1487.58    1808.75    321.172     5750     6678     
 290.67  386     22223    1487.58    1808.53    320.95      5814     6701     
 291.81  387     22271    1487.58    1808.37    320.791     5862     6721     
 292.79  387     22300    1487.58    1808.37    320.791     5891     6743     
 293.55  388     22350    1487.58    1808.23    320.655     5941     6747     
 311.55  389     22400    1487.58    1808.23    320.655     5524     6762     
 312.57  390     22450    1487.58    1808.21    320.635     5574     6779     
 313.37  391     22500    1487.58    1807.94    320.369     5624     6789     
 314.62  392     22563    1487.58    1807.84    320.264     5687     6803     
 315.79  393     22613    1487.58    1807.82    320.247     5737     6819     
 318.66  394     22673    1487.58    1807.79    320.212     5797     6838     
 319.57  395     22717    1487.58    1807.48    319.902     5841     6852     
 320.05  396     22750    1487.58    1807.48    319.902     5874     6859     
 321.2   397     22809    1487.58    1807.13    319.558     5933     6879     
 322.8   398     22883    1487.58    1807.06    319.486     6007     6901     
 323.45  398     22900    1487.58    1807.06    319.486     6024     6915     
 327.58  399     22953    1487.58    1807.05    319.471     5662     6924     
 329.45  400     23045    1487.67    1806.83    319.16      5754     6954     
 329.55  400     23050    1487.67    1806.83    319.16      5759     6954     
 330.72  401     23105    1487.78    1806.79    319.01      5814     6970     
 333.74  402     23169    1487.78    1806.75    318.972     5878     6989     
 334.34  403     23203    1488.13    1806.74    318.612     5912     6998     
 335.44  404     23259    1488.13    1806.5     318.372     5968     7014     
 336.5   405     23319    1488.13    1806.5     318.372     6028     7033     
 337.43  406     23363    1488.13    1806.3     318.169     6072     7046     
 338.74  406     23400    1488.13    1806.3     318.169     6109     7072     
 339.84  407     23463    1488.13    1806.14    318.009     6172     7080     
 340.98  408     23515    1488.13    1806.14    318.009     6224     7094     
 346.31  409     23561    1488.13    1806.13    317.999     5819     7108     
 348.18  409     23600    1488.13    1806.13    317.999     5858     7137     
 351.14  410     23650    1489.18    1805.9     316.717     5908     7142     
 352.66  411     23717    1489.18    1805.89    316.708     5975     7162     
 353.98  412     23769    1489.18    1805.86    316.677     6027     7178     
 355.18  413     23821    1489.18    1805.72    316.537     6079     7190     
 356.66  413     23850    1489.18    1805.72    316.537     6108     7209     
 358.36  414     23900    1489.18    1805.72    316.537     6158     7214     
 361.39  415     23950    1489.18    1805.59    316.404     6208     7231     
 363.75  416     24000    1489.18    1805.56    316.375     6258     7246     
 365.45  418     24057    1489.28    1805.11    315.836     6315     7256     
 369.63  419     24100    1489.28    1805.02    315.743     5870     7262     
 370.63  420     24150    1489.28    1805.02    315.743     5920     7276     
 374.25  421     24227    1489.28    1804.81    315.531     5997     7300     
 375.16  422     24269    1489.28    1804.81    315.531     6039     7311     
 375.91  422     24300    1489.28    1804.81    315.531     6070     7328     
 376.85  423     24350    1489.28    1804.79    315.515     6120     7339     
 377.64  424     24400    1489.28    1804.69    315.41      6170     7349     
 378.64  425     24469    1489.28    1804.69    315.41      6239     7367     
 379.47  425     24500    1489.28    1804.69    315.41      6270     7383     
 380.27  426     24550    1489.28    1804.61    315.339     6320     7390     
 381.23  427     24600    1489.28    1804.6     315.32      6370     7405     
 381.87  428     24650    1489.28    1804.4     315.129     6420     7412     
 388.75  429     24700    1489.28    1804.4     315.122     5996     7428     
 389.95  430     24750    1489.28    1804.27    314.996     6046     7447     
 390.87  431     24800    1489.28    1804.27    314.996     6096     7461     
 391.93  432     24850    1489.28    1804.27    314.996     6146     7474     
 393.05  433     24900    1489.28    1804.27    314.996     6196     7489     
 394.03  434     24950    1489.28    1804.12    314.845     6246     7498     
 395.61  435     25027    1489.28    1803.96    314.68      6323     7524     
 396.3   435     25050    1489.28    1803.96    314.68      6346     7536     
 397.29  436     25100    1489.28    1803.96    314.68      6396     7548     
 398.09  437     25150    1489.28    1803.76    314.49      6446     7557     
 399.33  438     25200    1489.28    1803.76    314.49      6496     7576     
 402.48  439     25255    1489.28    1803.76    314.489     6551     7591     
 407.29  440     25301    1489.28    1803.74    314.464     6082     7603     
 408.2   441     25355    1489.28    1803.74    314.464     6136     7618     
 409.42  442     25411    1489.28    1803.61    314.339     6192     7634     
 410.55  442     25450    1489.28    1803.61    314.339     6231     7657     
 411.19  443     25500    1489.28    1803.41    314.132     6281     7659     
 412.19  444     25550    1489.28    1803.25    313.971     6331     7674     
 413.15  445     25605    1489.28    1803.24    313.958     6386     7688     
 414.38  446     25659    1489.28    1803.19    313.903     6440     7704     
 415.24  447     25700    1489.28    1803.07    313.789     6481     7716     
 419.5   448     25789    1489.28    1802.84    313.558     6570     7744     
 419.81  448     25800    1489.28    1802.84    313.558     6581     7750     
 420.74  449     25850    1489.28    1802.84    313.558     6631     7763     
 422     450     25901    1489.28    1802.81    313.528     6682     7776     
 426.79  451     25950    1489.28    1802.5     313.216     6283     7795     
 427.73  452     26000    1489.28    1802.5     313.216     6333     7813     
 428.51  453     26050    1489.28    1802.46    313.173     6383     7823     
 429.61  454     26100    1489.28    1802.46    313.173     6433     7841     
 430.83  455     26150    1489.28    1802.37    313.083     6483     7858     
 432.14  456     26200    1489.28    1802.37    313.083     6533     7875     
 433.52  457     26265    1489.28    1802.36    313.073     6598     7889     
 434.63  458     26317    1489.28    1802.18    312.9       6650     7903     
 458.35  459     26381    1489.28    1802.14    312.852     6330     7922     
 458.9   459     26400    1489.28    1802.14    312.852     6349     7933     
 459.78  460     26463    1489.28    1802.02    312.733     6412     7944     
 461.4   461     26535    1489.28    1802.02    312.733     6484     7969     
 461.92  461     26550    1489.28    1802.02    312.733     6499     7978     
 463.17  462     26625    1489.28    1801.83    312.551     6574     7993     
 464.3   463     26671    1489.28    1801.82    312.54      6620     8007     
 465.45  463     26700    1489.28    1801.82    312.54      6649     8026     
 466.97  464     26775    1489.28    1801.82    312.54      6724     8040     
 467.84  464     26800    1489.28    1801.82    312.54      6749     8052     
 468.81  465     26850    1489.28    1801.77    312.488     6799     8057     
 472.51  466     26900    1489.28    1801.77    312.488     6849     8080     
 473.52  467     26950    1489.28    1801.74    312.457     6899     8088     
 474.7   468     27000    1489.28    1801.74    312.456     6949     8108     
 480.11  469     27050    1489.28    1801.7     312.42      6510     8121     
 481.36  470     27100    1489.28    1801.51    312.231     6560     8135     
 483.13  471     27169    1489.28    1801.47    312.189     6629     8153     
 484.16  471     27200    1489.28    1801.47    312.189     6660     8169     
 485.17  472     27257    1489.28    1801.41    312.127     6717     8176     
 486.69  473     27300    1489.28    1801.41    312.127     6760     8205     
 487.4   473     27350    1489.28    1801.37    312.088     6810     8207     
 488.77  474     27400    1489.28    1801.37    312.088     6860     8226     
 491.96  475     27450    1489.28    1801.17    311.889     6910     8234     
 493.1   476     27500    1489.28    1801.17    311.889     6960     8252     
 493.8   477     27550    1489.28    1801.09    311.807     7010     8256     
 495.3   478     27600    1489.28    1801.09    311.807     7060     8275     
 496.83  479     27650    1489.28    1801.09    311.801     7110     8290     
 502.76  480     27703    1489.28    1801.09    311.801     6642     8305     
 503.95  481     27750    1489.28    1801       311.714     6689     8319     
 504.98  482     27800    1489.28    1800.95    311.666     6739     8331     
 505.97  483     27855    1489.38    1800.73    311.351     6794     8343     
 507.51  484     27913    1489.38    1800.73    311.351     6852     8361     
 508.95  484     27950    1489.38    1800.73    311.351     6889     8383     
 509.91  485     28007    1489.38    1800.58    311.202     6946     8387     
 513.66  486     28057    1489.38    1800.58    311.196     6996     8402     
 515.15  487     28109    1489.38    1800.58    311.196     7048     8419     
 516.78  488     28177    1489.38    1800.54    311.162     7116     8439     
 517.56  489     28211    1489.38    1800.54    311.162     7150     8447     
 519.11  490     28265    1489.38    1800.52    311.142     7204     8463     
 520.45  491     28313    1489.38    1800.44    311.062     7252     8477     
 521.47  491     28350    1489.38    1800.44    311.062     7289     8497     
 527.9   492     28400    1489.38    1800.39    311.012     6839     8501     
 529.75  493     28485    1489.38    1800.39    311.012     6924     8530     
 530.34  493     28500    1489.38    1800.39    311.012     6939     8542     
 531.38  494     28550    1489.38    1800.37    310.988     6989     8553     
 532.77  495     28600    1489.38    1800.33    310.947     7039     8570     
 536.61  496     28650    1489.38    1800.23    310.849     7089     8583     
 537.8   497     28700    1489.38    1800.17    310.785     7139     8595     
 538.78  498     28750    1491.88    1800.05    308.168     7189     8608     
 540.62  499     28831    1491.88    1800.05    308.168     7270     8632     
 541.27  499     28850    1491.88    1800.05    308.168     7289     8642     
 542.8   501     28923    1492.11    1799.89    307.78      7362     8654     
 543.94  501     28950    1492.11    1799.89    307.78      7389     8671     
 545.09  502     29000    1492.11    1799.89    307.78      7439     8680     
 546.55  503     29050    1492.11    1799.83    307.721     7489     8700     
 553.2   504     29100    1492.13    1799.82    307.683     7012     8709     
 555.13  505     29165    1492.65    1799.79    307.144     7077     8729     
 556.11  506     29211    1492.69    1799.59    306.898     7123     8738     
 560.52  507     29271    1492.7     1799.59    306.894     7183     8753     
 561.63  507     29300    1492.7     1799.59    306.894     7212     8770     
 563.31  508     29371    1492.7     1799.59    306.892     7283     8781     
 564.21  508     29400    1492.7     1799.59    306.892     7312     8796     
 565.21  509     29463    1492.7     1799.59    306.892     7375     8802     
 566.83  509     29500    1492.7     1799.59    306.892     7412     8823     
 567.75  510     29550    1492.7     1799.44    306.746     7462     8825     
 569.23  511     29621    1492.7     1799.39    306.689     7533     8843     
 570.21  512     29657    1492.7     1799.36    306.659     7569     8852     
 571.85  513     29721    1492.75    1799.29    306.544     7633     8868     
 572.84  513     29750    1492.75    1799.29    306.544     7662     8881     
 580.22  514     29819    1492.76    1799.29    306.529     7174     8890     
 584.13  515     29865    1493.03    1799.12    306.085     7220     8900     
 585.65  515     29900    1493.03    1799.12    306.085     7255     8920     
 586.73  516     29951    1493.36    1799.12    305.759     7306     8924     
 587.95  517     30000    1493.39    1799.06    305.67      7355     8938     
 589.58  518     30050    1493.39    1799.03    305.642     7405     8954     
 591.83  519     30121    1493.39    1798.84    305.448     7476     8975     
 593.35  520     30173    1493.39    1798.78    305.396     7528     8990     
 594.52  520     30200    1493.39    1798.78    305.396     7555     9006     
 595.72  521     30250    1493.39    1798.78    305.393     7605     9015     
 597.24  522     30300    1493.39    1798.77    305.383     7655     9029     
 599.45  523     30367    1493.39    1798.66    305.272     7722     9048     
 601.06  524     30427    1493.39    1798.63    305.239     7782     9060     
 601.83  525     30455    1493.39    1798.35    304.961     7810     9067     
 606.08  526     30500    1493.39    1798.35    304.961     7855     9081     
 613.42  527     30550    1493.39    1798.28    304.89      7302     9089     
 614.68  528     30600    1493.39    1798.28    304.89      7352     9104     
 616.77  529     30667    1493.39    1798.27    304.878     7419     9123     
 618.24  530     30717    1493.39    1798.27    304.878     7469     9138     
 619.39  530     30750    1493.39    1798.27    304.878     7502     9159     
 620.14  531     30801    1493.39    1798.23    304.841     7553     9162     
 621.26  532     30850    1493.39    1798.22    304.829     7602     9170     
 623.24  533     30913    1493.39    1798.19    304.802     7665     9186     
 624.97  534     30977    1493.39    1798.04    304.648     7729     9204     
 626.25  534     31000    1493.39    1798.04    304.648     7752     9221     
 627.49  535     31050    1493.39    1797.97    304.583     7802     9227     
 632.25  536     31129    1493.39    1797.97    304.583     7881     9248     
 633.17  536     31150    1493.39    1797.97    304.583     7902     9259     
 634.95  537     31200    1493.39    1797.97    304.583     7952     9276     
 636.22  538     31250    1493.39    1797.87    304.48      8002     9286     
 680.08  539     31303    1493.39    1797.85    304.465     7401     9296     
 681.3   540     31365    1493.39    1797.8     304.41      7463     9309     
 682.57  541     31415    1493.39    1797.63    304.244     7513     9323     
 683.55  542     31451    1493.39    1797.62    304.228     7549     9331     
 685.41  543     31529    1493.39    1797.61    304.216     7627     9353     
 686.57  543     31550    1493.39    1797.61    304.216     7648     9365     
 687.8   544     31607    1493.39    1797.61    304.216     7705     9374     
 690.07  545     31685    1493.39    1797.43    304.045     7783     9397     
 690.51  545     31700    1493.39    1797.43    304.045     7798     9402     
 691.61  546     31750    1493.39    1797.34    303.954     7848     9409     
 696.39  547     31800    1493.39    1797.21    303.824     7898     9431     
 697.28  548     31850    1493.39    1797.05    303.662     7948     9436     
 700.02  549     31943    1493.89    1796.91    303.025     8041     9465     
 700.2   549     31950    1493.89    1796.91    303.025     8048     9466     
 701.6   550     32000    1493.89    1796.91    303.025     8098     9485     
 710.38  551     32050    1493.89    1796.91    303.021     7598     9505     
 711.67  552     32100    1493.89    1796.89    302.997     7648     9515     
 712.87  553     32153    1493.89    1796.89    302.997     7701     9526     
 714.23  554     32217    1493.89    1796.88    302.989     7765     9545     
 716.13  555     32277    1493.89    1796.83    302.938     7825     9564     
 717.1   555     32300    1493.89    1796.83    302.938     7848     9576     
 718.24  556     32350    1493.89    1796.8     302.911     7898     9584     
 720.05  557     32407    1493.89    1796.8     302.906     7955     9602     
 725.48  558     32483    1493.89    1796.7     302.809     8031     9627     
 726.2   558     32500    1493.89    1796.7     302.809     8048     9636     
 727.8   559     32550    1493.89    1796.68    302.791     8098     9653     
 728.78  560     32600    1493.89    1796.57    302.68      8148     9658     
 730.23  561     32650    1493.89    1796.57    302.68      8198     9674     
 731.63  562     32713    1493.89    1796.45    302.556     8261     9687     
 733.02  563     32761    1493.93    1796.37    302.44      8309     9699     
 734.13  564     32800    1493.93    1796.26    302.33      8348     9707     
 742.77  565     32850    1493.93    1796.26    302.33      7779     9728     
 744.66  566     32917    1493.93    1796.21    302.274     7846     9742     
 745.71  567     32953    1494.22    1796.18    301.96      7882     9752     
 747.95  568     33021    1494.22    1796.18    301.96      7950     9775     
 749.78  569     33075    1494.22    1796.18    301.96      8004     9792     
 754.28  569     33100    1494.22    1796.18    301.96      8029     9809     
 755.39  570     33150    1494.22    1796.15    301.937     8079     9817     
 757.01  571     33200    1494.22    1796.12    301.907     8129     9832     
 758.59  572     33273    1494.22    1796.12    301.907     8202     9849     
 760.07  573     33315    1494.22    1795.96    301.741     8244     9864     
 761.62  573     33350    1494.22    1795.96    301.741     8279     9887     
 762.69  574     33403    1494.22    1795.71    301.491     8332     9891     
 764.29  575     33457    1494.22    1795.24    301.027     8386     9903     
 765.42  576     33500    1494.22    1795.19    300.974     8429     9915     
 767.38  577     33557    1494.22    1795.13    300.911     8486     9931     
 776.35  578     33603    1494.24    1795.1     300.854     7962     9941     
 777.46  579     33651    1494.24    1795.08    300.835     8010     9949     
 778.94  580     33705    1494.25    1795.02    300.776     8064     9961     
 784.93  581     33775    1494.25    1794.94    300.697     8134     9986     
 786.1   582     33815    1494.25    1794.93    300.679     8174     9997     
 787.24  583     33853    1494.25    1794.86    300.611     8212     10007    
 789.68  584     33923    1494.3     1794.8     300.507     8282     10029    
 791.02  584     33950    1494.3     1794.8     300.507     8309     10046    
 792.39  585     34000    1494.3     1794.79    300.489     8359     10056    
 794.42  586     34075    1494.3     1794.76    300.461     8434     10076    
 795.55  586     34100    1494.3     1794.76    300.461     8459     10089    
 796.61  587     34153    1494.3     1794.71    300.411     8512     10094    
 798     588     34200    1494.3     1794.7     300.395     8559     10106    
 800.45  589     34273    1494.3     1794.66    300.356     8632     10128    
 801.8   589     34300    1494.3     1794.66    300.356     8659     10143    
 803.57  590     34359    1494.31    1794.59    300.285     8718     10154    
 813.86  590     34400    1494.31    1794.59    300.285     8115     10178    
 819.8   591     34489    1494.31    1794.59    300.28      8204     10191    
 820.25  591     34500    1494.31    1794.59    300.28      8215     10195    
 822.16  592     34555    1494.31    1794.57    300.265     8270     10210    
 824.56  593     34639    1494.31    1794.56    300.256     8354     10234    
 825.09  593     34650    1494.31    1794.56    300.256     8365     10239    
 827.37  594     34713    1494.31    1794.54    300.233     8428     10260    
 829.03  595     34777    1494.31    1794.51    300.2       8492     10278    
 830.24  595     34800    1494.31    1794.51    300.2       8515     10293    
 831.68  596     34850    1494.31    1794.5     300.188     8565     10303    
 833.73  597     34900    1494.31    1794.5     300.188     8615     10323    
 835.4   598     34953    1494.31    1794.39    300.087     8668     10334    
 837.51  599     35019    1494.31    1794.34    300.027     8734     10356    
 839.15  599     35050    1494.31    1794.34    300.027     8765     10375    
 840.72  600     35117    1494.31    1794.26    299.952     8832     10383    
 842.46  600     35150    1494.31    1794.26    299.952     8865     10404    
 856.01  601     35200    1494.31    1794.16    299.852     8268     10409    
 857.64  602     35250    1494.31    1794.09    299.784     8318     10421    
 860.03  603     35321    1494.31    1794.09    299.784     8389     10445    
 861.7   604     35369    1494.31    1794       299.689     8437     10459    
 863.26  605     35423    1494.31    1794       299.689     8491     10474    
 864.59  605     35450    1494.31    1794       299.689     8518     10488    
 866.02  606     35500    1494.31    1793.98    299.676     8568     10496    
 867.63  607     35550    1494.31    1793.98    299.669     8618     10505    
 870.04  608     35637    1494.31    1793.95    299.645     8705     10530    
 870.65  608     35650    1494.31    1793.95    299.645     8718     10536    
 872.82  609     35713    1494.31    1793.83    299.521     8781     10551    
 874.81  610     35785    1494.31    1793.83    299.521     8853     10572    
 875.55  610     35800    1494.31    1793.83    299.521     8868     10579    
 877.36  611     35850    1494.31    1793.77    299.464     8918     10596    
 878.76  612     35900    1494.31    1793.67    299.366     8968     10606    
 884.28  613     35950    1494.31    1793.67    299.366     9018     10622    
 885.88  614     36001    1494.31    1793.59    299.279     9069     10630    
 898.05  615     36065    1494.31    1793.49    299.182     8463     10649    
 899.99  616     36119    1494.31    1793.49    299.182     8517     10665    
 901.35  617     36171    1494.31    1793.48    299.175     8569     10679    
-------------------------------------------------------------------------------

SARSOP finishing ...
  Preset timeout reached
  Timeout     : 900.000000s
  Actual Time : 901.350000s

-------------------------------------------------------------------------------
 Time   |#Trial |#Backup |LBound    |UBound    |Precision  |#Alphas |#Beliefs  
-------------------------------------------------------------------------------
 909.26  617     36171    1494.31    1793.48    299.175     8435     10679    
-------------------------------------------------------------------------------

Writing out policy ...
  output file : /home/eliranab/FDMAP/Resources/policies/RS-3x4_2C_2S_2P_TEAM_car1.policy

Solve took 
real	15m15.989s
user	15m14.766s
sys	0m0.757s
