
Loading the model ...
  input file   : /home/eliranab/FDMAP/Resources/problems/RS-3x4_2C_2S_2P_TEAM.pomdpx
  loading time : 0.51s 

SARSOP initializing ...
In sarsop::initialize
0.1
0.2
0.3
0.4
0.5
0.6
0.7
0.8
0.8.1
0.8.2
0.8.3
0.8.4
0.8.5
0.8.6
0.9
0.10
Finished sarsop::initialize
1
2
3
4
5
6
  initialization time : 0.09s

-------------------------------------------------------------------------------
 Time   |#Trial |#Backup |LBound    |UBound    |Precision  |#Alphas |#Beliefs  
-------------------------------------------------------------------------------
 0.09    0       0        0          1260.15    1260.15     19       1        
 0.1     2       59       849.499    1243.41    393.908     42       22       
 0.12    3       100      897.461    1239.89    342.427     67       40       
 0.14    4       150      897.461    1239.35    341.884     93       60       
 0.16    6       200      960.252    1236.65    276.394     119      78       
 0.18    8       257      966.533    1232.11    265.582     146      97       
 0.22    10      315      978.065    1230.68    252.613     178      117      
 0.25    10      350      978.065    1230.68    252.613     205      144      
 0.27    11      400      978.065    1229.44    251.375     228      151      
 0.31    12      453      982.878    1228.99    246.117     254      165      
 0.35    13      507      982.878    1228.56    245.68      288      185      
 0.39    14      565      983.109    1228.44    245.335     334      207      
 0.43    15      600      995.274    1226.83    231.552     344      222      
 0.47    17      650      1026.63    1225.12    198.489     377      238      
 0.53    18      700      1026.63    1225.12    198.489     410      259      
 0.59    20      761      1026.63    1224.49    197.859     459      280      
 0.64    21      801      1026.63    1224.05    197.422     483      293      
 0.7     22      851      1026.63    1224.03    197.394     513      307      
 0.77    24      901      1029.01    1223.11    194.106     523      328      
 0.84    26      953      1033.98    1220.01    186.03      564      347      
 0.92    27      1001     1036.94    1220.01    183.07      582      362      
 0.98    29      1055     1036.94    1218.85    181.909     636      381      
 1.09    30      1119     1036.94    1218.15    181.204     682      404      
 1.15    31      1153     1037.21    1217.81    180.605     682      417      
 1.26    33      1213     1037.21    1216.89    179.679     708      440      
 1.35    34      1250     1037.21    1216.83    179.621     745      460      
 1.44    36      1300     1037.21    1215.71    178.509     743      468      
 1.58    37      1350     1037.21    1215.31    178.104     754      494      
 1.68    39      1411     1037.33    1215.16    177.83      815      507      
 1.8     41      1459     1040.94    1213.93    172.989     831      525      
 1.89    42      1500     1040.94    1213.85    172.913     872      539      
 2.02    44      1569     1042.39    1213.61    171.228     914      559      
 2.15    45      1600     1042.39    1213.46    171.073     896      572      
 2.29    46      1650     1042.39    1212.88    170.49      946      591      
 2.42    47      1700     1044.45    1212.87    168.417     930      610      
 2.55    49      1753     1044.45    1212.5     168.053     983      627      
 2.73    51      1815     1044.45    1212.11    167.66      995      646      
 2.84    52      1853     1045.2     1211.71    166.512     1033     659      
 3.02    54      1911     1050.36    1210.9     160.545     1052     679      
 3.19    55      1950     1050.36    1210.58    160.226     1091     699      
 3.4     56      2000     1050.36    1210.19    159.828     1092     718      
 3.54    58      2050     1054.51    1210.18    155.674     1142     732      
 3.73    60      2100     1064.7     1210.1     145.399     1149     748      
 3.92    61      2150     1064.7     1209.71    145.006     1199     765      
 4.13    63      2211     1067.66    1209.04    141.385     1178     784      
 4.38    64      2271     1067.66    1208.75    141.09      1238     806      
 4.61    65      2321     1067.66    1208.7     141.043     1288     824      
 4.76    66      2350     1067.66    1208.32    140.659     1241     834      
 5.05    68      2423     1067.66    1207.96    140.301     1314     860      
 5.77    69      2457     1067.66    1207.88    140.222     1267     872      
 5.94    70      2500     1067.66    1207.84    140.182     1310     887      
 6.16    71      2550     1067.66    1207.5     139.837     1360     901      
 6.48    72      2600     1067.66    1207.38    139.723     1337     928      
 6.71    73      2650     1067.67    1207.1     139.422     1387     948      
 6.93    74      2700     1067.67    1207.07    139.398     1437     961      
 7.22    76      2765     1067.67    1206.8     139.128     1424     977      
 7.44    77      2807     1067.88    1206.58    138.702     1466     990      
 7.64    79      2861     1069.44    1206.35    136.908     1520     1006     
 7.91    80      2900     1070.72    1206.2     135.48      1481     1017     
 8.14    81      2950     1070.72    1205.73    135.009     1531     1033     
 8.42    82      3000     1070.72    1205.52    134.804     1581     1048     
 8.71    84      3050     1070.97    1205.48    134.513     1531     1067     
 8.98    85      3100     1070.97    1205.47    134.499     1581     1083     
 9.22    87      3150     1070.99    1205.03    134.041     1631     1098     
 9.59    89      3215     1070.99    1204.73    133.739     1603     1115     
 9.75    90      3250     1070.99    1204.68    133.693     1638     1125     
 10.05   92      3315     1070.99    1204.55    133.556     1703     1146     
 10.3    93      3350     1070.99    1204.33    133.343     1654     1158     
 11.56   95      3423     1073.66    1204.26    130.602     1656     1183     
 11.71   96      3450     1074.08    1204.19    130.112     1683     1192     
 12.02   97      3500     1074.08    1204.19    130.112     1733     1212     
 12.39   99      3555     1074.08    1203.74    129.654     1788     1231     
 12.74   100     3600     1074.08    1203.62    129.537     1748     1251     
 13.07   102     3659     1076.87    1203.38    126.515     1807     1263     
 13.32   103     3700     1076.87    1203.21    126.338     1848     1280     
 13.69   105     3750     1076.96    1202.74    125.779     1898     1300     
 14.13   107     3813     1078.45    1202.57    124.117     1890     1316     
 14.42   109     3850     1079.33    1202.39    123.059     1927     1329     
 14.77   111     3903     1079.33    1202.12    122.786     1980     1343     
 15.21   113     3957     1079.33    1202.03    122.699     1915     1357     
 15.49   114     4000     1079.33    1201.81    122.478     1958     1373     
 15.85   116     4050     1080.12    1201.52    121.4       2008     1387     
 16.25   117     4100     1080.12    1201.46    121.341     2058     1408     
 16.74   119     4155     1080.12    1201.3     121.185     2003     1421     
 17.12   120     4200     1080.12    1201.26    121.138     2048     1447     
 17.44   122     4261     1080.12    1200.88    120.757     2109     1461     
 17.79   123     4300     1080.12    1200.68    120.563     2148     1476     
 18.12   125     4355     1080.12    1200.55    120.432     2203     1489     
 18.6    127     4400     1080.12    1200.37    120.249     2152     1509     
 20.24   128     4450     1080.12    1199.93    119.812     2145     1518     
 20.65   129     4500     1080.12    1199.92    119.801     2195     1540     
 20.96   131     4551     1080.12    1199.81    119.689     2246     1551     
 21.56   132     4607     1080.12    1199.51    119.389     2302     1572     
 22.31   133     4673     1080.12    1199.43    119.311     2212     1598     
 22.66   133     4700     1080.12    1199.43    119.311     2239     1620     
 23.04   135     4750     1080.12    1199.14    119.017     2289     1626     
 23.42   137     4807     1082.39    1199.07    116.682     2346     1638     
 23.79   139     4869     1082.39    1199.01    116.624     2408     1655     
 24.31   140     4900     1082.39    1198.85    116.465     2339     1664     
 24.73   141     4950     1082.39    1198.83    116.438     2389     1683     
 25.06   143     5000     1082.97    1198.61    115.639     2439     1696     
 25.49   144     5050     1083.16    1198.59    115.431     2489     1715     
 26      146     5100     1083.16    1198.31    115.153     2539     1729     
 26.62   148     5150     1083.16    1198.21    115.047     2458     1744     
 27.08   150     5205     1083.16    1198.02    114.853     2513     1759     
 27.61   152     5257     1083.64    1197.61    113.967     2565     1773     
 28.07   153     5309     1083.64    1197.45    113.801     2617     1790     
 28.53   154     5350     1086.33    1197.38    111.048     2658     1810     
 29.26   156     5403     1086.53    1197.26    110.728     2574     1821     
 29.72   158     5450     1086.53    1197.23    110.692     2621     1842     
 30.28   159     5521     1086.98    1196.42    109.441     2692     1862     
 30.84   160     5561     1087.02    1196.36    109.341     2732     1877     
 31.25   161     5600     1087.02    1196.24    109.22      2771     1892     
 33.97   162     5650     1087.02    1196.21    109.19      2651     1909     
 34.43   163     5700     1087.02    1196.07    109.049     2701     1928     
 34.97   164     5750     1087.02    1196       108.977     2751     1939     
 35.43   165     5800     1087.02    1195.83    108.808     2801     1956     
 35.99   167     5850     1087.02    1195.79    108.768     2851     1976     
 36.51   168     5900     1087.02    1195.77    108.748     2901     1994     
 37.42   169     5950     1087.02    1195.75    108.728     2794     2013     
 37.86   171     6003     1087.02    1195.46    108.437     2847     2025     
 38.37   173     6061     1087.02    1195.29    108.268     2905     2042     
 38.76   174     6100     1087.02    1195.26    108.235     2944     2055     
 39.47   176     6163     1087.02    1195.19    108.164     3007     2070     
 39.87   177     6200     1087.02    1195.14    108.121     3044     2084     
 40.65   178     6251     1087.02    1195.06    108.038     2959     2099     
 41.28   179     6315     1087.02    1195.01    107.989     3023     2121     
 41.99   180     6350     1087.12    1194.97    107.851     3058     2137     
 42.57   181     6400     1087.12    1194.9     107.788     3108     2156     
 43.08   183     6450     1087.12    1194.9     107.787     3158     2172     
 43.73   184     6500     1087.13    1194.8     107.678     3208     2191     
 44.8    184     6550     1087.13    1194.75    107.628     3059     2207     
 45.36   186     6607     1087.14    1194.65    107.515     3116     2221     
 45.96   188     6661     1087.26    1194.5     107.242     3170     2238     
 46.4    189     6700     1087.26    1194.45    107.189     3209     2251     
 47.17   191     6750     1087.27    1194.28    107.01      3259     2266     
 47.86   192     6800     1087.27    1194.26    106.988     3309     2285     
 48.93   193     6850     1087.27    1194.25    106.976     3188     2302     
 49.56   195     6905     1087.28    1194.14    106.867     3243     2319     
 50.19   196     6950     1087.28    1194.04    106.762     3288     2335     
 51.11   198     7011     1087.36    1193.99    106.631     3349     2352     
 54.94   200     7050     1087.55    1193.97    106.421     3264     2361     
 55.41   203     7105     1087.57    1193.6     106.026     3319     2371     
 56      204     7150     1087.57    1193.59    106.015     3364     2386     
 57.09   206     7213     1087.57    1193.24    105.667     3427     2404     
 57.55   207     7255     1087.57    1193.21    105.642     3469     2412     
 58.32   208     7300     1087.57    1193.17    105.595     3514     2432     
 58.88   211     7350     1088.04    1192.95    104.907     3564     2440     
 60.24   213     7403     1088.08    1192.61    104.53      3377     2455     
 60.95   214     7450     1088.08    1192.53    104.444     3424     2479     
 61.75   216     7513     1088.08    1192.47    104.382     3487     2496     
 62.33   217     7550     1088.08    1192.35    104.27      3524     2512     
 62.99   218     7600     1088.08    1192.34    104.26      3574     2528     
 64.01   220     7650     1088.11    1192.11    104.007     3624     2545     
 65.29   222     7713     1088.11    1192.09    103.978     3486     2563     
 65.82   223     7750     1088.11    1192.02    103.91      3523     2576     
 66.43   225     7800     1088.79    1191.95    103.16      3573     2587     
 67      227     7850     1088.92    1191.76    102.838     3623     2600     
 68.29   229     7921     1088.92    1191.67    102.751     3694     2623     
 68.85   230     7950     1088.92    1191.64    102.72      3723     2634     
 69.6    232     8000     1088.92    1191.61    102.692     3773     2651     
 70.7    234     8050     1089.14    1191.53    102.389     3823     2668     
 71.95   236     8107     1089.14    1191.48    102.343     3696     2683     
 73.23   238     8161     1089.14    1191.39    102.249     3750     2700     
 73.96   239     8200     1089.14    1191.27    102.134     3789     2718     
 74.96   240     8250     1089.14    1191.22    102.08      3839     2736     
 75.97   243     8311     1089.2     1191.08    101.879     3900     2754     
 76.63   244     8350     1089.2     1191.06    101.858     3939     2767     
 77.77   246     8400     1089.51    1190.79    101.285     3989     2781     
 79.04   247     8450     1089.51    1190.79    101.285     3813     2795     
 79.93   248     8500     1089.51    1190.77    101.263     3863     2813     
 80.8    250     8559     1089.51    1190.56    101.054     3922     2832     
 81.64   251     8600     1089.51    1190.56    101.054     3963     2848     
 83.15   252     8650     1089.51    1190.43    100.923     4013     2867     
 84.1    254     8709     1089.51    1190.16    100.658     4072     2881     
 84.89   255     8750     1089.51    1190.14    100.638     4113     2897     
 91.82   257     8803     1089.51    1190.12    100.614     3949     2912     
 92.93   258     8861     1092.24    1190.1     97.865      4007     2930     
 94.24   259     8900     1092.24    1190.06    97.8168     4046     2943     
 95.12   261     8959     1092.24    1190.02    97.7709     4105     2963     
 95.96   262     9000     1092.24    1189.87    97.6224     4146     2980     
 96.79   264     9051     1092.24    1189.72    97.4762     4197     2991     
 97.57   266     9100     1092.24    1189.65    97.4056     4246     3007     
 98.35   268     9153     1092.31    1189.52    97.2098     4299     3020     
 100.32  269     9200     1092.31    1189.45    97.1472     4120     3036     
 101.16  272     9250     1092.86    1189.39    96.5236     4170     3052     
 101.95  273     9301     1092.92    1189.3     96.382      4221     3061     
 102.83  275     9353     1093.88    1189.25    95.3746     4273     3076     
 103.6   277     9403     1093.88    1189.2     95.3162     4323     3089     
 104.47  279     9451     1093.88    1189.16    95.2766     4371     3104     
 105.86  280     9500     1093.88    1189.13    95.2459     4420     3117     
 106.68  282     9561     1094.57    1189.01    94.4469     4481     3129     
 107.43  283     9600     1094.57    1188.99    94.4271     4520     3146     
 108.98  285     9659     1095.5     1188.97    93.4631     4343     3158     
 109.72  286     9700     1095.5     1188.94    93.4332     4384     3174     
 110.61  287     9750     1095.5     1188.93    93.4301     4434     3192     
 112.39  288     9800     1095.5     1188.74    93.24       4484     3216     
 113.4   290     9861     1095.65    1188.74    93.0874     4545     3230     
 114.24  292     9911     1095.65    1188.66    93.0143     4595     3244     
 115.11  293     9950     1095.65    1188.65    92.9957     4634     3256     
 115.92  295     10001    1095.65    1188.58    92.9327     4685     3267     
 116.91  297     10059    1095.65    1188.47    92.816      4743     3287     
 118.97  299     10100    1096.26    1188.3     92.0384     4538     3296     
 119.97  300     10150    1096.26    1188.25    91.99       4588     3315     
 120.9   302     10203    1096.26    1188.15    91.8907     4641     3329     
 121.87  303     10250    1096.26    1187.94    91.6797     4688     3349     
 122.7   305     10305    1096.26    1187.82    91.5587     4743     3358     
 123.6   307     10350    1096.83    1187.59    90.7662     4788     3371     
 125.46  308     10400    1096.83    1187.59    90.7617     4838     3389     
 126.47  310     10450    1096.83    1187.46    90.6342     4888     3401     
 127.49  312     10500    1096.83    1187.41    90.5792     4938     3415     
 129.19  314     10551    1096.83    1187.4     90.574      4722     3428     
 130.36  315     10600    1096.83    1187.38    90.5516     4771     3448     
 131.91  317     10673    1096.83    1187.38    90.5455     4844     3472     
 133.34  318     10701    1096.83    1187.29    90.4583     4872     3478     
 134.46  319     10750    1096.83    1187.27    90.4416     4921     3493     
 135.31  320     10800    1096.83    1187.26    90.4291     4971     3507     
 136.63  321     10850    1096.83    1187.22    90.3925     5021     3530     
 137.67  323     10911    1096.92    1187.18    90.2591     5082     3542     
 138.58  324     10951    1096.92    1187.16    90.2408     5122     3557     
 140.64  325     11000    1096.92    1187.16    90.2389     4880     3579     
 142.47  327     11050    1096.92    1187.04    90.1174     4930     3591     
 143.69  328     11100    1096.92    1186.99    90.0626     4980     3608     
 153.93  330     11157    1097       1186.86    89.8553     4946     3624     
 154.73  332     11207    1097.07    1186.64    89.5686     4996     3634     
 155.75  333     11250    1097.07    1186.61    89.5443     5039     3649     
 156.8   335     11307    1097.07    1186.57    89.5017     5096     3659     
 158.51  337     11353    1097.25    1186.51    89.2627     5142     3671     
 159.26  339     11401    1097.25    1186.37    89.1191     5190     3679     
 160.39  340     11450    1097.25    1186.33    89.0821     5239     3700     
 161.87  341     11505    1097.25    1186.31    89.0593     5294     3718     
 163.26  343     11565    1097.97    1186.28    88.3112     5354     3737     
 164.61  344     11613    1097.97    1186.28    88.3112     5402     3757     
 166.69  345     11663    1097.97    1186.27    88.2995     5142     3772     
 168.37  346     11701    1097.97    1186.24    88.2738     5180     3782     
 169.63  347     11750    1097.97    1186.24    88.266      5229     3806     
 170.74  349     11800    1097.97    1186.21    88.2447     5279     3821     
 172.28  350     11873    1097.97    1186.2     88.2284     5352     3840     
 173.16  351     11900    1097.97    1186.18    88.2055     5379     3852     
 174.26  353     11950    1097.97    1186.08    88.108      5429     3863     
 175.39  355     12000    1097.97    1186.05    88.0841     5479     3879     
 177.37  358     12050    1097.97    1185.95    87.9813     5529     3889     
 178.8   360     12121    1099.11    1185.91    86.8059     5600     3911     
 179.49  361     12150    1099.11    1185.89    86.7776     5629     3918     
 181.93  363     12211    1099.11    1185.76    86.6498     5366     3934     
 182.91  365     12250    1099.11    1185.68    86.5718     5405     3944     
 184.34  366     12300    1099.11    1185.65    86.5405     5455     3959     
 185.93  368     12357    1099.11    1185.57    86.4571     5512     3980     
 188.11  369     12400    1099.82    1185.53    85.713      5555     3999     
 189.05  371     12450    1099.9     1185.35    85.456      5605     4008     
 190.45  373     12509    1100.43    1185.32    84.8928     5664     4027     
 191.6   375     12559    1100.43    1185.17    84.74       5714     4042     
 193.13  376     12600    1100.43    1185.1     84.6705     5755     4065     
 194.36  377     12650    1100.43    1185.08    84.6505     5805     4075     
 195.88  379     12707    1100.43    1185.07    84.6379     5862     4090     
 198.24  380     12750    1100.43    1185.03    84.606      5593     4109     
 200.56  383     12807    1100.43    1184.78    84.3559     5650     4121     
 201.56  385     12851    1100.43    1184.77    84.3478     5694     4132     
 202.87  386     12900    1100.43    1184.77    84.3434     5743     4152     
 204.51  387     12950    1100.43    1184.76    84.3367     5793     4170     
 205.88  389     13005    1100.43    1184.72    84.2927     5848     4183     
 207.67  391     13067    1100.43    1184.69    84.2616     5910     4204     
 209.07  392     13107    1100.43    1184.68    84.2518     5950     4218     
 211.56  393     13150    1100.43    1184.68    84.2518     5993     4237     
 213     394     13200    1100.43    1184.66    84.2363     6043     4254     
 214.43  396     13250    1100.61    1184.57    83.963      6093     4268     
 217.13  399     13313    1100.61    1184.31    83.7023     5799     4285     
 218.48  401     13350    1100.61    1184.3     83.6898     5836     4300     
 219.96  402     13400    1100.61    1184.24    83.6294     5886     4314     
 221.63  404     13457    1100.66    1184.11    83.4539     5943     4331     
 222.6   405     13500    1100.66    1184.07    83.4074     5986     4342     
 225.09  407     13563    1100.68    1184.02    83.3365     6049     4356     
 226.23  408     13605    1100.68    1183.99    83.3039     6091     4370     
 227.33  410     13657    1101       1183.89    82.8849     6143     4377     
 228.91  412     13713    1101.06    1183.78    82.7294     6199     4398     
 230.51  413     13759    1101.06    1183.66    82.604      6245     4414     
 231.7   414     13805    1101.06    1183.54    82.4865     6291     4425     
 233.18  415     13850    1101.06    1183.52    82.4667     6336     4441     
 250.54  416     13901    1101.06    1183.51    82.4579     6019     4458     
 253.14  417     13950    1101.06    1183.51    82.4579     6068     4475     
 254.77  419     14011    1101.06    1183.49    82.4308     6129     4493     
 255.63  420     14050    1101.49    1183.37    81.8766     6168     4500     
 257.17  422     14100    1101.49    1183.34    81.8495     6218     4520     
 258.38  425     14150    1101.57    1183.19    81.6171     6268     4527     
 259.69  427     14200    1102.23    1183.1     80.8748     6318     4542     
 261.39  429     14250    1102.33    1183.1     80.767      6368     4561     
 262.56  430     14300    1102.33    1183.1     80.7628     6418     4575     
 265.62  432     14359    1102.33    1182.93    80.5926     6477     4592     
 267.26  434     14405    1102.4     1182.9     80.5036     6523     4609     
 268.5   435     14450    1102.4     1182.88    80.4844     6568     4625     
 271.44  437     14503    1102.42    1182.69    80.2673     6280     4637     
 272.9   439     14561    1102.42    1182.65    80.2303     6338     4651     
 274.07  440     14600    1102.42    1182.58    80.1573     6377     4666     
 275.59  442     14650    1103.24    1182.44    79.1917     6427     4682     
 277.18  443     14700    1103.32    1182.41    79.0915     6477     4703     
 280.37  445     14757    1103.32    1182.39    79.068      6534     4718     
 281.8   446     14800    1103.32    1182.38    79.0528     6577     4734     
 283.58  448     14863    1103.32    1182.31    78.9898     6640     4752     
 285.38  449     14921    1103.32    1182.3     78.9803     6698     4773     
 286.33  450     14950    1103.32    1182.21    78.8864     6727     4780     
 288.48  452     15017    1103.32    1182.18    78.859      6794     4801     
 289.35  453     15050    1103.32    1182.07    78.7465     6827     4807     
 290.87  455     15100    1103.32    1182.03    78.7056     6877     4820     
 293.83  457     15150    1103.32    1181.99    78.6699     6554     4834     
 296.62  459     15200    1103.32    1181.99    78.661      6604     4847     
 297.72  461     15250    1103.32    1181.98    78.6512     6654     4853     
 299.27  463     15303    1103.32    1181.95    78.6261     6707     4870     
 300.83  464     15350    1103.32    1181.92    78.5979     6754     4887     
 302.14  466     15400    1103.32    1181.9     78.5749     6804     4897     
 303.52  468     15450    1103.32    1181.85    78.5209     6854     4910     
 304.8   470     15500    1103.32    1181.77    78.4472     6904     4921     
 306.38  473     15561    1103.32    1181.74    78.4181     6965     4932     
 307.75  475     15603    1103.32    1181.67    78.35       7007     4943     
 310.89  477     15650    1103.32    1181.55    78.223      7054     4958     
 312.77  478     15700    1103.32    1181.54    78.2116     7104     4979     
 314.35  479     15750    1103.32    1181.45    78.1221     7154     4996     
 317.43  480     15800    1103.32    1181.42    78.0948     6811     5006     
 318.79  482     15850    1104.98    1181.31    76.3334     6861     5022     
 320.75  484     15909    1104.98    1181.24    76.2616     6920     5039     
 322.38  485     15953    1104.98    1181.16    76.176      6964     5052     
 324.14  487     16003    1104.98    1181.04    76.0645     7014     5065     
 327.61  488     16050    1104.98    1181.04    76.0623     7061     5082     
 329.43  490     16100    1105.15    1181.04    75.8896     7111     5099     
 330.67  492     16150    1105.15    1181.03    75.879      7161     5106     
 332.93  494     16207    1105.15    1180.99    75.8416     7218     5126     
 335.93  495     16279    1105.15    1180.93    75.7789     7290     5151     
 337.23  496     16311    1105.15    1180.93    75.7789     7322     5162     
 338.66  497     16350    1105.15    1180.92    75.7698     7361     5180     
 340.21  499     16400    1105.16    1180.82    75.6603     7411     5192     
 342.37  500     16450    1105.16    1180.82    75.655      7461     5213     
 345.87  502     16500    1105.16    1180.8     75.6387     7094     5223     
 349.26  504     16550    1105.16    1180.78    75.6212     7144     5236     
 350.78  507     16600    1105.16    1180.69    75.5215     7194     5244     
 352.69  508     16659    1105.16    1180.67    75.5057     7253     5261     
 354.22  510     16705    1105.16    1180.57    75.403      7299     5273     
 355.58  512     16753    1105.16    1180.52    75.3545     7347     5283     
 356.97  514     16801    1106.03    1180.44    74.4045     7395     5294     
 359.09  516     16857    1106.09    1180.29    74.1978     7451     5312     
 361.57  517     16911    1106.09    1180.29    74.1941     7505     5334     
 363.05  518     16950    1106.09    1180.27    74.1746     7544     5344     
 367.39  520     17000    1106.1     1180.25    74.1506     7594     5362     
 368.79  521     17050    1106.1     1180.22    74.123      7644     5371     
 370.47  523     17105    1106.1     1180.13    74.0355     7699     5381     
 371.86  524     17150    1106.1     1180.09    73.9962     7744     5391     
 376.12  526     17217    1106.1     1180.04    73.9387     7377     5409     
 377.34  527     17253    1106.12    1179.97    73.847      7413     5420     
 404.03  529     17315    1106.12    1179.93    73.8052     7399     5439     
 406.05  530     17383    1106.12    1179.93    73.8048     7467     5455     
 407.05  531     17411    1106.12    1179.93    73.8029     7495     5460     
 409.14  532     17450    1106.12    1179.91    73.7895     7534     5477     
 413.05  534     17513    1106.12    1179.9     73.7726     7597     5492     
 414.94  536     17563    1106.12    1179.83    73.7102     7647     5506     
 416.6   538     17609    1106.12    1179.74    73.6134     7693     5513     
 418.24  539     17650    1106.12    1179.73    73.6053     7734     5528     
 420.26  540     17700    1106.12    1179.73    73.6053     7784     5545     
 422.07  542     17757    1106.12    1179.67    73.5499     7841     5563     
 424.04  543     17801    1106.12    1179.67    73.5443     7885     5578     
 425.66  545     17850    1106.12    1179.6     73.4739     7934     5589     
 428.23  546     17903    1106.12    1179.58    73.4549     7987     5608     
 430.3   547     17950    1106.12    1179.57    73.4453     8034     5624     
 434.21  549     18007    1106.12    1179.56    73.4355     8091     5635     
 436.14  550     18050    1106.12    1179.55    73.4234     8134     5653     
 440.34  552     18100    1106.12    1179.54    73.4173     7712     5662     
 442.37  554     18159    1106.12    1179.46    73.3321     7771     5679     
 444.27  555     18200    1106.12    1179.45    73.322      7812     5698     
 446.52  557     18269    1106.12    1179.27    73.1446     7881     5716     
 448.6   558     18300    1106.12    1179.24    73.1147     7912     5733     
 450.64  560     18359    1106.12    1179.21    73.0807     7971     5747     
 452.35  561     18400    1106.12    1179.18    73.0594     8012     5764     
 454.3   563     18453    1106.12    1179.1     72.9714     8065     5778     
 458.07  565     18505    1106.12    1179.08    72.9507     8117     5788     
 460.17  566     18550    1106.12    1179.06    72.9378     8162     5805     
 462.16  568     18600    1106.12    1179.01    72.8881     8212     5817     
 464.58  570     18661    1106.12    1178.99    72.8669     8273     5836     
 466.01  571     18700    1106.12    1178.99    72.8623     8312     5846     
 467.46  573     18750    1106.12    1178.93    72.8078     8362     5857     
 469.15  575     18800    1108       1178.86    70.8587     8412     5869     
 473.75  577     18855    1108.18    1178.7     70.518      8002     5883     
 475.56  578     18900    1109.04    1178.69    69.6487     8047     5897     
 477.82  580     18957    1109.04    1178.61    69.569      8104     5915     
 481.63  582     19000    1109.11    1178.58    69.466      8147     5923     
 484.36  584     19059    1109.12    1178.48    69.3596     8206     5939     
 486.04  585     19109    1109.12    1178.47    69.3507     8256     5953     
 487.8   586     19150    1109.12    1178.45    69.3304     8297     5967     
 490.12  587     19200    1109.12    1178.45    69.3243     8347     5984     
 493.03  589     19271    1109.12    1178.41    69.2831     8418     6005     
 495.43  590     19323    1109.12    1178.4     69.2805     8470     6021     
 497.72  591     19369    1109.12    1178.39    69.2708     8516     6038     
 498.92  592     19400    1109.12    1178.36    69.2368     8547     6046     
 501.31  594     19457    1109.12    1178.34    69.2214     8604     6061     
-------------------------------------------------------------------------------

SARSOP finishing ...
  Preset timeout reached
  Timeout     : 500.000000s
  Actual Time : 501.310000s

-------------------------------------------------------------------------------
 Time   |#Trial |#Backup |LBound    |UBound    |Precision  |#Alphas |#Beliefs  
-------------------------------------------------------------------------------
 503.85  594     19457    1109.12    1178.34    69.2214     8218     6061     
-------------------------------------------------------------------------------

Writing out policy ...
  output file : /home/eliranab/FDMAP/Resources/policies/RS-3x4_2C_2S_2P_TEAM.policy

Solve took 
real	8m30.444s
user	8m28.703s
sys	0m1.316s
