
Loading the model ...
  input file   : /home/eliranab/FDMAP/Resources/problems/RS-3x4_2C_2S_1P_TEAM_car1.pomdpx
  loading time : 0.24s 

SARSOP initializing ...
In sarsop::initialize
0.1
0.2
0.3
0.4
0.5
0.6
0.7
0.8
0.8.1
0.8.2
0.8.3
0.8.4
0.8.5
0.8.6
0.9
0.10
Finished sarsop::initialize
1
2
3
4
5
6
  initialization time : 0.03s

-------------------------------------------------------------------------------
 Time   |#Trial |#Backup |LBound    |UBound    |Precision  |#Alphas |#Beliefs  
-------------------------------------------------------------------------------
 0.03    0       0        0          1917.62    1917.62     16       1        
 0.04    2       50       1276.29    1889.54    613.249     36       23       
 0.04    3       100      1379       1883.97    504.974     58       37       
 0.05    4       150      1379       1880.19    501.195     63       54       
 0.05    5       200      1379       1869.51    490.511     68       67       
 0.06    7       273      1383.51    1862.13    478.62      79       82       
 0.07    8       317      1385.2     1856.79    471.591     88       95       
 0.08    9       359      1385.2     1855.79    470.585     94       108      
 0.09    10      415      1385.9     1855.79    469.893     101      125      
 0.1     11      461      1385.96    1852.53    466.569     112      141      
 0.11    12      515      1385.96    1847.41    461.457     120      155      
 0.12    13      569      1385.96    1843.41    457.45      121      171      
 0.13    13      600      1385.96    1843.41    457.45      133      189      
 0.14    14      650      1385.96    1843.29    457.338     141      201      
 0.15    16      705      1461.72    1841.26    379.54      163      211      
 0.17    18      750      1461.72    1833.89    372.164     176      225      
 0.18    20      800      1476.22    1833.41    357.187     185      235      
 0.2     22      851      1476.22    1832.83    356.611     198      250      
 0.21    23      900      1477.24    1828.15    350.911     231      276      
 0.23    25      957      1477.24    1826.42    349.179     226      285      
 0.25    26      1000     1477.24    1818.33    341.093     241      300      
 0.26    28      1051     1485.53    1817.32    331.791     269      312      
 0.29    29      1100     1485.53    1817.07    331.539     279      335      
 0.31    31      1150     1485.53    1816.01    330.476     296      342      
 0.34    33      1213     1486.42    1815.69    329.271     289      357      
 0.36    34      1250     1488.57    1815.69    327.12      312      373      
 0.38    35      1300     1488.57    1814.28    325.706     321      389      
 0.4     37      1357     1489.66    1812.7     323.042     336      399      
 0.43    38      1400     1489.66    1811.69    322.033     330      418      
 0.46    40      1450     1489.66    1811.18    321.518     350      433      
 0.5     41      1527     1489.66    1810.15    320.484     354      450      
 0.51    42      1553     1489.66    1809.65    319.993     380      456      
 0.55    44      1615     1489.66    1808.01    318.349     387      478      
 0.57    45      1650     1489.66    1807.24    317.583     422      494      
 0.61    46      1700     1489.66    1806.5     316.837     414      509      
 0.65    48      1769     1513.61    1804.56    290.955     452      522      
 0.67    49      1807     1513.61    1803.55    289.948     475      531      
 0.71    50      1850     1513.61    1801.09    287.483     487      546      
 0.75    52      1905     1513.61    1800.5     286.898     502      561      
 0.78    53      1950     1515.72    1800.5     284.785     506      572      
 0.82    54      2000     1515.9     1800.46    284.56      525      591      
 0.86    56      2050     1515.9     1800.32    284.411     530      597      
 0.9     57      2100     1515.9     1800.32    284.411     551      615      
 0.93    59      2150     1515.9     1799.2     283.298     601      626      
 0.98    60      2200     1515.92    1798.8     282.879     617      649      
 1.03    62      2257     1515.92    1797.37    281.449     625      659      
 1.07    63      2300     1515.92    1797.37    281.449     625      673      
 1.11    65      2350     1518.15    1796.76    278.618     675      686      
 1.17    67      2411     1518.15    1795.85    277.696     699      703      
 1.22    68      2451     1518.15    1795.18    277.024     695      716      
 1.27    70      2500     1520.44    1794.7     274.258     709      727      
 1.34    72      2561     1520.99    1794.16    273.173     716      743      
 1.38    73      2600     1520.99    1793.69    272.701     755      757      
 1.44    74      2650     1520.99    1792.51    271.528     752      773      
 1.49    76      2700     1521.51    1791.07    269.564     802      786      
 1.57    78      2769     1522.33    1790.32    267.989     816      801      
 1.61    79      2800     1522.33    1790.04    267.712     847      813      
 1.68    80      2850     1522.33    1790.04    267.712     835      831      
 1.76    82      2907     1522.33    1788.39    266.066     826      843      
 1.81    83      2950     1522.33    1787.99    265.665     869      857      
 1.92    85      3029     1523.65    1787.88    264.23      892      878      
 1.97    86      3053     1523.65    1787.24    263.597     852      883      
 2.04    87      3100     1523.65    1787.24    263.597     899      904      
 2.11    89      3150     1523.65    1787.21    263.563     896      912      
 2.19    91      3209     1523.65    1786.41    262.759     955      929      
 2.29    92      3250     1523.65    1786.11    262.466     925      943      
 2.35    94      3313     1523.65    1786.07    262.428     988      959      
 2.44    95      3350     1523.65    1785.97    262.322     949      970      
 2.52    97      3409     1523.65    1785.72    262.078     1008     984      
 2.6     98      3450     1523.65    1785.59    261.948     973      996      
 2.67    100     3500     1523.65    1785.36    261.716     1023     1003     
 2.76    102     3557     1523.65    1785.13    261.48      1001     1016     
 2.83    104     3605     1523.65    1784.78    261.137     1049     1027     
 2.92    106     3650     1523.65    1784.32    260.671     1023     1039     
 3.01    108     3711     1523.65    1784.22    260.569     1084     1052     
 3.1     109     3750     1523.65    1784.14    260.492     1037     1066     
 3.2     111     3819     1523.65    1783.35    259.703     1106     1081     
 3.33    112     3865     1523.65    1782.9     259.252     1064     1095     
 3.36    113     3900     1523.65    1782.51    258.867     1099     1100     
 3.5     114     3950     1523.65    1782.35    258.706     1059     1116     
 3.57    116     4013     1523.65    1782.25    258.603     1122     1133     
 3.66    117     4050     1523.65    1781.54    257.899     1159     1147     
 3.78    119     4109     1523.65    1780.99    257.344     1131     1159     
 3.88    120     4155     1523.65    1780.57    256.923     1177     1174     
 3.98    122     4201     1525.16    1780.37    255.213     1133     1184     
 4.07    124     4253     1525.16    1779.87    254.713     1185     1193     
 4.19    125     4301     1525.16    1779.65    254.49      1166     1206     
 4.31    126     4359     1525.16    1779.39    254.227     1224     1225     
 4.42    127     4400     1525.16    1779.02    253.866     1163     1234     
 4.52    129     4457     1525.16    1778.97    253.812     1220     1244     
 4.58    130     4500     1525.16    1778.97    253.812     1263     1256     
 4.75    132     4557     1525.17    1778.49    253.316     1234     1270     
 4.85    134     4605     1525.17    1778.37    253.196     1282     1281     
 4.99    135     4650     1525.17    1778.19    253.017     1234     1296     
 5.42    136     4700     1525.17    1778.19    253.017     1233     1307     
 5.52    138     4753     1525.17    1777.28    252.112     1286     1315     
 5.63    140     4805     1525.17    1776.59    251.42      1338     1324     
 5.8     141     4850     1525.17    1776.28    251.111     1271     1341     
 5.86    143     4900     1525.17    1775.46    250.295     1321     1347     
 6.1     145     4967     1525.17    1775.03    249.864     1277     1367     
 6.19    146     5009     1525.17    1774.96    249.786     1319     1382     
 6.33    147     5065     1525.17    1774.4     249.234     1375     1399     
 6.46    148     5100     1525.17    1774.4     249.234     1305     1408     
 6.59    149     5150     1525.17    1774.35    249.178     1355     1426     
 6.66    151     5200     1525.17    1773.66    248.493     1405     1434     
 6.89    152     5250     1525.17    1773.35    248.182     1352     1454     
 6.98    154     5303     1525.17    1773.23    248.056     1405     1464     
 7.1     155     5350     1525.17    1773.06    247.895     1452     1484     
 7.3     157     5401     1525.17    1773.05    247.875     1395     1491     
 7.38    159     5451     1525.17    1772.2     247.032     1445     1497     
 7.56    160     5500     1531.59    1771.47    239.881     1494     1522     
 7.72    162     5553     1531.59    1770.86    239.266     1421     1526     
 7.87    163     5601     1531.59    1770.63    239.038     1469     1542     
 7.99    165     5655     1531.59    1769.44    237.854     1523     1557     
 8.17    166     5701     1531.59    1769.44    237.854     1457     1570     
 8.33    167     5750     1531.59    1768.48    236.884     1506     1589     
 8.44    169     5801     1532.16    1768.09    235.938     1557     1603     
 9.17    171     5863     1532.16    1767.86    235.703     1478     1619     
 9.27    172     5900     1532.16    1767.75    235.598     1515     1634     
 9.39    173     5950     1532.16    1766.71    234.552     1565     1652     
 9.54    175     6001     1532.16    1766.61    234.457     1616     1659     
 9.75    177     6059     1532.21    1766.25    234.039     1555     1674     
 9.86    178     6100     1532.21    1766.15    233.942     1596     1686     
 10.05   180     6159     1532.21    1765.78    233.565     1655     1703     
 10.26   181     6200     1532.21    1765.76    233.548     1585     1717     
 10.43   183     6251     1532.21    1765.65    233.438     1636     1729     
 10.55   184     6300     1532.21    1765.38    233.163     1685     1742     
 10.78   186     6353     1532.21    1765.15    232.936     1604     1755     
 10.96   187     6400     1532.22    1765       232.776     1651     1771     
 11.07   188     6450     1532.22    1764.98    232.757     1701     1780     
 11.41   189     6500     1532.22    1764.98    232.757     1628     1801     
 11.53   190     6550     1532.22    1764.91    232.688     1678     1814     
 11.69   192     6621     1532.22    1764.87    232.653     1749     1829     
 12.01   193     6671     1532.22    1764.87    232.652     1645     1841     
 12.12   194     6717     1532.22    1764.64    232.418     1691     1852     
 12.23   195     6755     1532.22    1764.64    232.418     1729     1864     
 12.43   196     6801     1532.22    1764.42    232.197     1775     1879     
 12.71   198     6863     1532.22    1763.97    231.751     1719     1897     
 12.81   199     6900     1532.22    1763.97    231.751     1756     1910     
 13.7    201     6967     1532.22    1763.86    231.638     1726     1927     
 13.89   202     7031     1532.22    1763.71    231.484     1790     1949     
 14.04   203     7059     1532.22    1763.34    231.114     1818     1955     
 14.15   204     7100     1532.22    1763.29    231.068     1859     1968     
 14.42   206     7151     1532.22    1763.23    231.013     1764     1977     
 14.55   207     7200     1532.22    1763.23    231.013     1813     1994     
 14.77   209     7259     1532.22    1763.06    230.834     1872     2006     
 14.88   211     7309     1532.22    1762.11    229.886     1922     2016     
 15.14   213     7355     1532.22    1761.91    229.689     1834     2025     
 15.37   214     7409     1532.22    1761.76    229.537     1888     2042     
 15.5    215     7450     1532.22    1761.62    229.398     1929     2057     
 15.67   216     7500     1532.22    1761.62    229.398     1979     2071     
 16.06   217     7550     1532.22    1761.57    229.347     1901     2085     
 16.23   218     7600     1532.22    1761.52    229.301     1951     2105     
 16.37   219     7650     1532.22    1761.4     229.182     2001     2115     
 16.82   221     7715     1532.22    1760.53    228.302     1880     2128     
 17.01   222     7775     1532.22    1760.53    228.302     1940     2147     
 17.13   223     7811     1532.22    1760.24    228.016     1976     2159     
 17.33   225     7859     1532.22    1760.21    227.986     2024     2166     
 17.79   226     7937     1532.22    1760.05    227.832     1934     2193     
 17.85   226     7950     1532.22    1760.05    227.832     1947     2198     
 18.18   228     8023     1532.22    1759.7     227.481     2020     2218     
 18.3    229     8061     1532.22    1759.7     227.481     2058     2227     
 18.42   230     8100     1532.22    1759.66    227.442     2097     2240     
 18.8    231     8150     1532.22    1759.66    227.442     1970     2257     
 19.05   233     8201     1532.22    1759.42    227.198     2021     2267     
 19.27   234     8250     1538.7     1759.41    220.708     2070     2292     
 19.44   235     8300     1538.7     1758.66    219.964     2120     2306     
 20.68   237     8359     1538.7     1758.29    219.591     2007     2317     
 20.92   238     8400     1538.7     1758.25    219.554     2048     2328     
 21.11   240     8450     1538.7     1758.21    219.509     2098     2347     
 21.25   241     8500     1538.7     1757.94    219.238     2148     2355     
 21.56   243     8559     1538.7     1757.49    218.793     2207     2372     
 21.95   245     8613     1538.7     1757.17    218.471     2097     2388     
 22.07   246     8650     1538.7     1757.14    218.436     2134     2397     
 22.22   248     8701     1538.7     1757       218.303     2185     2405     
 22.54   249     8750     1538.7     1756.78    218.078     2234     2426     
 22.96   251     8811     1538.7     1756.53    217.832     2113     2439     
 23.07   252     8850     1538.7     1756.53    217.832     2152     2450     
 23.27   253     8900     1538.7     1756.34    217.638     2202     2469     
 23.62   255     8973     1538.7     1755.76    217.061     2275     2484     
 23.95   256     9003     1538.7     1755.2     216.503     2144     2491     
 24.12   258     9057     1538.7     1754.89    216.191     2198     2503     
 24.43   259     9107     1538.7     1754.79    216.09      2248     2519     
 24.59   260     9150     1538.7     1754.79    216.09      2291     2531     
 25.02   262     9205     1538.7     1754.54    215.844     2162     2545     
 25.23   263     9257     1538.7     1754.54    215.844     2214     2561     
 25.5    264     9300     1538.7     1754.41    215.715     2257     2569     
 25.67   266     9353     1538.7     1754.21    215.508     2310     2581     
 25.87   267     9400     1538.7     1754.17    215.471     2357     2598     
 26.31   268     9450     1538.7     1753.98    215.28      2199     2608     
 26.69   270     9519     1538.7     1753.79    215.094     2268     2624     
 26.8    271     9551     1538.7     1753.7     214.997     2300     2632     
 27      272     9600     1538.7     1753.62    214.924     2349     2649     
 27.21   274     9650     1538.7     1753.45    214.755     2399     2664     
 27.79   275     9700     1538.7     1753.14    214.443     2265     2676     
 29.09   276     9750     1538.7     1753.1     214.402     2246     2692     
 29.33   278     9813     1538.7     1752.96    214.256     2309     2709     
 29.51   279     9850     1538.7     1752.94    214.237     2346     2722     
 29.92   281     9923     1538.7     1752.79    214.094     2419     2743     
 30.1    281     9950     1538.7     1752.79    214.094     2446     2763     
 30.62   282     10009    1538.7     1752.78    214.077     2277     2774     
 30.8    284     10063    1538.7     1752.62    213.919     2331     2787     
 31.13   285     10103    1538.7     1752.62    213.919     2371     2799     
 31.36   287     10165    1538.7     1752.21    213.508     2433     2817     
 31.5    288     10200    1544.14    1752.15    208.009     2468     2828     
 32.07   290     10250    1544.14    1752.13    207.987     2371     2850     
 32.54   291     10327    1544.14    1751.97    207.834     2448     2868     
 32.69   291     10350    1544.14    1751.97    207.834     2471     2885     
 32.89   292     10400    1544.14    1751.91    207.77      2521     2896     
 33.1    294     10453    1544.14    1751.65    207.508     2574     2907     
 33.79   296     10503    1544.14    1751.11    206.975     2430     2919     
 34.03   298     10565    1546.76    1750.94    204.175     2492     2934     
 34.17   299     10603    1549.82    1750.8     200.974     2530     2940     
 34.39   301     10653    1554.23    1750.73    196.501     2580     2952     
 34.79   302     10701    1554.23    1750.69    196.452     2628     2966     
 35.38   304     10765    1555.07    1750.48    195.408     2538     2981     
 35.51   305     10800    1555.07    1750.3     195.234     2573     2991     
 35.88   307     10879    1555.07    1750.07    195.004     2652     3016     
 36.06   307     10900    1555.07    1750.07    195.004     2673     3032     
 36.47   308     10950    1555.07    1749.83    194.758     2723     3044     
 37.05   309     11000    1555.07    1749.45    194.377     2573     3058     
 37.32   311     11061    1555.07    1749       193.933     2634     3073     
 37.51   312     11100    1555.07    1748.92    193.852     2673     3085     
 37.75   313     11150    1555.07    1748.88    193.808     2723     3101     
 38.24   314     11200    1555.07    1748.88    193.808     2773     3120     
 38.91   316     11267    1555.17    1748.88    193.702     2640     3135     
 39.11   317     11303    1555.17    1748.76    193.587     2676     3147     
 41.03   318     11350    1555.17    1748.62    193.451     2647     3162     
 41.53   319     11400    1555.17    1748.62    193.451     2697     3182     
 41.75   321     11457    1555.17    1748.26    193.086     2754     3190     
 41.96   322     11500    1555.17    1748.2     193.026     2797     3201     
 42.26   323     11550    1562.95    1747.85    184.901     2847     3222     
 43.29   325     11623    1562.95    1747.75    184.808     2733     3239     
 43.48   326     11661    1562.95    1747.75    184.808     2771     3250     
 43.62   327     11700    1562.95    1747.5     184.55      2810     3256     
 43.85   329     11750    1562.95    1747.06    184.118     2860     3267     
 44.18   331     11817    1562.95    1746.62    183.669     2927     3284     
 44.68   332     11865    1562.95    1746.58    183.632     2975     3300     
 45.26   333     11900    1562.95    1746.58    183.632     2810     3305     
 45.52   335     11953    1562.95    1746.39    183.448     2863     3318     
 45.73   337     12001    1562.95    1746.19    183.244     2911     3329     
 45.97   339     12057    1562.95    1746.12    183.169     2967     3341     
 46.24   340     12103    1562.95    1746.07    183.126     3013     3355     
 46.78   341     12150    1562.95    1746.01    183.062     3060     3376     
 47.46   343     12200    1562.95    1745.75    182.803     2868     3381     
 47.79   344     12250    1562.95    1745.58    182.632     2918     3400     
 48.09   346     12305    1562.95    1745.52    182.576     2973     3414     
 48.36   347     12350    1562.95    1745.47    182.526     3018     3426     
 48.94   349     12413    1562.95    1745.43    182.487     3081     3442     
 49.13   350     12450    1562.95    1745.43    182.483     3118     3450     
 49.91   351     12500    1562.95    1745.41    182.463     2971     3466     
 50.18   353     12555    1562.95    1745.3     182.355     3026     3476     
 50.68   355     12603    1563.02    1745.05    182.027     3074     3487     
 50.96   356     12650    1563.02    1745.04    182.022     3121     3502     
 51.22   358     12713    1563.02    1744.57    181.552     3184     3514     
 51.43   359     12750    1563.02    1744.43    181.406     3221     3523     
 52.21   361     12800    1563.02    1744.34    181.322     3021     3537     
 52.51   362     12850    1563.02    1743.99    180.967     3071     3557     
 53.08   364     12905    1563.02    1743.91    180.889     3126     3566     
 53.32   366     12955    1563.02    1743.9     180.876     3176     3576     
 53.58   368     13007    1563.02    1743.8     180.781     3228     3589     
 53.77   370     13050    1563.02    1743.76    180.735     3271     3595     
 54.67   372     13100    1563.02    1743.74    180.724     3069     3620     
 55.21   373     13150    1563.02    1743.52    180.497     3119     3629     
 55.48   375     13200    1563.02    1742.9     179.883     3169     3642     
 55.86   376     13250    1563.02    1742.9     179.875     3219     3667     
 58.48   377     13300    1563.02    1742.9     179.875     3063     3674     
 58.84   379     13367    1563.02    1742.8     179.781     3130     3691     
 59.39   380     13405    1563.02    1742.76    179.744     3168     3702     
 59.71   381     13461    1563.02    1742.7     179.681     3224     3718     
 59.94   382     13500    1563.02    1742.65    179.63      3263     3728     
 60.38   384     13571    1563.02    1742.58    179.558     3334     3748     
 60.57   385     13600    1563.02    1742.55    179.532     3363     3757     
 61.46   386     13650    1563.02    1742.54    179.524     3191     3772     
 62.03   388     13700    1563.02    1742.06    179.039     3241     3784     
 62.3    390     13750    1572.25    1741.95    169.699     3291     3794     
 62.69   392     13813    1572.25    1741.49    169.23      3354     3812     
 63.06   393     13859    1572.25    1741.18    168.93      3400     3829     
 63.38   394     13900    1572.25    1741.18    168.93      3441     3845     
 64.68   396     13953    1572.25    1741.13    168.874     3252     3851     
 65.12   397     14009    1572.25    1741.13    168.874     3308     3872     
 65.57   398     14069    1572.25    1741.11    168.857     3368     3893     
 65.76   399     14100    1572.25    1741.09    168.834     3399     3901     
 66.19   401     14163    1579.83    1741       161.173     3462     3919     
 66.46   402     14200    1579.83    1740.75    160.929     3499     3931     
 67.25   403     14250    1580.04    1740.72    160.684     3549     3949     
 68.23   405     14300    1580.32    1740.64    160.315     3362     3962     
 68.54   407     14353    1580.35    1740.2     159.857     3415     3976     
 68.88   408     14400    1580.35    1740.2     159.857     3462     3988     
 69.23   410     14461    1580.35    1740.06    159.714     3523     4000     
 69.93   411     14500    1580.35    1740.03    159.677     3562     4012     
 70.23   413     14550    1580.35    1739.89    159.537     3612     4022     
 71.37   414     14600    1580.35    1739.76    159.41      3419     4044     
 71.66   416     14653    1580.35    1739.67    159.316     3472     4050     
 72      418     14707    1582.13    1739.63    157.492     3526     4065     
 72.37   419     14755    1582.13    1739.49    157.357     3574     4080     
 73.15   420     14800    1583.82    1739.45    155.634     3619     4095     
 73.49   422     14850    1583.82    1739.22    155.395     3669     4109     
 73.85   424     14903    1583.82    1739.13    155.307     3722     4123     
 74.98   425     14950    1583.82    1739.13    155.307     3524     4137     
 75.26   427     15000    1583.82    1739.07    155.252     3574     4146     
 75.67   428     15050    1583.82    1739.07    155.252     3624     4167     
 76.48   430     15100    1583.82    1739.06    155.238     3674     4179     
 76.86   431     15155    1583.82    1738.61    154.793     3729     4192     
 77.22   432     15200    1583.82    1738.61    154.793     3774     4205     
 77.49   434     15250    1583.82    1738.59    154.765     3824     4212     
 78.72   436     15313    1583.97    1738.15    154.181     3649     4229     
 78.95   437     15350    1583.97    1738.11    154.145     3686     4237     
 83.41   439     15409    1583.97    1737.67    153.705     3675     4254     
 83.8    440     15450    1583.97    1737.53    153.557     3716     4274     
 84.18   442     15511    1583.97    1737.53    153.557     3777     4282     
 84.56   443     15555    1583.97    1737.53    153.557     3821     4297     
 84.82   445     15603    1583.97    1737.44    153.474     3869     4305     
 85.24   446     15650    1583.97    1737.26    153.293     3916     4323     
 85.63   448     15700    1583.97    1737.23    153.263     3966     4338     
 86.82   450     15767    1583.97    1736.83    152.857     4033     4363     
 87.96   452     15800    1583.97    1736.83    152.857     3826     4374     
 88.26   453     15850    1597.17    1736.22    139.055     3876     4383     
 88.7    454     15900    1598.35    1736.02    137.669     3926     4401     
 89.11   455     15950    1599.4     1735.75    136.353     3976     4412     
 89.58   456     16001    1599.4     1735.75    136.353     4027     4428     
 90.63   458     16061    1599.4     1735.6     136.197     4087     4446     
 90.94   459     16100    1599.4     1735.53    136.131     4126     4455     
 91.32   461     16150    1600.76    1735.37    134.608     4176     4468     
 92.68   463     16200    1602.96    1734.97    132.006     3973     4481     
 93.07   466     16250    1602.96    1734.78    131.813     4023     4494     
 93.42   467     16300    1607.89    1734.35    126.459     4073     4504     
 93.76   469     16350    1608.1     1734       125.903     4123     4515     
 94.77   471     16407    1608.1     1733.87    125.769     4180     4527     
 95.37   472     16461    1608.1     1733.85    125.754     4234     4549     
 95.75   473     16500    1609.34    1733.79    124.442     4273     4564     
 97.22   475     16559    1609.45    1733.59    124.139     4051     4574     
 97.91   476     16627    1609.45    1733.48    124.032     4119     4597     
 98.22   477     16659    1609.45    1733.43    123.979     4151     4607     
 99.19   478     16700    1609.45    1733.34    123.888     4192     4617     
 99.65   479     16750    1609.45    1733.34    123.887     4242     4631     
 100.08  480     16800    1609.45    1733.29    123.838     4292     4645     
 100.67  482     16865    1609.59    1733.15    123.559     4357     4666     
 101.18  482     16900    1609.59    1733.15    123.559     4392     4689     
 101.6   483     16950    1609.59    1733.15    123.559     4442     4694     
 103.24  484     17000    1609.59    1733.13    123.544     4159     4713     
 104.2   486     17050    1609.6     1733.13    123.53      4209     4720     
 104.64  489     17111    1611.21    1732.99    121.786     4270     4732     
 105.02  490     17150    1611.21    1732.96    121.754     4309     4744     
 105.63  491     17207    1611.35    1732.85    121.499     4366     4764     
 106.01  492     17250    1611.5     1732.68    121.178     4409     4772     
 106.53  494     17305    1611.5     1732.61    121.109     4464     4787     
 106.95  495     17350    1611.5     1732.61    121.109     4509     4800     
 109.4   497     17413    1611.55    1732.54    120.99      4226     4816     
 109.78  499     17459    1611.55    1732.49    120.937     4272     4828     
 110.58  500     17527    1611.55    1732.49    120.937     4340     4853     
 110.88  501     17561    1611.55    1732.45    120.903     4374     4861     
 111.25  502     17600    1611.55    1732.39    120.837     4413     4871     
 111.9   503     17650    1611.55    1732.33    120.784     4463     4894     
 112.48  504     17700    1611.55    1732.33    120.784     4513     4909     
 113.73  506     17759    1611.55    1732.22    120.673     4572     4921     
 114.15  507     17800    1611.55    1732.16    120.606     4613     4934     
 121.18  509     17850    1611.55    1731.89    120.34      4332     4940     
 121.72  511     17907    1611.55    1731.81    120.259     4389     4957     
 122.06  513     17955    1611.55    1731.78    120.223     4437     4963     
 122.65  515     18015    1611.55    1731.7     120.148     4497     4982     
 123.08  516     18053    1611.71    1731.63    119.923     4535     4992     
 124.27  518     18103    1611.72    1731.39    119.671     4585     5005     
 125.01  519     18171    1611.72    1731.35    119.629     4653     5027     
 125.36  520     18207    1611.72    1731.35    119.629     4689     5037     
 125.94  521     18257    1611.72    1731.29    119.57      4739     5055     
 127.58  523     18303    1611.72    1731.14    119.421     4462     5065     
 128.03  524     18350    1611.72    1730.96    119.239     4509     5076     
 128.75  526     18417    1611.74    1730.84    119.101     4576     5096     
 129.78  527     18450    1611.99    1730.7     118.711     4609     5103     
 130.27  529     18503    1611.99    1730.63    118.633     4662     5113     
 130.81  530     18551    1611.99    1730.46    118.467     4710     5128     
 131.35  532     18607    1611.99    1730.39    118.401     4766     5141     
 131.83  534     18661    1611.99    1730.21    118.22      4820     5153     
 132.48  535     18717    1611.99    1730.21    118.22      4876     5170     
 134.41  536     18781    1611.99    1730.2     118.209     4611     5190     
 134.55  537     18800    1611.99    1730.08    118.086     4630     5191     
 135.83  539     18850    1611.99    1729.61    117.617     4680     5205     
 136.27  541     18900    1611.99    1729.56    117.567     4730     5212     
 136.77  542     18950    1611.99    1729.56    117.567     4780     5227     
 137.38  544     19011    1611.99    1729.44    117.452     4841     5245     
 137.79  545     19050    1611.99    1729.37    117.375     4880     5254     
 138.32  547     19100    1611.99    1729.1     117.106     4930     5267     
 138.89  548     19150    1611.99    1729.05    117.052     4980     5281     
 141.78  549     19200    1611.99    1729.05    117.052     4664     5296     
 142.28  550     19250    1611.99    1728.82    116.828     4714     5311     
 142.8   552     19300    1611.99    1728.79    116.797     4764     5328     
 143.36  554     19353    1611.99    1728.44    116.451     4817     5340     
 143.82  556     19401    1611.99    1728.4     116.404     4865     5351     
 144.44  558     19463    1611.99    1728.12    116.131     4927     5369     
 144.8   559     19500    1611.99    1728.12    116.131     4964     5376     
 145.46  560     19551    1611.99    1728.12    116.131     5015     5392     
 146.93  561     19600    1611.99    1728.08    116.091     5064     5407     
 147.4   563     19650    1611.99    1728.06    116.063     5114     5419     
 149.37  565     19701    1611.99    1727.91    115.919     4776     5433     
 149.73  567     19750    1611.99    1727.87    115.878     4825     5436     
 150.11  569     19800    1611.99    1727.75    115.754     4875     5441     
 150.62  570     19850    1611.99    1727.71    115.715     4925     5457     
 151.07  572     19900    1611.99    1727.57    115.572     4975     5466     
 151.54  574     19957    1611.99    1727.56    115.571     5032     5475     
 153.38  575     20027    1611.99    1727.55    115.561     5102     5497     
 153.81  575     20050    1611.99    1727.55    115.561     5125     5514     
 154.32  576     20100    1611.99    1727.55    115.561     5175     5523     
 156.64  578     20173    1611.99    1727.46    115.465     4869     5544     
 156.99  579     20200    1611.99    1727.43    115.438     4896     5553     
 157.74  581     20265    1611.99    1727.43    115.438     4961     5573     
 158.12  582     20300    1611.99    1727.35    115.358     4996     5583     
 158.82  584     20369    1611.99    1727.34    115.344     5065     5600     
 160.16  586     20400    1611.99    1727.17    115.18      5096     5608     
 160.61  587     20450    1611.99    1726.97    114.978     5146     5618     
 160.99  589     20500    1611.99    1726.87    114.878     5196     5622     
 161.5   590     20550    1613.07    1726.8     113.729     5246     5635     
 162     592     20601    1613.07    1726.78    113.713     5297     5646     
 164.16  593     20650    1613.07    1726.69    113.616     4975     5660     
 164.61  595     20700    1613.16    1726.6     113.432     5025     5668     
 165.12  597     20750    1613.17    1726.49    113.317     5075     5680     
 166.61  599     20800    1613.17    1726.43    113.257     5125     5691     
 167.31  601     20857    1613.17    1726.41    113.239     5182     5710     
 167.94  602     20905    1613.17    1726.31    113.134     5230     5726     
 168.4   604     20955    1613.17    1726.27    113.094     5280     5735     
 169.09  605     21009    1613.17    1726.1     112.926     5334     5754     
 169.53  606     21050    1613.17    1726.1     112.926     5375     5764     
 177.62  608     21111    1613.17    1725.97    112.801     5076     5781     
 178.46  609     21173    1613.17    1725.84    112.664     5138     5803     
 178.78  610     21203    1613.17    1725.82    112.646     5168     5810     
 180.46  611     21250    1613.17    1725.82    112.646     5215     5827     
 180.97  613     21301    1613.17    1725.73    112.556     5266     5837     
 181.62  615     21359    1613.17    1725.71    112.534     5324     5850     
 182.31  616     21413    1613.17    1725.71    112.534     5378     5866     
 182.74  617     21450    1613.17    1725.69    112.516     5415     5877     
 183.39  619     21500    1613.17    1725.59    112.42      5465     5891     
 184.2   620     21550    1613.17    1725.54    112.371     5515     5911     
 184.82  622     21600    1614.93    1725.46    110.53      5565     5921     
 188.2   624     21650    1614.93    1725.44    110.511     5217     5934     
 188.73  626     21705    1614.93    1725.41    110.473     5272     5942     
 189.17  628     21750    1614.93    1725.38    110.446     5317     5949     
 189.9   630     21809    1614.93    1725.36    110.423     5376     5965     
 190.35  631     21850    1614.93    1725.36    110.423     5417     5975     
 190.93  633     21901    1614.93    1725.17    110.235     5468     5984     
 191.76  635     21965    1614.93    1725.17    110.234     5532     6000     
 192.14  636     22000    1614.93    1725.08    110.147     5567     6007     
 193.86  638     22053    1614.93    1724.95    110.018     5620     6018     
 194.44  639     22100    1614.93    1724.92    109.988     5667     6033     
 196.74  641     22150    1615.23    1724.85    109.62      5330     6041     
 197.32  643     22203    1615.23    1724.75    109.513     5383     6052     
 197.78  645     22250    1615.23    1724.43    109.196     5430     6061     
 198.6   647     22313    1615.23    1724.43    109.196     5493     6080     
 199.04  649     22350    1615.23    1724.41    109.177     5530     6088     
 199.56  650     22400    1615.23    1724.29    109.057     5580     6099     
 200.3   652     22457    1615.23    1724.25    109.016     5637     6112     
 201.93  654     22503    1615.23    1724.16    108.925     5683     6121     
 202.46  656     22551    1615.23    1724.05    108.816     5731     6131     
 203.2   658     22605    1615.23    1724.01    108.777     5785     6147     
 203.85  659     22650    1615.23    1724       108.768     5830     6161     
 206.62  662     22707    1615.57    1723.97    108.396     5523     6167     
 207.28  663     22750    1615.57    1723.97    108.395     5566     6183     
 208.09  665     22805    1615.57    1723.95    108.375     5621     6196     
 208.68  667     22850    1615.57    1723.92    108.347     5666     6208     
 209.38  668     22900    1615.57    1723.83    108.257     5716     6222     
 211.48  670     22965    1615.57    1723.66    108.092     5781     6236     
 211.88  671     23000    1615.57    1723.66    108.092     5816     6243     
 212.44  673     23050    1615.57    1723.53    107.953     5866     6251     
 212.96  675     23100    1615.57    1723.51    107.941     5916     6257     
 213.54  677     23150    1615.57    1723.44    107.864     5966     6266     
 214.34  679     23205    1615.57    1723.42    107.851     6021     6283     
 217.02  681     23257    1615.57    1723.27    107.7       5607     6293     
 217.78  683     23315    1615.57    1723.26    107.69      5665     6310     
 218.31  684     23350    1615.57    1723.09    107.521     5700     6322     
 220.14  686     23400    1615.57    1722.96    107.385     5750     6334     
 220.92  687     23450    1615.57    1722.82    107.251     5800     6356     
 221.46  689     23503    1615.57    1722.8     107.229     5853     6360     
 222.15  691     23559    1615.57    1722.47    106.896     5909     6372     
 222.74  692     23600    1615.57    1722.26    106.685     5950     6387     
 223.67  694     23667    1615.57    1721.95    106.377     6017     6403     
 224.44  695     23711    1615.57    1721.87    106.302     6061     6421     
 225.17  696     23750    1615.57    1721.87    106.302     6100     6440     
 228.06  698     23805    1615.57    1721.84    106.272     5697     6451     
 229.98  699     23850    1615.57    1721.82    106.247     5742     6469     
 230.59  701     23900    1615.57    1721.81    106.237     5792     6480     
 231.37  703     23959    1615.57    1721.69    106.114     5851     6493     
 231.97  704     24000    1615.57    1721.54    105.972     5892     6508     
 232.92  706     24063    1615.57    1721.46    105.885     5955     6525     
 233.42  707     24100    1615.57    1721.42    105.847     5992     6536     
 234.1   709     24159    1615.57    1721.14    105.564     6051     6546     
 234.77  711     24213    1615.57    1721.09    105.522     6105     6557     
 235.23  712     24250    1615.57    1720.98    105.411     6142     6564     
 237.19  714     24300    1615.57    1720.9     105.326     6192     6575     
 237.79  716     24350    1615.58    1720.87    105.29      6242     6587     
 240.94  718     24415    1615.58    1720.85    105.277     5842     6607     
 241.45  719     24450    1615.58    1720.71    105.135     5877     6619     
 242.11  721     24505    1615.58    1720.48    104.9       5932     6628     
 242.72  722     24550    1615.58    1720.48    104.9       5977     6639     
 253.65  724     24600    1615.58    1720.42    104.847     5827     6648     
 254.28  726     24650    1615.58    1720.37    104.791     5877     6659     
 255.01  728     24700    1617.79    1720.32    102.529     5927     6671     
 255.78  730     24750    1618.01    1720.26    102.25      5977     6683     
 257.88  732     24800    1618.01    1719.91    101.905     6027     6697     
 258.73  734     24855    1618.01    1719.81    101.797     6082     6710     
 259.24  736     24900    1618.01    1719.66    101.653     6127     6715     
 259.91  738     24955    1618.01    1719.5     101.494     6182     6726     
 260.56  739     25000    1618.01    1719.44    101.427     6227     6739     
 261.21  741     25051    1618.01    1719.39    101.378     6278     6750     
 261.87  743     25101    1618.01    1719.28    101.272     6328     6761     
 262.51  745     25150    1618.01    1719.19    101.184     6377     6769     
 265.62  747     25200    1618.01    1719.17    101.159     6023     6782     
 267.68  749     25250    1618.01    1719.11    101.105     6073     6788     
 268.45  751     25300    1618.01    1719.05    101.04      6123     6800     
 269.62  753     25367    1618.01    1719.03    101.022     6190     6823     
 270.17  754     25400    1618.01    1718.99    100.978     6223     6832     
 270.9   756     25450    1618.01    1718.95    100.939     6273     6843     
 271.62  758     25501    1618.01    1718.85    100.839     6324     6853     
 272.53  760     25550    1618.01    1718.84    100.83      6373     6872     
 273.35  761     25605    1618.01    1718.72    100.714     6428     6881     
 274.17  763     25659    1618.01    1718.69    100.679     6482     6893     
 274.99  764     25701    1618.01    1718.69    100.679     6524     6907     
 277.4   765     25750    1618.01    1718.67    100.66      6573     6927     
 280.6   767     25811    1618.01    1718.62    100.613     6151     6932     
 281.19  769     25850    1618.01    1718.62    100.613     6190     6946     
 281.92  770     25903    1618.01    1718.56    100.552     6243     6957     
 282.56  771     25950    1618.01    1718.55    100.54      6290     6966     
 283.17  773     26000    1618.01    1718.48    100.47      6340     6974     
 283.8   776     26055    1618.68    1718.42    99.7419     6395     6984     
 284.37  778     26100    1618.68    1718.36    99.6805     6440     6991     
 285.25  780     26155    1618.68    1718.28    99.5984     6495     7005     
 286.14  782     26209    1618.68    1718.19    99.509      6549     7021     
 288.24  783     26250    1618.68    1718.16    99.4762     6590     7028     
 289.43  784     26315    1618.68    1718.16    99.4762     6655     7049     
 289.92  786     26357    1618.68    1717.93    99.2507     6697     7055     
 293.14  788     26405    1618.68    1717.92    99.2427     6250     7064     
 293.73  789     26450    1618.68    1717.91    99.2298     6295     7079     
 294.36  791     26503    1618.68    1717.86    99.1748     6348     7085     
 295.09  792     26550    1618.68    1717.86    99.1748     6395     7097     
 295.92  793     26600    1618.68    1717.8     99.1187     6445     7110     
 296.78  795     26651    1618.68    1717.75    99.0711     6496     7128     
 297.58  797     26700    1618.68    1717.73    99.049      6545     7144     
 299.8   798     26750    1628.01    1717.67    89.6577     6595     7152     
 301     800     26827    1628.01    1717.58    89.5645     6672     7173     
 301.52  800     26850    1628.01    1717.58    89.5645     6695     7188     
 302.42  802     26917    1628.01    1717.55    89.5346     6762     7199     
 302.9   803     26950    1628.01    1717.46    89.4519     6795     7209     
 303.62  805     27000    1628.01    1717.14    89.1259     6845     7223     
 307.48  807     27063    1628.83    1716.97    88.1339     6434     7243     
 308.19  808     27100    1628.83    1716.93    88.0912     6471     7255     
 308.98  810     27153    1629.07    1716.72    87.655      6524     7265     
 309.73  811     27200    1629.09    1716.61    87.5176     6571     7277     
 312.01  813     27250    1633.04    1716.51    83.4699     6621     7285     
 312.71  815     27300    1633.04    1716.4     83.3623     6671     7297     
 313.66  817     27357    1633.04    1716.38    83.3374     6728     7314     
 314.37  818     27400    1633.04    1716.33    83.2871     6771     7329     
 315.17  820     27459    1636.01    1716.19    80.185      6830     7337     
 315.88  821     27500    1636.01    1716.08    80.0784     6871     7348     
 316.93  823     27550    1636.01    1715.9     79.8954     6921     7371     
 317.66  824     27600    1636.69    1715.67    78.9795     6971     7381     
 318.3   826     27650    1636.69    1715.61    78.9139     7021     7385     
 321.81  828     27700    1636.69    1715.57    78.8739     6636     7396     
 324.15  830     27750    1636.69    1715.54    78.8419     6686     7404     
 325.06  832     27813    1636.94    1715.5     78.5508     6749     7418     
 325.65  833     27850    1636.94    1715.48    78.5381     6786     7431     
 326.4   835     27900    1637.46    1715.36    77.8963     6836     7442     
 327.23  837     27950    1637.54    1715.25    77.7136     6886     7455     
 327.97  839     28000    1637.54    1715.16    77.6217     6936     7463     
 328.76  841     28050    1637.55    1715.07    77.5222     6986     7478     
 329.95  843     28121    1637.55    1715       77.4555     7057     7495     
 330.38  844     28150    1637.55    1714.99    77.4424     7086     7500     
 331.41  846     28211    1637.55    1714.94    77.3893     7147     7514     
 334.24  848     28269    1637.55    1714.89    77.3412     7205     7531     
 334.77  849     28301    1637.55    1714.85    77.2986     7237     7538     
 338.59  850     28350    1637.55    1714.84    77.2949     6799     7550     
 339.32  852     28400    1637.57    1714.7     77.1244     6849     7559     
 340.09  854     28450    1637.57    1714.67    77.0915     6899     7571     
 340.79  856     28500    1637.58    1714.63    77.0553     6949     7581     
 342.3   858     28581    1637.58    1714.52    76.9418     7030     7603     
 342.87  859     28613    1637.58    1714.48    76.9031     7062     7613     
 343.37  860     28650    1637.58    1714.44    76.8611     7099     7618     
 344.09  862     28701    1637.58    1714.4     76.8193     7150     7626     
 344.82  864     28753    1637.58    1714.35    76.7688     7202     7635     
 345.6   865     28800    1637.58    1714.25    76.6715     7249     7649     
 363.46  867     28850    1637.58    1714.17    76.5927     6930     7653     
 364.29  869     28901    1637.58    1714.1     76.517      6981     7668     
 365.02  871     28953    1637.58    1714.06    76.484      7033     7677     
 366     873     29015    1637.58    1714.04    76.4617     7095     7691     
 366.59  874     29050    1637.58    1713.99    76.4117     7130     7698     
 367.71  875     29100    1637.58    1713.99    76.4117     7180     7718     
 368.88  876     29150    1637.58    1713.94    76.3607     7230     7738     
 369.8   878     29200    1637.58    1713.82    76.2362     7280     7749     
 370.6   880     29253    1637.58    1713.8     76.2178     7333     7760     
 371.41  882     29309    1637.58    1713.67    76.088      7389     7769     
 372.13  883     29350    1637.58    1713.64    76.0606     7430     7780     
 374.7   885     29400    1637.58    1713.58    76.003      7480     7787     
 375.5   888     29459    1637.85    1713.4     75.5506     7539     7795     
 376.16  890     29503    1637.85    1713.37    75.519      7583     7803     
 380.51  891     29550    1637.87    1713.35    75.4772     7125     7817     
 381.5   893     29603    1637.87    1713.06    75.1875     7178     7834     
 382.47  895     29663    1637.87    1712.84    74.9641     7238     7848     
 383.08  896     29700    1637.87    1712.8     74.9247     7275     7858     
 384.41  898     29771    1637.87    1712.71    74.8326     7346     7878     
 384.98  899     29801    1637.87    1712.66    74.7841     7376     7886     
 385.87  901     29857    1637.87    1712.55    74.6732     7432     7898     
 386.84  902     29900    1637.87    1712.55    74.6732     7475     7917     
 389.45  904     29951    1637.87    1712.35    74.4775     7526     7922     
 390.49  906     30007    1637.87    1712.21    74.3366     7582     7939     
 391.54  908     30063    1637.87    1712.19    74.3112     7638     7955     
 392.25  909     30100    1637.87    1712.12    74.2456     7675     7966     
 393.11  911     30150    1637.87    1711.95    74.0777     7725     7978     
 394.15  913     30200    1637.87    1711.94    74.0629     7775     7993     
 394.86  914     30250    1637.87    1711.85    73.9739     7825     7998     
 399.25  916     30300    1637.87    1711.79    73.9142     7335     8012     
 400.38  918     30357    1637.87    1711.79    73.9142     7392     8027     
 401.64  919     30417    1637.87    1711.78    73.9061     7452     8045     
 402.09  920     30450    1637.87    1711.78    73.9061     7485     8049     
 404.95  922     30500    1637.87    1711.74    73.8694     7535     8063     
 405.75  924     30553    1637.87    1711.5     73.6253     7588     8069     
 406.72  926     30609    1637.87    1711.47    73.5948     7644     8082     
 407.4   928     30655    1637.87    1711.44    73.5701     7690     8090     
 408.34  929     30700    1637.87    1711.44    73.5646     7735     8102     
 409.57  931     30763    1637.87    1711.41    73.5387     7798     8119     
 410.31  933     30807    1637.87    1711.3     73.4257     7842     8126     
 411.27  934     30850    1637.87    1711.3     73.4257     7885     8143     
 412.43  935     30905    1637.87    1711.27    73.391      7940     8155     
 413.78  937     30967    1637.87    1711.26    73.3828     8002     8175     
 418.28  938     31000    1637.87    1711.24    73.3648     7482     8187     
 419.07  940     31050    1637.87    1711.16    73.2818     7532     8194     
 422     943     31107    1637.87    1711.11    73.235      7589     8203     
 423     944     31150    1637.87    1711.09    73.2179     7632     8222     
 424.15  946     31209    1637.87    1711       73.1253     7691     8234     
 425.19  947     31253    1637.87    1710.94    73.0691     7735     8247     
 426.06  949     31301    1637.87    1710.93    73.058      7783     8257     
 427.04  951     31350    1637.87    1710.9     73.0226     7832     8269     
 427.87  953     31405    1637.87    1710.86    72.9852     7887     8276     
 428.63  955     31451    1637.87    1710.77    72.9005     7933     8283     
 429.66  957     31509    1637.87    1710.75    72.8769     7991     8294     
 430.34  959     31550    1637.87    1710.69    72.8201     8032     8301     
 431.28  960     31607    1637.87    1710.68    72.8048     8089     8314     
 434.37  962     31661    1637.87    1710.52    72.6462     8143     8324     
 435.15  964     31705    1638.67    1710.33    71.6605     8187     8333     
 439.87  966     31750    1638.74    1710.31    71.5709     7660     8338     
 440.86  967     31801    1638.74    1710.3     71.5596     7711     8349     
 441.64  969     31850    1638.75    1710.27    71.5256     7760     8359     
 442.95  971     31913    1638.75    1710.22    71.4741     7823     8376     
 443.47  972     31950    1638.75    1710.22    71.4741     7860     8380     
 444.24  974     32000    1638.75    1710.1     71.3551     7910     8389     
 445.33  976     32053    1638.75    1710.07    71.325      7963     8405     
 446.19  978     32101    1638.75    1710.01    71.2591     8011     8414     
 447.66  979     32161    1641.12    1710.01    68.8877     8071     8434     
 448.37  981     32209    1641.12    1709.92    68.7976     8119     8442     
 451.46  982     32250    1641.12    1709.9     68.7837     8160     8455     
 452.49  984     32300    1641.12    1709.85    68.7252     8210     8470     
 453.59  986     32350    1641.12    1709.58    68.4528     8260     8485     
 454.73  987     32400    1641.12    1709.45    68.3303     8310     8496     
 455.78  989     32450    1641.12    1709.45    68.3302     8360     8508     
 456.51  991     32500    1641.12    1709.4     68.2757     8410     8514     
 461.8   993     32550    1641.12    1709.37    68.2423     7881     8527     
 462.74  994     32600    1641.12    1709.34    68.214      7931     8538     
 464.14  995     32650    1641.12    1709.28    68.152      7981     8562     
 465.1   996     32700    1641.12    1709.24    68.1199     8031     8569     
 465.88  998     32751    1641.26    1709.19    67.9285     8082     8577     
 467.25  1000    32811    1641.26    1709.09    67.8347     8142     8595     
 470.53  1001    32850    1641.26    1709.07    67.8123     8181     8611     
 471.4   1003    32900    1641.26    1709.07    67.8123     8231     8619     
 472.34  1005    32950    1641.26    1709.05    67.7869     8281     8628     
 473.32  1007    33007    1641.26    1709.01    67.7482     8338     8640     
 474.21  1008    33050    1641.26    1708.94    67.6827     8381     8648     
 474.93  1010    33100    1641.26    1708.86    67.6045     8431     8651     
 475.91  1012    33150    1641.26    1708.67    67.4092     8481     8661     
 477.05  1014    33207    1641.26    1708.54    67.2757     8538     8674     
 478.2   1016    33250    1641.26    1708.53    67.2707     8581     8693     
 483.73  1017    33307    1641.26    1708.26    67.0006     8054     8702     
 484.69  1018    33350    1641.26    1708.2     66.9406     8097     8715     
 485.72  1020    33400    1641.26    1708.1     66.844      8147     8724     
 489.18  1022    33451    1641.26    1708.09    66.8331     8198     8734     
 490.2   1024    33503    1641.55    1708.06    66.5188     8250     8746     
 491.25  1026    33559    1644.7     1708.05    63.3514     8306     8760     
 492.14  1027    33600    1644.7     1708.05    63.3514     8347     8772     
 493.16  1028    33650    1644.7     1707.94    63.2374     8397     8786     
 494.2   1030    33703    1644.7     1707.78    63.0768     8450     8796     
 495.21  1032    33757    1644.7     1707.71    63.0109     8504     8810     
 496.02  1034    33809    1644.7     1707.71    63.0106     8556     8816     
 496.91  1036    33857    1644.73    1707.69    62.9614     8604     8826     
 497.79  1037    33900    1644.73    1707.61    62.88       8647     8837     
 498.61  1039    33950    1645.63    1707.59    61.9608     8697     8842     
 499.5   1042    34001    1645.63    1707.54    61.9152     8748     8849     
 526.81  1044    34051    1645.63    1707.52    61.8962     8258     8861     
 530.42  1046    34105    1645.71    1707.49    61.7789     8312     8873     
 531.41  1047    34150    1645.71    1707.49    61.7789     8357     8889     
 532.46  1049    34200    1645.71    1707.49    61.7789     8407     8899     
 533.7   1051    34261    1645.71    1707.44    61.7374     8468     8910     
 534.72  1052    34300    1645.71    1707.41    61.7042     8507     8927     
 535.9   1054    34355    1645.71    1707.24    61.5287     8562     8940     
 536.91  1055    34405    1645.71    1707.22    61.5098     8612     8950     
 537.81  1056    34450    1645.71    1707.22    61.5098     8657     8964     
 538.93  1058    34503    1645.71    1707.18    61.4688     8710     8975     
 540.17  1060    34550    1645.71    1707.11    61.4        8757     8996     
 541.04  1061    34600    1645.72    1707.03    61.3143     8807     9002     
 542.62  1063    34661    1645.72    1706.98    61.2627     8868     9021     
 543.57  1065    34711    1645.72    1706.87    61.1495     8918     9032     
 547.05  1067    34761    1645.72    1706.79    61.0703     8968     9039     
 548.04  1068    34800    1645.72    1706.76    61.0406     9007     9050     
 549.19  1070    34859    1645.72    1706.74    61.0236     9066     9058     
 554.96  1072    34901    1645.72    1706.62    60.8997     8488     9065     
 555.82  1074    34950    1645.72    1706.53    60.8162     8537     9073     
 556.66  1076    35000    1645.88    1706.47    60.5943     8587     9081     
 557.76  1078    35057    1645.88    1706.47    60.5906     8644     9091     
 558.66  1080    35105    1645.88    1706.38    60.497      8692     9101     
 560.15  1082    35173    1645.88    1706.38    60.497      8760     9116     
 560.61  1083    35200    1645.88    1706.38    60.497      8787     9121     
 561.99  1084    35250    1645.88    1706.35    60.473      8837     9141     
 563.16  1085    35300    1645.88    1706.35    60.473      8887     9150     
 564.16  1087    35357    1645.88    1706.27    60.3919     8944     9157     
 567.96  1089    35409    1645.88    1706.26    60.3776     8996     9167     
 568.96  1090    35450    1645.88    1706.24    60.3629     9037     9183     
 569.91  1092    35500    1645.88    1706.19    60.3111     9087     9190     
 571.05  1094    35551    1645.88    1706.13    60.2562     9138     9200     
 572.35  1096    35605    1645.88    1705.98    60.1008     9192     9215     
 573.49  1097    35650    1645.88    1705.95    60.0668     9237     9227     
 574.94  1099    35711    1645.88    1705.89    60.0114     9298     9245     
 582.5   1100    35750    1645.92    1705.89    59.9657     8701     9256     
 583.93  1101    35800    1645.92    1705.87    59.95       8751     9268     
 584.98  1103    35850    1645.92    1705.87    59.9485     8801     9278     
 586.57  1105    35913    1645.92    1705.83    59.9066     8864     9292     
 587.56  1107    35957    1645.92    1705.78    59.8618     8908     9303     
 591.95  1109    36015    1645.92    1705.78    59.856      8966     9320     
 592.66  1110    36050    1645.92    1705.75    59.8269     9001     9326     
 593.81  1113    36109    1645.92    1705.67    59.7428     9060     9336     
 594.58  1115    36150    1645.93    1705.66    59.7314     9101     9341     
 595.76  1117    36205    1645.93    1705.63    59.7014     9156     9353     
 597     1119    36259    1645.93    1705.57    59.6487     9210     9366     
 598.11  1121    36305    1646.15    1705.51    59.3609     9256     9374     
 599.15  1123    36353    1646.15    1705.43    59.2806     9304     9384     
 600.63  1125    36413    1646.15    1705.31    59.155      9364     9402     
 602.07  1126    36471    1646.15    1705.31    59.155      9422     9417     
 602.67  1127    36500    1646.15    1705.31    59.155      9451     9423     
 604.08  1129    36557    1646.15    1705.31    59.155      9508     9439     
 605.23  1130    36600    1646.15    1705.27    59.114      9551     9452     
 612.68  1131    36650    1646.15    1705.23    59.0805     8959     9468     
 617.19  1133    36715    1646.15    1705.09    58.9421     9024     9484     
 617.97  1134    36750    1646.15    1705.09    58.9375     9059     9494     
 619.4   1136    36807    1646.15    1705.09    58.9375     9116     9511     
 620.46  1138    36857    1646.15    1704.99    58.8381     9166     9520     
 621.4   1139    36901    1646.15    1704.9     58.7489     9210     9529     
 622.78  1141    36965    1646.15    1704.84    58.6849     9274     9545     
 623.75  1143    37000    1646.15    1704.83    58.6776     9309     9559     
 624.86  1145    37063    1646.15    1704.71    58.5607     9372     9567     
 625.53  1146    37100    1646.15    1704.71    58.5598     9409     9573     
 626.63  1148    37153    1646.15    1704.67    58.5225     9462     9582     
 627.57  1150    37200    1646.15    1704.66    58.5045     9509     9593     
 628.75  1152    37250    1646.15    1704.65    58.4985     9559     9608     
 629.75  1154    37301    1646.15    1704.58    58.4232     9610     9613     
 630.74  1156    37350    1646.36    1704.52    58.1548     9659     9622     
 635.46  1157    37400    1646.36    1704.5     58.1417     9709     9643     
 636.51  1159    37450    1646.37    1704.49    58.1208     9759     9651     
 643.7   1162    37500    1646.38    1704.4     58.0185     9203     9657     
 645.1   1164    37550    1646.38    1704.39    58.0022     9253     9675     
 646.17  1166    37600    1646.38    1704.33    57.9482     9303     9685     
 647.51  1167    37651    1646.38    1704.09    57.7078     9354     9698     
 648.4   1169    37700    1646.38    1703.81    57.4272     9403     9704     
 649.81  1170    37750    1646.38    1703.81    57.4258     9453     9722     
 651.23  1172    37807    1646.75    1703.76    57.0181     9510     9735     
 652.5   1173    37855    1646.75    1703.76    57.0181     9558     9748     
 653.6   1174    37900    1646.75    1703.59    56.8459     9603     9758     
 655     1176    37957    1646.78    1703.54    56.7621     9660     9773     
 655.94  1178    38007    1646.78    1703.53    56.7565     9710     9779     
 660.64  1180    38071    1646.78    1703.5     56.7247     9774     9794     
 661.23  1182    38105    1646.78    1703.46    56.6794     9808     9798     
 662.29  1184    38153    1646.78    1703.43    56.6531     9856     9808     
 663.83  1185    38200    1646.78    1703.39    56.6083     9903     9824     
 665.12  1187    38255    1646.78    1703.34    56.561      9958     9835     
 666.26  1188    38300    1646.78    1703.34    56.561      10003    9846     
 667.35  1190    38350    1646.78    1703.32    56.5376     10053    9855     
 668.57  1192    38400    1646.78    1703.31    56.524      10103    9864     
 676.48  1194    38450    1646.78    1703.26    56.4751     9489     9872     
 677.62  1196    38500    1646.78    1703.2     56.4193     9539     9884     
 678.82  1198    38550    1646.78    1703.2     56.4107     9589     9896     
 680.44  1200    38607    1646.78    1703.18    56.4003     9646     9912     
 681.67  1202    38650    1646.78    1703.18    56.4003     9689     9927     
 682.85  1203    38700    1646.78    1703.14    56.3601     9739     9938     
 683.86  1205    38750    1646.78    1703.13    56.3405     9789     9944     
 688.69  1206    38800    1646.78    1703.12    56.3378     9839     9963     
 690.19  1207    38850    1646.78    1703.12    56.3378     9889     9979     
 691.46  1209    38903    1646.78    1703.1     56.3178     9942     9990     
 692.31  1211    38950    1646.79    1703.08    56.2994     9989     9993     
 693.56  1213    39009    1646.79    1703.06    56.2771     10048    10005    
 694.42  1215    39050    1646.79    1703.01    56.2213     10089    10011    
 695.82  1217    39101    1646.79    1702.95    56.1686     10140    10023    
 696.7   1219    39150    1646.79    1702.94    56.1539     10189    10029    
 698.21  1221    39207    1646.79    1702.9     56.1111     10246    10046    
 699.45  1223    39253    1646.79    1702.82    56.0383     10292    10058    
 700.54  1225    39300    1646.79    1702.79    56.0026     10339    10067    
 701.62  1227    39350    1646.79    1702.72    55.936      10389    10077    
 711.16  1229    39411    1646.79    1702.72    55.9307     9759     10097    
 713.73  1230    39487    1646.79    1702.7     55.915      9835     10122    
 717.56  1230    39500    1646.79    1702.7     55.915      9848     10127    
 718.66  1232    39550    1646.79    1702.55    55.765      9898     10136    
 719.64  1235    39605    1646.79    1702.37    55.5871     9953     10143    
 720.84  1237    39659    1646.79    1702.31    55.5218     10007    10154    
 721.7   1239    39707    1646.79    1702.17    55.3864     10055    10159    
 723     1241    39757    1646.79    1702.15    55.3681     10105    10172    
 724.32  1243    39809    1646.79    1702.09    55.3032     10157    10182    
 725.38  1245    39850    1646.79    1702       55.2143     10198    10192    
 727.82  1246    39927    1646.79    1701.97    55.1894     10275    10213    
 728.31  1247    39950    1646.79    1701.95    55.1683     10298    10215    
 729.31  1250    40000    1646.79    1701.9     55.1142     10348    10222    
 730.64  1252    40061    1646.79    1701.84    55.0543     10409    10229    
 732.18  1253    40111    1646.79    1701.83    55.0485     10459    10244    
 733.07  1255    40150    1646.79    1701.82    55.0345     10498    10251    
 734.52  1256    40200    1646.79    1701.79    55.0049     10548    10264    
 739.49  1258    40263    1646.79    1701.67    54.8849     10611    10272    
 740.57  1259    40300    1646.79    1701.67    54.8849     10648    10281    
 750.08  1261    40357    1646.79    1701.65    54.8604     10016    10300    
 751.41  1263    40411    1646.79    1701.61    54.8223     10070    10311    
 752.31  1265    40455    1646.79    1701.48    54.6986     10114    10318    
 753.15  1267    40500    1647.21    1701.4     54.1898     10159    10323    
 754.49  1269    40551    1647.21    1701.31    54.0989     10210    10333    
 755.86  1271    40605    1647.21    1701.29    54.0773     10264    10347    
 757.02  1272    40650    1647.21    1701.29    54.0773     10309    10355    
 758.19  1275    40711    1647.21    1701.25    54.0366     10370    10364    
 759.78  1276    40759    1647.21    1701.24    54.0225     10418    10381    
 760.9   1277    40800    1647.21    1701.24    54.0225     10459    10390    
 761.42  1279    40835    1651.72    1701.21    49.4865     10494    10390    
-------------------------------------------------------------------------------

SARSOP finishing ...
  target precision reached
  target precision  : 50.000000
  precision reached : 49.486481 

-------------------------------------------------------------------------------
 Time   |#Trial |#Backup |LBound    |UBound    |Precision  |#Alphas |#Beliefs  
-------------------------------------------------------------------------------
 769.33  1279    40835    1651.72    1701.21    49.4865     10153    10390    
-------------------------------------------------------------------------------

Writing out policy ...
  output file : /home/eliranab/FDMAP/Resources/policies/RS-3x4_2C_2S_1P_TEAM_car1.policy

Solve took 
real	12m53.421s
user	12m52.418s
sys	0m0.728s
