
Loading the model ...
  input file   : /home/eliranab/FDMAP/Resources/problems/RS-5x4_2C_2S_2P_TEAM_car2.pomdpx
  loading time : 0.97s 

SARSOP initializing ...
In sarsop::initialize
0.1
0.2
0.3
0.4
0.5
0.6
0.7
0.8
0.8.1
0.8.2
0.8.3
0.8.4
0.8.5
0.8.6
0.9
0.10
Finished sarsop::initialize
1
2
3
4
5
6
  initialization time : 0.16s

-------------------------------------------------------------------------------
 Time   |#Trial |#Backup |LBound    |UBound    |Precision  |#Alphas |#Beliefs  
-------------------------------------------------------------------------------
 0.16    0       0        0          1973.43    1973.43     16       1        
 0.18    1       50       1033.58    1965.49    931.909     24       32       
 0.19    2       105      1131.22    1957.32    826.102     30       39       
 0.21    3       177      1152.95    1949.51    796.557     57       60       
 0.22    3       200      1152.95    1949.51    796.557     72       73       
 0.23    4       253      1278.25    1943.52    665.275     96       82       
 0.25    5       317      1281.82    1941.49    659.67      107      104      
 0.27    5       350      1281.82    1941.49    659.67      128      127      
 0.29    6       401      1281.82    1940.23    658.409     130      132      
 0.32    7       469      1281.82    1937.29    655.468     144      156      
 0.34    7       500      1281.82    1937.29    655.468     156      174      
 0.36    8       550      1323.39    1933.37    609.979     192      185      
 0.39    9       600      1327.29    1932.7     605.417     194      204      
 0.44    10      689      1331.57    1932.51    600.937     206      227      
 0.45    10      700      1331.57    1932.51    600.937     217      236      
 0.48    11      753      1331.57    1932.48    600.905     213      251      
 0.52    12      800      1332.29    1929.09    596.797     222      272      
 0.57    12      850      1332.29    1929.09    596.797     242      305      
 0.59    13      913      1332.29    1928.33    596.039     233      307      
 0.65    14      983      1332.29    1924.21    591.917     251      332      
 0.67    14      1000     1332.29    1924.21    591.917     268      343      
 0.71    15      1050     1332.29    1924.21    591.917     281      364      
 0.75    16      1100     1332.29    1923.12    590.83      275      375      
 0.79    17      1150     1332.36    1921       588.638     294      392      
 0.83    18      1200     1332.36    1919.84    587.483     305      402      
 0.89    19      1250     1334.21    1919.84    585.628     312      425      
 0.95    20      1321     1334.21    1917.85    583.641     327      438      
 1.01    21      1377     1334.21    1917.81    583.599     330      459      
 1.03    22      1407     1336.82    1917.81    580.988     360      467      
 1.11    23      1475     1336.82    1916.06    579.238     353      486      
 1.15    24      1511     1336.82    1913.63    576.801     354      496      
 1.24    25      1583     1336.82    1912.12    575.292     355      518      
 1.26    25      1600     1336.82    1912.12    575.292     372      531      
 1.33    26      1650     1336.82    1911.63    574.808     377      549      
 1.42    27      1725     1337.05    1910.06    573.007     378      568      
 1.46    28      1750     1337.05    1910.06    573.007     403      584      
 1.53    28      1800     1337.05    1909.45    572.4       418      600      
 1.59    29      1855     1337.05    1908.3     571.244     441      609      
 1.67    30      1900     1337.05    1907.3     570.243     411      626      
 1.77    31      1963     1337.05    1906.81    569.752     409      645      
 1.87    32      2033     1337.05    1906.33    569.28      412      671      
 1.89    32      2050     1337.05    1906.33    569.28      429      681      
 1.96    33      2100     1337.05    1905.04    567.981     435      693      
 2.02    34      2150     1337.05    1904.22    567.168     433      708      
 2.12    35      2215     1337.05    1903.58    566.523     439      728      
 2.2     36      2271     1337.05    1903.58    566.523     445      746      
 2.26    37      2315     1337.05    1903.58    566.523     489      759      
 2.36    37      2350     1337.05    1903.58    566.523     483      786      
 2.44    38      2401     1337.05    1903.22    566.164     471      790      
 2.52    39      2450     1337.05    1903.11    566.054     477      806      
 2.61    40      2500     1337.05    1901.91    564.854     491      821      
 2.7     42      2555     1337.08    1900.72    563.647     498      834      
 2.87    43      2641     1337.08    1900.52    563.441     504      865      
 2.89    43      2650     1337.08    1900.52    563.441     513      870      
 2.98    44      2701     1337.08    1900.52    563.441     519      884      
 3.11    45      2767     1337.08    1900.03    562.956     523      905      
 3.21    45      2800     1337.08    1900.03    562.956     556      927      
 3.3     46      2851     1337.08    1899.29    562.213     527      932      
 3.39    47      2901     1337.08    1898.75    561.674     577      948      
 3.51    48      2950     1337.08    1897.99    560.91      576      965      
 3.59    49      3001     1337.08    1897.84    560.768     580      978      
 3.72    50      3061     1337.08    1897.2     560.12      598      997      
 3.85    51      3117     1337.08    1895.4     558.32      614      1015     
 3.96    51      3150     1337.08    1895.4     558.32      598      1037     
 4.1     52      3211     1337.08    1894.73    557.652     579      1046     
 4.24    53      3269     1337.08    1894.1     557.026     582      1066     
 4.37    54      3327     1337.08    1893.75    556.676     640      1087     
 4.47    54      3350     1337.08    1893.75    556.676     607      1105     
 4.61    55      3400     1337.08    1893.04    555.968     615      1118     
 4.71    56      3450     1350.03    1892.81    542.778     620      1126     
 4.81    57      3500     1350.03    1892.7     542.674     670      1142     
 5       58      3569     1350.03    1892.38    542.355     695      1162     
 5.14    58      3600     1350.03    1892.38    542.355     682      1185     
 5.61    59      3650     1350.03    1892.14    542.106     675      1199     
 5.73    60      3703     1350.03    1891.21    541.184     728      1209     
 5.95    61      3765     1350.03    1889.94    539.907     735      1229     
 6.09    61      3800     1350.03    1889.94    539.907     716      1256     
 6.16    62      3850     1350.03    1889.94    539.907     766      1263     
 6.48    63      3939     1350.03    1888.83    538.803     729      1287     
 6.52    63      3950     1350.03    1888.83    538.803     740      1293     
 6.66    64      4000     1351.17    1888.66    537.485     790      1308     
 6.93    65      4077     1351.27    1888.2     536.927     808      1333     
 7.05    66      4109     1351.28    1887.93    536.645     776      1343     
 7.14    67      4155     1351.28    1887.68    536.397     822      1355     
 7.37    68      4209     1351.28    1887.13    535.845     811      1372     
 7.53    69      4250     1351.28    1886.86    535.575     775      1387     
 7.75    70      4319     1351.28    1886.77    535.485     844      1408     
 7.92    70      4350     1351.28    1886.77    535.485     826      1429     
 8.03    71      4400     1351.28    1886.39    535.111     876      1442     
 8.25    72      4450     1351.28    1885.85    534.565     856      1450     
 8.92    73      4500     1351.28    1885.58    534.3       828      1475     
 9.11    74      4561     1351.28    1885.44    534.159     889      1490     
 9.36    75      4629     1351.28    1885.32    534.039     887      1513     
 9.46    75      4650     1351.28    1885.32    534.039     908      1530     
 9.73    76      4713     1351.28    1885.17    533.886     899      1543     
 10      77      4783     1351.28    1885.11    533.824     870      1565     
 10.08   77      4800     1351.28    1885.11    533.824     887      1577     
 10.28   78      4850     1351.28    1884.58    533.296     937      1592     
 10.5    79      4900     1351.28    1884.38    533.092     895      1607     
 10.63   80      4950     1351.28    1884.29    533.011     945      1621     
 10.92   81      5000     1351.28    1884.29    533.011     907      1638     
 11.11   82      5071     1351.28    1884.29    533.011     978      1658     
 11.4    82      5100     1351.28    1884.29    533.011     933      1675     
 11.52   83      5159     1351.28    1884.1     532.819     992      1684     
 11.89   84      5225     1351.28    1883.69    532.41      989      1705     
 12.02   84      5250     1351.28    1883.69    532.41      1014     1721     
 12.32   85      5323     1351.28    1883.63    532.344     1006     1738     
 12.41   86      5350     1351.28    1883.63    532.344     1033     1751     
 12.73   86      5400     1351.28    1883.51    532.229     976      1765     
 12.86   87      5450     1351.28    1883.4     532.112     1026     1776     
 13.72   88      5500     1351.28    1883.39    532.105     981      1792     
 13.94   89      5550     1351.28    1882.55    531.268     1031     1807     
 14.23   91      5611     1351.28    1881.9     530.619     995      1820     
 14.48   92      5659     1351.28    1881.52    530.239     1043     1833     
 14.57   93      5701     1351.28    1881.48    530.193     1085     1842     
 14.85   94      5761     1351.28    1881.44    530.16      1056     1859     
 15.29   95      5823     1351.28    1881.44    530.16      1023     1879     
 15.44   95      5850     1351.28    1881.44    530.16      1050     1897     
 15.59   96      5900     1351.28    1881.33    530.047     1100     1906     
 15.9    97      5950     1351.28    1881.31    530.031     1046     1924     
 16.19   98      6000     1351.28    1881.1     529.819     1096     1943     
 16.48   99      6053     1351.28    1881.1     529.819     1047     1954     
 16.64   100     6100     1351.28    1881.1     529.819     1094     1971     
 16.92   101     6153     1351.28    1881.08    529.796     1147     1985     
 17.24   102     6200     1351.28    1880.88    529.598     1106     2004     
 17.42   103     6250     1351.28    1880.83    529.55      1156     2019     
 17.97   104     6327     1351.28    1880.82    529.538     1126     2043     
 18.09   104     6350     1351.28    1880.82    529.538     1149     2055     
 18.41   105     6400     1351.28    1880.76    529.478     1090     2072     
 18.56   106     6450     1351.28    1880.76    529.478     1140     2083     
 19.08   107     6523     1351.28    1880.05    528.764     1136     2105     
 20.09   108     6567     1351.28    1879.62    528.336     1117     2120     
 20.25   109     6611     1351.28    1879.44    528.152     1161     2133     
 20.53   110     6650     1351.28    1879.42    528.136     1200     2144     
 20.91   111     6715     1351.28    1879.16    527.877     1160     2162     
 21.07   112     6755     1351.28    1878.92    527.637     1200     2173     
 21.66   113     6829     1351.28    1878.88    527.597     1168     2197     
 21.8    113     6850     1351.28    1878.88    527.597     1189     2212     
 22.29   114     6935     1351.28    1878.21    526.928     1151     2235     
 22.4    114     6950     1351.28    1878.21    526.928     1166     2245     
 22.78   115     7000     1351.28    1877.94    526.66      1216     2263     
 23.19   116     7067     1351.28    1877.88    526.6       1178     2278     
 23.42   117     7121     1351.28    1877.39    526.111     1232     2297     
 23.78   118     7171     1351.28    1877.35    526.068     1282     2312     
 24.12   119     7217     1351.28    1877.23    525.946     1213     2324     
 24.32   120     7265     1351.28    1876.91    525.63      1261     2338     
 24.67   121     7309     1351.28    1876.59    525.31      1185     2348     
 25.03   122     7357     1351.28    1876.23    524.946     1233     2362     
 25.28   123     7419     1351.28    1876.14    524.862     1295     2383     
 25.67   123     7450     1351.28    1876.14    524.862     1221     2405     
 25.88   124     7513     1351.28    1876.14    524.862     1284     2415     
 26.56   125     7581     1351.28    1875.9     524.622     1208     2436     
 26.68   125     7600     1351.28    1875.9     524.622     1227     2449     
 26.89   126     7650     1351.28    1875.74    524.455     1277     2463     
 27.14   127     7700     1351.28    1875.74    524.455     1327     2481     
 28.81   128     7753     1351.28    1875.69    524.403     1248     2491     
 29.15   129     7821     1351.28    1875.44    524.161     1316     2517     
 29.34   130     7867     1351.28    1875.36    524.074     1362     2531     
 29.98   130     7900     1351.28    1875.36    524.074     1279     2551     
 30.17   131     7955     1351.28    1875.12    523.84      1334     2557     
 30.64   132     8005     1351.28    1874.87    523.591     1277     2573     
 30.85   133     8057     1351.28    1874.81    523.529     1329     2586     
 31.43   134     8127     1351.28    1874.69    523.405     1399     2607     
 31.87   134     8150     1351.28    1874.69    523.405     1313     2624     
 32.11   135     8207     1351.28    1874.69    523.405     1370     2633     
 33.06   136     8291     1351.28    1874.44    523.157     1335     2659     
 33.12   136     8300     1351.28    1874.44    523.157     1344     2660     
 33.36   137     8350     1351.28    1873.94    522.655     1394     2674     
 33.62   138     8401     1351.28    1873.93    522.649     1445     2682     
 34.25   139     8457     1351.28    1873.83    522.55      1380     2698     
 35.01   140     8523     1351.28    1873.81    522.524     1446     2721     
 35.63   141     8575     1351.28    1873.61    522.33      1363     2738     
 35.9    141     8600     1351.28    1873.61    522.33      1388     2758     
 36.13   142     8650     1351.28    1873.25    521.967     1438     2764     
 36.8    143     8700     1351.28    1873.25    521.967     1488     2779     
 37.77   144     8785     1351.28    1873.07    521.788     1456     2809     
 37.96   144     8800     1351.28    1873.07    521.788     1471     2819     
 38.35   145     8850     1351.28    1873.04    521.752     1521     2839     
 40.3    146     8900     1351.28    1872.96    521.674     1405     2846     
 40.92   147     8955     1351.28    1872.66    521.375     1460     2862     
 41.38   148     9031     1351.28    1872.43    521.143     1536     2889     
 41.82   149     9067     1351.28    1872.27    520.99      1447     2900     
 42.14   149     9100     1351.28    1872.27    520.99      1480     2925     
 42.7    150     9155     1351.28    1871.74    520.453     1535     2930     
 43.32   151     9225     1351.28    1871.74    520.453     1475     2954     
 43.57   151     9250     1351.28    1871.74    520.453     1500     2972     
 43.82   152     9305     1351.28    1871.71    520.43      1555     2980     
 44.4    153     9365     1351.28    1871.6     520.312     1471     2996     
 45.05   154     9417     1351.28    1871.53    520.247     1523     3012     
 45.63   155     9473     1351.28    1871.25    519.963     1443     3028     
 45.9    155     9500     1351.28    1871.25    519.963     1470     3047     
 46.13   156     9550     1351.28    1871.15    519.863     1520     3060     
 46.8    157     9600     1351.28    1871.02    519.737     1570     3078     
 47.34   158     9650     1351.28    1870.8     519.513     1455     3089     
 47.61   159     9703     1370.37    1869.7     499.334     1508     3100     
 47.87   160     9751     1370.37    1869.44    499.072     1556     3117     
 49.02   161     9833     1370.37    1869.28    498.91      1531     3142     
 49.15   161     9850     1370.37    1869.28    498.91      1548     3152     
 49.41   162     9900     1370.37    1869.04    498.666     1598     3164     
 50.17   163     9985     1370.37    1868.36    497.987     1567     3185     
 50.32   163     10000    1370.37    1868.36    497.987     1582     3195     
 50.67   164     10055    1372.05    1868.36    496.304     1637     3209     
 51.66   165     10103    1372.2     1868.35    496.144     1527     3222     
 51.98   166     10157    1372.2     1868.25    496.044     1581     3240     
 52.5    167     10237    1372.22    1868.25    496.031     1661     3266     
 54.55   167     10250    1372.22    1868.25    496.031     1545     3275     
 55.56   168     10300    1372.22    1867.93    495.711     1595     3287     
 56.02   169     10350    1372.22    1867.26    495.043     1645     3298     
 56.61   170     10400    1372.22    1866.97    494.749     1695     3313     
 57.46   171     10450    1372.22    1866.92    494.708     1606     3327     
 58.75   172     10545    1372.22    1866.9     494.684     1701     3357     
 58.82   172     10550    1372.22    1866.9     494.684     1706     3358     
 60.08   173     10631    1372.22    1866.73    494.516     1645     3384     
 60.35   173     10650    1372.22    1866.73    494.516     1664     3393     
 60.78   174     10700    1372.22    1866.49    494.272     1714     3407     
 61.64   175     10751    1372.22    1866.43    494.212     1585     3417     
 62.8    176     10800    1372.22    1866.12    493.907     1634     3433     
 63.52   177     10867    1372.22    1865.89    493.673     1701     3453     
 64.83   178     10925    1372.22    1865.89    493.673     1599     3471     
 65.34   178     10950    1372.22    1865.89    493.673     1624     3489     
 66.13   179     11017    1372.22    1865.89    493.673     1691     3504     
 67.93   180     11081    1372.22    1865.72    493.504     1755     3524     
 68.78   180     11100    1372.22    1865.72    493.504     1631     3536     
 69.2    182     11171    1372.22    1865.05    492.835     1702     3550     
 69.5    183     11217    1372.22    1864.83    492.611     1748     3562     
 70.25   184     11277    1372.22    1864.5     492.279     1663     3580     
 71.04   184     11300    1372.22    1864.5     492.279     1686     3598     
 71.3    185     11350    1372.22    1864.46    492.244     1736     3605     
 73.93   186     11413    1372.22    1864.33    492.117     1640     3624     
 74.22   187     11461    1372.22    1864.28    492.068     1688     3636     
 74.82   188     11533    1372.22    1863.92    491.701     1760     3660     
 75.6    188     11550    1372.22    1863.92    491.701     1777     3671     
 76.37   189     11605    1372.22    1863.86    491.639     1650     3682     
 76.72   190     11659    1372.22    1863.8     491.588     1704     3698     
 77.12   191     11717    1372.22    1863.69    491.473     1762     3714     
 77.97   192     11781    1372.22    1863.68    491.467     1669     3732     
 78.15   192     11800    1372.22    1863.68    491.467     1688     3741     
 79.01   193     11850    1372.22    1863.65    491.438     1738     3751     
 79.29   194     11900    1372.22    1863.65    491.438     1788     3765     
 79.94   195     11950    1372.22    1863.43    491.216     1684     3777     
 80.3    196     12000    1372.22    1863.41    491.197     1734     3793     
 80.8    197     12061    1372.22    1863.34    491.122     1795     3812     
 82.25   198     12121    1372.22    1863.33    491.111     1684     3832     
 82.5    199     12159    1372.22    1863.31    491.091     1722     3844     
 82.87   200     12209    1372.22    1862.98    490.763     1772     3856     
 83.53   201     12283    1372.22    1862.69    490.473     1846     3880     
 84.12   201     12300    1372.22    1862.69    490.473     1709     3890     
 85.11   202     12359    1372.22    1862.69    490.473     1768     3903     
 85.64   203     12437    1372.22    1862.58    490.359     1846     3929     
 85.82   203     12450    1372.22    1862.58    490.359     1859     3936     
 86.62   204     12505    1372.22    1862.56    490.345     1771     3950     
 87.11   205     12567    1372.22    1862.54    490.323     1833     3968     
 87.55   206     12600    1372.22    1862.54    490.323     1866     3988     
 89      206     12650    1372.22    1862.45    490.235     1756     3999     
 89.41   207     12700    1372.22    1862.29    490.075     1806     4014     
 91.99   208     12750    1372.22    1862.29    490.075     1754     4029     
 92.46   209     12815    1372.22    1862.16    489.942     1819     4045     
 92.77   210     12853    1372.22    1862.16    489.94      1857     4055     
 93.16   211     12900    1372.22    1861.88    489.661     1904     4071     
 94.94   212     12967    1372.22    1861.78    489.562     1809     4091     
 95.37   213     13013    1372.22    1861.61    489.392     1855     4108     
 95.86   213     13050    1372.22    1861.61    489.392     1892     4133     
 96.9    214     13133    1372.22    1861.59    489.378     1799     4151     
 97.08   214     13150    1372.22    1861.59    489.378     1816     4161     
 97.47   215     13200    1372.22    1861.51    489.298     1866     4177     
 98.55   216     13250    1372.22    1861.08    488.867     1916     4188     
 99.02   217     13305    1372.22    1860.97    488.751     1971     4202     
 100.05  217     13350    1372.22    1860.97    488.751     1878     4233     
 100.34  218     13407    1372.22    1860.97    488.751     1935     4236     
 100.93  219     13471    1372.22    1860.82    488.603     1999     4256     
 102.61  220     13521    1372.22    1860.68    488.462     1861     4270     
 102.98  221     13569    1372.22    1860.67    488.455     1909     4286     
 103.42  221     13600    1372.22    1860.67    488.455     1940     4309     
 103.79  222     13650    1372.22    1860.66    488.443     1990     4317     
 104.78  223     13711    1372.22    1860.66    488.443     1906     4335     
 105.4   223     13750    1372.22    1860.66    488.443     1945     4363     
 105.69  224     13800    1372.22    1860.38    488.167     1995     4364     
 107.28  225     13873    1372.22    1860.21    487.992     2068     4390     
 107.64  225     13900    1372.22    1860.21    487.992     2095     4406     
 108.49  226     13950    1372.22    1860.19    487.972     1984     4416     
 108.91  227     14000    1372.22    1860.14    487.927     2034     4429     
 109.47  228     14057    1372.22    1860.08    487.861     2091     4446     
 110.3   229     14101    1372.22    1860.06    487.84      1958     4460     
 111.55  230     14150    1372.22    1859.95    487.738     2007     4474     
 114.87  231     14200    1372.22    1859.92    487.704     1977     4488     
 115.29  232     14250    1372.22    1859.64    487.422     2027     4502     
 115.79  234     14317    1372.22    1859.49    487.272     2094     4511     
 116.23  235     14363    1372.22    1859.43    487.215     2140     4525     
 117.34  235     14400    1372.22    1859.43    487.215     2014     4548     
 118.64  236     14463    1372.22    1859.34    487.126     2077     4556     
 119.1   237     14513    1372.22    1859.12    486.902     2127     4571     
 119.78  238     14585    1372.22    1859.09    486.877     2199     4591     
 120.51  238     14600    1372.22    1859.09    486.877     2063     4598     
 120.96  239     14650    1372.22    1858.92    486.701     2113     4610     
 121.53  240     14700    1372.22    1858.8     486.582     2163     4633     
 122.03  241     14750    1372.22    1858.49    486.269     2213     4647     
 123.56  242     14805    1372.22    1858.13    485.911     2268     4661     
 124.67  243     14857    1372.22    1858.06    485.839     2145     4678     
 125.12  244     14905    1372.22    1858.02    485.804     2193     4694     
 125.46  245     14950    1372.22    1857.79    485.578     2238     4703     
 125.97  246     15000    1372.22    1857.73    485.51      2288     4720     
 127.08  247     15057    1372.22    1857.72    485.504     2184     4735     
 127.57  248     15100    1373.88    1857.7     483.816     2227     4752     
 129.1   249     15161    1373.88    1857.68    483.794     2288     4767     
 129.77  250     15223    1374.03    1857.57    483.538     2350     4788     
 130.89  251     15273    1374.04    1857.56    483.52      2227     4803     
 131.45  252     15325    1374.04    1857.45    483.411     2279     4820     
 131.87  252     15350    1374.04    1857.45    483.411     2304     4837     
 132.32  253     15403    1374.04    1857.2     483.159     2357     4845     
 134.61  254     15455    1374.04    1857.15    483.106     2221     4859     
 135.11  255     15500    1374.04    1856.78    482.736     2266     4875     
 135.81  256     15565    1374.04    1856.69    482.645     2331     4895     
 136.25  257     15611    1374.04    1856.65    482.604     2377     4908     
 136.7   258     15651    1374.04    1856.64    482.592     2417     4921     
 138.09  259     15717    1374.04    1856.59    482.546     2302     4943     
 138.62  259     15750    1374.04    1856.59    482.546     2335     4963     
 140.13  260     15801    1374.04    1856.51    482.471     2386     4970     
 140.71  261     15850    1374.04    1856.47    482.427     2435     4987     
 146.08  263     15913    1374.04    1856.43    482.388     2312     5002     
 146.77  264     15971    1374.04    1856.41    482.371     2370     5021     
 147.18  264     16000    1374.04    1856.41    482.371     2399     5036     
 147.61  265     16050    1374.04    1856.34    482.299     2449     5045     
 148.16  266     16100    1374.04    1856.34    482.293     2499     5060     
 150.83  267     16167    1374.04    1856.32    482.281     2363     5079     
 151.42  268     16225    1374.04    1856.22    482.174     2421     5096     
 151.81  269     16261    1374.04    1856.19    482.146     2457     5106     
 152.66  270     16331    1374.04    1856.15    482.108     2527     5131     
 152.98  270     16350    1374.04    1856.15    482.108     2546     5141     
 154.4   271     16413    1374.04    1856.15    482.108     2396     5154     
 155.15  272     16473    1374.04    1856.14    482.093     2456     5175     
 156.83  273     16523    1374.04    1856.1     482.057     2506     5192     
 157.34  273     16550    1374.04    1856.1     482.057     2533     5208     
 157.91  274     16607    1374.04    1856.06    482.018     2590     5217     
 159.21  275     16655    1374.04    1855.98    481.937     2443     5229     
 159.9   276     16713    1374.04    1855.83    481.788     2501     5250     
 160.49  277     16763    1374.04    1855.73    481.682     2551     5265     
 160.92  278     16800    1374.04    1855.59    481.548     2588     5274     
 161.53  279     16850    1374.04    1855.55    481.504     2638     5290     
 164.33  280     16905    1374.04    1855.47    481.426     2497     5308     
 164.9   281     16950    1384.99    1855.4     470.418     2542     5324     
 165.5   282     17011    1387.96    1854.83    466.867     2603     5338     
 166.15  283     17065    1387.96    1854.79    466.831     2657     5353     
 166.9   283     17100    1387.96    1854.79    466.831     2692     5379     
 167.44  284     17150    1387.96    1854.67    466.708     2742     5387     
 169.1   285     17231    1388.22    1854.59    466.372     2634     5404     
 169.49  285     17250    1388.22    1854.59    466.372     2653     5416     
 171.89  286     17333    1388.22    1854.03    465.812     2736     5438     
 172.33  286     17350    1388.22    1854.03    465.812     2753     5451     
 173     287     17407    1388.22    1853.34    465.116     2810     5461     
 174.82  288     17477    1388.22    1853.28    465.058     2683     5484     
 175.18  288     17500    1388.22    1853.28    465.058     2706     5498     
 175.86  289     17550    1388.22    1852.76    464.536     2756     5515     
 176.62  290     17613    1388.24    1852.59    464.35      2819     5529     
 178.9   290     17650    1388.24    1852.59    464.35      2856     5557     
 180.41  291     17707    1388.24    1852.53    464.287     2686     5562     
 181.31  292     17775    1388.24    1852.53    464.287     2754     5582     
 187.7   293     17815    1388.24    1852.04    463.793     2710     5596     
 188.16  294     17851    1389.5     1851.79    462.297     2746     5606     
 188.88  295     17900    1389.5     1851.79    462.289     2795     5622     
 189.85  296     17969    1389.61    1851.61    462.005     2864     5641     
 190.48  297     18015    1389.61    1850.69    461.084     2910     5656     
 192.75  298     18081    1389.61    1850.65    461.037     2976     5677     
 194.07  298     18100    1389.61    1850.65    461.037     2810     5689     
 195.07  299     18181    1389.73    1850.65    460.916     2891     5709     
 195.48  299     18200    1389.73    1850.65    460.916     2910     5721     
 196.11  300     18250    1389.74    1850.65    460.906     2960     5731     
 196.87  301     18300    1389.74    1850.32    460.579     3010     5749     
 197.61  302     18351    1389.74    1850.3     460.561     3061     5763     
 199.5   303     18407    1389.74    1850.3     460.561     2887     5782     
 202.03  304     18485    1389.74    1850.05    460.31      2965     5806     
 202.31  304     18500    1389.74    1850.05    460.31      2980     5814     
 202.79  305     18550    1399.76    1849.73    449.971     3030     5824     
 203.86  306     18623    1399.76    1849.48    449.723     3103     5845     
 204.44  306     18650    1399.76    1849.48    449.723     3130     5864     
 206.13  307     18700    1399.76    1849.09    449.327     2978     5875     
 206.77  308     18750    1399.76    1849.09    449.327     3028     5889     
 207.5   309     18800    1399.76    1848.96    449.196     3078     5906     
 209.72  310     18850    1399.76    1848.95    449.193     3128     5916     
 210.49  311     18900    1402.12    1848.81    446.687     3178     5932     
 212.45  312     18950    1402.4     1848.26    445.864     3024     5947     
 213.57  313     19023    1402.63    1848.26    445.629     3097     5968     
 214.29  314     19069    1402.65    1847.93    445.286     3143     5984     
 214.79  314     19100    1402.65    1847.93    445.286     3174     6002     
 215.37  315     19150    1402.65    1847.91    445.262     3224     6011     
 216.03  316     19200    1402.65    1847.82    445.172     3274     6021     
 219.88  317     19259    1402.65    1847.47    444.821     3091     6039     
 220.37  318     19300    1402.66    1847.4     444.734     3132     6048     
 221.46  319     19373    1402.66    1847.27    444.612     3205     6068     
 222.17  319     19400    1402.66    1847.27    444.612     3232     6086     
 222.85  320     19450    1402.66    1847.27    444.612     3282     6096     
 223.95  321     19519    1402.66    1847.26    444.601     3351     6117     
 224.67  322     19565    1402.66    1847.26    444.601     3397     6131     
 226.94  322     19600    1402.66    1847.26    444.601     3200     6154     
 229.7   323     19681    1402.66    1847.03    444.373     3281     6171     
 230.16  324     19713    1402.66    1846.9     444.234     3313     6180     
 231.12  324     19750    1402.66    1846.9     444.234     3350     6203     
 231.73  325     19800    1402.66    1846.8     444.139     3400     6209     
 232.69  326     19863    1402.66    1846.74    444.08      3463     6225     
 234.97  327     19917    1402.66    1846.68    444.016     3240     6241     
 235.94  328     19973    1402.66    1846.65    443.988     3296     6258     
 236.33  329     20000    1402.66    1846.57    443.904     3323     6263     
 237.02  330     20057    1402.66    1846.57    443.904     3380     6279     
 249.15  331     20141    1402.66    1846.33    443.671     3255     6306     
 249.3   331     20150    1402.66    1846.33    443.671     3264     6308     
 250.08  332     20200    1402.66    1846.31    443.651     3314     6327     
 250.95  333     20250    1402.66    1846.31    443.651     3364     6342     
 251.85  335     20300    1402.66    1846.25    443.59      3414     6359     
 252.88  336     20375    1402.66    1846.17    443.502     3489     6371     
 253.56  336     20400    1402.66    1846.17    443.502     3514     6389     
 254.48  337     20450    1402.66    1846.03    443.364     3564     6404     
 257.04  338     20500    1402.66    1846.01    443.352     3356     6423     
 257.83  339     20550    1402.66    1846.01    443.351     3406     6436     
 260.64  340     20600    1402.66    1845.91    443.246     3456     6451     
 261.59  341     20650    1402.66    1845.9     443.239     3506     6469     
 262.4   342     20700    1402.66    1845.88    443.219     3556     6483     
 263.04  344     20753    1403.67    1845.66    441.993     3609     6490     
 265.84  345     20825    1403.67    1845.55    441.881     3428     6512     
 266.6   345     20850    1403.67    1845.55    441.881     3453     6530     
 267.45  347     20913    1403.93    1845.49    441.565     3516     6541     
 268.38  348     20963    1403.95    1845.47    441.516     3566     6558     
 268.82  349     21000    1403.95    1845.35    441.399     3603     6561     
 272.36  350     21083    1403.95    1845.23    441.281     3686     6587     
 272.8   350     21100    1403.95    1845.23    441.281     3703     6598     
 273.64  351     21153    1403.95    1845.19    441.236     3756     6607     
 276     352     21200    1403.95    1845.11    441.16      3534     6620     
 277.09  353     21261    1403.95    1845.1     441.15      3595     6638     
 277.76  354     21300    1403.95    1845.09    441.14      3634     6647     
 278.76  355     21350    1403.95    1845.06    441.104     3684     6661     
 279.65  356     21400    1403.95    1844.99    441.039     3734     6676     
 280.39  357     21450    1403.95    1844.97    441.015     3784     6692     
 283.3   358     21500    1403.95    1844.89    440.937     3834     6708     
 285.62  360     21553    1403.95    1844.8     440.85      3635     6717     
 286.57  361     21600    1403.95    1844.73    440.781     3682     6731     
 287.72  363     21671    1403.95    1844.71    440.756     3753     6748     
 288.68  364     21723    1403.95    1844.39    440.442     3805     6760     
 289.4   364     21750    1403.95    1844.39    440.442     3832     6774     
 290.13  365     21800    1403.95    1844.35    440.4       3882     6780     
 291.12  366     21855    1403.95    1844.26    440.311     3937     6796     
 294.29  367     21929    1403.95    1844.2     440.251     3724     6818     
 297.1   368     21969    1403.95    1844.08    440.133     3764     6828     
 297.88  369     22015    1403.95    1844.04    440.093     3810     6840     
 298.59  370     22055    1403.95    1844.04    440.085     3850     6849     
 299.97  370     22100    1403.95    1844.04    440.085     3895     6878     
 300.63  371     22151    1403.95    1844.04    440.084     3946     6879     
 301.95  372     22215    1403.95    1844.03    440.074     4010     6896     
 304.85  373     22250    1403.95    1844.03    440.074     3730     6920     
 305.55  373     22300    1403.95    1843.97    440.016     3780     6929     
 306.44  374     22350    1403.95    1843.89    439.942     3830     6944     
 310.02  375     22417    1403.95    1843.73    439.781     3897     6963     
 310.87  376     22459    1403.95    1843.72    439.769     3939     6975     
 311.82  377     22501    1403.95    1843.6     439.652     3981     6988     
 313.04  378     22559    1403.95    1843.43    439.48      4039     7004     
 314.04  379     22615    1403.95    1843.43    439.476     4095     7018     
 317.24  380     22683    1403.95    1843.34    439.391     3821     7040     
 317.74  380     22700    1403.95    1843.34    439.391     3838     7051     
 318.86  381     22750    1403.95    1843.21    439.262     3888     7068     
 319.81  382     22800    1403.95    1843.21    439.256     3938     7076     
 320.71  383     22850    1403.95    1843.19    439.236     3988     7092     
 324.38  385     22917    1403.97    1843.14    439.164     4055     7109     
 325.28  386     22953    1403.97    1843.06    439.086     4091     7121     
 341.47  387     23013    1403.97    1842.95    438.975     3843     7140     
 342.38  388     23055    1403.97    1842.92    438.943     3885     7149     
 344.56  389     23123    1403.97    1842.73    438.757     3953     7172     
 345.55  389     23150    1403.97    1842.73    438.757     3980     7189     
 346.87  390     23200    1403.97    1842.73    438.757     4030     7202     
 348.05  391     23250    1403.97    1842.49    438.512     4080     7219     
 348.87  392     23301    1403.97    1842.41    438.44      4131     7225     
 350.03  393     23350    1403.97    1842.23    438.259     4180     7246     
 355.32  394     23400    1403.97    1841.92    437.942     3921     7256     
 356.24  395     23451    1403.97    1841.82    437.844     3972     7270     
 357.48  396     23513    1403.97    1841.69    437.713     4034     7289     
 358.39  397     23559    1403.97    1841.69    437.713     4080     7303     
 359.16  398     23600    1403.97    1841.45    437.476     4121     7319     
 360     399     23650    1403.97    1841.38    437.403     4171     7332     
 361.18  400     23701    1403.97    1841.27    437.295     4222     7349     
 362.22  401     23750    1403.97    1841.2     437.223     4271     7364     
 365.51  402     23800    1403.97    1841.15    437.18      4048     7382     
 369.1   403     23850    1403.97    1841.14    437.171     4098     7402     
 370.06  404     23900    1403.97    1841.03    437.06      4148     7414     
 371.16  405     23950    1403.97    1841.01    437.04      4198     7432     
 372.21  406     24007    1403.97    1840.99    437.019     4255     7446     
 373.16  407     24053    1407.56    1840.92    433.356     4301     7459     
 374.74  408     24143    1408.52    1840.75    432.226     4391     7485     
 374.91  408     24150    1408.52    1840.75    432.226     4398     7486     
 378.13  409     24200    1408.52    1840.49    431.969     4172     7507     
 379.06  410     24250    1408.52    1840.37    431.842     4222     7522     
 380     411     24300    1408.52    1840.27    431.742     4272     7535     
 383.41  412     24350    1408.52    1840.21    431.687     4322     7546     
 384.79  413     24400    1409.63    1840.2     430.569     4372     7570     
 385.94  414     24459    1409.63    1840.15    430.524     4431     7579     
 387.45  414     24500    1409.63    1840.15    430.524     4472     7606     
 388.21  415     24550    1410.8     1840.02    429.22      4522     7608     
 389.59  416     24600    1411.32    1839.65    428.325     4572     7631     
 393.54  417     24673    1411.32    1839.57    428.249     4326     7648     
 394.58  417     24700    1411.32    1839.57    428.249     4353     7665     
 396.03  418     24769    1411.47    1839.34    427.867     4422     7675     
 397.24  418     24800    1411.47    1839.34    427.867     4453     7694     
 400.68  419     24850    1411.48    1839.22    427.737     4503     7698     
 402.52  420     24937    1411.48    1839.22    427.737     4590     7722     
 403.01  420     24950    1411.48    1839.22    427.737     4603     7730     
 404.14  421     25005    1411.48    1839.22    427.737     4658     7742     
 408.25  421     25050    1411.48    1839.22    427.737     4383     7773     
 409.24  422     25109    1411.48    1839.22    427.737     4442     7776     
 410.65  422     25150    1411.48    1839.22    427.737     4483     7805     
 411.99  423     25225    1411.48    1839.15    427.663     4558     7816     
 412.82  423     25250    1411.48    1839.15    427.663     4583     7833     
 413.92  424     25305    1411.48    1839.13    427.647     4638     7842     
 415.16  425     25357    1411.48    1838.92    427.435     4690     7857     
 418.89  426     25400    1411.48    1838.58    427.101     4733     7872     
 423.29  427     25489    1411.49    1838.37    426.883     4499     7898     
 423.6   427     25500    1411.49    1838.37    426.883     4510     7904     
 425.29  429     25579    1411.86    1837.81    425.945     4589     7925     
 426.12  429     25600    1411.86    1837.81    425.945     4610     7940     
 427.5   430     25661    1411.86    1837.81    425.943     4671     7952     
 428.93  431     25719    1411.86    1837.57    425.706     4729     7971     
 430.07  432     25750    1411.86    1837.57    425.706     4760     7990     
 431.36  432     25800    1411.86    1837.48    425.616     4810     8004     
 432.9   433     25871    1411.86    1837.41    425.552     4881     8017     
 436.64  434     25909    1411.86    1837.37    425.511     4919     8030     
 440.93  434     25950    1411.86    1837.37    425.511     4632     8059     
 441.97  435     26009    1411.86    1837.37    425.511     4691     8064     
 443.16  436     26061    1411.86    1837.32    425.461     4743     8076     
 444.72  437     26125    1411.86    1837.29    425.429     4807     8095     
 445.45  437     26150    1411.86    1837.29    425.429     4832     8111     
 446.41  438     26200    1411.86    1837.24    425.375     4882     8122     
 447.61  439     26250    1411.86    1837.19    425.332     4932     8136     
 449.24  440     26309    1411.86    1837.19    425.332     4991     8154     
 450.72  440     26350    1411.86    1837.19    425.332     5032     8184     
 451.57  441     26400    1411.86    1837.16    425.294     5082     8187     
 475.73  442     26450    1411.89    1837.13    425.237     4708     8207     
 479.68  443     26505    1411.89    1837.11    425.212     4763     8215     
 481.34  444     26569    1411.89    1837.08    425.19      4827     8237     
 482.44  444     26600    1411.89    1837.08    425.19      4858     8258     
 483.45  445     26650    1411.9     1837.02    425.127     4908     8269     
 485.14  446     26723    1411.9     1837.02    425.127     4981     8287     
 486.19  447     26765    1411.9     1836.95    425.051     5023     8300     
 487.63  448     26811    1411.9     1836.88    424.982     5069     8316     
 488.87  449     26859    1412.35    1836.87    424.515     5117     8329     
 490.61  449     26900    1412.35    1836.87    424.515     5158     8359     
 494.77  450     26959    1412.4     1836.84    424.441     4826     8363     
 495.85  451     27000    1412.4     1836.66    424.261     4867     8377     
 500.9   452     27071    1412.4     1836.51    424.102     4938     8396     
 501.99  453     27117    1412.4     1836.45    424.046     4984     8408     
 503.45  454     27169    1412.4     1836.32    423.912     5036     8425     
 504.81  455     27213    1412.45    1835.95    423.5       5080     8441     
 506.2   455     27250    1412.45    1835.95    423.5       5117     8461     
 507.1   456     27300    1412.45    1835.9     423.444     5167     8464     
 508.64  457     27355    1412.45    1835.68    423.224     5222     8481     
 510.38  458     27421    1412.46    1835.48    423.026     5288     8502     
 514.37  458     27450    1412.46    1835.48    423.026     4956     8519     
 515.25  459     27500    1412.46    1835.39    422.933     5006     8525     
 516.66  460     27555    1412.46    1835.06    422.605     5061     8544     
 521.01  461     27605    1412.46    1835.06    422.602     5111     8557     
 522.11  462     27650    1412.46    1835.06    422.602     5156     8569     
 523.45  463     27709    1412.46    1835.06    422.602     5215     8587     
 524.99  464     27765    1412.46    1835.06    422.602     5271     8606     
 526.51  465     27800    1412.46    1835.06    422.602     5306     8630     
 527.5   465     27850    1412.46    1835.01    422.555     5356     8636     
 528.75  466     27900    1412.46    1834.93    422.473     5406     8649     
 534.1   468     27955    1412.46    1834.76    422.303     5096     8658     
 535.37  469     28000    1419.31    1834.68    415.364     5141     8670     
 537.22  470     28065    1419.31    1834.64    415.323     5206     8688     
 538.23  471     28115    1419.31    1834.58    415.269     5256     8700     
 539.49  472     28153    1420.07    1834.53    414.462     5294     8713     
 544.17  473     28200    1420.07    1834.53    414.462     5341     8727     
 545.51  474     28255    1420.07    1834.28    414.204     5396     8740     
 546.91  475     28300    1420.14    1834.22    414.079     5441     8759     
 548.19  476     28350    1420.14    1834.05    413.908     5491     8770     
 549.38  477     28400    1420.14    1834.04    413.9       5541     8782     
 554.31  478     28450    1420.14    1834.02    413.873     5201     8797     
 555.65  479     28500    1420.15    1834       413.85      5251     8811     
 557.55  480     28567    1420.15    1833.91    413.762     5318     8832     
 558.95  480     28600    1420.15    1833.91    413.762     5351     8858     
 560.25  481     28655    1420.15    1833.91    413.762     5406     8866     
 561.51  482     28700    1420.15    1833.76    413.612     5451     8878     
 562.88  483     28750    1420.15    1833.7     413.553     5501     8892     
 567.68  485     28811    1420.15    1833.62    413.474     5562     8902     
 568.87  486     28853    1420.15    1833.46    413.313     5604     8914     
 570.97  487     28921    1420.15    1833.46    413.313     5672     8935     
 572.14  487     28950    1420.15    1833.46    413.313     5701     8954     
 577.1   488     29000    1420.15    1833.43    413.282     5322     8964     
 578.41  489     29050    1420.15    1833.41    413.261     5372     8980     
 579.67  490     29103    1420.15    1833.39    413.241     5425     8988     
 580.86  491     29155    1420.15    1833.28    413.137     5477     8999     
 583.34  492     29237    1420.15    1833.28    413.133     5559     9024     
 583.84  492     29250    1420.15    1833.28    413.133     5572     9030     
 585.74  494     29313    1420.15    1833.09    412.949     5635     9046     
 586.61  495     29350    1420.15    1832.99    412.84      5672     9053     
 592.69  496     29427    1420.15    1832.99    412.84      5749     9081     
 593.76  496     29450    1420.15    1832.99    412.84      5772     9098     
 599     498     29513    1420.15    1832.92    412.775     5396     9108     
 600.31  499     29561    1420.15    1832.77    412.625     5444     9121     
 602.22  500     29631    1420.15    1832.67    412.527     5514     9143     
 602.99  500     29650    1420.15    1832.67    412.527     5533     9154     
 604.26  501     29700    1420.15    1832.61    412.463     5583     9164     
 605.94  502     29750    1420.15    1832.35    412.202     5633     9179     
 607.47  503     29800    1420.15    1832.33    412.189     5683     9192     
 609.19  504     29850    1420.15    1832.23    412.084     5733     9211     
 610.76  506     29915    1420.16    1832.15    411.991     5798     9221     
 611.88  507     29953    1420.16    1832.03    411.865     5836     9231     
 613.17  508     30000    1420.16    1831.92    411.758     5883     9246     
 623.73  509     30079    1420.16    1831.69    411.532     5516     9271     
 624.71  509     30100    1420.16    1831.69    411.532     5537     9285     
 626.17  510     30153    1420.16    1831.69    411.532     5590     9295     
 628.1   510     30200    1420.16    1831.69    411.532     5637     9328     
 629.05  511     30253    1420.16    1831.64    411.483     5690     9329     
 630.45  512     30300    1434.08    1831.49    397.411     5737     9344     
 631.79  513     30357    1434.08    1831.4     397.321     5794     9358     
 633.53  514     30415    1434.08    1831.2     397.122     5852     9376     
 635.27  515     30477    1445.87    1831.11    385.237     5914     9392     
 636.31  515     30500    1445.87    1831.11    385.237     5937     9405     
 637.34  516     30551    1448.14    1830.91    382.771     5988     9410     
 639.78  517     30623    1448.14    1830.75    382.615     6060     9435     
 645.52  518     30675    1448.34    1830.73    382.388     5703     9451     
 646.35  518     30700    1448.34    1830.73    382.388     5728     9465     
 652.02  519     30773    1449.6     1830.64    381.047     5801     9477     
 652.93  519     30800    1449.6     1830.64    381.047     5828     9492     
 654.39  520     30850    1449.6     1830.61    381.013     5878     9501     
 688.87  521     30931    1449.6     1830.59    380.991     5744     9523     
 689.79  521     30950    1449.6     1830.59    380.991     5763     9537     
 691.1   522     31000    1449.6     1830.42    380.826     5813     9547     
 692.33  523     31050    1449.72    1830.26    380.54      5863     9556     
 693.61  524     31100    1449.72    1830.22    380.492     5913     9570     
 695.97  525     31173    1449.74    1830.17    380.431     5986     9591     
 697.4   526     31200    1449.74    1830.17    380.431     6013     9609     
 698.94  526     31250    1449.74    1829.99    380.257     6063     9625     
 700.12  527     31300    1449.86    1829.92    380.062     6113     9632     
 701.72  528     31350    1449.86    1829.76    379.904     6163     9647     
 708.29  529     31417    1449.87    1829.65    379.777     6230     9668     
 709.72  530     31450    1449.87    1829.65    379.777     6263     9689     
 711.15  530     31500    1449.87    1829.54    379.673     6313     9701     
 717.57  531     31559    1449.88    1829.51    379.625     5911     9712     
 718.77  532     31607    1449.88    1829.46    379.58      5959     9726     
 720.88  533     31681    1449.88    1829.23    379.344     6033     9747     
 721.72  533     31700    1449.88    1829.23    379.344     6052     9758     
 723.01  534     31750    1449.88    1829.18    379.296     6102     9765     
 724.28  535     31800    1449.88    1829.07    379.184     6152     9780     
 727.26  536     31887    1449.88    1828.95    379.068     6239     9810     
 727.94  536     31900    1449.88    1828.95    379.068     6252     9819     
 730.96  537     31987    1449.88    1828.95    379.068     6339     9846     
 731.54  537     32000    1449.88    1828.95    379.068     6352     9852     
 738.66  538     32085    1449.88    1828.95    379.068     6437     9873     
 744.13  538     32100    1449.88    1828.95    379.068     5977     9883     
 745.49  539     32150    1449.88    1828.93    379.045     6027     9895     
 746.98  540     32200    1449.88    1828.84    378.954     6077     9906     
 749.11  541     32265    1449.88    1828.82    378.934     6142     9928     
 750.88  542     32327    1449.88    1828.79    378.903     6204     9944     
 751.82  543     32357    1449.88    1828.76    378.873     6234     9954     
 753.96  544     32425    1449.88    1828.61    378.726     6302     9972     
 755.14  544     32450    1449.88    1828.61    378.726     6327     9986     
 757.91  545     32533    1449.88    1828.59    378.709     6410     10007    
 758.5   545     32550    1449.88    1828.59    378.709     6427     10015    
 760.24  546     32600    1449.88    1828.53    378.644     6477     10034    
 761.97  547     32661    1449.88    1828.52    378.639     6538     10044    
 768.17  548     32700    1449.88    1828.4     378.514     6094     10054    
 774.5   549     32753    1449.88    1828.34    378.453     6147     10070    
 775.58  550     32800    1449.88    1828.34    378.453     6194     10080    
 777.29  551     32850    1449.88    1828.31    378.421     6244     10096    
 779.07  552     32900    1449.88    1828.21    378.321     6294     10112    
 781.42  553     32971    1449.88    1828.2     378.32      6365     10130    
 783.23  554     33025    1449.88    1828.11    378.229     6419     10148    
 784.46  554     33050    1449.88    1828.11    378.229     6444     10164    
 786.34  555     33100    1449.88    1828.11    378.229     6494     10180    
 788.02  556     33150    1449.88    1828.1     378.217     6544     10189    
 789.74  557     33200    1449.88    1828.08    378.191     6594     10205    
 791.5   558     33251    1449.88    1828.02    378.133     6645     10222    
 792.82  559     33303    1449.88    1828       378.113     6697     10235    
 800.12  560     33373    1449.88    1828       378.113     6293     10255    
 806.29  560     33400    1449.88    1828       378.113     6320     10275    
 807.73  561     33451    1449.88    1827.93    378.042     6371     10283    
 809.14  562     33500    1449.88    1827.83    377.95      6420     10293    
 810.38  564     33555    1449.88    1827.69    377.807     6475     10303    
 812.42  565     33619    1449.88    1827.67    377.787     6539     10327    
 814.43  566     33675    1449.88    1827.67    377.787     6595     10344    
 815.85  566     33700    1449.88    1827.67    377.787     6620     10360    
 818.34  567     33771    1449.88    1827.62    377.738     6691     10374    
 819.98  567     33800    1449.88    1827.62    377.738     6720     10393    
 821.39  568     33850    1449.88    1827.61    377.726     6770     10399    
 823.97  569     33927    1449.88    1827.56    377.678     6847     10419    
 830.89  569     33950    1449.88    1827.56    377.678     6339     10434    
 832.71  570     34011    1449.89    1827.47    377.585     6400     10445    
 835.64  571     34083    1449.89    1827.35    377.461     6472     10467    
 841.47  571     34100    1449.89    1827.35    377.461     6489     10478    
 843.09  572     34150    1449.89    1827.3     377.412     6539     10491    
 844.51  573     34200    1449.89    1827.17    377.281     6589     10505    
 847.59  574     34277    1449.89    1826.65    376.764     6666     10529    
 848.64  574     34300    1449.89    1826.65    376.764     6689     10546    
 850.31  575     34350    1449.89    1826.62    376.732     6739     10560    
 852.11  576     34400    1449.89    1826.52    376.632     6789     10577    
 853.63  577     34450    1449.89    1826.43    376.548     6839     10587    
 856.21  578     34515    1449.89    1826.3     376.416     6904     10608    
 857.57  579     34551    1449.89    1826.21    376.321     6940     10620    
 864.5   580     34601    1449.89    1826.21    376.321     6526     10638    
 866.65  581     34669    1449.89    1826.21    376.321     6594     10660    
 868.17  582     34711    1449.89    1826.16    376.272     6636     10672    
 869.86  583     34759    1449.89    1825.99    376.102     6684     10687    
 876.05  584     34800    1449.89    1825.95    376.063     6725     10696    
 879.34  585     34899    1449.89    1825.82    375.931     6824     10720    
 879.45  585     34900    1449.89    1825.82    375.931     6825     10720    
 880.95  586     34959    1449.89    1825.8     375.915     6884     10736    
 882.85  586     35000    1449.89    1825.8     375.915     6925     10760    
 884.06  587     35053    1449.89    1825.78    375.891     6978     10763    
 886.47  588     35113    1449.89    1825.78    375.891     7038     10783    
 887.76  589     35153    1449.89    1825.77    375.881     7078     10794    
 889.67  590     35200    1449.89    1825.75    375.862     7125     10807    
 897.72  592     35257    1449.96    1825.73    375.765     6697     10822    
 899.74  593     35303    1449.97    1825.73    375.758     6743     10838    
 902.5   594     35377    1449.97    1825.56    375.587     6817     10861    
-------------------------------------------------------------------------------

SARSOP finishing ...
  Preset timeout reached
  Timeout     : 900.000000s
  Actual Time : 902.500000s

-------------------------------------------------------------------------------
 Time   |#Trial |#Backup |LBound    |UBound    |Precision  |#Alphas |#Beliefs  
-------------------------------------------------------------------------------
 907.94  594     35377    1449.97    1825.56    375.587     6700     10861    
-------------------------------------------------------------------------------

Writing out policy ...
  output file : /home/eliranab/FDMAP/Resources/policies/RS-5x4_2C_2S_2P_TEAM_car2.policy

Solve took 
real	15m19.592s
user	15m18.591s
sys	0m0.884s
