
Loading the model ...
  input file   : /home/eliranab/FDMAP/Resources/problems/RS-5x4_2C_2S_2P_TEAM.pomdpx
  loading time : 1.16s 

SARSOP initializing ...
In sarsop::initialize
0.1
0.2
0.3
0.4
0.5
0.6
0.7
0.8
0.8.1
0.8.2
0.8.3
0.8.4
0.8.5
0.8.6
0.9
0.10
Finished sarsop::initialize
1
2
3
4
5
6
  initialization time : 0.20s

-------------------------------------------------------------------------------
 Time   |#Trial |#Backup |LBound    |UBound    |Precision  |#Alphas |#Beliefs  
-------------------------------------------------------------------------------
 0.2     0       0        0          1252.27    1252.27     19       1        
 0.22    2       50       608.769    1247.82    639.048     23       24       
 0.23    3       100      937.926    1234.37    296.444     50       35       
 0.25    4       161      937.926    1231.64    293.71      66       51       
 0.28    5       221      937.926    1231.09    293.168     81       68       
 0.3     5       250      937.926    1231.09    293.168     103      86       
 0.32    6       300      937.926    1231.03    293.105     121      97       
 0.35    8       351      965.276    1226.91    261.634     153      109      
 0.39    9       411      966.943    1226.91    259.967     169      126      
 0.43    9       450      966.943    1226.91    259.967     183      148      
 0.45    10      500      966.943    1226.48    259.536     198      153      
 0.5     11      561      966.943    1225.75    258.803     214      170      
 0.54    12      600      969.245    1225.66    256.415     240      186      
 0.59    14      661      974.099    1222.28    248.181     257      205      
 0.65    15      721      974.099    1222.28    248.181     278      225      
 0.7     15      750      974.099    1222.28    248.181     289      244      
 0.73    16      800      974.099    1221.7     247.6       295      249      
 0.8     17      850      974.099    1220.49    246.394     332      271      
 0.86    18      901      974.099    1219.97    245.871     336      280      
 0.94    20      957      988.883    1218.32    229.433     383      299      
 1       21      1000     992.591    1217.82    225.229     417      315      
 1.09    23      1075     1014.36    1217.67    203.308     440      336      
 1.15    24      1119     1014.36    1217.4     203.043     484      350      
 1.22    25      1163     1014.36    1217.4     203.043     506      364      
 1.3     26      1200     1014.36    1217.4     203.043     514      379      
 1.39    27      1257     1014.36    1217.4     203.043     555      398      
 1.47    28      1307     1014.36    1217.32    202.964     578      415      
 1.57    30      1359     1027.95    1216.73    188.782     602      434      
 1.66    31      1400     1036.82    1215.26    178.438     622      454      
 1.75    32      1450     1036.82    1215.26    178.438     634      466      
 1.84    33      1500     1036.82    1214.8     177.974     684      476      
 1.97    35      1563     1041.07    1214.76    173.688     698      494      
 2.07    36      1611     1041.07    1212.54    171.467     689      509      
 2.18    37      1650     1044.02    1212.47    168.453     728      526      
 2.32    39      1715     1044.02    1211.77    167.746     770      543      
 2.44    40      1761     1044.02    1211.58    167.557     772      558      
 2.56    41      1800     1049.79    1211.52    161.727     811      578      
 2.71    43      1859     1053.16    1211.29    158.133     840      593      
 2.81    44      1900     1053.16    1210.89    157.723     881      605      
 2.97    46      1955     1056.51    1209.2     152.689     910      620      
 3.11    48      2007     1059.69    1208.86    149.169     962      635      
 3.29    49      2050     1059.94    1207.89    147.949     963      653      
 3.43    51      2100     1059.94    1207.01    147.071     1013     663      
 3.61    52      2153     1059.94    1206.63    146.692     1012     680      
 3.8     54      2200     1060.54    1205.48    144.946     1006     698      
 3.96    55      2257     1060.59    1205.09    144.502     1063     708      
 4.16    56      2303     1060.59    1204.97    144.377     1047     721      
 4.37    57      2350     1065.21    1204.69    139.489     1094     742      
 4.61    59      2421     1065.21    1204.12    138.917     1105     756      
 4.83    60      2473     1065.21    1204.1     138.895     1157     776      
 5.06    61      2521     1065.62    1204.1     138.481     1205     796      
 6.21    62      2550     1065.65    1203.69    138.036     1155     804      
 6.45    63      2600     1065.65    1203.69    138.036     1205     827      
 6.66    65      2651     1065.65    1203.16    137.508     1256     838      
 6.97    67      2709     1065.66    1202.7     137.048     1256     859      
 7.21    68      2751     1065.66    1202.69    137.034     1298     874      
 7.55    70      2811     1066.9     1202.3     135.4       1290     892      
 7.8     71      2850     1067.01    1202.28    135.265     1329     909      
 8.07    72      2900     1067.01    1202.12    135.11      1379     931      
 8.38    74      2951     1067.01    1201.6     134.585     1360     942      
 8.69    75      3001     1067.01    1201.31    134.293     1410     958      
 9       76      3050     1067.01    1201.19    134.175     1459     978      
 9.41    78      3113     1068.69    1201.02    132.334     1449     1000     
 9.67    79      3161     1068.69    1201.02    132.334     1497     1015     
 10.06   81      3209     1068.69    1200.92    132.234     1478     1030     
 10.42   83      3250     1068.69    1200.79    132.106     1519     1050     
 10.68   84      3307     1068.69    1200.68    131.997     1576     1062     
 10.99   85      3351     1068.69    1200.61    131.92      1620     1080     
 11.41   87      3413     1068.69    1200.54    131.848     1594     1099     
 11.71   88      3450     1068.69    1200.48    131.798     1631     1111     
 12.02   89      3500     1068.69    1200.47    131.78      1681     1128     
 12.48   91      3561     1068.69    1200.2     131.513     1668     1145     
 12.76   92      3601     1069.4     1199.94    130.548     1708     1157     
 13.17   94      3655     1069.61    1199.79    130.189     1762     1175     
 13.6    96      3700     1069.62    1199.61    129.986     1714     1193     
 13.97   97      3755     1069.62    1199.61    129.986     1769     1204     
 14.33   98      3800     1069.62    1199.59    129.965     1814     1221     
 14.74   100     3850     1069.63    1199.3     129.669     1864     1235     
 17.27   102     3909     1069.63    1199.09    129.462     1781     1250     
 17.73   104     3961     1070.34    1198.85    128.506     1833     1267     
 18.09   105     4000     1070.4     1198.78    128.375     1872     1285     
 18.45   106     4050     1070.4     1198.73    128.332     1922     1298     
 19.09   108     4119     1070.43    1198.71    128.275     1922     1319     
 19.44   109     4150     1070.43    1198.35    127.922     1953     1336     
 19.92   111     4211     1071.26    1198.34    127.083     2014     1348     
 20.32   112     4250     1071.26    1198.32    127.065     2053     1364     
 21      113     4300     1071.26    1198.27    127.011     1990     1384     
 21.36   115     4350     1071.26    1198.11    126.857     2040     1396     
 21.77   117     4400     1072.54    1197.94    125.406     2090     1410     
 22.38   119     4469     1072.54    1197.23    124.69      2159     1430     
 22.77   120     4500     1076.22    1197.05    120.823     2095     1440     
 23.49   122     4571     1076.22    1196.87    120.643     2166     1462     
 23.92   123     4600     1076.22    1196.87    120.643     2195     1484     
 24.39   124     4659     1076.68    1196.72    120.037     2254     1491     
 24.75   125     4700     1076.68    1196.72    120.037     2295     1503     
 25.3    127     4755     1076.68    1196.47    119.785     2215     1519     
 25.94   128     4800     1076.68    1196.37    119.685     2260     1540     
 26.44   130     4859     1076.68    1196.27    119.587     2319     1551     
 26.98   131     4900     1076.68    1196.07    119.393     2360     1573     
 27.92   133     4971     1076.72    1195.88    119.155     2307     1594     
 28.38   134     5015     1076.72    1195.73    119.006     2351     1609     
 29.01   135     5050     1076.72    1195.73    119.006     2386     1635     
 29.6    135     5100     1076.72    1195.68    118.962     2436     1646     
 30.34   137     5159     1076.72    1195.54    118.82      2346     1660     
 30.96   139     5215     1076.72    1195.49    118.77      2402     1680     
 31.55   140     5250     1078.35    1195.37    117.023     2437     1699     
 32.23   142     5313     1078.35    1195.13    116.782     2500     1718     
 32.73   144     5353     1078.35    1195.03    116.679     2540     1732     
 33.69   146     5405     1081       1194.91    113.903     2463     1751     
 34.29   147     5450     1081       1194.82    113.811     2508     1772     
 34.99   149     5511     1081       1194.79    113.786     2569     1789     
 40.3    150     5550     1081.24    1194.73    113.496     2527     1808     
 40.82   152     5600     1081.26    1194.55    113.29      2577     1820     
 41.63   154     5665     1083.06    1194.17    111.112     2642     1838     
 42.36   155     5700     1083.06    1194.12    111.067     2677     1853     
 42.97   156     5750     1083.06    1193.98    110.926     2727     1868     
 43.83   158     5800     1083.21    1193.96    110.746     2777     1895     
 44.98   159     5867     1083.21    1193.67    110.46      2675     1909     
 45.47   160     5900     1083.21    1193.63    110.415     2708     1922     
 46.1    162     5953     1083.21    1193.53    110.315     2761     1937     
 46.83   163     6000     1083.21    1193.53    110.315     2808     1952     
 48.05   165     6063     1083.21    1193.14    109.925     2871     1974     
 48.96   166     6100     1083.21    1192.98    109.771     2775     1992     
 49.71   168     6150     1083.21    1192.86    109.644     2825     2012     
 50.36   169     6200     1083.21    1192.67    109.461     2875     2024     
 51.4    171     6250     1083.21    1192.64    109.425     2925     2043     
 52.18   173     6300     1083.28    1192.54    109.262     2975     2061     
 53.33   175     6369     1083.28    1192.33    109.055     3044     2083     
 54.45   176     6400     1083.28    1192.33    109.055     2935     2099     
 55.08   178     6453     1083.28    1192.18    108.901     2988     2108     
 56.09   180     6519     1083.28    1192.03    108.757     3054     2131     
 56.76   181     6563     1083.28    1192.03    108.757     3098     2145     
 57.71   182     6600     1083.28    1192       108.723     3135     2158     
 58.69   184     6661     1083.28    1191.91    108.629     3196     2179     
 59.64   185     6700     1083.28    1191.87    108.599     3051     2190     
 61.03   187     6767     1083.3     1191.71    108.416     3118     2212     
 61.58   188     6800     1083.3     1191.71    108.415     3151     2223     
 62.53   190     6859     1085.73    1191.64    105.908     3210     2239     
 63.27   191     6900     1085.73    1191.62    105.894     3251     2255     
 64.4    192     6950     1085.94    1191.55    105.603     3301     2277     
 66.11   194     7009     1085.94    1191.37    105.429     3155     2291     
 67.03   195     7050     1085.96    1191.37    105.405     3196     2310     
 68.32   197     7125     1085.96    1191.28    105.311     3271     2332     
 69.08   197     7150     1085.96    1191.28    105.311     3296     2350     
 70.37   198     7200     1085.96    1191.26    105.299     3346     2366     
 71.23   200     7255     1085.97    1191.03    105.067     3401     2374     
 72.71   202     7313     1085.97    1190.88    104.917     3261     2392     
 73.46   204     7350     1085.97    1190.86    104.898     3298     2410     
 75.19   205     7425     1085.97    1190.74    104.772     3373     2432     
 75.83   206     7455     1085.97    1190.44    104.477     3403     2441     
 76.8    207     7500     1085.97    1190.37    104.402     3448     2457     
 77.74   210     7561     1085.97    1189.96    103.996     3509     2469     
 79.18   211     7613     1085.97    1189.96    103.993     3561     2486     
 80.31   213     7659     1087.81    1189.93    102.127     3422     2494     
 81.25   214     7700     1087.81    1189.86    102.055     3463     2510     
 90.86   216     7750     1087.81    1189.81    102.002     3437     2521     
 91.91   218     7805     1087.81    1189.76    101.955     3492     2536     
 93.43   219     7850     1087.81    1189.71    101.901     3537     2552     
 94.68   221     7900     1087.81    1189.7     101.891     3587     2574     
 95.55   222     7955     1088.02    1189.62    101.6       3642     2580     
 96.66   224     8013     1088.02    1189.52    101.498     3700     2596     
 97.67   226     8061     1088.02    1189.5     101.48      3748     2609     
 99.64   228     8100     1088.02    1189.45    101.433     3566     2627     
 100.59  229     8150     1088.13    1189.33    101.201     3616     2640     
 101.86  231     8211     1088.13    1189.19    101.068     3677     2658     
 103.24  232     8267     1088.13    1189.15    101.027     3733     2678     
 104.61  233     8305     1088.13    1189.14    101.013     3771     2691     
 105.74  235     8363     1088.5     1189.01    100.512     3829     2709     
 106.59  236     8401     1088.5     1189       100.502     3867     2723     
 107.92  237     8450     1088.53    1188.99    100.455     3916     2744     
 109.62  239     8515     1088.53    1188.88    100.351     3764     2757     
 111.25  240     8555     1088.53    1188.84    100.314     3804     2773     
 112.75  241     8621     1088.53    1188.8     100.273     3870     2793     
 113.51  242     8651     1088.53    1188.63    100.103     3900     2803     
 114.66  244     8705     1089.07    1188.58    99.5103     3954     2818     
 115.87  245     8750     1089.07    1188.42    99.353      3999     2837     
 117.51  247     8800     1089.12    1188.34    99.2165     4049     2847     
 119.04  249     8850     1089.17    1188.32    99.1492     3857     2859     
 120.19  250     8900     1089.17    1188.31    99.1427     3907     2875     
 121.36  252     8950     1090.63    1188.29    97.6512     3957     2890     
 122.56  254     9000     1090.63    1188.25    97.6153     4007     2906     
 123.65  256     9050     1090.63    1188.08    97.4464     4057     2919     
 125.87  257     9100     1090.63    1188.06    97.429      4107     2944     
 126.88  259     9150     1090.63    1188.01    97.3725     4157     2955     
 127.93  262     9200     1090.63    1188.01    97.3725     4207     2965     
 129.79  263     9250     1090.63    1188.01    97.3725     4025     2985     
 131.1   265     9309     1090.63    1187.89    97.2559     4084     3000     
 132.95  266     9350     1090.7     1187.87    97.1698     4125     3017     
 134.06  268     9400     1090.99    1187.81    96.8234     4175     3031     
 136.2   269     9469     1090.99    1187.79    96.8093     4244     3063     
 137.13  270     9501     1090.99    1187.69    96.7082     4276     3074     
 138.37  271     9550     1090.99    1187.69    96.7082     4325     3090     
 140.46  273     9603     1090.99    1187.61    96.6264     4378     3106     
 142.27  274     9650     1090.99    1187.61    96.6244     4193     3120     
 143.76  276     9705     1091.01    1187.56    96.5474     4248     3141     
 145.01  278     9755     1091.01    1187.44    96.4325     4298     3157     
 146.35  279     9800     1091.01    1187.41    96.4001     4343     3174     
 148.79  281     9861     1091.01    1187.34    96.3289     4404     3193     
 150.03  282     9900     1091.01    1187.33    96.317      4443     3213     
 151.5   284     9969     1091.01    1187.24    96.2307     4512     3229     
 152.42  285     10000    1091.01    1187.17    96.1562     4543     3242     
 154.69  287     10061    1092.18    1187.07    94.8908     4380     3259     
 155.69  288     10100    1092.18    1187.07    94.8882     4419     3271     
 158.19  289     10150    1092.18    1186.89    94.7065     4469     3292     
 159.44  291     10211    1092.38    1186.8     94.4218     4530     3302     
 160.75  292     10259    1092.38    1186.76    94.3873     4578     3317     
 161.9   293     10300    1092.39    1186.76    94.3698     4619     3331     
 163.08  295     10350    1092.4     1186.66    94.262      4669     3341     
 165.1   297     10413    1092.4     1186.46    94.0646     4732     3364     
 167.3   298     10451    1092.4     1186.42    94.0229     4770     3376     
 184.99  299     10500    1092.4     1186.41    94.0117     4515     3394     
 187.66  300     10577    1092.4     1186.22    93.8272     4592     3424     
 188.5   301     10603    1092.4     1186.05    93.6546     4618     3432     
 189.84  302     10650    1092.4     1186.04    93.6405     4665     3450     
 191.24  303     10700    1092.4     1186.03    93.6391     4715     3467     
 192.38  305     10750    1092.4     1185.91    93.5136     4765     3477     
 194.89  307     10800    1092.4     1185.88    93.4839     4815     3492     
 196.48  309     10857    1092.4     1185.86    93.4645     4872     3509     
 197.76  310     10900    1092.4     1185.86    93.4645     4915     3522     
 199.56  311     10950    1092.4     1185.82    93.4229     4965     3545     
 201.91  313     11000    1094.26    1185.74    91.4847     4704     3560     
 203.11  315     11051    1094.26    1185.72    91.4589     4755     3571     
 205.6   317     11100    1094.26    1185.7     91.4445     4804     3589     
 207.06  318     11150    1094.42    1185.66    91.2402     4854     3602     
 208.82  320     11213    1094.42    1185.48    91.0552     4917     3617     
 209.92  322     11255    1094.42    1185.46    91.0397     4959     3628     
 211.51  323     11305    1094.42    1185.46    91.0397     5009     3647     
 213.2   324     11350    1094.42    1185.42    90.9993     5054     3669     
 216.24  326     11403    1094.42    1185.4     90.9769     5107     3681     
 218.85  327     11450    1094.42    1185.38    90.9605     4902     3697     
 220.53  329     11509    1094.42    1185.32    90.898      4961     3715     
 221.8   331     11559    1094.44    1185.24    90.8031     5011     3728     
 223.07  333     11607    1094.44    1185.19    90.7515     5059     3738     
 225.02  335     11669    1094.44    1184.96    90.5162     5121     3758     
 226.02  336     11700    1095.08    1184.94    89.8564     5152     3769     
 228.93  338     11755    1095.08    1184.87    89.7937     5207     3783     
 230.63  340     11805    1095.14    1184.81    89.6743     5257     3797     
 232.18  341     11850    1095.14    1184.74    89.608      5302     3809     
 233.72  343     11900    1095.14    1184.71    89.5676     5352     3823     
 236.65  345     11957    1095.14    1184.57    89.4326     5113     3840     
 238.48  346     12000    1095.14    1184.53    89.3879     5156     3860     
 239.93  348     12050    1095.24    1184.4     89.1517     5206     3872     
 243.6   350     12117    1095.25    1184.36    89.1051     5273     3891     
 244.99  351     12159    1095.25    1184.31    89.0596     5315     3903     
 246.55  352     12200    1095.25    1184.31    89.0596     5356     3919     
 248.11  353     12250    1095.25    1184.27    89.0196     5406     3933     
 249.72  354     12300    1095.25    1184.25    88.9944     5456     3951     
 251.5   356     12355    1095.25    1184.21    88.9544     5511     3968     
 253.26  357     12400    1095.25    1184.14    88.8916     5556     3984     
 257.69  359     12465    1095.25    1184.12    88.8705     5299     4000     
 259     360     12500    1095.25    1184.1     88.8452     5334     4013     
 261.19  361     12550    1095.25    1184.07    88.8133     5384     4037     
 262.65  363     12600    1097.16    1184.03    86.8696     5434     4048     
 264.82  365     12669    1097.16    1183.95    86.7882     5503     4068     
 265.86  366     12700    1097.33    1183.95    86.6168     5534     4075     
 267.89  368     12757    1097.33    1183.9     86.5661     5591     4094     
 270.91  369     12800    1097.33    1183.88    86.5519     5634     4108     
 272.93  370     12850    1097.35    1183.86    86.5165     5684     4131     
 274.97  372     12915    1097.35    1183.84    86.4925     5749     4144     
 276.52  373     12953    1097.35    1183.81    86.4673     5787     4159     
 279.73  374     13000    1097.35    1183.8     86.4493     5506     4181     
 281.33  376     13051    1097.35    1183.73    86.3798     5557     4191     
 283.48  378     13115    1097.35    1183.62    86.2671     5621     4212     
 287.35  378     13150    1097.35    1183.62    86.2671     5656     4242     
 288.95  379     13200    1097.35    1183.6     86.2549     5706     4246     
 291.22  380     13250    1097.35    1183.6     86.2523     5756     4270     
 292.93  382     13309    1097.35    1183.52    86.169      5815     4282     
 294.66  383     13350    1097.35    1183.47    86.1218     5856     4299     
 296.25  386     13400    1097.35    1183.28    85.9285     5906     4312     
 297.93  387     13453    1097.95    1183.24    85.2933     5959     4327     
 301.42  388     13500    1097.95    1183.22    85.2775     6006     4342     
 304.32  390     13550    1098       1183.18    85.1801     5707     4354     
 306.39  392     13607    1098       1183.17    85.1643     5764     4369     
 308.34  393     13650    1098       1183.16    85.1514     5807     4389     
 309.97  395     13707    1098       1183.11    85.1032     5864     4400     
 311.49  396     13750    1098       1183.1     85.0908     5907     4415     
 313.36  398     13800    1098       1182.95    84.9416     5957     4432     
 315.45  400     13859    1098       1182.88    84.8773     6016     4450     
 319.12  402     13919    1098       1182.82    84.812      6076     4463     
 320.69  403     13955    1098       1182.74    84.7399     6112     4476     
 349.63  404     14000    1098       1182.73    84.7299     5878     4493     
 351.21  406     14050    1098       1182.68    84.6725     5928     4501     
 353.56  408     14109    1098       1182.66    84.6572     5987     4520     
 355.21  409     14150    1098       1182.64    84.6325     6028     4533     
 357     411     14200    1100.86    1182.59    81.7274     6078     4548     
 358.86  413     14250    1100.86    1182.47    81.6115     6128     4560     
 363.13  414     14300    1100.86    1182.44    81.5734     6178     4581     
 365.04  416     14351    1101.94    1182.37    80.4251     6229     4590     
 367.39  418     14409    1102.84    1182.32    79.472      6287     4607     
 369.17  419     14450    1102.84    1182.28    79.4323     6328     4624     
 371.78  421     14511    1102.84    1182.25    79.403      6389     4644     
 374.06  422     14561    1102.84    1182.23    79.3828     6439     4660     
 377.55  423     14600    1102.84    1182.18    79.3377     6136     4675     
 379.72  425     14653    1103.3     1182.12    78.8273     6189     4688     
 383.64  426     14700    1103.3     1182.12    78.8271     6236     4701     
 386.31  428     14761    1103.3     1182.07    78.774      6297     4720     
 388.26  429     14800    1103.3     1181.98    78.6848     6336     4740     
 390.28  430     14850    1103.3     1181.98    78.6819     6386     4753     
 392.23  432     14900    1103.3     1181.94    78.6419     6436     4763     
 395.15  434     14965    1103.3     1181.92    78.6221     6501     4785     
 396.7   436     15000    1103.3     1181.91    78.6166     6536     4800     
 398.89  437     15061    1103.31    1181.8     78.4956     6597     4816     
 400.99  438     15100    1103.31    1181.8     78.4928     6636     4834     
 405.42  440     15157    1103.31    1181.78    78.4728     6693     4847     
 409.34  441     15207    1103.31    1181.77    78.4624     6386     4863     
 411.84  443     15263    1103.31    1181.74    78.4353     6442     4885     
 413.56  444     15300    1103.31    1181.73    78.4247     6479     4899     
 415.82  446     15355    1103.31    1181.67    78.3569     6534     4914     
 418.34  448     15413    1103.31    1181.63    78.3262     6592     4933     
 420.57  450     15463    1103.31    1181.62    78.3145     6642     4947     
 422.63  451     15503    1103.31    1181.62    78.3071     6682     4958     
 424.95  452     15550    1103.31    1181.59    78.2821     6729     4974     
 429.46  454     15603    1103.31    1181.59    78.2806     6782     4987     
 431.54  455     15650    1103.31    1181.59    78.2806     6829     5003     
 433.86  457     15707    1103.31    1181.55    78.2452     6886     5019     
 436.28  458     15750    1103.31    1181.54    78.2301     6929     5038     
 438.32  460     15800    1103.31    1181.51    78.204      6979     5048     
 442.95  462     15859    1103.31    1181.45    78.1398     6655     5071     
 445.09  463     15900    1103.31    1181.42    78.1111     6696     5089     
 446.9   465     15950    1103.34    1181.39    78.0546     6746     5100     
 451.8   467     16011    1103.34    1181.32    77.9858     6807     5118     
 453.82  468     16050    1103.34    1181.31    77.9735     6846     5134     
 456.1   470     16105    1106.35    1181.19    74.844      6901     5153     
 458.57  471     16159    1106.35    1181.16    74.8174     6955     5175     
 460.95  473     16213    1106.61    1181.1     74.493      7009     5190     
 462.75  474     16250    1107.91    1181.1     73.1897     7046     5206     
 464.99  476     16307    1107.91    1181.1     73.1883     7103     5220     
 467.07  478     16353    1107.91    1181.07    73.1586     7149     5233     
 470.03  479     16415    1107.91    1181.05    73.1403     7211     5253     
 472.02  480     16451    1107.91    1181.03    73.1232     7247     5265     
 477.12  481     16500    1107.91    1181.03    73.1151     7296     5281     
 481.81  482     16550    1107.91    1181.03    73.1151     6962     5303     
 484.4   484     16611    1107.91    1180.97    73.0614     7023     5318     
 486.45  485     16650    1107.91    1180.96    73.0532     7062     5336     
 488.71  486     16700    1107.91    1180.93    73.0242     7112     5353     
 490.79  488     16750    1108.21    1180.89    72.6804     7162     5361     
 493.34  490     16801    1108.21    1180.89    72.6729     7213     5377     
 495.45  492     16850    1108.21    1180.81    72.5963     7262     5394     
 498.02  493     16900    1108.21    1180.78    72.5692     7312     5416     
 502.63  495     16959    1108.21    1180.64    72.4248     7371     5428     
-------------------------------------------------------------------------------

SARSOP finishing ...
  Preset timeout reached
  Timeout     : 500.000000s
  Actual Time : 502.630000s

-------------------------------------------------------------------------------
 Time   |#Trial |#Backup |LBound    |UBound    |Precision  |#Alphas |#Beliefs  
-------------------------------------------------------------------------------
 504.64  495     16959    1108.21    1180.64    72.4248     7115     5428     
-------------------------------------------------------------------------------

Writing out policy ...
  output file : /home/eliranab/FDMAP/Resources/policies/RS-5x4_2C_2S_2P_TEAM.policy

Solve took 
real	8m36.943s
user	8m34.178s
sys	0m2.695s
