
Loading the model ...
  input file   : /home/eliranab/FDMAP/Resources/problems/RS-5x4_2C_2S_4P_TEAM_car1.pomdpx
  loading time : 4.15s 

SARSOP initializing ...
In sarsop::initialize
0.1
0.2
0.3
0.4
0.5
0.6
0.7
0.8
0.8.1
0.8.2
0.8.3
0.8.4
0.8.5
0.8.6
0.9
0.10
Finished sarsop::initialize
1
2
3
4
5
6
  initialization time : 1.07s

-------------------------------------------------------------------------------
 Time   |#Trial |#Backup |LBound    |UBound    |Precision  |#Alphas |#Beliefs  
-------------------------------------------------------------------------------
 1.07    0       0        0          2022.41    2022.41     17       1        
 1.13    1       50       729.409    2011.4     1281.99     28       25       
 1.22    1       100      729.409    2011.4     1281.99     39       62       
 1.24    2       169      762.822    2001.86    1239.04     37       63       
 1.29    2       200      762.822    2001.86    1239.04     53       82       
 1.35    3       267      782.086    1993.33    1211.24     60       94       
 1.41    3       300      782.086    1993.33    1211.24     67       115      
 1.54    4       413      782.086    1988.85    1206.76     74       144      
 1.54    4       414      782.086    1988.85    1206.76     75       145      
 1.63    4       450      782.086    1988.85    1206.76     87       169      
 1.72    5       539      786.701    1983.81    1197.11     98       185      
 1.76    5       550      786.701    1983.81    1197.11     104      193      
 1.91    5       600      786.701    1983.81    1197.11     110      228      
 2.02    6       699      786.701    1980.42    1193.72     108      241      
 2.03    6       700      786.701    1980.42    1193.72     109      241      
 2.18    6       750      786.701    1980.42    1193.72     121      274      
 2.24    7       807      803.721    1980.42    1176.7      122      275      
 2.4     7       850      803.721    1980.42    1176.7      133      307      
 2.57    8       957      803.721    1976.72    1173        133      326      
 2.58    8       958      803.721    1976.72    1173        134      327      
 2.72    8       1000     803.721    1976.72    1173        140      352      
 2.95    9       1127     803.721    1972.21    1168.49     145      384      
 2.96    9       1128     803.721    1972.21    1168.49     146      385      
 3.04    9       1150     803.721    1972.21    1168.49     159      400      
 3.22    9       1200     803.721    1972.21    1168.49     162      435      
 3.32    10      1279     803.721    1972.21    1168.49     161      437      
 3.4     10      1300     803.721    1972.21    1168.49     172      452      
 3.62    10      1350     803.721    1972.21    1168.49     173      484      
 3.78    11      1449     803.721    1972.21    1168.49     174      495      
 3.78    11      1450     803.721    1972.21    1168.49     175      495      
 4       11      1500     803.721    1972.21    1168.49     205      526      
 4.23    12      1605     803.721    1964.41    1160.69     195      544      
 4.24    12      1606     803.721    1964.41    1160.69     196      545      
 4.44    12      1650     803.721    1964.41    1160.69     211      576      
 4.67    13      1747     803.721    1963.43    1159.71     208      593      
 4.69    13      1750     803.721    1963.43    1159.71     211      595      
 4.93    13      1800     803.721    1963.43    1159.71     227      628      
 5.21    14      1909     806.167    1962.6     1156.43     221      647      
 5.22    14      1910     806.167    1962.6     1156.43     222      647      
 5.41    14      1950     806.167    1962.6     1156.43     244      674      
 5.8     15      2073     806.167    1961.54    1155.37     227      704      
 5.81    15      2074     806.167    1961.54    1155.37     228      704      
 5.93    15      2100     806.167    1961.54    1155.37     239      719      
 6.36    16      2150     806.167    1961.54    1155.37     236      753      
 6.5     16      2227     806.167    1955.58    1149.41     236      753      
 6.61    16      2250     806.167    1955.58    1149.41     259      765      
 6.86    17      2323     806.167    1954.64    1148.48     246      781      
 7.03    17      2350     806.167    1954.64    1148.48     261      801      
 7.21    18      2409     858.739    1952.3     1093.57     285      810      
 7.44    18      2450     858.739    1952.3     1093.57     307      837      
 7.61    19      2509     892.579    1951.87    1059.29     308      841      
 8.08    19      2550     892.579    1951.87    1059.29     317      866      
 8.24    20      2603     895.564    1950.48    1054.92     326      869      
 8.6     21      2681     932.461    1950.23    1017.77     363      891      
 8.7     21      2700     932.461    1950.23    1017.77     382      903      
 9.01    22      2773     939.398    1949.19    1009.79     386      917      
 9.15    22      2800     939.398    1949.19    1009.79     413      933      
 9.45    23      2871     971.545    1948.24    976.692     402      945      
 9.63    23      2900     971.545    1948.24    976.692     431      962      
 10.03   24      2971     971.545    1948.24    976.692     423      976      
 10.22   24      3000     971.545    1948.24    976.692     452      995      
 11.26   25      3089     972.657    1947.79    975.132     438      1015     
 11.34   25      3100     972.657    1947.79    975.132     449      1021     
 11.87   26      3189     976.026    1947.62    971.594     463      1047     
 11.95   26      3200     976.026    1947.62    971.594     474      1054     
 12.52   27      3291     976.026    1946.6     970.577     482      1077     
 12.61   27      3300     976.026    1946.6     970.577     491      1085     
 13.09   28      3389     976.026    1945.97    969.943     544      1110     
 13.3    28      3400     976.026    1945.97    969.943     510      1120     
 13.8    29      3481     976.026    1945.97    969.943     516      1142     
 13.97   29      3500     976.026    1945.97    969.943     535      1156     
 14.4    30      3577     976.026    1945.18    969.159     541      1172     
 14.57   30      3600     976.026    1945.18    969.159     564      1189     
 14.85   31      3663     979.03     1944.4     965.373     566      1200     
 15.3    32      3733     991.066    1943.71    952.645     583      1221     
 15.46   32      3750     991.066    1943.71    952.645     600      1232     
 17.18   33      3831     991.506    1943.71    952.205     601      1252     
 17.3    33      3850     991.506    1943.71    952.205     620      1263     
 18.01   34      3953     991.506    1941.74    950.235     680      1289     
 18.17   34      3954     991.506    1941.74    950.235     625      1289     
 18.6    34      4000     991.506    1941.74    950.235     671      1317     
 19.02   35      4073     993.644    1941.02    947.38      636      1325     
 19.41   35      4100     993.644    1941.02    947.38      663      1344     
 19.96   36      4189     993.644    1940.05    946.411     644      1363     
 20.19   36      4200     993.644    1940.05    946.411     655      1370     
 20.8    37      4293     993.644    1939.67    946.028     657      1394     
 20.9    37      4300     993.644    1939.67    946.028     664      1401     
 21.58   38      4371     993.644    1938.13    944.486     664      1419     
 21.87   38      4400     993.644    1938.13    944.486     693      1439     
 22.5    39      4473     993.644    1937.32    943.677     678      1452     
 22.79   39      4500     993.644    1937.32    943.677     705      1473     
 23.27   40      4577     993.644    1937.18    943.541     689      1487     
 23.67   40      4600     993.644    1937.18    943.541     712      1502     
 24.13   41      4661     993.644    1937.18    943.541     701      1513     
 24.52   41      4700     993.644    1937.18    943.541     740      1536     
 25.3    42      4793     993.644    1935.88    942.238     723      1554     
 25.39   42      4800     993.644    1935.88    942.238     730      1558     
 26.2    43      4897     994.933    1935.33    940.402     749      1584     
 26.23   43      4900     994.933    1935.33    940.402     752      1585     
 28.86   44      4987     994.933    1934.39    939.453     769      1609     
 28.99   44      5000     994.933    1934.39    939.453     782      1616     
 29.82   45      5083     994.933    1934.39    939.453     781      1636     
 30.01   45      5100     994.933    1934.39    939.453     798      1645     
 30.75   46      5163     994.933    1934.11    939.179     802      1657     
 31.12   46      5200     994.933    1934.11    939.179     839      1679     
 31.59   47      5255     997.512    1933.19    935.681     812      1684     
 32.64   48      5337     997.512    1932.6     935.091     822      1711     
 32.85   48      5350     997.512    1932.6     935.091     835      1721     
 33.58   49      5427     997.512    1932.13    934.621     838      1738     
 33.95   49      5450     997.512    1932.13    934.621     861      1755     
 34.86   50      5515     1000.18    1932.03    931.85      853      1766     
 35.29   50      5550     1000.18    1932.03    931.85      888      1789     
 35.82   51      5609     1000.41    1931.88    931.467     873      1795     
 36.29   51      5650     1000.41    1931.88    931.467     914      1821     
 37.03   52      5703     1000.43    1931.71    931.281     884      1825     
 37.55   52      5750     1000.43    1931.71    931.281     931      1856     
 38.04   53      5807     1000.43    1931.71    931.281     897      1858     
 38.66   53      5850     1000.43    1931.71    931.281     940      1887     
 39.46   54      5907     1000.43    1931.64    931.214     923      1890     
 40.05   55      5977     1000.43    1931.64    931.214     993      1912     
 40.74   55      6000     1000.43    1931.64    931.214     946      1925     
 41.45   56      6069     1000.43    1931.63    931.197     1015     1938     
 42.17   56      6100     1000.43    1931.63    931.197     967      1956     
 42.52   57      6161     1000.43    1930.71    930.276     1028     1965     
 43.68   57      6200     1000.43    1930.71    930.276     978      1990     
 44.07   58      6269     1000.43    1930.44    930.003     1047     1999     
 44.82   58      6300     1000.43    1930.44    930.003     988      2018     
 48.52   59      6381     1000.43    1930.15    929.72      983      2034     
 48.87   59      6400     1000.43    1930.15    929.72      1002     2047     
 49.91   60      6489     1000.92    1929.81    928.893     998      2070     
 50.07   60      6500     1000.92    1929.81    928.893     1009     2077     
 51.55   61      6607     1000.96    1929.64    928.677     1010     2106     
 51.58   61      6608     1000.96    1929.64    928.677     1011     2106     
 52.22   61      6650     1000.96    1929.64    928.677     1053     2133     
 53.03   62      6715     1000.96    1927.33    926.368     1026     2141     
 54      62      6750     1000.96    1927.33    926.368     1061     2165     
 55.04   63      6835     1000.96    1927.27    926.311     1045     2179     
 55.3    63      6850     1000.96    1927.27    926.311     1060     2189     
 56.18   64      6905     1001.01    1927.22    926.217     1115     2200     
 57.55   65      6991     1001.01    1926.86    925.857     1120     2226     
 57.71   65      7000     1001.01    1926.86    925.857     1129     2232     
 59.1    65      7050     1001.01    1926.86    925.857     1089     2265     
 59.81   66      7111     1001.01    1926.86    925.857     1150     2265     
 60.53   66      7150     1001.01    1926.86    925.857     1189     2289     
 61.81   67      7251     1001.01    1926.15    925.138     1203     2308     
 61.84   67      7252     1001.01    1926.15    925.138     1204     2308     
 63.59   67      7300     1001.01    1926.15    925.138     1160     2340     
 64.06   68      7375     1001.01    1926.09    925.086     1235     2347     
 65.04   68      7400     1001.01    1926.09    925.086     1163     2365     
 66.37   69      7487     1001.01    1926.09    925.086     1250     2384     
 67.14   69      7500     1001.01    1926.09    925.086     1165     2394     
 68.17   70      7591     1001.01    1925.41    924.406     1256     2422     
 68.4    70      7600     1001.01    1925.41    924.406     1265     2429     
 69.88   71      7679     1001.01    1925.41    924.406     1262     2452     
 70.8    71      7700     1001.01    1925.41    924.406     1283     2464     
 72.09   72      7775     1001.01    1925.12    924.115     1222     2479     
 72.63   72      7800     1001.01    1925.12    924.115     1247     2495     
 78.6    73      7887     1001.02    1924.83    923.811     1239     2515     
 78.86   73      7900     1001.02    1924.83    923.811     1252     2523     
 79.77   74      7987     1001.02    1924.35    923.336     1339     2544     
 80.06   74      8000     1001.02    1924.35    923.336     1352     2552     
 81.56   75      8079     1001.22    1924.16    922.94      1324     2572     
 82.61   75      8100     1001.22    1924.16    922.94      1345     2586     
 84.11   76      8195     1001.24    1923.71    922.475     1324     2608     
 84.22   76      8200     1001.24    1923.71    922.475     1329     2610     
 85.25   77      8250     1001.24    1923.71    922.475     1379     2640     
 86.84   77      8305     1001.24    1923.34    922.1       1279     2640     
 87.74   77      8350     1001.24    1923.34    922.1       1324     2667     
 88.27   78      8419     1001.24    1922.73    921.497     1393     2673     
 89.53   78      8450     1001.24    1922.73    921.497     1311     2693     
 90.97   79      8525     1001.26    1922.06    920.805     1386     2708     
 91.5    79      8550     1001.26    1922.06    920.805     1411     2722     
 92.73   80      8617     1001.26    1921.73    920.471     1362     2734     
 93.24   80      8650     1001.26    1921.73    920.471     1395     2752     
 94.35   81      8721     1001.26    1921.72    920.458     1325     2763     
 95.61   81      8750     1001.26    1921.72    920.458     1354     2781     
 96.3    82      8831     1001.46    1921.69    920.233     1435     2798     
 96.77   82      8850     1001.46    1921.69    920.233     1454     2810     
 98.54   83      8933     1001.46    1921.69    920.233     1424     2829     
 98.87   83      8950     1001.46    1921.69    920.233     1441     2839     
 101.16  84      9023     1001.46    1921.34    919.878     1376     2857     
 101.8   84      9050     1001.46    1921.34    919.878     1403     2875     
 103.17  85      9153     1001.48    1920.78    919.309     1506     2899     
 103.21  85      9154     1001.48    1920.78    919.309     1507     2899     
 105.68  85      9200     1001.48    1920.78    919.309     1434     2929     
 106.26  86      9271     1001.5     1920.73    919.235     1505     2936     
 107.05  86      9300     1001.5     1920.73    919.235     1534     2955     
 108.67  87      9383     1001.5     1920.5     919.006     1504     2971     
 109.08  87      9400     1001.5     1920.5     919.006     1521     2980     
 112.39  88      9515     1001.5     1920.02    918.522     1519     3014     
 112.44  88      9516     1001.5     1920.02    918.522     1520     3014     
 113.32  88      9550     1001.5     1920.02    918.522     1554     3036     
 114.63  89      9600     1001.5     1919.9     918.402     1478     3042     
 116.7   90      9699     1001.5     1919.83    918.331     1577     3070     
 116.75  90      9700     1001.5     1919.83    918.331     1578     3070     
 118.66  91      9767     1001.5     1919.35    917.85      1523     3092     
 125.71  92      9829     1001.5     1919.1     917.6       1545     3109     
 126.37  92      9850     1001.5     1919.1     917.6       1566     3123     
 128.98  93      9965     1001.5     1918.65    917.15      1681     3154     
 129.03  93      9966     1001.5     1918.65    917.15      1682     3154     
 130.7   93      10000    1001.5     1918.65    917.15      1587     3178     
 132.16  94      10105    1001.5     1918.37    916.864     1692     3202     
 132.21  94      10106    1001.5     1918.37    916.864     1693     3202     
 135.1   94      10150    1001.5     1918.37    916.864     1598     3226     
 135.69  95      10211    1001.5     1918.37    916.864     1659     3230     
 136.69  95      10250    1001.5     1918.37    916.864     1698     3255     
 137.09  96      10300    1001.5     1918.37    916.864     1748     3258     
 139.12  96      10350    1001.5     1918.37    916.864     1681     3290     
 140.49  97      10405    1001.5     1918.27    916.768     1736     3290     
 141.79  97      10450    1001.5     1918.27    916.768     1781     3319     
 143.62  98      10521    1001.5     1918.07    916.569     1663     3326     
 144.54  98      10550    1001.5     1918.07    916.569     1692     3347     
 145.76  99      10637    1001.5     1918.04    916.537     1779     3364     
 146.17  99      10650    1001.5     1918.04    916.537     1792     3373     
 149.65  99      10700    1001.5     1918.04    916.537     1705     3403     
 150.26  100     10767    1001.5     1918.04    916.537     1772     3404     
 151.16  100     10800    1001.5     1918.04    916.537     1805     3424     
 152.95  101     10861    1001.5     1917.57    916.066     1712     3432     
 155.37  102     10927    1001.5     1917.57    916.061     1778     3454     
 156.14  102     10950    1001.5     1917.57    916.061     1801     3471     
 157.25  103     11027    1001.5     1917.28    915.779     1878     3487     
 158.97  103     11050    1001.5     1917.28    915.779     1752     3503     
 159.65  104     11100    1001.5     1917.01    915.509     1802     3510     
 161.11  105     11150    1001.5     1917.01    915.509     1852     3539     
 162.78  105     11201    1001.5     1916.6     915.091     1903     3539     
 164.95  106     11285    1001.5     1916.52    915.019     1855     3565     
 165.45  106     11300    1001.5     1916.52    915.019     1870     3575     
 167.05  107     11383    1001.5     1916.43    914.929     1953     3596     
 168.41  107     11400    1001.5     1916.43    914.929     1816     3605     
 169.02  108     11450    1012.38    1915.7     903.318     1866     3618     
 171.76  108     11500    1012.38    1915.7     903.318     1916     3651     
 172.39  109     11561    1021.19    1915.34    894.147     1977     3652     
 174.86  109     11600    1021.19    1915.34    894.147     1871     3679     
 175.84  110     11677    1023.54    1915.31    891.771     1948     3691     
 176.73  110     11700    1023.54    1915.31    891.771     1971     3704     
 180.75  111     11789    1023.54    1915.01    891.474     1860     3725     
 181.13  111     11800    1023.54    1915.01    891.474     1871     3731     
 191.1   112     11850    1023.54    1915.01    891.474     1875     3741     
 193.24  113     11945    1023.54    1914.82    891.275     1970     3773     
 193.48  113     11950    1023.54    1914.82    891.275     1975     3778     
 195.11  114     12033    1023.54    1914.64    891.102     2058     3803     
 197.14  114     12050    1023.54    1914.64    891.102     1923     3814     
 200.15  115     12131    1025.48    1914.49    889.003     2004     3835     
 200.92  115     12150    1025.48    1914.49    889.003     2023     3849     
 201.74  116     12200    1025.48    1914.02    888.532     2073     3857     
 204.61  117     12295    1025.48    1913.94    888.453     2022     3886     
 204.72  117     12300    1025.48    1913.94    888.453     2027     3887     
 208.01  118     12389    1025.48    1913.33    887.844     2116     3914     
 208.39  118     12400    1025.48    1913.33    887.844     2127     3920     
 211.49  119     12495    1025.86    1912.81    886.95      2053     3946     
 211.64  119     12500    1025.86    1912.81    886.95      2058     3948     
 213.46  119     12550    1025.86    1912.81    886.95      2108     3980     
 214.49  120     12623    1025.86    1912.64    886.773     2181     3985     
 216.98  120     12650    1025.86    1912.64    886.773     2032     4002     
 220.67  121     12743    1026.07    1912.56    886.494     2125     4025     
 220.96  121     12750    1026.07    1912.56    886.494     2132     4030     
 222.27  122     12803    1026.07    1912.56    886.49      2185     4046     
 225.58  122     12850    1026.07    1912.56    886.49      2068     4077     
 226.58  123     12917    1026.07    1912.45    886.379     2135     4082     
 227.72  123     12950    1026.07    1912.45    886.379     2168     4101     
 228.92  124     13019    1026.07    1912.45    886.379     2237     4111     
 231.62  124     13050    1026.07    1912.45    886.379     2093     4131     
 235.21  125     13139    1026.07    1912.34    886.272     2182     4151     
 235.74  125     13150    1026.07    1912.34    886.272     2193     4159     
 237.54  126     13233    1026.07    1912.12    886.053     2276     4179     
 239.66  126     13250    1026.07    1912.12    886.053     2115     4189     
 242.11  127     13359    1026.07    1911.96    885.896     2224     4221     
 242.18  127     13360    1026.07    1911.96    885.896     2225     4221     
 245.41  127     13400    1026.07    1911.96    885.896     2265     4244     
 248.41  128     13485    1026.07    1911.95    885.882     2123     4258     
 248.81  128     13500    1026.07    1911.95    885.882     2138     4265     
 250.8   129     13595    1026.07    1911.76    885.689     2233     4290     
 250.94  129     13600    1026.07    1911.76    885.689     2238     4292     
 253.21  129     13650    1026.07    1911.76    885.689     2288     4326     
 255.7   130     13711    1026.07    1911.51    885.445     2154     4327     
 258.92  130     13750    1026.07    1911.51    885.445     2193     4353     
 260.34  131     13837    1026.76    1911.2     884.442     2280     4368     
 260.93  131     13850    1026.76    1911.2     884.442     2293     4377     
 265.28  132     13955    1027.71    1910.89    883.184     2179     4406     
 265.34  132     13956    1027.71    1910.89    883.184     2180     4406     
 267.24  133     14000    1027.71    1910.89    883.184     2224     4436     
 267.93  133     14050    1027.71    1910.85    883.139     2274     4437     
 284.69  133     14100    1027.71    1910.85    883.139     2204     4471     
 286     134     14183    1027.87    1910.18    882.311     2287     4478     
 286.64  134     14200    1027.87    1910.18    882.311     2304     4487     
 288.07  135     14261    1027.87    1910.15    882.275     2365     4502     
 291.41  136     14333    1027.87    1909.91    882.035     2242     4524     
 292.21  136     14350    1027.87    1909.91    882.035     2259     4535     
 296.26  137     14433    1028.83    1909.8     880.969     2342     4556     
 297.09  137     14450    1028.83    1909.8     880.969     2359     4569     
 302.27  138     14565    1028.83    1909.73    880.899     2267     4599     
 302.35  138     14566    1028.83    1909.73    880.899     2268     4599     
 304.13  138     14600    1028.83    1909.73    880.899     2302     4621     
 305.79  139     14679    1028.83    1909       880.17      2381     4633     
 306.96  139     14700    1028.83    1909       880.17      2402     4644     
 308.53  140     14771    1028.83    1908.66    879.828     2473     4658     
 313.97  140     14800    1028.83    1908.66    879.828     2307     4677     
 314.86  141     14850    1029.02    1908.59    879.577     2357     4683     
 316.84  141     14900    1029.02    1908.59    879.577     2407     4714     
 317.83  142     14975    1029.02    1908.59    879.577     2482     4718     
 318.73  142     15000    1029.02    1908.59    879.577     2507     4731     
 322.38  143     15077    1029.02    1908.55    879.534     2386     4748     
 323.56  143     15100    1029.02    1908.55    879.534     2409     4764     
 328.14  144     15199    1029.03    1908.07    879.037     2508     4788     
 328.21  144     15200    1029.03    1908.07    879.037     2509     4788     
 330.52  144     15250    1029.03    1908.07    879.037     2559     4823     
 333.28  145     15315    1029.2     1907.82    878.617     2415     4827     
 335.15  145     15350    1029.2     1907.82    878.617     2450     4850     
 336.31  146     15409    1029.2     1907.65    878.442     2509     4856     
 338.38  147     15481    1029.22    1907.57    878.354     2581     4874     
 341.1   147     15500    1029.22    1907.57    878.354     2398     4886     
 345.31  148     15577    1029.22    1907.42    878.195     2475     4905     
 349.33  148     15600    1029.22    1907.42    878.195     2498     4918     
 351.95  149     15709    1029.22    1907.28    878.06      2607     4949     
 352.02  149     15710    1029.22    1907.28    878.06      2608     4949     
 355.73  150     15787    1035.39    1907.08    871.689     2488     4973     
 356.23  150     15800    1035.39    1907.08    871.689     2501     4981     
 358.07  151     15887    1035.39    1906.95    871.555     2588     5003     
 358.97  151     15900    1035.39    1906.95    871.555     2601     5013     
 361.94  151     15950    1035.39    1906.95    871.555     2651     5048     
 368.08  152     16027    1041.58    1906.59    865.013     2474     5051     
 369.18  152     16050    1041.58    1906.59    865.013     2497     5064     
 370.61  153     16109    1041.58    1906.59    865.013     2556     5075     
 372.69  154     16177    1041.58    1906.59    865.013     2624     5095     
 374.34  154     16200    1041.58    1906.59    865.013     2647     5115     
 375.55  155     16250    1041.58    1906.56    864.982     2697     5121     
 381.19  156     16347    1041.58    1906.18    864.602     2605     5149     
 381.34  156     16350    1041.58    1906.18    864.602     2608     5150     
 383.65  157     16425    1041.58    1905.98    864.406     2683     5171     
 387.8   157     16450    1041.58    1905.98    864.406     2708     5188     
 389.8   158     16521    1041.58    1905.77    864.189     2779     5202     
 393.86  158     16550    1041.58    1905.77    864.189     2583     5221     
 395.92  159     16627    1041.58    1905.54    863.967     2660     5234     
 414.54  159     16650    1041.58    1905.54    863.967     2583     5249     
 415.95  160     16721    1042.67    1905.36    862.693     2654     5263     
 417.22  160     16750    1042.67    1905.36    862.693     2683     5276     
 419.49  161     16837    1042.67    1905.36    862.693     2770     5295     
 422.99  161     16850    1042.67    1905.36    862.693     2783     5303     
 428.36  162     16953    1042.67    1905.36    862.693     2632     5332     
 428.44  162     16954    1042.67    1905.36    862.693     2633     5332     
 431.08  163     17041    1042.67    1905.28    862.615     2720     5356     
 431.6   163     17050    1042.67    1905.28    862.615     2729     5361     
 434.08  164     17117    1042.76    1904.62    861.859     2796     5378     
 435.88  164     17150    1042.76    1904.62    861.859     2829     5397     
 437.06  165     17200    1042.76    1904.62    861.859     2879     5401     
 442.65  165     17250    1042.76    1904.62    861.859     2720     5438     
 446.65  166     17307    1042.76    1904.58    861.819     2777     5439     
 449.38  167     17387    1042.76    1904.56    861.8       2857     5461     
 449.84  167     17400    1042.76    1904.56    861.8       2870     5466     
 456.09  168     17499    1042.76    1904.53    861.772     2740     5491     
 456.18  168     17500    1042.76    1904.53    861.772     2741     5491     
 458.87  169     17575    1043.41    1904.32    860.904     2816     5514     
 460.18  169     17600    1043.41    1904.32    860.904     2841     5529     
 462.62  170     17685    1043.41    1904.32    860.904     2926     5549     
 463.46  170     17700    1043.41    1904.32    860.904     2941     5559     
 472.95  171     17813    1043.41    1904.1     860.689     2782     5590     
 473.04  171     17814    1043.41    1904.1     860.689     2783     5590     
 475.19  171     17850    1043.41    1904.1     860.689     2819     5616     
 476.57  172     17915    1043.41    1904.1     860.684     2884     5624     
 478.57  172     17950    1043.41    1904.1     860.684     2919     5647     
 480.85  173     18029    1043.41    1903.76    860.347     2998     5659     
 481.91  173     18050    1043.41    1903.76    860.347     3019     5672     
 487.09  174     18133    1043.48    1903.61    860.135     2831     5693     
 488.25  174     18150    1043.48    1903.61    860.135     2848     5705     
 492.95  175     18209    1043.48    1903.32    859.839     2907     5716     
 495.65  175     18250    1043.48    1903.32    859.839     2948     5743     
 497.5   176     18325    1043.48    1903.25    859.768     3023     5754     
 498.81  176     18350    1043.48    1903.25    859.768     3048     5768     
 505.03  177     18443    1043.48    1903.1     859.614     2881     5789     
 505.28  177     18450    1043.48    1903.1     859.614     2888     5789     
 507.94  177     18500    1043.48    1903.1     859.614     2938     5822     
 509.02  178     18561    1043.48    1902.91    859.429     2999     5822     
 511.33  178     18600    1043.48    1902.91    859.429     3038     5852     
 517.17  179     18693    1043.48    1902.71    859.225     3131     5868     
 517.43  179     18700    1043.48    1902.71    859.225     3138     5870     
 523.28  179     18750    1043.48    1902.71    859.225     2925     5904     
 524.79  180     18825    1043.48    1902.65    859.166     3000     5908     
 526.02  180     18850    1043.48    1902.65    859.166     3025     5923     
 527.84  181     18917    1043.48    1902.53    859.043     3092     5935     
 529.82  181     18950    1043.48    1902.53    859.043     3125     5955     
 531.62  182     19000    1043.48    1902.34    858.856     3175     5967     
 540.29  183     19063    1043.48    1902.32    858.84      2980     5981     
 542.65  184     19131    1043.55    1902.32    858.776     3048     6001     
 543.93  184     19150    1043.55    1902.32    858.776     3067     6015     
 545.38  185     19200    1059.72    1902.08    842.359     3117     6027     
 547.53  186     19275    1059.72    1902.07    842.355     3192     6046     
 549.07  186     19300    1059.72    1902.07    842.355     3217     6060     
 555.23  187     19377    1065.08    1902.07    836.997     3074     6075     
 556.87  187     19400    1065.08    1902.07    836.997     3097     6089     
 558.81  188     19461    1065.08    1902       836.92      3158     6100     
 560.66  189     19500    1065.08    1902       836.92      3197     6125     
 565.46  189     19550    1065.08    1901.81    836.731     3247     6132     
 600.91  190     19643    1081.26    1901.59    820.328     3092     6159     
 601.26  190     19650    1081.26    1901.59    820.328     3099     6162     
 604.56  191     19741    1090.71    1901.58    810.871     3190     6187     
 605.16  191     19750    1090.71    1901.58    810.871     3199     6192     
 606.93  192     19807    1090.71    1901.58    810.871     3256     6206     
 609.76  193     19871    1090.71    1901.47    810.763     3320     6226     
 612.26  194     19927    1090.71    1901.47    810.763     3376     6243     
 614.19  194     19950    1090.71    1901.47    810.763     3399     6261     
 620.64  195     20000    1107.95    1901.34    793.388     3226     6270     
 627.91  196     20089    1107.95    1901.09    793.135     3315     6298     
 628.84  196     20100    1107.95    1901.09    793.135     3326     6308     
 631.89  197     20207    1107.95    1901.07    793.119     3433     6337     
 632     197     20208    1107.95    1901.07    793.119     3434     6337     
 635.05  197     20250    1107.95    1901.07    793.119     3476     6366     
 641.83  198     20313    1107.95    1900.89    792.934     3243     6372     
 644.82  198     20350    1107.95    1900.89    792.934     3280     6395     
 646.54  199     20405    1107.95    1900.74    792.782     3335     6400     
 650.12  199     20450    1107.95    1900.74    792.782     3380     6429     
 656.45  200     20521    1107.95    1900.68    792.729     3451     6437     
 659.28  200     20550    1107.95    1900.68    792.729     3480     6455     
 661.22  201     20600    1107.95    1900.58    792.626     3530     6462     
 670.16  201     20650    1107.95    1900.58    792.626     3292     6494     
 671.67  202     20713    1107.95    1900.49    792.538     3355     6497     
 674.23  202     20750    1107.95    1900.49    792.538     3392     6519     
 675.93  203     20800    1107.95    1900.42    792.467     3442     6527     
 679.04  204     20875    1108.75    1900.18    791.433     3517     6549     
 681.06  204     20900    1108.75    1900.18    791.433     3542     6565     
 690.23  205     20983    1109.89    1900.17    790.272     3311     6584     
 691.5   205     21000    1109.89    1900.17    790.272     3328     6595     
 699.22  206     21093    1109.98    1899.94    789.965     3421     6620     
 699.59  206     21100    1109.98    1899.94    789.965     3428     6623     
 703.23  207     21179    1109.98    1899.85    789.87      3507     6648     
 705.04  207     21200    1109.98    1899.85    789.87      3528     6660     
 707.66  208     21265    1109.98    1899.85    789.87      3593     6673     
 710.44  208     21300    1109.98    1899.85    789.87      3628     6696     
 718.69  209     21367    1109.98    1899.52    789.541     3390     6706     
 721.52  209     21400    1109.98    1899.52    789.541     3423     6729     
 723.66  210     21467    1109.98    1899.4     789.416     3490     6739     
 726.09  210     21500    1109.98    1899.4     789.416     3523     6764     
 732.73  211     21550    1109.98    1899.4     789.416     3573     6770     
 736.75  211     21600    1109.98    1899.4     789.416     3623     6802     
 744.17  212     21657    1109.98    1899.24    789.257     3375     6803     
 747.11  212     21700    1109.98    1899.24    789.257     3418     6835     
 748.72  213     21761    1109.98    1899.24    789.256     3479     6839     
 751.42  213     21800    1109.98    1899.24    789.256     3518     6864     
 753.88  214     21871    1109.98    1899.24    789.256     3589     6875     
 756.53  214     21900    1109.98    1899.24    789.256     3618     6896     
 759.05  215     21965    1109.98    1898.74    788.759     3683     6908     
 768.11  215     22000    1109.98    1898.74    788.759     3411     6929     
 775.72  216     22075    1109.98    1898.74    788.759     3486     6941     
 777.98  216     22100    1109.98    1898.74    788.759     3511     6958     
 779.92  217     22150    1109.98    1898.58    788.605     3561     6967     
 784.65  218     22245    1109.98    1898.34    788.357     3656     6998     
 785.1   218     22250    1109.98    1898.34    788.357     3661     7002     
 796.3   219     22351    1109.99    1898.29    788.308     3430     7038     
 796.41  219     22352    1109.99    1898.29    788.308     3431     7038     
 799.96  220     22411    1109.99    1897.97    787.979     3490     7057     
 803.63  220     22450    1109.99    1897.97    787.979     3529     7082     
 804.95  221     22500    1109.99    1897.43    787.447     3579     7084     
 808.49  222     22591    1109.99    1897.42    787.428     3670     7111     
 809.19  222     22600    1109.99    1897.42    787.428     3679     7118     
 817.67  223     22681    1109.99    1897.24    787.254     3760     7142     
 825.66  223     22700    1109.99    1897.24    787.254     3475     7155     
 828.47  224     22767    1109.99    1897.24    787.253     3542     7169     
 830.66  224     22800    1109.99    1897.24    787.253     3575     7191     
 832.85  225     22877    1109.99    1897.17    787.18      3652     7204     
 834.95  225     22900    1109.99    1897.17    787.18      3675     7218     
 837.49  226     22961    1109.99    1897.13    787.144     3736     7228     
 892.07  226     23000    1109.99    1897.13    787.144     3504     7253     
 894.29  227     23063    1109.99    1897.13    787.14      3567     7260     
 897.02  227     23100    1109.99    1897.13    787.14      3604     7286     
 898.37  228     23151    1109.99    1896.98    786.991     3655     7289     
 907.32  229     23227    1109.99    1896.98    786.991     3731     7313     
-------------------------------------------------------------------------------

SARSOP finishing ...
  Preset timeout reached
  Timeout     : 900.000000s
  Actual Time : 907.320000s

-------------------------------------------------------------------------------
 Time   |#Trial |#Backup |LBound    |UBound    |Precision  |#Alphas |#Beliefs  
-------------------------------------------------------------------------------
 913.26  229     23227    1109.99    1896.98    786.991     3524     7313     
-------------------------------------------------------------------------------

Writing out policy ...
  output file : /home/eliranab/FDMAP/Resources/policies/RS-5x4_2C_2S_4P_TEAM_car1.policy

Solve took 
real	15m39.122s
user	15m37.086s
sys	0m1.948s
