
Loading the model ...
  input file   : /home/eliranab/FDMAP/Resources/problems/RS-5x4_2C_2S_2P_TEAM_car1.pomdpx
  loading time : 0.97s 

SARSOP initializing ...
In sarsop::initialize
0.1
0.2
0.3
0.4
0.5
0.6
0.7
0.8
0.8.1
0.8.2
0.8.3
0.8.4
0.8.5
0.8.6
0.9
0.10
Finished sarsop::initialize
1
2
3
4
5
6
  initialization time : 0.17s

-------------------------------------------------------------------------------
 Time   |#Trial |#Backup |LBound    |UBound    |Precision  |#Alphas |#Beliefs  
-------------------------------------------------------------------------------
 0.17    0       0        0          1973.43    1973.43     16       1        
 0.19    2       79       1169.73    1957.32    787.589     28       32       
 0.2     2       100      1169.73    1957.32    787.589     41       48       
 0.21    3       150      1169.73    1945.94    776.203     52       60       
 0.22    4       201      1244.93    1937.72    692.789     72       73       
 0.24    5       271      1248.11    1937.52    689.409     89       93       
 0.25    6       303      1256.67    1932.7     676.036     97       103      
 0.27    7       350      1256.67    1929.09    672.423     116      120      
 0.29    8       400      1256.67    1928.33    671.665     131      133      
 0.31    9       450      1260.11    1924.3     664.189     146      149      
 0.36    10      549      1260.11    1924.21    664.101     177      179      
 0.36    10      550      1260.11    1924.21    664.101     178      179      
 0.39    11      600      1304.32    1921.3     616.982     219      202      
 0.42    12      650      1304.32    1921.3     616.982     229      213      
 0.45    14      713      1369.22    1916.31    547.096     240      225      
 0.48    15      753      1390.43    1913.21    522.777     244      235      
 0.53    16      819      1390.43    1913.21    522.777     252      257      
 0.57    17      871      1390.43    1911.35    520.924     292      275      
 0.61    18      900      1390.43    1911.35    520.924     277      294      
 0.64    18      950      1390.43    1907.52    517.092     301      305      
 0.68    19      1000     1392.89    1904.52    511.632     314      322      
 0.72    20      1050     1392.89    1903.41    510.524     310      331      
 0.77    21      1113     1392.89    1903.41    510.524     309      347      
 0.82    22      1169     1392.89    1903.19    510.309     320      363      
 0.85    22      1200     1392.89    1903.19    510.309     351      384      
 0.9     23      1250     1394.97    1901.24    506.269     351      395      
 0.96    24      1313     1395.16    1900.75    505.589     340      411      
 1.01    25      1365     1395.57    1899.62    504.043     348      426      
 1.06    26      1421     1395.57    1899.62    504.043     361      443      
 1.1     26      1450     1395.57    1899.62    504.043     390      462      
 1.15    27      1500     1395.57    1899.42    503.847     389      473      
 1.21    28      1553     1395.61    1898.59    502.978     386      486      
 1.28    29      1615     1395.61    1897.19    501.575     406      505      
 1.34    30      1661     1395.61    1897.17    501.554     412      516      
 1.43    31      1733     1395.61    1897.17    501.554     421      539      
 1.45    31      1750     1395.61    1897.17    501.554     438      552      
 1.53    32      1800     1395.61    1896.57    500.957     456      570      
 1.59    33      1850     1395.61    1896.48    500.867     449      582      
 1.66    34      1900     1395.67    1895.14    499.465     447      594      
 1.74    35      1950     1395.68    1893.75    498.076     459      614      
 1.81    36      2000     1395.68    1893.49    497.809     471      625      
 1.9     37      2050     1396.7     1892.7     496.001     491      645      
 1.97    38      2100     1396.7     1891.54    494.84      498      658      
 2.08    39      2171     1396.7     1891.54    494.84      498      676      
 2.13    40      2211     1396.7     1890.69    493.992     538      690      
 2.22    41      2261     1396.8     1888.98    492.182     563      707      
 2.31    42      2301     1396.8     1888.69    491.895     562      716      
 2.4     43      2350     1396.8     1888.63    491.827     555      732      
 2.53    44      2415     1396.8     1887.64    490.844     575      752      
 2.63    45      2465     1396.9     1885.71    488.817     625      768      
 2.71    46      2500     1396.96    1885.35    488.388     625      776      
 2.84    47      2563     1396.96    1885.35    488.388     616      796      
 2.93    48      2613     1396.96    1884.91    487.945     666      811      
 3.04    49      2650     1396.98    1884.56    487.58      659      821      
 3.19    50      2709     1396.98    1884.29    487.315     653      843      
 3.31    51      2773     1396.98    1884.29    487.315     717      863      
 3.45    51      2800     1396.98    1884.29    487.315     688      882      
 3.59    52      2865     1396.98    1883.78    486.797     677      893      
 3.65    53      2903     1397.98    1883.31    485.331     715      901      
 3.83    54      2957     1397.98    1882.82    484.841     704      919      
 3.94    55      3019     1398.07    1882.08    484.018     766      939      
 4.11    55      3050     1398.07    1882.08    484.018     743      959      
 4.25    56      3115     1398.07    1882.08    484.018     729      971      
 4.4     57      3179     1398.07    1881.87    483.8       793      992      
 4.52    57      3200     1398.07    1881.87    483.8       751      1007     
 4.64    58      3255     1398.07    1881.76    483.688     806      1018     
 4.8     59      3300     1398.07    1881       482.928     790      1029     
 4.99    60      3361     1398.07    1881       482.928     764      1047     
 5.11    61      3425     1398.07    1880.89    482.816     828      1065     
 5.78    62      3473     1398.07    1880.52    482.45      792      1078     
 5.86    62      3500     1398.07    1880.52    482.45      819      1095     
 5.94    63      3550     1398.07    1880.52    482.45      869      1104     
 6.17    64      3600     1398.07    1880.52    482.45      857      1122     
 6.35    65      3650     1398.07    1880.05    481.973     831      1133     
 6.5     66      3703     1398.17    1879.48    481.311     884      1148     
 6.69    67      3753     1398.17    1879.38    481.208     868      1162     
 6.8     68      3800     1398.18    1879.35    481.171     915      1172     
 7.08    69      3867     1398.18    1879.35    481.171     912      1193     
 7.3     70      3923     1398.18    1879.35    481.171     871      1210     
 7.39    70      3950     1398.18    1879.35    481.171     898      1229     
 7.53    71      4000     1398.18    1879.33    481.151     948      1241     
 7.76    72      4050     1398.18    1877.94    479.764     929      1260     
 7.92    73      4105     1398.18    1877.76    479.578     984      1269     
 8.21    74      4181     1398.19    1876.77    478.581     984      1292     
 8.27    74      4200     1398.19    1876.77    478.581     1003     1304     
 8.55    75      4250     1398.19    1876.21    478.021     958      1321     
 8.66    76      4300     1398.28    1876.12    477.834     1008     1332     
 8.98    77      4350     1398.28    1875.39    477.113     976      1349     
 9.11    78      4400     1398.28    1872.97    474.691     1026     1365     
 9.4     79      4453     1398.28    1872.72    474.435     988      1375     
 9.53    80      4500     1398.28    1871.72    473.434     1035     1390     
 9.68    81      4550     1398.38    1871.5     473.114     1085     1405     
 10.78   83      4619     1398.4     1869.56    471.159     1046     1421     
 10.92   83      4650     1398.4     1869.56    471.159     1077     1442     
 11.1    84      4700     1398.4     1869.36    470.961     1127     1452     
 11.42   85      4759     1398.41    1869.08    470.671     1068     1464     
 11.53   86      4800     1398.41    1869.08    470.671     1109     1474     
 11.78   87      4859     1398.41    1868.79    470.384     1168     1493     
 12.07   88      4900     1398.41    1868.77    470.356     1126     1504     
 12.26   89      4955     1398.41    1868.73    470.322     1181     1519     
 12.58   90      5003     1398.41    1868.73    470.322     1152     1532     
 12.86   91      5063     1398.41    1867.77    469.363     1212     1552     
 13.22   92      5121     1398.41    1867.77    469.361     1187     1568     
 13.37   93      5177     1398.41    1867.7     469.292     1243     1582     
 13.58   93      5200     1398.41    1867.7     469.292     1266     1597     
 13.93   94      5250     1398.41    1867.29    468.875     1194     1611     
 14.09   95      5300     1398.41    1867.12    468.704     1244     1625     
 14.53   96      5350     1398.41    1866.55    468.141     1194     1640     
 14.73   97      5417     1398.41    1866.55    468.141     1261     1655     
 14.99   98      5467     1398.41    1866.4     467.991     1311     1671     
 15.34   99      5507     1398.41    1865.93    467.513     1238     1682     
 15.48   100     5550     1398.41    1865.61    467.198     1281     1691     
 15.95   101     5600     1398.41    1865.22    466.811     1222     1705     
 16.11   102     5650     1398.41    1864.51    466.103     1272     1720     
 16.3    103     5707     1398.41    1864.47    466.061     1329     1737     
 16.81   104     5759     1398.41    1864.41    465.993     1281     1754     
 17.09   105     5831     1398.41    1864.41    465.993     1353     1776     
 18.61   105     5850     1398.41    1864.41    465.993     1286     1789     
 18.92   106     5915     1398.41    1864.08    465.664     1351     1803     
 19.13   107     5975     1398.41    1864.08    465.664     1411     1819     
 19.53   107     6000     1398.41    1864.08    465.664     1315     1836     
 19.83   108     6050     1398.41    1863.93    465.523     1365     1852     
 19.98   109     6100     1398.41    1863.83    465.418     1415     1861     
 20.44   110     6150     1398.41    1863.12    464.71      1356     1879     
 20.76   111     6207     1398.41    1862.73    464.319     1413     1893     
 21.29   111     6250     1398.41    1862.73    464.319     1356     1920     
 21.41   112     6300     1398.41    1862.39    463.982     1406     1921     
 21.77   113     6359     1398.41    1862.21    463.793     1465     1940     
 22.29   114     6421     1398.41    1861.65    463.237     1403     1959     
 22.44   114     6450     1398.41    1861.65    463.237     1432     1978     
 22.59   115     6500     1398.41    1861.54    463.123     1482     1988     
 23.15   116     6550     1398.41    1861.33    462.914     1416     1999     
 23.43   117     6619     1398.41    1861.27    462.857     1485     2017     
 24.06   118     6669     1398.41    1861.27    462.857     1404     2030     
 24.21   119     6709     1398.41    1861.01    462.594     1444     2040     
 24.49   120     6771     1398.41    1860.75    462.34      1506     2060     
 24.98   121     6815     1398.41    1860.5     462.087     1433     2072     
 25.32   122     6865     1398.41    1860.02    461.607     1483     2087     
 25.57   123     6917     1398.41    1859.82    461.408     1535     2105     
 26.07   124     6961     1398.41    1859.49    461.074     1476     2116     
 26.35   125     7000     1398.41    1859.36    460.943     1515     2126     
 26.62   126     7050     1398.41    1859.3     460.892     1565     2148     
 27.19   127     7111     1398.41    1859.1     460.688     1509     2160     
 27.66   128     7171     1398.41    1858.96    460.546     1569     2182     
 27.9    128     7200     1398.41    1858.96    460.546     1598     2200     
 28.12   129     7250     1398.41    1858.75    460.34      1648     2212     
 28.72   131     7319     1398.41    1858.74    460.333     1591     2223     
 30.91   132     7363     1398.41    1858.45    460.041     1569     2235     
 31.11   133     7405     1398.41    1857.97    459.559     1611     2245     
 31.56   134     7485     1398.41    1857.95    459.538     1691     2272     
 31.7    134     7500     1398.41    1857.95    459.538     1706     2282     
 32.53   135     7550     1398.41    1857.91    459.496     1604     2296     
 32.75   136     7600     1398.41    1857.51    459.101     1654     2308     
 33.01   137     7650     1398.41    1857.38    458.971     1704     2323     
 33.75   138     7707     1398.41    1857.32    458.905     1637     2339     
 34.3    139     7779     1398.41    1857.28    458.871     1709     2363     
 34.48   139     7800     1398.41    1857.28    458.871     1730     2375     
 34.73   140     7850     1398.41    1856.92    458.508     1780     2388     
 35.61   142     7911     1398.41    1856.41    457.997     1718     2399     
 35.8    143     7950     1398.41    1856.21    457.802     1757     2410     
 36.09   144     8000     1398.41    1855.48    457.068     1807     2426     
 36.94   145     8065     1398.41    1855.47    457.06      1745     2447     
 37.57   146     8131     1398.41    1855.47    457.06      1811     2471     
 37.71   147     8159     1398.41    1855.47    457.06      1839     2478     
 38.01   148     8211     1398.41    1855.03    456.621     1891     2492     
 38.91   149     8285     1398.41    1854.98    456.572     1826     2514     
 39.29   149     8300     1398.41    1854.98    456.572     1841     2522     
 39.6    150     8350     1398.41    1854.4     455.986     1891     2538     
 39.96   151     8400     1398.41    1854.16    455.751     1941     2557     
 40.75   152     8450     1398.41    1853.96    455.544     1825     2565     
 41.36   153     8515     1398.41    1853.79    455.377     1890     2585     
 41.64   154     8561     1398.41    1853.58    455.164     1936     2601     
 41.94   155     8611     1398.41    1853.58    455.164     1986     2616     
 42.9    156     8671     1398.41    1853.57    455.156     1911     2636     
 43.51   157     8725     1398.41    1853.42    455.003     1965     2652     
 43.76   157     8750     1398.41    1853.42    455.003     1990     2668     
 44      158     8800     1398.41    1853.26    454.845     2040     2674     
 44.87   159     8859     1398.41    1853.13    454.722     1954     2692     
 45.71   160     8937     1398.41    1852.2     453.787     2032     2720     
 45.86   160     8950     1398.41    1852.2     453.787     2045     2729     
 46.84   161     9021     1399.43    1852.03    452.603     1951     2746     
 47.17   162     9065     1399.43    1851.78    452.352     1995     2763     
 50.78   163     9123     1399.43    1851.78    452.352     1981     2781     
 51.06   163     9150     1399.43    1851.78    452.352     2008     2795     
 51.38   164     9200     1399.43    1851.61    452.174     2058     2806     
 51.69   165     9250     1399.43    1851.61    452.174     2108     2816     
 52.07   166     9300     1399.43    1851.61    452.174     2158     2832     
 53.41   167     9350     1407.32    1851.46    444.135     2075     2852     
 53.68   168     9400     1407.32    1851.3     443.974     2125     2859     
 54.08   169     9450     1407.32    1851.07    443.744     2175     2880     
 54.41   170     9500     1408.18    1850.91    442.726     2225     2890     
 55.41   171     9550     1408.18    1850.8     442.62      2103     2902     
 56.12   172     9600     1408.18    1850.61    442.426     2153     2918     
 56.53   173     9650     1408.18    1850.11    441.93      2203     2935     
 56.89   174     9700     1408.18    1850.02    441.839     2253     2948     
 58.01   175     9755     1408.18    1849.38    441.195     2123     2962     
 58.72   176     9803     1409.17    1849.25    440.089     2171     2974     
 59.14   177     9859     1409.17    1849.05    439.886     2227     2991     
 59.62   178     9921     1409.17    1848.88    439.717     2289     3009     
 59.99   178     9950     1409.17    1848.88    439.717     2318     3027     
 61.06   179     10000    1409.17    1848.66    439.491     2196     3035     
 61.85   180     10050    1409.17    1848.66    439.491     2246     3047     
 62.23   181     10100    1409.17    1848.65    439.487     2296     3059     
 62.63   182     10150    1409.17    1848.41    439.243     2346     3075     
 63.09   183     10200    1409.17    1848.15    438.983     2396     3094     
 64.38   184     10267    1409.17    1847.95    438.78      2289     3110     
 65.16   185     10309    1409.17    1847.95    438.78      2331     3120     
 65.44   186     10350    1409.17    1847.87    438.705     2372     3128     
 65.8    187     10400    1409.17    1847.73    438.56      2422     3144     
 67.14   188     10461    1409.17    1847.59    438.429     2283     3164     
 67.64   189     10515    1409.17    1847.33    438.167     2337     3181     
 68.69   190     10579    1409.17    1847.25    438.087     2401     3204     
 68.97   190     10600    1409.17    1847.25    438.087     2422     3214     
 69.36   191     10650    1413.39    1847.22    433.833     2472     3226     
 70.66   192     10701    1413.39    1846.81    433.421     2342     3240     
 71.82   193     10771    1413.39    1846.62    433.229     2412     3262     
 72.32   194     10827    1413.39    1846.48    433.086     2468     3279     
 72.7    194     10850    1413.39    1846.48    433.086     2491     3296     
 73.06   195     10900    1413.39    1846.43    433.036     2541     3304     
 74.45   196     10951    1413.76    1845.98    432.218     2385     3320     
 74.9    197     11007    1413.76    1845.83    432.066     2441     3340     
 80.38   198     11059    1413.76    1845.83    432.066     2434     3358     
 80.99   199     11121    1413.76    1845.46    431.693     2496     3378     
 81.47   200     11167    1413.76    1845.19    431.428     2542     3393     
 81.96   201     11217    1413.76    1845.1     431.341     2592     3405     
 82.52   202     11269    1416.68    1845.08    428.394     2644     3421     
 83.64   202     11300    1416.68    1845.08    428.394     2675     3441     
 84.92   203     11350    1416.68    1844.63    427.947     2542     3447     
 85.39   205     11411    1417.35    1844.38    427.039     2603     3461     
 86.02   206     11473    1417.35    1844.36    427.011     2665     3481     
 86.42   207     11515    1417.35    1844.21    426.862     2707     3493     
 88.45   208     11559    1417.35    1844.21    426.862     2544     3504     
 88.9    209     11603    1417.35    1844.11    426.759     2588     3518     
 89.42   210     11650    1417.35    1844.03    426.688     2635     3537     
 90.02   211     11705    1417.35    1843.89    426.547     2690     3552     
 90.65   212     11761    1417.35    1843.72    426.377     2746     3572     
 92.33   213     11817    1417.35    1843.71    426.362     2583     3591     
 93.58   214     11850    1417.35    1843.71    426.362     2616     3615     
 94.09   215     11915    1417.35    1843.66    426.31      2681     3624     
 94.4    216     11950    1417.35    1843.53    426.186     2716     3633     
 94.9    217     12000    1417.35    1843.53    426.186     2766     3648     
 95.6    218     12050    1417.35    1842.28    424.931     2816     3674     
 97.06   219     12100    1417.35    1842.17    424.828     2649     3681     
 98.36   220     12150    1417.35    1841.95    424.605     2699     3702     
 98.92   221     12215    1417.35    1841.95    424.605     2764     3716     
 99.4    222     12261    1417.35    1841.9     424.549     2810     3728     
 100.26  223     12333    1417.35    1841.54    424.198     2882     3751     
 100.55  223     12350    1417.35    1841.54    424.198     2899     3761     
 102.99  224     12400    1417.35    1841.17    423.821     2713     3778     
 103.5   226     12450    1417.35    1841.08    423.735     2763     3789     
 104.22  227     12523    1417.35    1841       423.653     2836     3806     
 104.7   227     12550    1417.35    1841       423.653     2863     3823     
 105.26  228     12600    1417.35    1840.72    423.373     2913     3837     
 105.83  229     12650    1417.35    1840.54    423.198     2963     3852     
 108.48  231     12721    1417.35    1840.36    423.012     2788     3868     
 108.89  232     12769    1417.35    1840.3     422.958     2836     3875     
 109.5   233     12821    1417.35    1840.21    422.861     2888     3891     
 109.98  234     12865    1417.35    1840.13    422.781     2932     3903     
 110.42  235     12903    1417.35    1839.85    422.505     2970     3913     
 112.17  236     12957    1417.35    1839.74    422.395     2797     3928     
 113.8   237     13021    1417.35    1839.62    422.269     2861     3949     
 114.31  237     13050    1417.35    1839.62    422.269     2890     3967     
 114.75  238     13100    1417.35    1839.58    422.236     2940     3972     
 115.33  239     13150    1417.35    1839.58    422.236     2990     3985     
 117.16  240     13200    1417.35    1839.48    422.138     2803     4004     
 117.56  241     13250    1417.35    1839.48    422.138     2853     4014     
 119.28  242     13315    1417.35    1839.48    422.138     2918     4032     
 126.66  243     13373    1417.35    1839.34    421.993     2828     4050     
 127.1   243     13400    1417.35    1839.34    421.993     2855     4068     
 127.47  244     13450    1417.35    1839.34    421.993     2905     4075     
 128.01  245     13500    1417.35    1839.29    421.947     2955     4092     
 128.76  246     13567    1417.35    1839.28    421.932     3022     4107     
 129.19  247     13607    1417.4     1839.22    421.82      3062     4116     
 132.02  248     13657    1417.4     1839.2     421.799     2890     4132     
 132.67  249     13703    1417.4     1839.2     421.799     2936     4149     
 133.55  250     13773    1417.4     1838.77    421.363     3006     4171     
 134     250     13800    1417.4     1838.77    421.363     3033     4189     
 134.46  251     13850    1417.4     1838.64    421.239     3083     4197     
 135.24  253     13915    1417.4     1838.46    421.052     3148     4215     
 138.21  254     13959    1417.41    1838.14    420.734     2935     4229     
 138.62  255     14000    1417.41    1838.11    420.7       2976     4239     
 139.44  256     14069    1417.41    1838.05    420.638     3045     4259     
 140.11  257     14121    1417.41    1838.02    420.61      3097     4275     
 140.72  258     14171    1417.41    1837.94    420.533     3147     4286     
 141.32  258     14200    1417.41    1837.94    420.533     3176     4305     
 141.91  259     14250    1417.41    1837.92    420.511     3226     4314     
 144.96  260     14305    1417.41    1837.45    420.036     3061     4327     
 145.47  261     14350    1417.41    1837.41    420.003     3106     4338     
 146.1   262     14400    1417.41    1837.24    419.834     3156     4353     
 147.26  263     14483    1417.41    1836.98    419.568     3239     4380     
 147.57  263     14500    1417.41    1836.98    419.568     3256     4391     
 148.2   264     14550    1417.41    1836.61    419.199     3306     4405     
 150.26  265     14600    1417.46    1836.55    419.093     3118     4422     
 152.01  266     14650    1417.46    1836.36    418.908     3168     4438     
 152.66  268     14713    1417.46    1836.03    418.575     3231     4448     
 153.29  269     14761    1417.46    1836.03    418.575     3279     4461     
 154.23  270     14835    1417.46    1836.03    418.575     3353     4483     
 154.57  270     14850    1417.46    1836.03    418.575     3368     4493     
 157.07  271     14921    1417.46    1836.02    418.562     3223     4509     
 157.43  272     14951    1417.46    1835.65    418.198     3253     4516     
 159.16  273     15003    1418.64    1835.42    416.777     3305     4530     
 159.82  274     15055    1418.64    1835.4     416.76      3357     4543     
 160.8   275     15123    1418.64    1835.32    416.674     3425     4565     
 161.43  275     15150    1418.64    1835.32    416.674     3452     4584     
 163.6   276     15200    1418.64    1835.32    416.674     3257     4591     
 164.38  277     15250    1418.64    1835.04    416.402     3307     4610     
 165.14  278     15300    1418.64    1835       416.359     3357     4627     
 167.06  279     15350    1418.64    1835       416.359     3407     4641     
 167.8   280     15400    1418.64    1834.8     416.158     3457     4659     
 168.47  282     15461    1418.64    1834.36    415.715     3518     4668     
 169.15  283     15507    1418.64    1834.18    415.543     3564     4683     
 171.83  284     15571    1418.64    1834.11    415.47      3352     4705     
 172.43  285     15623    1418.64    1833.97    415.333     3404     4716     
 172.87  286     15655    1418.64    1833.97    415.333     3436     4724     
 174.88  287     15713    1418.64    1833.96    415.316     3494     4741     
 175.72  288     15769    1418.64    1833.84    415.198     3550     4757     
 176.29  289     15807    1418.75    1833.68    414.934     3588     4769     
 176.91  290     15851    1418.76    1833.63    414.872     3632     4781     
 179.4   291     15900    1418.76    1833.51    414.757     3408     4796     
 180.16  292     15951    1418.76    1833.2     414.446     3459     4811     
 180.87  293     16000    1418.76    1832.95    414.197     3508     4830     
 181.7   295     16065    1418.76    1832.51    413.755     3573     4841     
 184.07  296     16131    1418.76    1832.51    413.755     3639     4863     
 184.52  296     16150    1418.76    1832.51    413.755     3658     4876     
 197.54  297     16200    1418.76    1832.51    413.755     3424     4888     
 198.38  298     16253    1418.76    1832.08    413.326     3477     4901     
 199.15  299     16300    1418.76    1831.62    412.86      3524     4918     
 199.84  300     16350    1418.76    1831.53    412.778     3574     4929     
 200.54  301     16400    1418.76    1831.48    412.728     3624     4941     
 202.7   302     16450    1418.76    1831.47    412.71      3674     4957     
 204.08  303     16523    1418.76    1831.47    412.71      3747     4980     
 206.75  304     16561    1418.76    1831.23    412.472     3463     4989     
 207.66  304     16600    1418.76    1831.23    412.472     3502     5013     
 208.29  305     16657    1418.76    1831.06    412.303     3559     5017     
 209.06  306     16707    1418.76    1830.97    412.213     3609     5031     
 209.71  307     16750    1418.76    1830.9     412.148     3652     5045     
 210.52  308     16800    1418.76    1830.8     412.04      3702     5060     
 212.98  309     16850    1418.76    1830.79    412.032     3752     5084     
 213.68  310     16900    1418.76    1830.71    411.957     3802     5093     
 216.45  311     16950    1418.76    1830.66    411.899     3564     5107     
 217.16  312     17000    1418.76    1830.56    411.807     3614     5124     
 218.39  313     17067    1418.76    1830.51    411.751     3681     5145     
 219.32  314     17123    1418.76    1830.51    411.751     3737     5163     
 220.07  314     17150    1418.76    1830.51    411.751     3764     5180     
 220.76  315     17207    1418.76    1830.41    411.654     3821     5189     
 225.51  316     17267    1418.76    1830.41    411.654     3587     5208     
 226.17  317     17315    1418.76    1830.19    411.434     3635     5221     
 226.99  318     17350    1418.76    1830.19    411.434     3670     5243     
 227.61  318     17400    1418.76    1830.12    411.367     3720     5248     
 228.46  320     17463    1418.76    1829.76    411.005     3783     5261     
 229.15  321     17505    1418.76    1829.5     410.745     3825     5270     
 230.62  322     17583    1418.76    1829.38    410.621     3903     5296     
 231.06  322     17600    1418.76    1829.38    410.621     3920     5307     
 235.41  324     17663    1418.76    1829.37    410.618     3680     5315     
 236.11  325     17705    1418.76    1829.34    410.585     3722     5325     
 237.29  326     17779    1418.76    1829.34    410.585     3796     5348     
 237.82  326     17800    1418.76    1829.34    410.585     3817     5361     
 238.76  327     17850    1418.76    1829.2     410.447     3867     5376     
 239.5   328     17900    1418.76    1829.18    410.421     3917     5384     
 240.69  329     17963    1418.76    1829.16    410.406     3980     5404     
 245.37  330     18015    1418.76    1828.93    410.177     3696     5420     
 246.33  331     18071    1418.76    1828.93    410.177     3752     5441     
 247.04  332     18115    1418.76    1828.82    410.067     3796     5452     
 247.63  333     18155    1418.76    1828.79    410.031     3836     5462     
 248.39  334     18200    1418.76    1828.79    410.031     3881     5478     
 249.23  335     18251    1418.76    1828.49    409.737     3932     5491     
 250.03  336     18300    1418.76    1828.43    409.675     3981     5504     
 251.32  337     18363    1418.76    1828.33    409.577     4044     5526     
 254.6   338     18417    1418.76    1828.27    409.513     3797     5543     
 256.7   339     18450    1418.76    1828.27    409.513     3830     5550     
 257.45  340     18500    1418.76    1828.19    409.43      3880     5566     
 258.65  341     18561    1418.76    1828.11    409.35      3941     5586     
 259.83  342     18627    1418.76    1828.08    409.326     4007     5607     
 260.24  343     18655    1418.76    1827.93    409.178     4035     5613     
 261.38  344     18711    1425.81    1827.61    401.804     4091     5632     
 264.7   345     18765    1425.81    1827.48    401.668     3853     5650     
 265.69  346     18800    1425.81    1827.48    401.668     3888     5676     
 268.26  346     18850    1425.81    1827.47    401.665     3938     5688     
 269.16  347     18900    1425.81    1827.47    401.665     3988     5703     
 270.14  348     18950    1425.81    1827.15    401.344     4038     5719     
 271.07  349     19000    1425.81    1827.13    401.319     4088     5738     
 271.85  350     19050    1425.81    1826.94    401.134     4138     5748     
 272.78  352     19107    1425.81    1826.82    401.016     4195     5761     
 276.17  353     19159    1425.81    1826.79    400.987     3926     5777     
 276.81  354     19201    1425.92    1826.54    400.623     3968     5790     
 277.79  355     19253    1425.92    1826.52    400.6       4020     5807     
 281.17  356     19333    1425.92    1826.49    400.567     4100     5832     
 281.53  356     19350    1425.92    1826.49    400.567     4117     5840     
 282.22  357     19400    1425.92    1826.45    400.529     4167     5849     
 283.34  358     19453    1428.65    1826.44    397.79      4220     5866     
 284.83  359     19517    1428.65    1826.41    397.763     4284     5887     
 302.8   360     19555    1428.65    1826.37    397.725     4034     5897     
 304.37  361     19631    1428.9     1825.87    396.971     4110     5923     
 304.9   361     19650    1428.9     1825.87    396.971     4129     5935     
 307.76  362     19711    1429.11    1825.69    396.58      4190     5946     
 308.29  363     19750    1429.16    1825.62    396.466     4229     5954     
 309.07  364     19801    1429.16    1825.57    396.418     4280     5970     
 310.28  365     19863    1429.16    1825.57    396.41      4342     5989     
 311.34  365     19900    1429.16    1825.57    396.41      4379     6011     
 312.08  366     19950    1429.16    1825.34    396.181     4429     6017     
 316.09  367     20007    1429.18    1825.34    396.159     4202     6031     
 317.7   368     20081    1429.18    1825.29    396.108     4276     6054     
 318.25  368     20100    1429.18    1825.29    396.108     4295     6065     
 321.3   370     20163    1429.18    1825.14    395.965     4358     6076     
 322.26  371     20219    1429.18    1824.87    395.685     4414     6094     
 322.94  372     20261    1429.19    1824.62    395.438     4456     6105     
 324.21  373     20300    1429.19    1824.62    395.438     4495     6131     
 324.99  373     20350    1429.19    1824.55    395.364     4545     6137     
 328.83  374     20400    1429.19    1824.55    395.364     4284     6150     
 329.85  375     20450    1429.19    1824.34    395.15      4334     6164     
 330.93  376     20500    1429.19    1824.28    395.097     4384     6179     
 332.22  377     20555    1429.19    1824.26    395.076     4439     6195     
 333.22  378     20601    1429.19    1824.17    394.981     4485     6208     
 336.35  379     20650    1430.11    1824.15    394.042     4534     6224     
 337.58  381     20719    1430.19    1824.11    393.926     4603     6237     
 338.64  381     20750    1430.19    1824.11    393.926     4634     6258     
 339.54  382     20800    1430.19    1824.08    393.892     4684     6266     
 343.58  383     20853    1430.19    1824.04    393.855     4395     6279     
 344.66  384     20900    1430.19    1823.91    393.722     4442     6297     
 345.62  385     20950    1430.19    1823.91    393.722     4492     6309     
 346.46  387     21001    1430.19    1823.36    393.174     4543     6317     
 347.49  388     21050    1430.19    1823.36    393.174     4592     6330     
 350.57  389     21100    1430.19    1823.33    393.137     4642     6341     
 351.68  390     21150    1430.19    1823.33    393.137     4692     6357     
 352.62  391     21200    1430.19    1823.29    393.098     4742     6374     
 353.67  392     21250    1431.28    1823.1     391.815     4792     6391     
 358.03  393     21300    1431.28    1823.04    391.76      4517     6400     
 359.28  394     21350    1431.28    1823       391.72      4567     6417     
 360.57  395     21400    1431.28    1822.98    391.699     4617     6434     
 361.61  396     21450    1431.28    1822.68    391.402     4667     6444     
 362.94  398     21515    1431.28    1822.43    391.151     4732     6457     
 364.37  399     21573    1431.28    1822.41    391.134     4790     6475     
 367.53  400     21611    1431.28    1822.38    391.101     4828     6487     
 368.77  401     21667    1431.28    1822.25    390.968     4884     6501     
 369.98  401     21700    1431.28    1822.25    390.968     4917     6523     
 374.19  402     21750    1431.49    1822.1     390.614     4579     6530     
 375.5   403     21805    1431.49    1822.08    390.588     4634     6547     
 376.19  404     21850    1431.49    1822.08    390.588     4679     6554     
 377.33  405     21900    1431.49    1822.07    390.584     4729     6570     
 379.08  406     21973    1431.49    1822.07    390.584     4802     6593     
 379.89  407     22021    1431.49    1822.02    390.528     4850     6607     
 380.46  408     22050    1431.49    1821.97    390.48      4879     6613     
 384.13  409     22100    1435.3     1821.75    386.455     4929     6633     
 385.21  410     22150    1439.36    1821.66    382.307     4979     6647     
 389.51  411     22200    1440.05    1821.66    381.613     4677     6656     
 390.6   412     22250    1440.66    1821.52    380.858     4727     6672     
 391.73  413     22300    1440.78    1821.52    380.743     4777     6685     
 393.26  414     22365    1440.79    1821.46    380.67      4842     6708     
 394.56  414     22400    1440.79    1821.46    380.67      4877     6733     
 396.23  415     22479    1440.79    1821.21    380.423     4956     6750     
 396.93  416     22513    1440.85    1821.13    380.278     4990     6758     
 398.1   417     22559    1440.85    1821.1     380.247     5036     6772     
 402.1   417     22600    1440.85    1821.1     380.247     5077     6802     
 406.61  418     22653    1440.85    1820.85    379.996     4709     6806     
 407.71  419     22700    1440.86    1820.75    379.885     4756     6822     
 408.98  420     22750    1440.87    1820.69    379.825     4806     6837     
 409.93  421     22800    1440.87    1820.51    379.644     4856     6843     
 411     422     22850    1440.87    1820.39    379.519     4906     6862     
 412.18  423     22903    1440.87    1820.39    379.519     4959     6876     
 413.21  424     22950    1440.87    1820.39    379.519     5006     6887     
 414.46  425     23003    1440.87    1820.14    379.273     5059     6903     
 415.83  426     23063    1440.87    1820.08    379.215     5119     6921     
 419.51  427     23107    1440.87    1819.96    379.096     5163     6933     
 425.09  428     23175    1440.87    1819.9     379.037     4831     6956     
 425.89  429     23213    1440.87    1819.68    378.814     4869     6966     
 427.1   430     23267    1440.87    1819.56    378.695     4923     6982     
 428.12  431     23313    1440.87    1819.38    378.514     4969     6993     
 429.51  432     23367    1440.87    1819.28    378.407     5023     7011     
 430.78  432     23400    1440.87    1819.28    378.407     5056     7033     
 431.78  434     23463    1440.87    1819.18    378.312     5119     7038     
 432.74  435     23511    1440.87    1819.16    378.296     5167     7050     
 433.82  436     23559    1440.87    1819.16    378.296     5215     7064     
 434.53  437     23600    1440.87    1819.15    378.283     5256     7073     
 463.35  438     23653    1440.87    1819.1     378.228     4878     7087     
 464.87  439     23711    1440.87    1819       378.136     4936     7106     
 466.23  440     23767    1440.87    1819       378.136     4992     7124     
 467.54  440     23800    1440.87    1819       378.136     5025     7148     
 468.44  441     23850    1440.87    1818.99    378.122     5075     7152     
 469.77  442     23919    1440.87    1818.97    378.101     5144     7170     
 470.35  443     23950    1440.87    1818.93    378.065     5175     7175     
 472.68  444     24037    1440.87    1818.92    378.048     5262     7206     
 473.06  444     24050    1440.87    1818.92    378.048     5275     7212     
 474.63  446     24119    1440.87    1818.84    377.968     5344     7228     
 480.17  446     24150    1440.87    1818.84    377.968     4950     7251     
 484.03  447     24200    1440.87    1818.65    377.781     5000     7255     
 485.32  448     24250    1440.87    1818.59    377.724     5050     7270     
 486.33  449     24301    1440.87    1818.59    377.724     5101     7283     
 487.93  450     24365    1440.87    1818.57    377.705     5165     7300     
 488.93  451     24409    1440.87    1818.56    377.691     5209     7312     
 490     452     24451    1440.87    1818.51    377.644     5251     7323     
 492.61  453     24545    1440.87    1818.51    377.641     5345     7359     
 492.82  453     24550    1440.87    1818.51    377.641     5350     7362     
 494.09  454     24605    1440.87    1818.46    377.594     5405     7380     
 501.78  455     24675    1440.87    1818.37    377.502     5083     7402     
 502.82  456     24700    1440.87    1818.37    377.502     5108     7416     
 507.98  456     24750    1440.87    1818.22    377.351     5158     7432     
 509.11  458     24809    1440.87    1818.07    377.2       5217     7440     
 511.11  459     24883    1440.87    1818.03    377.162     5291     7461     
 511.83  459     24900    1440.87    1818.03    377.162     5308     7471     
 513.16  461     24963    1440.87    1817.83    376.961     5371     7481     
 514.52  462     25015    1440.87    1817.76    376.887     5423     7496     
 515.83  462     25050    1440.87    1817.76    376.887     5458     7517     
 516.78  463     25100    1440.87    1817.74    376.873     5508     7520     
 522.14  464     25151    1440.87    1817.72    376.852     5134     7535     
 524.15  465     25225    1440.87    1817.72    376.852     5208     7557     
 525.2   466     25273    1440.87    1817.63    376.764     5256     7567     
 529.38  466     25300    1440.87    1817.63    376.764     5283     7584     
 530.46  467     25350    1440.87    1817.41    376.545     5333     7593     
 532.01  469     25417    1440.87    1816.97    376.101     5400     7608     
 532.98  470     25461    1440.87    1816.93    376.057     5444     7618     
 534.53  471     25523    1440.87    1816.67    375.798     5506     7637     
 535.69  472     25565    1440.87    1816.66    375.789     5548     7651     
 537.9   473     25633    1440.87    1816.6     375.73      5616     7674     
 538.44  474     25650    1440.87    1816.6     375.73      5633     7683     
 544.71  475     25721    1441.53    1816.19    374.66      5269     7698     
 546.21  476     25773    1441.58    1816.15    374.565     5321     7717     
 547.17  476     25800    1441.58    1816.15    374.565     5348     7732     
 548.4   477     25850    1441.58    1816.14    374.552     5398     7746     
 553.28  479     25917    1442.86    1816.11    373.251     5465     7761     
 554.73  480     25971    1442.86    1815.96    373.094     5519     7780     
 556.14  481     26027    1442.86    1815.96    373.094     5575     7797     
 557.17  481     26050    1442.86    1815.96    373.094     5598     7815     
 558.5   482     26103    1442.86    1815.96    373.094     5651     7825     
 560.25  483     26177    1442.86    1815.92    373.054     5725     7845     
 566.07  483     26200    1442.86    1815.92    373.054     5345     7862     
 567.11  484     26250    1442.86    1815.92    373.054     5395     7868     
 568.89  485     26311    1442.86    1815.87    373.008     5456     7886     
 571.2   486     26383    1442.86    1815.76    372.897     5528     7907     
 571.83  487     26400    1442.86    1815.76    372.897     5545     7914     
 577.22  488     26477    1443.85    1815.62    371.773     5622     7932     
 578.22  489     26517    1443.85    1815.62    371.773     5662     7942     
 579.9   490     26575    1443.85    1815.59    371.737     5720     7960     
 580.98  490     26600    1443.85    1815.59    371.737     5745     7976     
 582.18  491     26650    1443.86    1815.54    371.687     5795     7987     
 583.54  492     26700    1443.86    1815.44    371.579     5845     8004     
 589.93  493     26750    1444.63    1815.32    370.687     5448     8013     
 591.09  494     26800    1444.7     1815.3     370.6       5498     8025     
 592.18  496     26851    1444.71    1815.25    370.545     5549     8033     
 593.48  497     26900    1444.71    1815.24    370.528     5598     8047     
 595.2   498     26963    1444.71    1815.23    370.517     5661     8067     
 596.05  499     27000    1445.28    1815.19    369.904     5698     8075     
 600.63  500     27053    1445.28    1815.12    369.835     5751     8091     
 602.41  501     27123    1445.41    1815.03    369.615     5821     8111     
 603.7   502     27167    1445.47    1814.85    369.382     5865     8125     
 605.18  503     27217    1445.47    1814.84    369.371     5915     8140     
 612.44  504     27277    1445.49    1814.82    369.334     5583     8160     
 613.35  504     27300    1445.49    1814.82    369.334     5606     8175     
 614.79  505     27350    1445.49    1814.67    369.179     5656     8191     
 616.04  506     27400    1445.49    1814.51    369.02      5706     8201     
 617.88  507     27467    1445.49    1814.48    368.986     5773     8220     
 619.15  508     27511    1445.49    1814.13    368.637     5817     8234     
 620.28  509     27553    1445.5     1814.08    368.579     5859     8246     
 621.66  510     27607    1445.5     1813.97    368.468     5913     8261     
 626.79  511     27661    1445.5     1813.96    368.458     5967     8278     
 628.51  512     27725    1445.5     1813.86    368.356     6031     8298     
 629.35  512     27750    1445.5     1813.86    368.356     6056     8313     
 630.6   514     27819    1445.5     1813.73    368.235     6125     8324     
 638     515     27875    1445.5     1813.65    368.151     5792     8340     
 638.79  516     27913    1445.61    1813.63    368.014     5830     8348     
 640.25  517     27971    1445.73    1813.59    367.851     5888     8365     
 641.59  518     28017    1445.73    1813.57    367.831     5934     8379     
 642.8   519     28057    1445.73    1813.43    367.692     5974     8394     
 676.63  520     28125    1445.73    1813.27    367.532     5823     8416     
 677.8   521     28171    1445.76    1813.23    367.47      5869     8429     
 679.57  522     28223    1445.76    1812.94    367.182     5921     8445     
 680.52  522     28250    1445.76    1812.94    367.182     5948     8463     
 685.27  523     28300    1445.76    1812.9     367.142     5998     8468     
 686.78  524     28350    1445.76    1812.9     367.142     6048     8485     
 689.05  525     28415    1445.76    1812.69    366.93      6113     8506     
 690.22  526     28459    1445.76    1812.69    366.93      6157     8517     
 692.06  526     28500    1445.76    1812.69    366.93      6198     8543     
 693     527     28550    1445.76    1812.68    366.926     6248     8546     
 695.37  528     28621    1445.76    1812.68    366.926     6319     8570     
 696.82  528     28650    1445.76    1812.68    366.926     6348     8591     
 698.05  529     28700    1445.76    1812.65    366.897     6398     8596     
 707.08  530     28777    1445.76    1812.65    366.897     6015     8623     
 707.94  530     28800    1445.76    1812.65    366.897     6038     8634     
 709.5   531     28850    1445.76    1812.5     366.74      6088     8647     
 711.16  532     28903    1445.76    1812.48    366.725     6141     8657     
 716.72  533     28953    1445.76    1812.37    366.609     6191     8671     
 719.1   534     29025    1445.76    1812.3     366.54      6263     8694     
 720.09  534     29050    1445.76    1812.3     366.54      6288     8707     
 721.49  535     29100    1448.24    1812.12    363.882     6338     8720     
 723.32  536     29150    1448.24    1812.02    363.783     6388     8737     
 725.06  537     29200    1448.24    1811.9     363.666     6438     8753     
 727.11  539     29271    1449.42    1811.88    362.463     6509     8770     
 735.3   540     29307    1449.42    1811.82    362.398     6075     8780     
 737.31  541     29365    1449.98    1811.79    361.815     6133     8797     
 738.87  541     29400    1449.98    1811.79    361.815     6168     8820     
 740.25  542     29450    1449.98    1811.68    361.707     6218     8827     
 742.08  543     29500    1449.98    1811.63    361.649     6268     8845     
 747.47  544     29550    1449.98    1811.63    361.649     6318     8854     
 748.89  545     29605    1449.98    1811.6     361.62      6373     8869     
 750.26  546     29650    1449.98    1811.48    361.503     6418     8884     
 751.87  547     29700    1449.98    1811.45    361.469     6468     8902     
 753.56  548     29750    1449.98    1811.45    361.469     6518     8919     
 755.2   549     29807    1449.98    1811.41    361.433     6575     8934     
 756.53  550     29853    1449.98    1811.36    361.381     6621     8951     
 758.1   551     29900    1450       1811.28    361.275     6668     8966     
 766.58  552     29961    1450       1811.21    361.206     6242     8984     
 768.44  553     30017    1450       1811.19    361.181     6298     9002     
 769.51  554     30055    1450       1811.07    361.069     6336     9012     
 770.47  555     30103    1450       1810.89    360.89      6384     9024     
 771.84  556     30157    1450       1810.85    360.842     6438     9040     
 778.3   557     30229    1450       1810.73    360.723     6510     9063     
 779.37  557     30250    1450       1810.73    360.723     6531     9076     
 781.05  558     30300    1450       1810.7     360.696     6581     9088     
 783.36  560     30371    1450       1810.63    360.629     6652     9105     
 784.99  560     30400    1450       1810.63    360.629     6681     9125     
 786.36  561     30450    1450.94    1810.61    359.673     6731     9136     
 787.93  562     30501    1450.94    1810.46    359.526     6782     9147     
 796.86  563     30553    1450.94    1810.36    359.424     6350     9162     
 799.11  564     30619    1450.94    1810.35    359.417     6416     9182     
 800.45  564     30650    1450.94    1810.35    359.417     6447     9202     
 801.59  565     30700    1451.02    1810.24    359.226     6497     9208     
 803.54  567     30767    1451.02    1810.16    359.142     6564     9225     
 804.75  568     30805    1451.02    1810.08    359.055     6602     9234     
 810.65  569     30850    1451.02    1810       358.974     6647     9247     
 812.64  570     30905    1451.02    1809.97    358.942     6702     9263     
 814.65  571     30961    1451.78    1809.85    358.065     6758     9279     
 816.82  572     31011    1451.78    1809.72    357.943     6808     9295     
 818.24  573     31050    1451.78    1809.69    357.914     6847     9304     
 820.94  574     31101    1451.78    1809.66    357.879     6898     9319     
 823.08  575     31161    1451.78    1809.65    357.865     6958     9338     
 832.12  576     31203    1451.78    1809.65    357.865     6522     9350     
 834.83  577     31287    1451.78    1809.61    357.826     6606     9379     
 835.38  577     31300    1451.78    1809.61    357.826     6619     9384     
 836.93  578     31350    1451.78    1809.61    357.826     6669     9398     
 838.58  579     31400    1451.78    1809.58    357.795     6719     9415     
 840.13  580     31450    1451.78    1809.58    357.795     6769     9427     
 842.12  581     31500    1451.78    1809.55    357.774     6819     9449     
 848.15  582     31550    1451.78    1809.54    357.755     6869     9459     
 850.03  583     31601    1452       1809.47    357.473     6920     9471     
 851.91  584     31655    1452       1809.25    357.252     6974     9481     
 853.6   585     31705    1452       1809.25    357.252     7024     9494     
 855.59  586     31753    1452       1809.19    357.196     7072     9510     
 857.61  587     31813    1452       1809.06    357.061     7132     9527     
 867.87  588     31859    1452       1808.83    356.827     6658     9541     
 870.04  588     31900    1452       1808.83    356.827     6699     9568     
 871.15  589     31950    1452       1808.82    356.826     6749     9568     
 872.81  590     32000    1452       1808.61    356.615     6799     9585     
 875.33  591     32071    1452       1808.52    356.517     6870     9605     
 876.83  592     32115    1452       1808.51    356.509     6914     9616     
 877.87  593     32150    1452       1808.48    356.486     6949     9623     
 879.65  594     32200    1452       1808.45    356.453     6999     9641     
 886.13  595     32250    1452       1808.38    356.384     7049     9657     
 888.52  596     32315    1452       1808.37    356.374     7114     9677     
 890.61  597     32369    1452       1808.34    356.345     7168     9697     
 892.38  598     32417    1452       1808.32    356.323     7216     9712     
 894.64  599     32479    1452       1808.31    356.312     7278     9729     
 895.81  600     32513    1452       1808.23    356.234     7312     9737     
 906.57  601     32555    1452       1808.19    356.196     6806     9750     
-------------------------------------------------------------------------------

SARSOP finishing ...
  Preset timeout reached
  Timeout     : 900.000000s
  Actual Time : 906.570000s

-------------------------------------------------------------------------------
 Time   |#Trial |#Backup |LBound    |UBound    |Precision  |#Alphas |#Beliefs  
-------------------------------------------------------------------------------
 915.67  601     32555    1452       1808.19    356.196     6776     9750     
-------------------------------------------------------------------------------

Writing out policy ...
  output file : /home/eliranab/FDMAP/Resources/policies/RS-5x4_2C_2S_2P_TEAM_car1.policy

Solve took 
real	15m27.397s
user	15m26.475s
sys	0m0.819s
