input file   : /home/eliranab/FDMAP/Resources/problems/RS-5x4_2C_2S_2P_TEAM_car2.pomdpx
Use one-step look ahead
discount : 0.99
initialBeliefY : 
size: 2304,
 data: [176= 0.0625, 177= 0.0625, 178= 0.0625, 179= 0.0625, 180= 0.0625, 181= 0.0625, 182= 0.0625, 183= 0.0625, 184= 0.0625, 185= 0.0625, 186= 0.0625, 187= 0.0625, 188= 0.0625, 189= 0.0625, 190= 0.0625, 191= 0.0625]
initialBeliefStval : 
initialBeliefStval stval: 0
size: 2304,
 data: [176= 0.0625, 177= 0.0625, 178= 0.0625, 179= 0.0625, 180= 0.0625, 181= 0.0625, 182= 0.0625, 183= 0.0625, 184= 0.0625, 185= 0.0625, 186= 0.0625, 187= 0.0625, 188= 0.0625, 189= 0.0625, 190= 0.0625, 191= 0.0625]
initialBeliefX : 
1
1 
Num X States : 1
Num Y States : 2304
Num Action : 16
Num Observations : 27
X Trans : Object at 0x1d35500
Y Trans : Object at 0x1d34b00
Obs Prob : Object at 0x1d35550
Rewards : Object at 0x1d35410

NOT In special case for initial X is a distribtion
Graph generation took 
real	0m5.096s
user	0m4.930s
sys	0m0.164s
