
Loading the model ...
  input file   : /home/eliranab/FDMAP/Resources/problems/RS-5x4_2C_2S_4P_TEAM.pomdpx
  loading time : 5.19s 

SARSOP initializing ...
In sarsop::initialize
0.1
0.2
0.3
0.4
0.5
0.6
0.7
0.8
0.8.1
0.8.2
0.8.3
0.8.4
0.8.5
0.8.6
0.9
0.10
Finished sarsop::initialize
1
2
3
4
5
6
  initialization time : 1.54s

-------------------------------------------------------------------------------
 Time   |#Trial |#Backup |LBound    |UBound    |Precision  |#Alphas |#Beliefs  
-------------------------------------------------------------------------------
 1.54    0       0        0          1310.41    1310.41     21       1        
 1.67    1       71       476.127    1302.6     826.471     45       25       
 1.78    1       100      476.127    1302.6     826.471     65       45       
 1.88    2       155      549.331    1294.76    745.43      101      54       
 2.06    3       219      608.651    1292.88    684.233     140      75       
 2.22    3       250      608.651    1292.88    684.233     153      95       
 2.36    4       300      632.227    1287.47    655.239     180      106      
 2.55    5       350      664.616    1287.23    622.616     208      122      
 2.74    6       400      676.365    1286.64    610.274     239      138      
 3.08    6       450      676.365    1286.64    610.274     268      173      
 3.24    7       507      676.365    1285.09    608.729     300      174      
 3.51    8       569      694.413    1284.87    590.457     352      195      
 3.8     9       615      725.63     1283.93    558.3       376      213      
 4.19    9       650      725.63     1283.93    558.3       411      243      
 4.51    10      711      731.012    1282.84    551.829     437      253      
 4.89    11      769      731.698    1281.16    549.462     464      276      
 5.27    12      827      731.698    1280.37    548.671     489      295      
 5.61    13      865      741.352    1279.18    537.832     527      309      
 6.05    14      929      746.098    1278.23    532.136     559      333      
 6.39    14      950      746.098    1278.23    532.136     580      348      
 7.7     15      1000     761.961    1277.51    515.553     598      361      
 8.21    16      1065     774.763    1276.4     501.642     621      382      
 8.66    16      1100     774.763    1276.4     501.642     656      406      
 9.04    17      1150     782.968    1275.72    492.753     679      415      
 9.66    18      1200     782.968    1275.55    492.582     729      441      
 10.14   20      1255     819.604    1274.64    455.038     766      451      
 11.01   21      1329     825.262    1274.45    449.192     803      477      
 11.51   21      1350     825.262    1274.45    449.192     824      494      
 12.04   22      1413     825.262    1274.45    449.192     843      506      
 12.78   22      1450     825.262    1274.45    449.192     880      537      
 13.39   23      1517     825.262    1274.45    449.192     869      551      
 14.2    23      1550     825.262    1274.45    449.192     902      574      
 14.86   24      1600     825.262    1274.33    449.071     952      585      
 18.25   24      1650     825.262    1274.33    449.071     923      630      
 18.89   25      1731     825.262    1273.85    448.589     1004     637      
 19.61   25      1750     825.262    1273.85    448.589     948      652      
 20.52   27      1817     868.519    1272.67    404.153     1015     671      
 21.5    28      1875     876.066    1272.63    396.567     1050     691      
 22.35   28      1900     876.066    1272.63    396.567     1075     710      
 23.7    29      1987     876.066    1271.67    395.605     1068     739      
 24.39   29      2000     876.066    1271.67    395.605     1081     750      
 25.36   30      2077     876.066    1270.08    394.015     1158     770      
 26.15   30      2100     876.066    1270.08    394.015     1124     785      
 26.89   31      2155     876.066    1269.68    393.613     1179     795      
 27.77   32      2203     876.731    1268.84    392.104     1227     812      
 28.99   33      2271     876.731    1268.65    391.916     1245     834      
 29.81   33      2300     876.731    1268.65    391.916     1274     853      
 30.61   34      2350     876.731    1267.49    390.762     1243     860      
 31.6    35      2401     876.731    1267.19    390.459     1294     876      
 32.71   36      2450     876.79     1267.12    390.33      1343     893      
 33.89   37      2515     876.79     1267.12    390.33      1359     916      
 34.96   38      2569     876.79     1266.97    390.181     1413     932      
 36.29   39      2621     886.82     1266.73    379.907     1408     950      
 37.46   40      2650     886.82     1266.73    379.907     1437     970      
 43.85   40      2700     886.82     1266.73    379.907     1459     986      
 44.72   41      2750     886.82     1266.47    379.655     1509     996      
 46.15   42      2800     892.12     1266.41    374.286     1559     1021     
 47.64   43      2850     895.163    1266.36    371.199     1551     1041     
 48.83   44      2900     895.899    1266.03    370.134     1601     1056     
 50.11   45      2950     895.899    1265.67    369.767     1651     1075     
 51.61   46      3000     895.899    1265.19    369.293     1701     1095     
 52.99   47      3050     896.232    1264.72    368.492     1677     1113     
 54.17   48      3100     896.232    1264.54    368.308     1727     1129     
 55.3    49      3150     896.232    1264.34    368.104     1777     1144     
 57.01   50      3213     896.232    1264.26    368.03      1772     1169     
 58.44   50      3250     896.232    1264.26    368.03      1809     1197     
 59.67   51      3315     896.327    1263.68    367.355     1874     1208     
 61.48   52      3383     902.281    1263.59    361.314     1841     1229     
 62.63   52      3400     902.281    1263.59    361.314     1858     1242     
 63.89   53      3463     902.281    1263.41    361.126     1921     1257     
 65.06   54      3505     902.281    1263.31    361.033     1963     1273     
 66.75   55      3550     902.814    1263.15    360.333     1912     1285     
 68.44   56      3607     902.814    1262.94    360.13      1969     1304     
 69.87   57      3661     902.814    1262.41    359.596     2023     1324     
 71.59   58      3711     902.814    1262.37    359.558     1965     1342     
 73.22   59      3763     902.861    1262.37    359.511     2017     1359     
 74.86   60      3823     902.865    1262.33    359.467     2077     1379     
 76.55   61      3873     912.222    1262.31    350.09      2127     1397     
 78.43   62      3925     912.222    1262.04    349.818     2080     1419     
 79.75   63      3961     912.222    1261.91    349.691     2116     1433     
 81.72   64      4027     912.222    1261.85    349.632     2182     1456     
 83.28   64      4050     912.222    1261.85    349.632     2205     1474     
 84.58   65      4100     912.222    1261.82    349.6       2255     1480     
 86.77   66      4163     913.56     1261.53    347.967     2198     1501     
 88.74   67      4215     913.679    1261.19    347.509     2250     1522     
 90.59   68      4261     913.689    1261.06    347.373     2296     1538     
 104.91  69      4317     913.689    1260.92    347.236     2287     1560     
 107.02  70      4379     913.689    1260.92    347.236     2349     1582     
 108.51  70      4400     913.689    1260.92    347.236     2370     1598     
 110.3   71      4450     913.689    1260.92    347.236     2420     1614     
 112.03  72      4500     913.689    1260.63    346.943     2470     1627     
 114.06  73      4550     913.689    1260.17    346.477     2378     1642     
 116.29  74      4605     913.69     1260.13    346.436     2433     1664     
 119.36  74      4650     913.69     1260.13    346.436     2478     1703     
 122.02  75      4735     913.69     1259.91    346.218     2563     1717     
 123.5   75      4750     913.69     1259.91    346.218     2578     1727     
 125.69  76      4803     913.69     1259.91    346.218     2464     1741     
 127.91  77      4863     913.69     1259.36    345.67      2524     1763     
 130.2   78      4913     913.69     1258.95    345.256     2574     1783     
 132.79  78      4950     913.69     1258.95    345.256     2611     1814     
 134.88  79      5009     913.69     1258.92    345.226     2670     1821     
 138.68  80      5085     913.69     1258.92    345.226     2563     1853     
 140.33  80      5100     913.69     1258.92    345.226     2578     1865     
 142.97  82      5175     913.69     1258.68    344.987     2653     1883     
 145.68  83      5223     913.69     1258.41    344.717     2701     1899     
 147.76  83      5250     913.69     1258.41    344.717     2728     1923     
 150.05  84      5300     913.69     1258.21    344.519     2778     1939     
 153.02  85      5350     913.69     1258.2     344.506     2703     1958     
 155.53  86      5400     913.69     1258.19    344.502     2753     1971     
 158.25  87      5450     913.69     1258.19    344.502     2803     1989     
 161.73  88      5531     913.69     1258.15    344.462     2884     2015     
 163.88  88      5550     913.69     1258.15    344.462     2903     2030     
 167.12  89      5600     913.69     1258.02    344.333     2953     2056     
 169.39  90      5650     916.447    1257.8     341.356     2827     2061     
 171.83  91      5715     925.657    1257.39    331.732     2892     2082     
 174.55  92      5761     927.756    1257.39    329.632     2938     2097     
 178.03  93      5811     927.756    1257.23    329.478     2988     2115     
 180.79  94      5859     927.756    1257.19    329.439     3036     2130     
 183.97  95      5923     927.756    1257.14    329.385     3100     2151     
 186.88  95      5950     927.756    1257.14    329.385     2983     2175     
 189.36  96      6003     927.756    1257.04    329.281     3036     2184     
 193.78  97      6077     927.756    1256.69    328.931     3110     2217     
 196.01  97      6100     927.756    1256.69    328.931     3133     2232     
 198.06  98      6150     927.756    1256.63    328.878     3183     2242     
 200.72  99      6200     927.756    1256.63    328.878     3233     2258     
 205.5   100     6287     927.756    1256.39    328.635     3127     2287     
 207.41  100     6300     927.756    1256.39    328.635     3140     2295     
 209.61  101     6351     927.756    1256.39    328.635     3191     2306     
 213.02  102     6400     927.756    1256.25    328.499     3240     2328     
 241.21  103     6451     927.756    1256.18    328.426     3156     2341     
 245.38  103     6500     927.756    1256.18    328.426     3205     2384     
 247.99  104     6575     927.756    1255.94    328.188     3280     2393     
 251.01  104     6600     927.756    1255.94    328.188     3305     2412     
 254.34  105     6650     927.756    1255.77    328.015     3355     2430     
 258.7   106     6721     927.756    1255.74    327.982     3426     2452     
 261.6   106     6750     927.756    1255.74    327.982     3455     2472     
 264.88  107     6815     927.756    1255.73    327.972     3281     2488     
 268.94  108     6881     927.756    1255.71    327.957     3347     2513     
 271.42  108     6900     927.756    1255.71    327.957     3366     2527     
 274.78  109     6950     929.015    1255.66    326.641     3416     2544     
 279.77  110     7029     929.015    1255.6     326.586     3495     2568     
 282.3   110     7050     929.015    1255.6     326.586     3516     2583     
 285.57  111     7100     929.015    1255.55    326.531     3351     2593     
 288.16  112     7153     929.015    1255.45    326.432     3404     2607     
 292.47  113     7215     929.015    1255.39    326.373     3466     2627     
 295.76  114     7271     929.015    1255.24    326.22      3522     2645     
 298.84  114     7300     929.015    1255.24    326.22      3551     2666     
 302.27  115     7350     929.015    1255.24    326.22      3601     2679     
 306.04  116     7419     929.015    1255.19    326.178     3670     2699     
 309.57  117     7463     933.14     1254.97    321.834     3499     2713     
 314.48  117     7500     933.14     1254.97    321.834     3536     2741     
 316.82  118     7553     933.14     1254.9     321.764     3589     2746     
 320.92  119     7600     935.117    1254.52    319.403     3636     2772     
 323.32  120     7653     935.117    1254.52    319.403     3689     2783     
 326.95  121     7700     935.117    1254.36    319.24      3736     2799     
 332.64  122     7755     935.117    1254.09    318.972     3791     2822     
 338.07  122     7800     935.117    1254.09    318.972     3661     2863     
 341.2   123     7875     935.117    1254.07    318.953     3736     2877     
 344.41  123     7900     935.117    1254.07    318.953     3761     2896     
 347.08  124     7950     935.117    1253.91    318.793     3811     2905     
 350.63  125     8000     935.117    1253.78    318.665     3861     2924     
 355.56  126     8050     935.292    1253.69    318.396     3911     2943     
 359.28  127     8109     935.292    1253.69    318.396     3970     2964     
 364.86  128     8175     935.292    1253.5     318.209     3827     2988     
 368.55  128     8200     935.292    1253.5     318.209     3852     3007     
 372.65  129     8250     935.307    1253.5     318.194     3902     3023     
 376.01  130     8305     935.308    1253.37    318.06      3957     3033     
 382.27  131     8363     935.308    1253.25    317.937     4015     3052     
 385.93  132     8415     935.308    1253.21    317.898     4067     3069     
 389.62  133     8463     935.308    1253.15    317.841     4115     3087     
 395.61  134     8529     935.308    1252.99    317.677     3959     3111     
 399.1   134     8550     935.308    1252.99    317.677     3980     3128     
 402.48  135     8621     935.308    1252.88    317.576     4051     3144     
 407.85  135     8650     935.308    1252.88    317.576     4080     3166     
 411.34  136     8700     935.308    1252.6     317.29      4130     3174     
 415.9   137     8759     935.864    1252.6     316.734     4189     3196     
 419.42  138     8803     936.415    1252.6     316.181     4233     3210     
 424     139     8865     936.415    1252.57    316.154     4295     3235     
 427.71  140     8911     936.415    1252.47    316.056     4341     3251     
 434.38  141     8951     936.415    1252.3     315.886     4159     3269     
 439.14  142     9015     936.415    1252.23    315.816     4223     3294     
 445.47  143     9079     936.415    1252.22    315.809     4287     3316     
 449.13  143     9100     936.415    1252.22    315.809     4308     3331     
 453.35  144     9161     936.513    1252       315.487     4369     3345     
 457.56  145     9209     936.513    1251.95    315.434     4417     3360     
 463.74  146     9267     936.513    1251.92    315.41      4475     3381     
 514.72  147     9315     936.513    1251.85    315.34      4310     3397     
-------------------------------------------------------------------------------

SARSOP finishing ...
  Preset timeout reached
  Timeout     : 500.000000s
  Actual Time : 514.720000s

-------------------------------------------------------------------------------
 Time   |#Trial |#Backup |LBound    |UBound    |Precision  |#Alphas |#Beliefs  
-------------------------------------------------------------------------------
 516.48  147     9315     936.513    1251.85    315.34      4310     3397     
-------------------------------------------------------------------------------

Writing out policy ...
  output file : /home/eliranab/FDMAP/Resources/policies/RS-5x4_2C_2S_4P_TEAM.policy

Solve took 
real	9m8.211s
user	8m58.878s
sys	0m9.201s
