input file   : /home/eliranab/FDMAP/Resources/problems/RS-5x4_2C_2S_4P_TEAM_car2.pomdpx
Use one-step look ahead
discount : 0.99
initialBeliefY : 
size: 9216,
 data: [704= 0.015625, 705= 0.015625, 706= 0.015625, 707= 0.015625, 708= 0.015625, 709= 0.015625, 710= 0.015625, 711= 0.015625, 712= 0.015625, 713= 0.015625, 714= 0.015625, 715= 0.015625, 716= 0.015625, 717= 0.015625, 718= 0.015625, 719= 0.015625, 720= 0.015625, 721= 0.015625, 722= 0.015625, 723= 0.015625, 724= 0.015625, 725= 0.015625, 726= 0.015625, 727= 0.015625, 728= 0.015625, 729= 0.015625, 730= 0.015625, 731= 0.015625, 732= 0.015625, 733= 0.015625, 734= 0.015625, 735= 0.015625, 736= 0.015625, 737= 0.015625, 738= 0.015625, 739= 0.015625, 740= 0.015625, 741= 0.015625, 742= 0.015625, 743= 0.015625, 744= 0.015625, 745= 0.015625, 746= 0.015625, 747= 0.015625, 748= 0.015625, 749= 0.015625, 750= 0.015625, 751= 0.015625, 752= 0.015625, 753= 0.015625, 754= 0.015625, 755= 0.015625, 756= 0.015625, 757= 0.015625, 758= 0.015625, 759= 0.015625, 760= 0.015625, 761= 0.015625, 762= 0.015625, 763= 0.015625, 764= 0.015625, 765= 0.015625, 766= 0.015625, 767= 0.015625]
initialBeliefStval : 
initialBeliefStval stval: 0
size: 9216,
 data: [704= 0.015625, 705= 0.015625, 706= 0.015625, 707= 0.015625, 708= 0.015625, 709= 0.015625, 710= 0.015625, 711= 0.015625, 712= 0.015625, 713= 0.015625, 714= 0.015625, 715= 0.015625, 716= 0.015625, 717= 0.015625, 718= 0.015625, 719= 0.015625, 720= 0.015625, 721= 0.015625, 722= 0.015625, 723= 0.015625, 724= 0.015625, 725= 0.015625, 726= 0.015625, 727= 0.015625, 728= 0.015625, 729= 0.015625, 730= 0.015625, 731= 0.015625, 732= 0.015625, 733= 0.015625, 734= 0.015625, 735= 0.015625, 736= 0.015625, 737= 0.015625, 738= 0.015625, 739= 0.015625, 740= 0.015625, 741= 0.015625, 742= 0.015625, 743= 0.015625, 744= 0.015625, 745= 0.015625, 746= 0.015625, 747= 0.015625, 748= 0.015625, 749= 0.015625, 750= 0.015625, 751= 0.015625, 752= 0.015625, 753= 0.015625, 754= 0.015625, 755= 0.015625, 756= 0.015625, 757= 0.015625, 758= 0.015625, 759= 0.015625, 760= 0.015625, 761= 0.015625, 762= 0.015625, 763= 0.015625, 764= 0.015625, 765= 0.015625, 766= 0.015625, 767= 0.015625]
initialBeliefX : 
1
1 
Num X States : 1
Num Y States : 9216
Num Action : 17
Num Observations : 81
X Trans : Object at 0x1ecaa90
Y Trans : Object at 0x1ea59d0
Obs Prob : Object at 0x1eca950
Rewards : Object at 0x1eca9a0

NOT In special case for initial X is a distribtion
Graph generation took 
real	0m14.773s
user	0m14.423s
sys	0m0.348s
