
Loading the model ...
  input file   : /home/eliranab/FDMAP/Resources/problems/RS-5x4_2C_2S_4P_TEAM_car2.pomdpx
  loading time : 4.04s 

SARSOP initializing ...
In sarsop::initialize
0.1
0.2
0.3
0.4
0.5
0.6
0.7
0.8
0.8.1
0.8.2
0.8.3
0.8.4
0.8.5
0.8.6
0.9
0.10
Finished sarsop::initialize
1
2
3
4
5
6
  initialization time : 1.07s

-------------------------------------------------------------------------------
 Time   |#Trial |#Backup |LBound    |UBound    |Precision  |#Alphas |#Beliefs  
-------------------------------------------------------------------------------
 1.07    0       0        0          2027.83    2027.83     17       1        
 1.14    1       75       628.593    2016.61    1388.02     28       26       
 1.18    2       100      628.593    2016.61    1388.02     44       41       
 1.23    2       150      854.664    2004.33    1149.67     72       58       
 1.29    3       200      909.238    1998.24    1089        94       70       
 1.42    3       250      909.238    1998.24    1089        110      106      
 1.48    4       335      924.175    1997.5     1073.33     112      112      
 1.53    4       350      924.175    1997.5     1073.33     118      125      
 1.62    5       419      953.253    1995.38    1042.13     142      144      
 1.72    5       450      953.253    1995.38    1042.13     151      168      
 1.79    6       500      974.112    1994.96    1020.85     172      178      
 1.96    7       577      1003.32    1991.69    988.369     187      203      
 2.05    7       600      1003.32    1991.69    988.369     198      221      
 2.14    8       655      1003.32    1989.03    985.71      200      230      
 2.3     9       735      1007.86    1988.54    980.684     223      256      
 2.35    9       750      1007.86    1988.54    980.684     238      267      
 2.51    10      821      1021.57    1982.5     960.933     249      286      
 2.62    10      850      1021.57    1982.5     960.933     265      307      
 2.74    11      915      1021.57    1980.7     959.128     282      319      
 2.92    12      981      1027.39    1978.72    951.329     297      340      
 2.99    12      1000     1027.39    1978.72    951.329     316      353      
 3.25    13      1083     1027.39    1978.65    951.251     332      375      
 3.33    13      1100     1027.39    1978.65    951.251     349      387      
 3.65    14      1185     1029.13    1977.92    948.79      341      415      
 3.73    14      1200     1029.13    1977.92    948.79      356      427      
 3.98    15      1257     1029.13    1977.92    948.79      353      441      
 4.21    15      1300     1029.13    1977.92    948.79      369      470      
 4.34    16      1351     1029.13    1977.52    948.392     377      472      
 4.64    16      1400     1029.13    1977.52    948.392     396      507      
 4.8     17      1459     1029.13    1977.52    948.392     391      510      
 5.02    17      1500     1029.13    1977.52    948.392     405      537      
 5.15    18      1550     1029.13    1977.31    948.177     409      539      
 5.44    19      1625     1029.29    1973.01    943.725     415      563      
 5.58    19      1650     1029.29    1973.01    943.725     440      582      
 5.87    20      1717     1031.49    1971.92    940.425     441      594      
 6.07    20      1750     1031.49    1971.92    940.425     474      619      
 7.05    21      1811     1031.49    1971.71    940.222     477      627      
 7.28    21      1850     1031.49    1971.71    940.222     516      652      
 7.51    22      1900     1040.76    1971.69    930.938     504      656      
 7.87    23      1983     1049.07    1968.72    919.65      537      678      
 7.99    23      2000     1049.07    1968.72    919.65      554      692      
 8.47    24      2085     1049.07    1968.24    919.167     559      713      
 8.56    24      2100     1049.07    1968.24    919.167     574      722      
 9.02    25      2173     1049.07    1967.92    918.841     577      743      
 9.19    25      2200     1049.07    1967.92    918.841     604      762      
 9.49    26      2253     1049.07    1967.92    918.841     604      767      
 9.79    27      2300     1049.07    1967.92    918.841     651      799      
 10.09   27      2350     1049.07    1967.5     918.422     636      801      
 10.37   28      2409     1049.07    1967       917.924     695      818      
 11.02   29      2477     1049.07    1965.12    916.042     680      841      
 11.24   29      2500     1049.07    1965.12    916.042     703      858      
 11.64   30      2553     1054.06    1965.12    911.059     704      866      
 12.14   30      2600     1054.06    1965.12    911.059     751      899      
 14.2    31      2681     1054.06    1964.36    910.299     713      909      
 14.39   31      2700     1054.06    1964.36    910.299     732      923      
 14.99   32      2771     1055.73    1963.04    907.313     734      938      
 15.23   32      2800     1055.73    1963.04    907.313     763      957      
 15.77   33      2863     1055.73    1963.03    907.299     753      968      
 16.01   34      2917     1059.35    1962.87    903.525     807      983      
 16.75   34      2950     1059.35    1962.87    903.525     789      1012     
 17.51   35      3025     1059.35    1962.54    903.192     781      1030     
 17.78   35      3050     1059.35    1962.54    903.192     806      1045     
 18.01   36      3100     1059.35    1961.73    902.383     856      1057     
 19.25   37      3193     1059.35    1961.68    902.332     814      1084     
 19.4    37      3200     1059.35    1961.68    902.332     821      1090     
 19.63   38      3255     1059.35    1961.49    902.141     876      1102     
 20.6    39      3329     1059.35    1961.49    902.141     890      1131     
 20.78   39      3350     1059.35    1961.49    902.141     911      1143     
 21.59   40      3400     1059.35    1961.13    901.779     885      1164     
 21.8    41      3453     1059.35    1961.13    901.779     938      1171     
 22.8    42      3533     1060.3     1960.31    900.012     957      1199     
 23.4    42      3550     1060.3     1960.31    900.012     921      1213     
 23.83   43      3615     1060.3     1960.09    899.793     986      1225     
 24.76   44      3683     1061.12    1959.89    898.773     973      1243     
 25.01   44      3700     1061.12    1959.89    898.773     990      1255     
 26.22   45      3799     1061.12    1959.89    898.773     1011     1276     
 26.24   45      3800     1061.12    1959.89    898.773     1012     1276     
 29.93   46      3885     1061.12    1959.63    898.512     970      1308     
 30.13   46      3900     1061.12    1959.63    898.512     985      1317     
 31.16   47      3989     1074.12    1957.88    883.757     990      1338     
 31.31   47      4000     1074.12    1957.88    883.757     1001     1345     
 32.05   48      4073     1074.12    1956.98    882.857     1074     1367     
 32.96   48      4100     1074.12    1956.98    882.857     1045     1387     
 33.5    49      4175     1075.34    1956.38    881.045     1120     1403     
 34.43   49      4200     1075.34    1956.38    881.045     1065     1418     
 34.76   50      4255     1075.45    1956.01    880.559     1120     1428     
 36.35   50      4300     1075.45    1956.01    880.559     1079     1461     
 36.59   51      4351     1075.46    1953.93    878.476     1130     1463     
 38.27   52      4427     1075.46    1953.85    878.393     1097     1491     
 38.59   52      4450     1075.46    1953.85    878.393     1120     1506     
 40.09   53      4551     1075.46    1953.52    878.061     1109     1531     
 40.27   53      4552     1075.46    1953.52    878.061     1110     1531     
 40.72   54      4600     1075.46    1952.95    877.489     1158     1546     
 42.12   55      4673     1075.46    1952.69    877.236     1139     1569     
 42.78   55      4700     1075.46    1952.69    877.236     1166     1589     
 43.11   56      4750     1075.46    1951.98    876.52      1216     1594     
 44.67   57      4819     1076.11    1951.91    875.8       1164     1612     
 44.97   57      4850     1076.11    1951.91    875.8       1195     1629     
 45.28   58      4900     1076.38    1951.91    875.528     1245     1640     
 46.37   59      4953     1076.4     1951.8     875.396     1198     1651     
 47.35   60      5031     1076.4     1951.5     875.094     1276     1675     
 47.62   60      5050     1076.4     1951.5     875.094     1295     1685     
 49.18   61      5129     1076.41    1951.44    875.039     1275     1707     
 49.55   61      5150     1076.41    1951.44    875.039     1296     1722     
 50.75   62      5205     1076.41    1951.01    874.601     1247     1731     
 55.65   62      5250     1076.41    1951.01    874.601     1262     1763     
 56.24   63      5311     1076.41    1950.76    874.358     1323     1768     
 56.69   64      5350     1076.41    1950.76    874.358     1362     1792     
 57.92   64      5400     1076.41    1950.68    874.277     1292     1799     
 58.97   65      5487     1076.41    1950.39    873.989     1379     1821     
 59.24   65      5500     1076.41    1950.39    873.989     1392     1831     
 61.23   66      5599     1076.41    1950.24    873.832     1400     1860     
 61.25   66      5600     1076.41    1950.24    873.832     1401     1860     
 63.17   67      5677     1076.41    1950.11    873.701     1352     1884     
 63.71   67      5700     1076.41    1950.11    873.701     1375     1903     
 64.16   68      5750     1076.41    1950.02    873.618     1425     1911     
 66.12   69      5819     1078.75    1949.95    871.201     1386     1932     
 66.85   69      5850     1078.75    1949.95    871.201     1417     1958     
 67.52   70      5913     1078.75    1949.91    871.169     1480     1969     
 68.27   70      5950     1078.75    1949.91    871.169     1517     1996     
 70.47   71      6000     1078.95    1949.64    870.691     1420     2003     
 71.72   72      6085     1078.95    1949.3     870.347     1505     2030     
 72.09   72      6100     1078.95    1949.3     870.347     1520     2039     
 74.88   73      6169     1078.97    1949.2     870.227     1430     2061     
 75.4    73      6200     1078.97    1949.2     870.227     1461     2083     
 76.11   74      6287     1078.97    1948.94    869.975     1548     2104     
 76.48   74      6300     1078.97    1948.94    869.975     1561     2115     
 78.82   75      6397     1083.72    1948.73    865.009     1559     2137     
 78.93   75      6400     1083.72    1948.73    865.009     1562     2140     
 81.4    76      6477     1083.72    1948.55    864.824     1528     2162     
 82.04   76      6500     1083.72    1948.55    864.824     1551     2180     
 83.66   77      6593     1084.14    1948.15    864.003     1644     2204     
 83.8    77      6600     1084.14    1948.15    864.003     1651     2208     
 86.12   78      6685     1084.18    1948.15    863.966     1609     2235     
 86.92   78      6700     1084.18    1948.15    863.966     1624     2245     
 87.84   79      6763     1084.18    1948.12    863.94      1687     2263     
 90.07   79      6800     1084.18    1948.12    863.94      1603     2289     
 90.4    80      6850     1084.18    1947.92    863.74      1653     2295     
 98.84   81      6919     1084.18    1946.38    862.195     1621     2318     
 99.45   81      6950     1084.18    1946.38    862.195     1652     2340     
 99.84   82      7001     1084.19    1946.33    862.147     1703     2345     
 101.79  83      7075     1084.19    1945.93    861.742     1777     2374     
 104.07  83      7100     1084.19    1945.93    861.742     1681     2391     
 104.91  84      7171     1084.19    1945.68    861.494     1752     2408     
 105.62  84      7200     1084.19    1945.68    861.494     1781     2428     
 107.93  85      7250     1084.84    1945.68    860.838     1695     2434     
 109.58  86      7319     1084.84    1945.46    860.623     1764     2450     
 110.68  86      7350     1084.84    1945.46    860.623     1795     2473     
 111.39  87      7403     1084.84    1945.09    860.252     1848     2479     
 116.12  88      7493     1084.84    1944.55    859.714     1806     2512     
 116.33  88      7500     1084.84    1944.55    859.714     1813     2517     
 118.19  89      7591     1084.9     1944.35    859.448     1904     2547     
 120.49  89      7600     1084.9     1944.35    859.448     1765     2553     
 122.11  90      7683     1089.75    1944.24    854.497     1848     2582     
 122.76  90      7700     1089.75    1944.24    854.497     1865     2597     
 126.8   91      7777     1102.66    1944.2     841.534     1790     2615     
 127.51  91      7800     1102.66    1944.2     841.534     1813     2633     
 128.22  92      7851     1102.66    1944.1     841.437     1864     2641     
 130.51  93      7931     1102.66    1944.04    841.383     1944     2670     
 131.03  93      7950     1102.66    1944.04    841.383     1963     2685     
 133.96  94      8000     1104.23    1944.02    839.784     1872     2697     
 135.72  95      8081     1104.23    1943.76    839.523     1953     2721     
 136.31  95      8100     1104.23    1943.76    839.523     1972     2733     
 140.27  96      8159     1104.37    1943.51    839.135     1871     2747     
 141.46  97      8225     1104.37    1943.29    838.921     1937     2769     
 142.17  97      8250     1104.37    1943.29    838.921     1962     2786     
 142.75  98      8300     1104.37    1943.23    838.859     2012     2793     
 148.19  99      8391     1104.38    1942.93    838.544     1913     2826     
 148.5   99      8400     1104.38    1942.93    838.544     1922     2832     
 150.28  100     8471     1105.61    1942.82    837.212     1993     2856     
 151.38  100     8500     1105.61    1942.82    837.212     2022     2876     
 152.23  101     8550     1105.61    1942.59    836.981     2072     2885     
 156.82  102     8617     1105.61    1942.54    836.926     1957     2902     
 158.97  102     8650     1105.61    1942.54    836.926     1990     2929     
 160.42  103     8741     1105.72    1942.24    836.525     2081     2948     
 160.74  103     8750     1105.72    1942.24    836.525     2090     2955     
 175.77  104     8817     1105.73    1942.05    836.326     2002     2974     
 176.74  105     8850     1105.73    1942.05    836.326     2035     2995     
 178.57  105     8900     1105.73    1942.04    836.316     2085     3006     
 179.76  106     8965     1105.73    1942.02    836.295     2150     3023     
 184.05  107     9021     1105.73    1941.93    836.206     2055     3041     
 184.95  107     9050     1105.73    1941.93    836.206     2084     3060     
 185.78  108     9107     1105.73    1941.82    836.094     2141     3068     
 188.67  109     9181     1105.73    1941.77    836.038     2215     3093     
 189.37  109     9200     1105.73    1941.77    836.038     2234     3106     
 193.87  110     9257     1106.35    1941.71    835.357     2099     3117     
 195.36  110     9300     1106.35    1941.71    835.357     2142     3146     
 196.07  111     9363     1106.4     1941.66    835.257     2205     3152     
 198.91  112     9433     1106.41    1941.59    835.179     2275     3176     
 199.68  112     9450     1106.41    1941.59    835.179     2292     3188     
 203.89  113     9521     1106.41    1941.58    835.175     2220     3207     
 204.77  113     9550     1106.41    1941.58    835.175     2249     3222     
 205.47  114     9603     1106.41    1941.41    835.003     2302     3228     
 207.99  115     9671     1106.41    1941.19    834.779     2370     3246     
 212.31  115     9700     1106.41    1941.19    834.779     2232     3264     
 213.32  116     9750     1106.41    1940.91    834.498     2282     3277     
 214.63  117     9823     1106.41    1940.76    834.352     2355     3294     
 215.8   117     9850     1106.41    1940.76    834.352     2382     3312     
 220.59  118     9925     1106.41    1940.72    834.312     2258     3328     
 222.9   118     9950     1106.41    1940.72    834.312     2283     3347     
 224.6   119     10031    1106.41    1940.71    834.302     2364     3364     
 225.4   119     10050    1106.41    1940.71    834.302     2383     3376     
 226.44  120     10105    1106.41    1940.62    834.206     2438     3386     
 231.96  121     10187    1106.41    1940.33    833.919     2294     3413     
 232.52  121     10200    1106.41    1940.33    833.919     2307     3423     
 235.56  122     10269    1106.41    1940.21    833.804     2376     3440     
 237.22  122     10300    1106.41    1940.21    833.804     2407     3459     
 239.74  123     10387    1106.41    1939.98    833.572     2494     3480     
 240.49  123     10400    1106.41    1939.98    833.572     2507     3490     
 245.7   124     10467    1106.41    1939.75    833.345     2389     3507     
 248.24  124     10500    1106.41    1939.75    833.345     2422     3535     
 249.06  125     10557    1106.41    1939.53    833.116     2479     3541     
 250.74  126     10617    1106.41    1939.52    833.109     2539     3560     
 252.04  126     10650    1106.41    1939.52    833.109     2572     3581     
 258.12  127     10749    1106.41    1939.47    833.057     2491     3598     
 258.18  127     10750    1106.41    1939.47    833.057     2492     3598     
 260.97  128     10803    1106.41    1939.44    833.027     2545     3614     
 262.81  129     10881    1106.41    1939.09    832.679     2623     3638     
 268.28  129     10900    1106.41    1939.09    832.679     2431     3653     
 286.26  130     10950    1106.41    1938.74    832.335     2436     3663     
 288.61  131     11031    1106.41    1938.73    832.324     2517     3692     
 289.49  131     11050    1106.41    1938.73    832.324     2536     3704     
 292.28  132     11103    1106.41    1938.58    832.168     2589     3716     
 294.14  133     11150    1106.41    1938.58    832.168     2636     3747     
 299.18  133     11200    1106.41    1938.49    832.08      2486     3749     
 301.81  133     11250    1106.41    1938.49    832.08      2536     3783     
 303.23  134     11325    1106.41    1938.47    832.056     2611     3790     
 304.36  134     11350    1106.41    1938.47    832.056     2636     3805     
 305.73  135     11400    1106.41    1938.42    832.011     2686     3819     
 313.74  136     11465    1106.47    1938.28    831.805     2542     3835     
 314.76  137     11515    1106.48    1938.26    831.782     2592     3848     
 316.4   137     11550    1106.48    1938.26    831.782     2627     3867     
 318.8   138     11649    1106.48    1938.26    831.78      2726     3883     
 318.86  138     11650    1106.48    1938.26    831.78      2727     3883     
 320.58  139     11711    1106.48    1938.22    831.743     2788     3901     
 329.15  140     11750    1106.48    1938.22    831.743     2603     3928     
 330.04  140     11800    1106.48    1938.14    831.663     2653     3933     
 331.87  141     11863    1106.48    1938.08    831.6       2716     3949     
 333.75  142     11919    1106.48    1938.06    831.583     2772     3968     
 335.13  142     11950    1106.48    1938.06    831.583     2803     3984     
 341.44  143     12000    1106.48    1938       831.524     2626     3991     
 344.35  144     12050    1106.48    1938       831.523     2676     4003     
 346.65  145     12135    1106.48    1938       831.518     2761     4029     
 347.5   145     12150    1106.48    1938       831.518     2776     4039     
 349.23  146     12213    1106.48    1937.81    831.328     2839     4055     
 356.85  147     12283    1106.48    1937.51    831.027     2678     4075     
 357.7   147     12300    1106.48    1937.51    831.027     2695     4086     
 359.44  148     12365    1106.48    1937.49    831.008     2760     4101     
 363.23  148     12400    1106.48    1937.49    831.008     2795     4127     
 364.2   149     12451    1106.48    1937.11    830.632     2846     4131     
 366.15  150     12539    1106.56    1936.97    830.402     2934     4155     
 366.64  150     12550    1106.56    1936.97    830.402     2945     4162     
 374.18  151     12621    1106.57    1936.93    830.357     2809     4179     
 375.73  151     12650    1106.57    1936.93    830.357     2838     4195     
 377.3   152     12707    1106.57    1936.9     830.326     2895     4205     
 381.34  153     12765    1106.57    1936.88    830.304     2953     4226     
 389.34  154     12825    1106.57    1936.87    830.297     2800     4245     
 390.75  154     12850    1106.57    1936.87    830.297     2825     4262     
 392.73  155     12919    1106.57    1936.87    830.297     2894     4274     
 394.29  155     12950    1106.57    1936.87    830.297     2925     4293     
 395.44  156     13000    1106.57    1936.7     830.128     2975     4301     
 396.97  157     13051    1106.57    1936.41    829.833     3026     4317     
 408.5   158     13137    1106.57    1936.11    829.541     2865     4343     
 409.17  158     13150    1106.57    1936.11    829.541     2878     4351     
 411.49  159     13239    1106.57    1936.1     829.524     2967     4376     
 412.16  159     13250    1106.57    1936.1     829.524     2978     4383     
 413.57  160     13307    1106.57    1935.81    829.241     3035     4396     
 415.61  161     13367    1106.57    1935.72    829.149     3095     4415     
 417.56  161     13400    1106.57    1935.72    829.149     3128     4436     
 427.63  162     13451    1106.57    1935.5     828.925     2921     4440     
 430.49  163     13535    1106.57    1935.45    828.879     3005     4462     
 431.32  163     13550    1106.57    1935.45    828.879     3020     4474     
 433.6   164     13631    1106.57    1935.4     828.831     3101     4494     
 434.72  164     13650    1106.57    1935.4     828.831     3120     4506     
 436.05  165     13700    1106.57    1935.16    828.583     3170     4516     
 474.14  166     13791    1106.57    1934.89    828.319     2995     4549     
 474.71  166     13800    1106.57    1934.89    828.319     3004     4556     
 476.46  167     13859    1111.47    1934.82    823.348     3063     4573     
 478.1   168     13923    1120.05    1934.7     814.653     3127     4590     
 479.73  168     13950    1120.05    1934.7     814.653     3154     4609     
 481.24  169     14000    1120.78    1934.69    813.91      3204     4620     
 491.49  170     14095    1120.84    1934.65    813.811     3059     4650     
 491.68  170     14100    1120.84    1934.65    813.811     3064     4651     
 496.62  171     14169    1121.06    1934.59    813.529     3133     4672     
 498.12  171     14200    1121.06    1934.59    813.529     3164     4693     
 499.78  172     14250    1121.08    1934.52    813.439     3214     4704     
 502.61  172     14300    1121.08    1934.52    813.439     3264     4742     
 504.18  173     14377    1121.08    1934.45    813.371     3341     4744     
 505.49  173     14400    1121.08    1934.45    813.371     3364     4763     
 514.41  174     14450    1121.08    1934.28    813.193     3157     4775     
 516.33  175     14513    1121.08    1934.24    813.161     3220     4793     
 521.56  175     14550    1121.08    1934.24    813.161     3257     4817     
 522.76  176     14601    1121.08    1934.23    813.151     3308     4820     
 525.87  176     14650    1121.08    1934.23    813.151     3357     4850     
 526.82  177     14701    1121.08    1934.19    813.105     3408     4850     
 537.32  178     14767    1121.08    1933.96    812.874     3221     4868     
 539.29  178     14800    1121.08    1933.96    812.874     3254     4889     
 540.91  179     14850    1121.08    1933.9     812.814     3304     4900     
 542.84  180     14915    1121.08    1933.71    812.627     3369     4915     
 547.9   180     14950    1121.08    1933.71    812.627     3404     4939     
 550.5   181     15025    1121.09    1933.61    812.515     3479     4951     
 560.14  181     15050    1121.09    1933.61    812.515     3254     4969     
 561.86  182     15100    1121.09    1933.44    812.35      3304     4982     
 565.59  183     15195    1121.09    1933.43    812.339     3399     5007     
 565.8   183     15200    1121.09    1933.43    812.339     3404     5009     
 569.39  184     15283    1121.09    1933.43    812.339     3487     5034     
 570.7   184     15300    1121.09    1933.43    812.339     3504     5046     
 584.03  185     15359    1121.09    1933.39    812.295     3291     5061     
 586.94  185     15400    1121.09    1933.39    812.295     3332     5086     
 588.58  186     15463    1121.09    1933.22    812.125     3395     5091     
 591.36  186     15500    1121.09    1933.22    812.125     3432     5118     
 592.66  187     15553    1121.09    1933.22    812.125     3485     5122     
 595.27  187     15600    1121.09    1933.22    812.125     3532     5150     
 596.7   188     15661    1121.09    1933.15    812.057     3593     5155     
 608.35  189     15700    1121.09    1933.15    812.057     3369     5176     
 609.78  189     15750    1121.09    1933.08    811.984     3419     5183     
 616.32  190     15835    1121.09    1932.92    811.825     3504     5207     
 617.13  190     15850    1121.09    1932.92    811.825     3519     5216     
 618.88  191     15905    1121.09    1932.92    811.825     3574     5228     
 622.72  191     15950    1121.09    1932.92    811.825     3619     5265     
 635.64  192     16057    1121.09    1932.75    811.653     3400     5289     
 635.73  192     16058    1121.09    1932.75    811.653     3401     5289     
 639.38  193     16133    1121.09    1932.67    811.578     3476     5313     
 640.71  193     16150    1121.09    1932.67    811.578     3493     5327     
 646.41  194     16233    1121.09    1932.58    811.487     3576     5347     
 647.62  194     16250    1121.09    1932.58    811.487     3593     5359     
 650.54  195     16317    1121.09    1932.55    811.461     3660     5375     
 652.73  195     16350    1121.09    1932.55    811.461     3693     5397     
 664.47  196     16400    1121.09    1932.51    811.42      3450     5403     
 667.05  197     16459    1121.09    1932.5     811.413     3509     5420     
 670.24  197     16500    1121.09    1932.5     811.413     3550     5446     
 671.53  198     16550    1121.09    1932.47    811.381     3600     5449     
 678.25  199     16641    1121.09    1932.44    811.346     3691     5479     
 679.18  199     16650    1121.09    1932.44    811.346     3700     5487     
 681.86  200     16703    1121.09    1932.25    811.163     3753     5504     
 694.76  201     16785    1121.09    1932.07    810.977     3573     5530     
 695.76  201     16800    1121.09    1932.07    810.977     3588     5539     
 734.09  202     16873    1121.09    1932.07    810.977     3563     5557     
 736.63  202     16900    1121.09    1932.07    810.977     3590     5576     
 740.89  203     17003    1121.09    1932.06    810.964     3693     5603     
 740.98  203     17004    1121.09    1932.06    810.964     3694     5603     
 743.07  204     17051    1121.09    1932.03    810.939     3741     5616     
 749.6   205     17109    1132.11    1931.72    799.607     3799     5635     
 753.77  206     17189    1133.12    1931.36    798.239     3879     5660     
 754.93  206     17200    1133.12    1931.36    798.239     3890     5670     
 768.14  207     17275    1133.21    1931.26    798.053     3712     5691     
 770.12  207     17300    1133.21    1931.26    798.053     3737     5709     
 772.45  208     17369    1133.21    1931.09    797.877     3806     5721     
 775.01  208     17400    1133.21    1931.09    797.877     3837     5743     
 777.05  209     17463    1133.22    1930.99    797.774     3900     5755     
 779.82  209     17500    1133.22    1930.99    797.774     3937     5779     
 784.89  210     17561    1133.22    1930.97    797.757     3998     5785     
 800.05  211     17635    1133.22    1930.96    797.747     3782     5809     
 801.46  211     17650    1133.22    1930.96    797.747     3797     5820     
 804.78  212     17727    1133.22    1930.9     797.684     3874     5839     
 806.48  212     17750    1133.22    1930.9     797.684     3897     5853     
 809.6   213     17829    1133.22    1930.87    797.65      3976     5871     
 811.17  213     17850    1133.22    1930.87    797.65      3997     5885     
 813.78  214     17919    1133.22    1930.87    797.65      4066     5900     
 816.02  214     17950    1133.22    1930.87    797.65      4097     5918     
 828.76  215     18000    1133.22    1930.82    797.607     3799     5922     
 834.87  216     18061    1133.22    1930.8     797.585     3860     5943     
 837.13  217     18100    1133.22    1930.8     797.585     3899     5964     
 838.7   217     18150    1133.22    1930.69    797.468     3949     5972     
 841.07  218     18213    1133.22    1930.59    797.369     4012     5988     
 844.51  218     18250    1133.22    1930.59    797.369     4049     6012     
 847.43  219     18317    1133.22    1930.53    797.31      4116     6021     
 862.29  220     18379    1133.22    1930.53    797.31      3889     6039     
 863.92  220     18400    1133.22    1930.53    797.31      3910     6052     
 867.16  221     18479    1133.22    1930.53    797.31      3989     6072     
 873.21  221     18500    1133.22    1930.53    797.31      4010     6086     
 875.61  222     18557    1133.22    1930.51    797.289     4067     6097     
 879.35  223     18631    1133.22    1930.45    797.234     4141     6117     
 881.1   223     18650    1133.22    1930.45    797.234     4160     6130     
 885.17  224     18733    1133.22    1930.44    797.222     4243     6152     
 886.66  224     18750    1133.22    1930.44    797.222     4260     6162     
 902.79  225     18829    1133.22    1930.34    797.123     4030     6182     
-------------------------------------------------------------------------------

SARSOP finishing ...
  Preset timeout reached
  Timeout     : 900.000000s
  Actual Time : 902.790000s

-------------------------------------------------------------------------------
 Time   |#Trial |#Backup |LBound    |UBound    |Precision  |#Alphas |#Beliefs  
-------------------------------------------------------------------------------
 913.39  225     18829    1133.22    1930.34    797.123     3976     6182     
-------------------------------------------------------------------------------

Writing out policy ...
  output file : /home/eliranab/FDMAP/Resources/policies/RS-5x4_2C_2S_4P_TEAM_car2.policy

Solve took 
real	15m41.911s
user	15m40.389s
sys	0m1.388s
