input file   : /home/eliranab/FDMAP/Resources/problems/RS-7x4_2C_2S_4P_TEAM.pomdpx
Use one-step look ahead
discount : 0.99
initialBeliefY : 
size: 16384,
 data: [960= 0.015625, 961= 0.015625, 962= 0.015625, 963= 0.015625, 964= 0.015625, 965= 0.015625, 966= 0.015625, 967= 0.015625, 968= 0.015625, 969= 0.015625, 970= 0.015625, 971= 0.015625, 972= 0.015625, 973= 0.015625, 974= 0.015625, 975= 0.015625, 976= 0.015625, 977= 0.015625, 978= 0.015625, 979= 0.015625, 980= 0.015625, 981= 0.015625, 982= 0.015625, 983= 0.015625, 984= 0.015625, 985= 0.015625, 986= 0.015625, 987= 0.015625, 988= 0.015625, 989= 0.015625, 990= 0.015625, 991= 0.015625, 992= 0.015625, 993= 0.015625, 994= 0.015625, 995= 0.015625, 996= 0.015625, 997= 0.015625, 998= 0.015625, 999= 0.015625, 1000= 0.015625, 1001= 0.015625, 1002= 0.015625, 1003= 0.015625, 1004= 0.015625, 1005= 0.015625, 1006= 0.015625, 1007= 0.015625, 1008= 0.015625, 1009= 0.015625, 1010= 0.015625, 1011= 0.015625, 1012= 0.015625, 1013= 0.015625, 1014= 0.015625, 1015= 0.015625, 1016= 0.015625, 1017= 0.015625, 1018= 0.015625, 1019= 0.015625, 1020= 0.015625, 1021= 0.015625, 1022= 0.015625, 1023= 0.015625]
initialBeliefStval : 
initialBeliefStval stval: 0
size: 16384,
 data: [960= 0.015625, 961= 0.015625, 962= 0.015625, 963= 0.015625, 964= 0.015625, 965= 0.015625, 966= 0.015625, 967= 0.015625, 968= 0.015625, 969= 0.015625, 970= 0.015625, 971= 0.015625, 972= 0.015625, 973= 0.015625, 974= 0.015625, 975= 0.015625, 976= 0.015625, 977= 0.015625, 978= 0.015625, 979= 0.015625, 980= 0.015625, 981= 0.015625, 982= 0.015625, 983= 0.015625, 984= 0.015625, 985= 0.015625, 986= 0.015625, 987= 0.015625, 988= 0.015625, 989= 0.015625, 990= 0.015625, 991= 0.015625, 992= 0.015625, 993= 0.015625, 994= 0.015625, 995= 0.015625, 996= 0.015625, 997= 0.015625, 998= 0.015625, 999= 0.015625, 1000= 0.015625, 1001= 0.015625, 1002= 0.015625, 1003= 0.015625, 1004= 0.015625, 1005= 0.015625, 1006= 0.015625, 1007= 0.015625, 1008= 0.015625, 1009= 0.015625, 1010= 0.015625, 1011= 0.015625, 1012= 0.015625, 1013= 0.015625, 1014= 0.015625, 1015= 0.015625, 1016= 0.015625, 1017= 0.015625, 1018= 0.015625, 1019= 0.015625, 1020= 0.015625, 1021= 0.015625, 1022= 0.015625, 1023= 0.015625]
initialBeliefX : 
1
1 
Num X States : 1
Num Y States : 16384
Num Action : 21
Num Observations : 6561
X Trans : Object at 0xe48870
Y Trans : Object at 0xe9f2c0
Obs Prob : Object at 0xe35e30
Rewards : Object at 0xe832c0

NOT In special case for initial X is a distribtion
Graph generation took 
real	1m14.703s
user	1m11.433s
sys	0m3.227s
