
Loading the model ...
  input file   : /home/eliranab/FDMAP/Resources/problems/RS-7x4_2C_2S_4P_TEAM_car1.pomdpx
  loading time : 7.31s 

SARSOP initializing ...
In sarsop::initialize
0.1
0.2
0.3
0.4
0.5
0.6
0.7
0.8
0.8.1
0.8.2
0.8.3
0.8.4
0.8.5
0.8.6
0.9
0.10
Finished sarsop::initialize
1
2
3
4
5
6
  initialization time : 2.63s

-------------------------------------------------------------------------------
 Time   |#Trial |#Backup |LBound    |UBound    |Precision  |#Alphas |#Beliefs  
-------------------------------------------------------------------------------
 2.63    0       0        0          1973.3     1973.3      17       1        
 2.75    1       50       719.368    1959.01    1239.65     31       28       
 2.88    2       149      761.33     1950.46    1189.12     76       49       
 2.88    2       150      761.33     1950.46    1189.12     77       50       
 3.04    3       227      809.014    1946.46    1137.44     118      76       
 3.13    3       250      809.014    1946.46    1137.44     136      94       
 3.27    4       319      859.477    1939.94    1080.46     141      109      
 3.38    4       350      859.477    1939.94    1080.46     153      127      
 3.5     5       415      881.935    1934.93    1052.99     167      138      
 3.68    5       450      881.935    1934.93    1052.99     181      163      
 3.88    6       537      893.028    1934.49    1041.46     198      182      
 3.93    6       550      893.028    1934.49    1041.46     211      192      
 4.16    7       629      911.399    1922.39    1011        215      211      
 4.24    7       650      911.399    1922.39    1011        236      223      
 4.51    8       733      919.345    1922.39    1003.05     231      242      
 4.59    8       750      919.345    1922.39    1003.05     248      254      
 4.9     9       847      919.345    1921.23    1001.88     262      277      
 4.91    9       850      919.345    1921.23    1001.88     265      278      
 5.21    9       900      919.345    1921.23    1001.88     292      316      
 5.46    10      981      919.384    1920.97    1001.58     270      326      
 5.56    10      1000     919.384    1920.97    1001.58     289      341      
 5.82    11      1075     919.384    1915.63    996.249     297      358      
 5.93    11      1100     919.384    1915.63    996.249     322      374      
 6.16    12      1150     919.384    1915.63    996.249     318      382      
 6.63    13      1243     926.447    1913.5     987.049     336      409      
 6.69    13      1250     926.447    1913.5     987.049     343      415      
 7.08    14      1325     938.869    1910.08    971.211     350      435      
 7.23    14      1350     938.869    1910.08    971.211     375      453      
 7.67    15      1449     942.484    1910.08    967.596     367      474      
 7.68    15      1450     942.484    1910.08    967.596     368      474      
 8.91    15      1500     942.484    1910.08    967.596     379      506      
 9.14    16      1565     942.484    1907.86    965.374     390      510      
 9.35    16      1600     942.484    1907.86    965.374     425      536      
 9.76    17      1685     942.484    1907.86    965.374     414      552      
 9.87    17      1700     942.484    1907.86    965.374     429      562      
 10.49   18      1805     942.484    1906.71    964.225     434      590      
 10.5    18      1806     942.484    1906.71    964.225     435      590      
 10.83   18      1850     942.484    1906.71    964.225     441      617      
 11.05   19      1903     946.081    1902.26    956.177     447      620      
 11.43   19      1950     946.081    1902.26    956.177     455      648      
 11.74   20      2017     952.347    1901.52    949.176     462      654      
 11.96   20      2050     952.347    1901.52    949.176     495      674      
 12.6    21      2151     952.347    1896.42    944.077     479      694      
 12.62   21      2152     952.347    1896.42    944.077     480      694      
 13.1    21      2200     952.347    1896.42    944.077     487      725      
 13.57   22      2291     952.347    1896.01    943.662     491      740      
 13.64   22      2300     952.347    1896.01    943.662     500      746      
 14.15   22      2350     952.347    1896.01    943.662     510      782      
 14.49   23      2417     952.347    1896.01    943.662     508      784      
 14.73   23      2450     952.347    1896.01    943.662     541      805      
 15.4    24      2545     952.347    1895.79    943.44      530      823      
 15.43   24      2550     952.347    1895.79    943.44      535      825      
 16.03   24      2600     952.347    1895.79    943.44      546      860      
 17.97   25      2663     952.347    1895.79    943.44      552      862      
 18.24   25      2700     952.347    1895.79    943.44      589      886      
 18.89   26      2779     952.347    1893.86    941.51      568      898      
 19.09   26      2800     952.347    1893.86    941.51      589      913      
 19.54   27      2859     952.347    1892.11    939.761     586      924      
 19.9    27      2900     952.347    1892.11    939.761     627      952      
 20.43   28      2971     952.347    1890.08    937.732     597      962      
 20.68   28      3000     952.347    1890.08    937.732     626      983      
 21.3    29      3087     952.347    1890.07    937.72      610      999      
 21.45   29      3100     952.347    1890.07    937.72      623      1011     
 22.15   29      3150     952.347    1890.07    937.72      624      1045     
 22.59   30      3215     952.347    1889.39    937.046     629      1045     
 22.95   30      3250     952.347    1889.39    937.046     664      1069     
 23.92   31      3349     952.347    1889.39    937.046     640      1090     
 23.94   31      3350     952.347    1889.39    937.046     641      1090     
 24.62   32      3437     952.347    1889.39    937.046     664      1117     
 24.79   32      3450     952.347    1889.39    937.046     677      1125     
 25.74   33      3559     952.347    1887.06    934.715     689      1152     
 25.75   33      3560     952.347    1887.06    934.715     690      1152     
 26.14   33      3600     952.347    1887.06    934.715     730      1180     
 26.85   34      3675     954.129    1886.47    932.343     697      1189     
 27.12   34      3700     954.129    1886.47    932.343     722      1205     
 28.14   35      3805     954.129    1884.63    930.502     712      1231     
 28.16   35      3806     954.129    1884.63    930.502     713      1231     
 28.68   35      3850     954.129    1884.63    930.502     757      1261     
 29.32   36      3909     954.129    1884.63    930.502     732      1265     
 29.74   36      3950     954.129    1884.63    930.502     773      1289     
 30.31   37      4000     954.129    1884.48    930.355     742      1291     
 30.94   37      4050     954.129    1884.48    930.355     792      1323     
 31.9    38      4133     954.129    1883.06    928.927     749      1334     
 34.99   38      4150     954.129    1883.06    928.927     753      1348     
 35.38   39      4215     954.129    1883.06    928.927     818      1362     
 36.19   40      4250     954.129    1883.06    928.927     788      1383     
 36.46   40      4300     954.286    1883.06    928.769     838      1394     
 38.03   41      4391     954.286    1883.06    928.769     781      1417     
 38.15   41      4400     954.286    1883.06    928.769     790      1423     
 39.4    42      4505     954.286    1882.53    928.241     802      1453     
 39.42   42      4506     954.286    1882.53    928.241     803      1453     
 40.03   42      4550     954.286    1882.53    928.241     847      1482     
 40.84   43      4621     954.286    1882.29    928.008     810      1490     
 41.26   43      4650     954.286    1882.29    928.008     839      1509     
 42.1    44      4731     954.286    1881.8     927.517     817      1524     
 42.37   44      4750     954.286    1881.8     927.517     836      1537     
 43.67   45      4843     954.496    1880.67    926.173     830      1560     
 43.75   45      4850     954.496    1880.67    926.173     837      1564     
 44.48   45      4900     954.496    1880.67    926.173     887      1597     
 45.41   46      4969     954.548    1879.17    924.619     838      1600     
 45.68   46      5000     954.548    1879.17    924.619     869      1617     
 46.08   47      5050     954.548    1878.8     924.249     919      1625     
 47.87   48      5147     954.548    1878.03    923.482     865      1652     
 47.9    48      5150     954.548    1878.03    923.482     868      1652     
 49.3    49      5237     954.553    1877.27    922.716     901      1686     
 49.51   49      5250     954.553    1877.27    922.716     914      1696     
 50.2    50      5325     954.553    1875.84    921.289     989      1714     
 51.2    50      5350     954.553    1875.84    921.289     930      1730     
 52.37   51      5437     954.553    1875.84    921.289     925      1748     
 52.62   51      5450     954.553    1875.84    921.289     938      1759     
 53.53   51      5500     954.553    1875.84    921.289     988      1792     
 54.47   52      5571     954.553    1875.84    921.289     940      1794     
 55.11   52      5600     954.553    1875.84    921.289     969      1814     
 55.47   53      5665     954.553    1875.84    921.289     1034     1824     
 56.68   53      5700     954.553    1875.84    921.289     1000     1850     
 58.04   54      5783     954.553    1875.82    921.271     990      1864     
 58.26   54      5800     954.553    1875.82    921.271     1007     1875     
 58.91   54      5850     954.553    1875.82    921.271     1057     1908     
 59.91   55      5923     954.553    1875.82    921.271     1006     1909     
 65.34   55      5950     954.553    1875.82    921.271     1015     1927     
 65.73   56      6003     954.553    1875.82    921.271     1068     1934     
 67.64   57      6091     954.553    1874.61    920.062     1051     1962     
 67.81   57      6100     954.553    1874.61    920.062     1060     1969     
 68.41   58      6171     954.553    1874.61    920.062     1131     1988     
 69.77   58      6200     954.553    1874.61    920.062     1078     2008     
 70.76   59      6285     954.553    1873.61    919.056     1163     2025     
 70.99   59      6300     954.553    1873.61    919.056     1178     2033     
 72.48   60      6389     954.553    1873.61    919.056     1171     2055     
 72.77   60      6400     954.553    1873.61    919.056     1182     2065     
 74.65   61      6479     954.553    1873.61    919.056     1170     2086     
 75.01   61      6500     954.553    1873.61    919.056     1191     2097     
 76.69   62      6581     954.553    1873.4     918.844     1192     2116     
 77.03   62      6600     954.553    1873.4     918.844     1211     2127     
 78.84   63      6661     954.954    1873.04    918.083     1153     2139     
 79.75   63      6700     954.954    1873.04    918.083     1192     2167     
 80.23   64      6757     954.954    1872.13    917.174     1249     2171     
 82.31   64      6800     954.954    1872.13    917.174     1202     2202     
 82.97   65      6851     954.954    1871.02    916.07      1253     2204     
 85.01   66      6945     954.954    1870.47    915.514     1249     2233     
 85.08   66      6950     954.954    1870.47    915.514     1254     2235     
 87.57   67      7053     954.99     1870.18    915.194     1259     2267     
 87.6    67      7054     954.99     1870.18    915.194     1260     2267     
 88.61   67      7100     954.99     1870.18    915.194     1306     2298     
 88.99   68      7155     954.993    1869.52    914.523     1361     2300     
 91.1    68      7200     954.993    1869.52    914.523     1311     2329     
 91.84   69      7257     955.032    1869.39    914.353     1368     2333     
 92.6    69      7300     955.032    1869.39    914.353     1411     2361     
 94.1    70      7350     955.032    1868.85    913.814     1333     2362     
 95.55   71      7439     955.032    1868.53    913.5       1422     2394     
 95.8    71      7450     955.032    1868.53    913.5       1433     2401     
 98.44   72      7559     955.032    1868.53    913.5       1438     2434     
 98.48   72      7560     955.032    1868.53    913.5       1439     2434     
 99.55   72      7600     955.032    1868.53    913.5       1479     2460     
 102.04  73      7659     955.032    1868.53    913.5       1385     2465     
 103.05  73      7700     955.032    1868.53    913.5       1426     2494     
 103.5   74      7755     955.032    1868.52    913.49      1481     2497     
 107.06  74      7800     955.032    1868.52    913.49      1432     2526     
 119.56  75      7851     955.032    1868.49    913.455     1432     2527     
 120.83  75      7900     955.032    1868.49    913.455     1481     2559     
 121.36  76      7959     955.032    1868.49    913.455     1540     2561     
 124.15  77      8000     955.032    1868.49    913.455     1461     2590     
 125.09  77      8050     955.032    1868.14    913.113     1511     2597     
 126.29  78      8135     955.032    1867.62    912.589     1596     2620     
 128.17  78      8150     955.032    1867.62    912.589     1493     2627     
 129.1   79      8231     955.032    1866.43    911.4       1574     2646     
 130.04  79      8250     955.032    1866.43    911.4       1593     2656     
 132.9   80      8321     955.036    1866.21    911.175     1512     2674     
 133.61  80      8350     955.036    1866.21    911.175     1541     2692     
 134.64  81      8439     955.036    1866.21    911.175     1630     2711     
 135.47  81      8450     955.036    1866.21    911.175     1641     2718     
 138.64  82      8541     955.036    1866.21    911.175     1614     2740     
 138.92  82      8550     955.036    1866.21    911.175     1623     2747     
 142.55  83      8643     955.036    1865.69    910.654     1583     2776     
 142.7   83      8650     955.036    1865.69    910.654     1590     2779     
 144.69  84      8741     955.036    1865.27    910.238     1681     2804     
 144.92  84      8750     955.036    1865.27    910.238     1690     2810     
 148.49  85      8843     955.036    1864.24    909.208     1622     2835     
 148.64  85      8850     955.036    1864.24    909.208     1629     2838     
 150.52  86      8935     955.036    1863.94    908.902     1714     2861     
 150.88  86      8950     955.036    1863.94    908.902     1729     2868     
 154.41  87      9031     955.036    1863.64    908.603     1656     2888     
 155.06  87      9050     955.036    1863.64    908.603     1675     2904     
 156.98  88      9133     955.036    1863.64    908.603     1758     2922     
 157.45  88      9150     955.036    1863.64    908.603     1775     2932     
 160.59  89      9217     955.036    1863.62    908.582     1694     2947     
 161.47  89      9250     955.036    1863.62    908.582     1727     2969     
 162.22  90      9315     955.036    1863.48    908.443     1792     2978     
 163.44  90      9350     955.036    1863.48    908.443     1827     2999     
 167.04  91      9401     955.036    1863.24    908.207     1736     3003     
 168     92      9477     955.358    1862.17    906.816     1812     3024     
 168.73  92      9500     955.358    1862.17    906.816     1835     3038     
 174.22  93      9611     955.358    1862       906.638     1765     3066     
 174.27  93      9612     955.358    1862       906.638     1766     3066     
 175.59  93      9650     955.358    1862       906.638     1804     3096     
 176.85  94      9739     955.358    1862       906.638     1893     3112     
 177.17  94      9750     955.358    1862       906.638     1904     3118     
 181.31  95      9833     955.358    1861.22    905.866     1813     3140     
 182.63  95      9850     955.358    1861.22    905.866     1830     3148     
 184.04  96      9929     955.358    1861.1     905.737     1909     3167     
 184.62  96      9950     955.358    1861.1     905.737     1930     3180     
 189.02  97      10027    955.387    1860.4     905.016     1843     3197     
 189.74  97      10050    955.387    1860.4     905.016     1866     3210     
 192.08  98      10133    955.387    1860.4     905.016     1949     3229     
 192.57  98      10150    955.387    1860.4     905.016     1966     3237     
 196.65  99      10217    955.387    1860.08    904.696     1882     3251     
 197.61  99      10250    955.387    1860.08    904.696     1915     3273     
 198.36  100     10315    955.387    1859.46    904.072     1980     3282     
 199.59  100     10350    955.387    1859.46    904.072     2015     3303     
 204.73  101     10413    955.389    1859.41    904.018     1922     3310     
 206.32  101     10450    955.389    1859.41    904.018     1959     3334     
 208.13  102     10539    955.389    1858.96    903.567     2048     3352     
 208.55  102     10550    955.389    1858.96    903.567     2059     3358     
 230.86  103     10641    955.389    1858.77    903.381     1964     3383     
 231.15  103     10650    955.389    1858.77    903.381     1973     3389     
 233.68  104     10729    955.389    1858.45    903.063     2052     3410     
 234.46  104     10750    955.389    1858.45    903.063     2073     3424     
 235.46  105     10813    956.19     1857.88    901.686     2136     3437     
 239.93  105     10850    956.19     1857.88    901.686     2014     3461     
 240.64  106     10907    956.19     1856.88    900.693     2071     3467     
 243.75  107     10989    956.19     1856.88    900.693     2153     3492     
 244.1   107     11000    956.19     1856.88    900.693     2164     3498     
 249.81  108     11083    956.191    1856.88    900.693     2057     3520     
 250.46  108     11100    956.191    1856.88    900.693     2074     3532     
 251.45  109     11150    960.906    1856.84    895.929     2124     3542     
 254.85  110     11251    960.906    1856.84    895.929     2225     3574     
 254.9   110     11252    960.906    1856.84    895.929     2226     3574     
 260.77  111     11339    960.906    1856.84    895.929     2171     3601     
 261.23  111     11350    960.906    1856.84    895.929     2182     3608     
 263.66  112     11445    960.906    1856.66    895.755     2277     3636     
 263.89  112     11450    960.906    1856.66    895.755     2282     3640     
 267.51  112     11500    960.906    1856.66    895.755     2332     3676     
 272.7   113     11557    960.906    1856.59    895.683     2182     3676     
 274.24  113     11600    960.906    1856.59    895.683     2225     3700     
 275.05  114     11663    960.906    1856.55    895.644     2288     3705     
 276.46  114     11700    960.906    1856.55    895.644     2325     3726     
 277.24  115     11750    960.906    1856.55    895.644     2375     3730     
 284.28  116     11800    960.906    1856.55    895.644     2263     3762     
 284.83  116     11855    960.906    1856.55    895.644     2318     3762     
 286.8   116     11900    960.906    1856.55    895.644     2363     3791     
 288.46  117     11981    960.906    1856.11    895.206     2444     3801     
 294.17  117     12000    960.906    1856.11    895.206     2282     3814     
 297.73  118     12103    960.946    1855.61    894.664     2385     3839     
 297.79  118     12104    960.946    1855.61    894.664     2386     3839     
 299.61  119     12189    960.946    1855.14    894.198     2471     3865     
 300.05  119     12200    960.946    1855.14    894.198     2482     3871     
 306.9   120     12299    960.946    1855.05    894.106     2384     3898     
 306.96  120     12300    960.946    1855.05    894.106     2385     3898     
 309.18  120     12350    960.946    1855.05    894.106     2435     3930     
 312.01  121     12417    961.322    1854.82    893.493     2502     3935     
 314.39  121     12450    961.322    1854.82    893.493     2535     3960     
 321.24  122     12519    961.322    1854.64    893.315     2413     3969     
 322.34  122     12550    961.322    1854.64    893.315     2444     3989     
 324.01  123     12643    965.277    1854.07    888.789     2537     4008     
 324.25  123     12650    965.277    1854.07    888.789     2544     4011     
 331.73  123     12700    965.277    1854.07    888.789     2390     4048     
 334.64  124     12777    966.098    1853.91    887.807     2467     4054     
 335.88  124     12800    966.098    1853.91    887.807     2490     4070     
 337.61  125     12867    966.098    1853.84    887.743     2557     4083     
 339.35  125     12900    966.098    1853.84    887.743     2590     4103     
 346.4   126     12981    966.098    1853.77    887.672     2429     4119     
 347.1   126     13000    966.098    1853.77    887.672     2448     4131     
 348.54  127     13065    974.506    1853.71    879.202     2513     4147     
 351.26  127     13100    974.506    1853.71    879.202     2548     4168     
 352.53  128     13169    978.486    1853.64    875.15      2617     4179     
 353.69  128     13200    978.486    1853.64    875.15      2648     4199     
 360.53  129     13285    978.837    1853.51    874.676     2533     4214     
 361.22  129     13300    978.837    1853.51    874.676     2548     4223     
 364.46  130     13405    978.837    1853.22    874.382     2653     4252     
 366.16  130     13406    978.837    1853.22    874.382     2654     4252     
 368.07  131     13450    978.837    1853.22    874.382     2698     4280     
 374.26  131     13500    984.773    1853.14    868.371     2530     4281     
 376.66  131     13550    984.773    1853.14    868.371     2580     4318     
 377.62  132     13613    984.773    1853.14    868.371     2643     4320     
 407.88  133     13650    984.773    1853.14    868.371     2563     4342     
 408.77  133     13700    984.773    1853.11    868.335     2613     4349     
 413.02  134     13777    984.773    1853.08    868.302     2690     4372     
 413.97  134     13800    984.773    1853.08    868.302     2713     4386     
 416.7   135     13897    986.42     1852.02    865.599     2810     4410     
 416.79  135     13900    986.42     1852.02    865.599     2813     4410     
 426.1   136     13991    986.42     1851.62    865.196     2731     4441     
 426.4   136     14000    986.42     1851.62    865.196     2740     4444     
 430.45  137     14079    986.566    1851.57    865.001     2819     4470     
 431.47  137     14100    986.566    1851.57    865.001     2840     4481     
 440.94  138     14183    986.566    1851.57    865.001     2716     4502     
 441.63  138     14200    986.566    1851.57    865.001     2733     4511     
 443.6   139     14265    986.566    1851.57    865.001     2798     4525     
 445.52  139     14300    986.566    1851.57    865.001     2833     4548     
 447     140     14369    986.566    1851.57    865.001     2902     4558     
 448.77  140     14400    986.566    1851.57    865.001     2933     4579     
 460.16  141     14481    986.566    1851.57    865.001     2801     4594     
 461.17  141     14500    986.566    1851.57    865.001     2820     4607     
 462.96  142     14561    986.566    1851.48    864.919     2881     4618     
 465.19  142     14600    986.566    1851.48    864.919     2920     4642     
 466.87  143     14663    986.566    1851.26    864.695     2983     4648     
 468.95  143     14700    986.566    1851.26    864.695     3020     4671     
 480.23  144     14779    986.578    1850.98    864.399     2851     4682     
 481.4   144     14800    986.578    1850.98    864.399     2872     4696     
 484.3   145     14899    986.578    1850.7     864.123     2971     4717     
 484.38  145     14900    986.578    1850.7     864.123     2972     4717     
 487.05  146     14967    986.578    1850.61    864.033     3039     4738     
 488.46  146     15000    986.578    1850.61    864.033     3072     4760     
 489.47  147     15059    986.578    1850.61    864.033     3131     4767     
 498.87  148     15125    986.578    1850.22    863.646     2987     4788     
 502.3   148     15150    986.578    1850.22    863.646     3012     4803     
 503.81  149     15201    986.579    1849.59    863.012     3063     4810     
 506.19  149     15250    986.579    1849.59    863.012     3112     4845     
 507.6   150     15327    987.262    1849.37    862.108     3189     4852     
 509.31  150     15350    987.262    1849.37    862.108     3212     4868     
 520.91  151     15433    987.262    1849.28    862.016     3076     4886     
 521.73  151     15450    987.262    1849.28    862.016     3093     4895     
 526.2   152     15527    987.323    1849.16    861.839     3170     4914     
 527.97  152     15550    987.323    1849.16    861.839     3193     4932     
 529.52  153     15601    987.323    1848.6     861.279     3244     4940     
 542.29  154     15691    987.323    1847.83    860.506     3075     4971     
 542.7   154     15700    987.323    1847.83    860.506     3084     4974     
 545.98  155     15799    987.323    1847.66    860.341     3183     5002     
 546.06  155     15800    987.323    1847.66    860.341     3184     5002     
 549.55  156     15889    987.328    1847.55    860.227     3273     5031     
 552.34  156     15900    987.328    1847.55    860.227     3284     5036     
 565.62  157     16007    987.328    1847.23    859.903     3134     5067     
 565.7   157     16008    987.328    1847.23    859.903     3135     5067     
 567.9   158     16071    987.329    1847.18    859.848     3198     5084     
 570.05  158     16100    987.329    1847.18    859.848     3227     5104     
 572.24  159     16173    987.329    1847.18    859.848     3300     5117     
 574.2   159     16200    987.329    1847.18    859.848     3327     5132     
 576.6   160     16275    987.329    1847.08    859.752     3402     5149     
 580.81  160     16300    987.329    1847.08    859.752     3427     5164     
 593.21  161     16375    987.329    1847.08    859.752     3293     5177     
 594.94  161     16400    987.329    1847.08    859.752     3318     5194     
 596.73  162     16481    987.329    1847.08    859.752     3399     5208     
 598.06  162     16500    987.329    1847.08    859.752     3418     5223     
 600.79  163     16581    987.329    1846.79    859.456     3499     5242     
 602.24  163     16600    987.329    1846.79    859.456     3518     5254     
 619.52  164     16699    987.329    1846.66    859.328     3320     5281     
 619.6   164     16700    987.329    1846.66    859.328     3321     5281     
 623.62  165     16791    990.77     1846.63    855.859     3412     5310     
 624.1   165     16800    990.77     1846.63    855.859     3421     5315     
 626.71  166     16879    991.14     1846.53    855.392     3500     5336     
 628.36  166     16900    991.14     1846.53    855.392     3521     5349     
 631.41  167     16975    991.173    1846.09    854.917     3596     5366     
 633.11  167     17000    991.173    1846.09    854.917     3621     5381     
 647.02  168     17073    991.173    1846.06    854.884     3401     5396     
 649.54  168     17100    991.173    1846.06    854.884     3428     5415     
 655.87  169     17181    991.173    1845.84    854.666     3509     5433     
 657.11  169     17200    991.173    1845.84    854.666     3528     5447     
 658.72  170     17255    991.173    1845.54    854.363     3583     5456     
 662.51  170     17300    991.173    1845.54    854.363     3628     5489     
 721.15  171     17381    991.173    1845.54    854.363     3501     5501     
 722.36  171     17400    991.173    1845.54    854.363     3520     5512     
 725.21  172     17481    991.173    1845.53    854.353     3601     5531     
 726.28  172     17500    991.173    1845.53    854.353     3620     5539     
 731.81  173     17569    991.173    1845.39    854.222     3689     5555     
 733.88  173     17600    991.173    1845.39    854.222     3720     5572     
 736.48  174     17679    991.173    1845.26    854.085     3799     5588     
 738.04  174     17700    991.173    1845.26    854.085     3820     5600     
 752.42  175     17773    991.173    1845.16    853.99      3587     5617     
 753.52  175     17800    991.173    1845.16    853.99      3614     5627     
 754.86  176     17853    994.201    1844.95    850.747     3667     5633     
 758.97  177     17929    994.201    1844.95    850.747     3743     5657     
 763.63  177     17950    994.201    1844.95    850.747     3764     5668     
 767.64  178     18041    994.201    1844.95    850.747     3855     5691     
 768.37  178     18050    994.201    1844.95    850.747     3864     5695     
 785.89  179     18137    994.201    1844.83    850.63      3668     5719     
 787     179     18150    994.201    1844.83    850.63      3681     5726     
 789.43  180     18207    994.201    1844.74    850.536     3738     5739     
 793.47  181     18283    994.469    1844.29    849.819     3814     5762     
 794.75  181     18300    994.469    1844.29    849.819     3831     5771     
 801.29  182     18377    994.676    1844.29    849.612     3908     5792     
 803.22  182     18400    994.676    1844.29    849.612     3931     5808     
 805.46  183     18457    994.694    1844.18    849.483     3988     5817     
 808.21  183     18500    994.694    1844.18    849.483     4031     5844     
 822.94  184     18550    994.694    1844.18    849.483     3788     5845     
 827.11  185     18647    994.694    1844.15    849.455     3885     5878     
 827.22  185     18650    994.694    1844.15    849.455     3888     5878     
 831.49  186     18743    994.694    1844       849.31      3981     5906     
 831.92  186     18750    994.694    1844       849.31      3988     5909     
 841.14  187     18853    994.694    1843.94    849.247     4091     5939     
 841.23  187     18854    994.694    1843.94    849.247     4092     5939     
 861.13  188     18945    994.696    1843.86    849.165     3857     5966     
 861.4   188     18950    994.696    1843.86    849.165     3862     5969     
 865.42  189     19025    994.696    1843.83    849.138     3937     5996     
 867.49  189     19050    994.696    1843.83    849.138     3962     6012     
 869.7   190     19115    994.696    1843.83    849.138     4027     6024     
 872.53  190     19150    994.696    1843.83    849.138     4062     6046     
 874.18  191     19200    994.696    1843.83    849.138     4112     6050     
 878.4   192     19297    994.696    1843.72    849.024     4209     6078     
 878.53  192     19300    994.696    1843.72    849.024     4212     6078     
 901.71  193     19391    994.696    1843.33    848.636     4012     6110     
-------------------------------------------------------------------------------

SARSOP finishing ...
  Preset timeout reached
  Timeout     : 900.000000s
  Actual Time : 901.710000s

-------------------------------------------------------------------------------
 Time   |#Trial |#Backup |LBound    |UBound    |Precision  |#Alphas |#Beliefs  
-------------------------------------------------------------------------------
 914.69  193     19391    994.696    1843.33    848.636     3960     6110     
-------------------------------------------------------------------------------

Writing out policy ...
  output file : /home/eliranab/FDMAP/Resources/policies/RS-7x4_2C_2S_4P_TEAM_car1.policy

Solve took 
real	16m7.447s
user	16m2.630s
sys	0m3.771s
