
Loading the model ...
  input file   : /home/eliranab/FDMAP/Resources/problems/RS-7x4_2C_2S_6P_TEAM.pomdpx
  loading time : 44.48s 

SARSOP initializing ...
In sarsop::initialize
0.1
0.2
0.3
0.4
0.5
0.6
0.7
0.8
0.8.1
0.8.2
0.8.3
0.8.4
0.8.5
0.8.6
0.9
0.10
Finished sarsop::initialize
1
2
3
4
5
6
  initialization time : 58.99s

-------------------------------------------------------------------------------
 Time   |#Trial |#Backup |LBound    |UBound    |Precision  |#Alphas |#Beliefs  
-------------------------------------------------------------------------------
Solve took /home/eliranab/FDMAP/CPPSolvers/sarsop/src/solve_team.txt: line 56: 22337 Killed                  ./pomdpsol $problem_path --precision $precision --output $policy_path --timeout $timeout > $solve_log_path

real	6m32.602s
user	3m26.900s
sys	0m10.934s
