
Loading the model ...
  input file   : /home/eliranab/FDMAP/Resources/problems/RS-7x4_2C_2S_4P_TEAM_car2.pomdpx
  loading time : 7.28s 

SARSOP initializing ...
In sarsop::initialize
0.1
0.2
0.3
0.4
0.5
0.6
0.7
0.8
0.8.1
0.8.2
0.8.3
0.8.4
0.8.5
0.8.6
0.9
0.10
Finished sarsop::initialize
1
2
3
4
5
6
  initialization time : 2.62s

-------------------------------------------------------------------------------
 Time   |#Trial |#Backup |LBound    |UBound    |Precision  |#Alphas |#Beliefs  
-------------------------------------------------------------------------------
 2.62    0       0        0          1986.74    1986.74     17       1        
 2.73    1       69       607.662    1972.39    1364.73     24       26       
 2.81    1       100      607.662    1972.39    1364.73     43       45       
 2.91    2       181      744.699    1963.83    1219.13     38       61       
 2.96    2       200      744.699    1963.83    1219.13     52       73       
 3.1     3       303      744.699    1962.13    1217.44     56       98       
 3.1     3       304      744.699    1962.13    1217.44     57       99       
 3.26    3       350      744.699    1962.13    1217.44     61       129      
 3.36    4       433      744.699    1961       1216.31     61       140      
 3.43    4       450      744.699    1961       1216.31     71       152      
 3.57    5       531      811.012    1959.85    1148.84     103      172      
 3.65    5       550      811.012    1959.85    1148.84     115      185      
 3.85    6       637      819.314    1954.74    1135.43     118      206      
 3.92    6       650      819.314    1954.74    1135.43     124      218      
 4.24    7       757      822.786    1952.77    1129.98     140      250      
 4.25    7       758      822.786    1952.77    1129.98     141      251      
 4.43    7       800      822.786    1952.77    1129.98     162      276      
 4.52    8       850      876.623    1949.6     1072.97     168      278      
 4.76    9       925      931.634    1948.1     1016.47     213      299      
 4.91    9       950      931.634    1948.1     1016.47     223      318      
 5.15    10      1025     935.955    1947.16    1011.2      230      332      
 5.3     10      1050     935.955    1947.16    1011.2      236      348      
 5.45    11      1100     954.009    1946.3     992.295     255      358      
 5.76    11      1150     954.009    1946.3     992.295     278      387      
 5.89    12      1215     984.678    1944.77    960.096     312      389      
 6.11    12      1250     984.678    1944.77    960.096     321      411      
 6.28    13      1305     985.661    1943.8     958.141     326      417      
 6.62    13      1350     985.661    1943.8     958.141     348      447      
 6.8     14      1407     992.1      1941.09    948.987     346      450      
 7.19    15      1487     992.1      1941.09    948.987     362      476      
 7.3     15      1500     992.1      1941.09    948.987     375      488      
 7.69    16      1579     992.1      1939.18    947.079     377      506      
 8.59    16      1600     992.1      1939.18    947.079     383      520      
 8.81    17      1657     997.606    1938.21    940.608     399      531      
 9.18    17      1700     997.606    1938.21    940.608     407      560      
 9.37    18      1755     1016.44    1938.14    921.706     407      562      
 9.74    18      1800     1016.44    1938.14    921.706     417      593      
 9.92    19      1853     1016.75    1937.8     921.048     416      594      
 10.33   20      1900     1016.75    1937.8     921.048     429      625      
 10.53   20      1950     1018.44    1937.58    919.138     428      626      
 11.01   20      2000     1018.44    1937.58    919.138     444      664      
 11.36   21      2079     1018.59    1937.52    918.93      436      672      
 11.5    21      2100     1018.59    1937.52    918.93      457      684      
 11.8    22      2167     1018.59    1937.26    918.669     490      697      
 12.24   22      2200     1018.59    1937.26    918.669     487      727      
 12.95   23      2305     1018.59    1936.31    917.716     471      753      
 12.96   23      2306     1018.59    1936.31    917.716     472      753      
 13.26   23      2350     1018.59    1936.31    917.716     516      785      
 13.65   24      2405     1018.87    1935.25    916.388     484      787      
 14.03   24      2450     1018.87    1935.25    916.388     529      818      
 14.46   25      2503     1018.89    1933.92    915.032     490      820      
 15.06   26      2591     1018.89    1933.27    914.372     501      850      
 15.13   26      2600     1018.89    1933.27    914.372     510      855      
 17.06   26      2650     1018.89    1933.27    914.372     512      891      
 17.4    27      2711     1018.89    1933.02    914.131     516      891      
 17.7    27      2750     1018.89    1933.02    914.131     555      916      
 18.07   28      2800     1018.89    1932.11    913.214     538      921      
 18.57   29      2875     1018.89    1932.05    913.157     544      942      
 18.88   29      2900     1018.89    1932.05    913.157     569      960      
 19.83   30      2991     1018.89    1931.07    912.179     557      983      
 19.93   30      3000     1018.89    1931.07    912.179     566      990      
 20.68   30      3050     1018.89    1931.07    912.179     574      1027     
 21.07   31      3111     1018.89    1929.47    910.58      573      1027     
 21.43   31      3150     1018.89    1929.47    910.58      612      1053     
 21.86   32      3205     1018.89    1929.46    910.571     585      1057     
 22.34   32      3250     1018.89    1929.46    910.571     630      1088     
 23.34   33      3351     1018.9     1928.81    909.913     594      1110     
 23.36   33      3352     1018.9     1928.81    909.913     595      1110     
 23.76   33      3400     1018.9     1928.81    909.913     643      1141     
 24.19   34      3455     1018.9     1928.81    909.913     607      1142     
 24.88   35      3537     1018.9     1928.81    909.913     615      1166     
 25.01   35      3550     1018.9     1928.81    909.913     628      1174     
 25.84   36      3643     1018.9     1928.57    909.67      623      1198     
 25.9    36      3650     1018.9     1928.57    909.67      630      1202     
 26.66   37      3729     1018.9     1928.36    909.468     638      1225     
 26.89   37      3750     1018.9     1928.36    909.468     659      1239     
 27.51   38      3817     1018.9     1928.02    909.126     644      1252     
 27.86   38      3850     1018.9     1928.02    909.126     677      1272     
 28.47   39      3907     1018.9     1927.5     908.6       652      1281     
 28.87   39      3950     1018.9     1927.5     908.6       695      1307     
 31.31   40      4003     1018.9     1926.41    907.515     658      1309     
 32.08   41      4087     1018.9     1926.14    907.24      683      1336     
 32.24   41      4100     1018.9     1926.14    907.24      696      1345     
 33.18   42      4185     1018.9     1926.14    907.24      702      1370     
 33.35   42      4200     1018.9     1926.14    907.24      717      1379     
 34.04   43      4269     1018.9     1925.76    906.865     718      1396     
 34.43   43      4300     1018.9     1925.76    906.865     749      1418     
 35.09   44      4371     1018.9     1925.57    906.671     735      1430     
 35.58   44      4400     1018.9     1925.57    906.671     764      1448     
 36.16   45      4457     1018.9     1925.05    906.154     743      1458     
 36.67   45      4500     1018.9     1925.05    906.154     786      1488     
 37.28   46      4555     1018.9     1924.52    905.619     763      1490     
 37.61   47      4617     1018.9     1923.97    905.07      825      1508     
 38.34   47      4650     1018.9     1923.97    905.07      797      1532     
 38.78   48      4709     1018.9     1923.76    904.865     856      1539     
 39.64   48      4750     1018.9     1923.76    904.865     824      1563     
 40.31   49      4813     1018.9     1923.19    904.296     807      1570     
 40.89   49      4850     1018.9     1923.19    904.296     844      1595     
 41.46   50      4900     1018.9     1923.19    904.296     824      1602     
 42.28   50      4950     1018.9     1923.19    904.296     874      1637     
 43.24   51      5021     1018.9     1922.9     904         826      1641     
 43.72   51      5050     1018.9     1922.9     904         855      1661     
 44.75   52      5131     1018.9     1922.87    903.976     857      1679     
 45.05   52      5150     1018.9     1922.87    903.976     876      1692     
 45.61   53      5207     1018.9     1922.81    903.914     933      1704     
 46.84   54      5287     1018.9     1922.49    903.594     942      1730     
 47.06   54      5300     1018.9     1922.49    903.594     955      1738     
 53.25   55      5401     1018.9     1922.02    903.128     889      1772     
 53.27   55      5402     1018.9     1922.02    903.128     890      1772     
 54.28   56      5485     1018.9     1921.81    902.919     973      1798     
 55.04   56      5500     1018.9     1921.81    902.919     926      1806     
 56.5    57      5589     1018.9     1921.63    902.738     930      1829     
 56.64   57      5600     1018.9     1921.63    902.738     941      1835     
 57.5    58      5665     1018.9     1921.57    902.677     1006     1852     
 58.71   58      5700     1018.9     1921.57    902.677     970      1874     
 59.08   59      5750     1018.9     1921.37    902.473     1020     1883     
 60.82   60      5841     1018.9     1921.36    902.466     1033     1907     
 60.95   60      5850     1018.9     1921.36    902.466     1042     1911     
 62.67   61      5951     1018.9     1921.35    902.451     1067     1943     
 62.7    61      5952     1018.9     1921.35    902.451     1068     1943     
 64.64   62      6021     1018.9     1921.34    902.446     1050     1966     
 65.22   62      6050     1018.9     1921.34    902.446     1079     1985     
 67.15   63      6147     1018.9     1920.94    902.047     1084     2010     
 67.21   63      6150     1018.9     1920.94    902.047     1087     2012     
 69.18   64      6219     1018.9     1920.41    901.515     1070     2037     
 69.82   64      6250     1018.9     1920.41    901.515     1101     2059     
 71.4    65      6311     1018.9     1920.16    901.266     1045     2070     
 72.18   65      6350     1018.9     1920.16    901.266     1084     2095     
 74.01   66      6417     1018.9     1919.9     901.005     1056     2103     
 74.73   66      6450     1018.9     1919.9     901.005     1089     2128     
 76.57   67      6523     1020.4     1919.54    899.139     1066     2141     
 77.14   67      6550     1020.4     1919.54    899.139     1093     2162     
 78.14   68      6619     1020.53    1919.51    898.985     1162     2177     
 79.73   68      6650     1020.53    1919.51    898.985     1109     2197     
 80.03   69      6700     1020.54    1919.34    898.795     1159     2201     
 82.1    69      6750     1020.54    1919.34    898.795     1119     2233     
 82.87   70      6813     1020.54    1919.09    898.55      1182     2235     
 84.58   70      6850     1020.54    1919.09    898.55      1123     2260     
 85.09   71      6925     1020.54    1919.09    898.55      1198     2273     
 85.68   71      6950     1020.54    1919.09    898.55      1223     2292     
 94.13   72      7041     1020.54    1918.97    898.43      1173     2316     
 94.25   72      7050     1020.54    1918.97    898.43      1182     2319     
 95.65   73      7153     1020.54    1918.55    898.005     1285     2352     
 95.68   73      7154     1020.54    1918.55    898.005     1286     2352     
 98.6    74      7241     1020.54    1918.52    897.977     1299     2379     
 98.8    74      7250     1020.54    1918.52    897.977     1308     2386     
 101.33  75      7337     1020.54    1918.5     897.962     1305     2410     
 101.68  75      7350     1020.54    1918.5     897.962     1318     2420     
 103.92  76      7411     1020.54    1918.38    897.841     1272     2434     
 105.41  76      7450     1020.54    1918.38    897.841     1311     2460     
 107.97  77      7539     1020.54    1918.33    897.79      1295     2476     
 108.17  77      7550     1020.54    1918.33    897.79      1306     2482     
 108.76  78      7601     1020.69    1918.15    897.464     1357     2495     
 110.52  78      7650     1020.69    1918.15    897.464     1406     2527     
 112.74  79      7703     1020.7     1917.61    896.914     1317     2527     
 113.78  80      7773     1020.7     1917.55    896.853     1387     2550     
 114.33  80      7800     1020.7     1917.55    896.853     1414     2569     
 117.16  81      7885     1020.7     1917.19    896.491     1359     2585     
 117.51  81      7900     1020.7     1917.19    896.491     1374     2596     
 117.97  82      7950     1020.7     1917.14    896.437     1424     2605     
 120.67  83      8027     1020.7     1916.64    895.936     1398     2629     
 121.17  83      8050     1020.7     1916.64    895.936     1421     2644     
 122.84  84      8123     1020.7     1916.22    895.514     1494     2660     
 123.61  84      8150     1020.7     1916.22    895.514     1521     2680     
 126.25  85      8203     1020.7     1915.95    895.245     1430     2687     
 127.65  85      8250     1020.7     1915.95    895.245     1477     2723     
 128.05  86      8300     1020.7     1915.53    894.83      1527     2723     
 132.48  86      8350     1020.7     1915.53    894.83      1460     2763     
 132.98  87      8407     1020.7     1915.42    894.718     1517     2764     
 134.32  88      8489     1020.7     1915.42    894.718     1599     2789     
 136.85  88      8500     1020.7     1915.42    894.718     1483     2794     
 137.58  89      8557     1020.7     1915.08    894.378     1540     2810     
 139.5   90      8635     1021.58    1914.7     893.124     1618     2834     
 142.29  90      8650     1021.58    1914.7     893.124     1515     2848     
 143.07  91      8700     1021.66    1914.5     892.846     1565     2858     
 144.46  92      8750     1021.66    1914.5     892.846     1615     2891     
 157.56  92      8803     1021.66    1914.28    892.626     1538     2891     
 158.55  93      8877     1021.66    1914.28    892.62      1612     2915     
 159.21  93      8900     1021.66    1914.28    892.62      1635     2930     
 162.66  94      8963     1021.66    1914.28    892.619     1569     2943     
 163.82  94      9000     1021.66    1914.28    892.619     1606     2968     
 165.92  95      9081     1021.66    1914.1     892.438     1687     2982     
 166.57  95      9100     1021.66    1914.1     892.438     1706     2996     
 170.33  96      9171     1021.67    1913.57    891.902     1645     3012     
 171.3   96      9200     1021.67    1913.57    891.902     1674     3033     
 171.98  97      9250     1021.67    1913.34    891.671     1724     3039     
 176.86  98      9329     1021.67    1913.34    891.671     1692     3062     
 177.72  98      9350     1021.67    1913.34    891.671     1713     3077     
 179.07  99      9425     1021.67    1913.02    891.345     1788     3094     
 182.79  99      9450     1021.67    1913.02    891.345     1676     3109     
 183.67  100     9500     1021.67    1912.68    891.014     1726     3121     
 184.47  101     9550     1021.89    1912.61    890.72      1776     3130     
 190.13  102     9621     1021.92    1912.54    890.617     1719     3152     
 191.02  103     9675     1021.93    1912.5     890.575     1773     3166     
 191.89  103     9700     1021.93    1912.5     890.575     1798     3182     
 192.79  104     9763     1021.93    1912.4     890.474     1861     3195     
 197.31  104     9800     1021.93    1912.4     890.474     1765     3221     
 198.91  105     9855     1021.93    1912.33    890.399     1820     3225     
 200.64  106     9939     1021.93    1911.83    889.905     1904     3249     
 201.03  106     9950     1021.93    1911.83    889.905     1915     3257     
 205.97  107     10017    1021.93    1911.83    889.905     1835     3274     
 207.3   107     10050    1021.93    1911.83    889.905     1868     3299     
 208.04  108     10103    1021.93    1911.83    889.899     1921     3305     
 214.35  109     10181    1031.15    1911.61    880.466     1832     3331     
 214.94  109     10200    1031.15    1911.61    880.466     1851     3343     
 216.69  110     10299    1031.72    1911.58    879.863     1950     3368     
 216.77  110     10300    1031.72    1911.58    879.863     1951     3369     
 222.72  111     10385    1048.53    1910.81    862.286     1884     3394     
 223.31  111     10400    1048.53    1910.81    862.286     1899     3403     
 224.35  112     10463    1048.53    1910.12    861.597     1962     3416     
 225.87  112     10500    1048.53    1910.12    861.597     1999     3441     
 226.57  113     10553    1048.53    1910.12    861.597     2052     3445     
 231.66  113     10600    1048.53    1910.12    861.597     1942     3475     
 234.08  114     10695    1048.53    1909.13    860.603     2037     3489     
 234.25  114     10700    1048.53    1909.13    860.603     2042     3491     
 236.32  114     10750    1048.53    1909.13    860.603     2092     3523     
 241.34  115     10819    1048.53    1907.49    858.959     1949     3526     
 242.74  115     10850    1048.53    1907.49    858.959     1980     3548     
 243.71  116     10903    1048.53    1907.2     858.671     2033     3554     
 265.35  117     10989    1053.02    1906.94    853.921     1981     3581     
 265.69  117     11000    1053.02    1906.94    853.921     1992     3585     
 267.54  118     11075    1055.1     1906.77    851.665     2067     3608     
 268.63  118     11100    1055.1     1906.77    851.665     2092     3628     
 275.38  119     11193    1055.28    1906.68    851.398     1992     3648     
 275.63  119     11200    1055.28    1906.68    851.398     1999     3653     
 277.15  120     11271    1055.3     1906.68    851.378     2070     3671     
 279.53  120     11300    1055.3     1906.68    851.378     2099     3687     
 281.02  121     11379    1055.3     1906.57    851.269     2178     3703     
 286.48  121     11400    1055.3     1906.57    851.269     2030     3716     
 289.15  122     11509    1055.3     1906.51    851.206     2139     3745     
 289.2   122     11510    1055.3     1906.51    851.206     2140     3745     
 292.46  123     11575    1055.3     1906.37    851.073     2205     3764     
 298.02  123     11600    1055.3     1906.37    851.073     2069     3782     
 299.14  124     11655    1055.44    1906.32    850.876     2124     3793     
 301.1   125     11739    1055.44    1906.17    850.729     2208     3822     
 301.54  125     11750    1055.44    1906.17    850.729     2219     3829     
 308.28  126     11835    1055.44    1905.85    850.409     2125     3851     
 308.8   126     11850    1055.44    1905.85    850.409     2140     3859     
 311.74  127     11925    1055.44    1905.85    850.409     2215     3877     
 312.6   127     11950    1055.44    1905.85    850.409     2240     3894     
 319.67  128     12051    1055.44    1905.85    850.409     2174     3919     
 319.73  128     12052    1055.44    1905.85    850.409     2175     3919     
 322.07  129     12141    1055.44    1905.34    849.904     2264     3950     
 322.52  129     12150    1055.44    1905.34    849.904     2273     3955     
 327.43  130     12231    1055.45    1904.48    849.025     2354     3980     
 328.72  130     12250    1055.45    1904.48    849.025     2373     3993     
 338.89  130     12300    1055.45    1904.48    849.025     2260     4028     
 340.18  131     12383    1055.45    1904.34    848.891     2343     4031     
 340.87  131     12400    1055.45    1904.34    848.891     2360     4039     
 348.2   132     12499    1055.45    1904.21    848.756     2278     4068     
 348.26  132     12500    1055.45    1904.21    848.756     2279     4068     
 352.35  133     12587    1055.45    1904.12    848.666     2366     4098     
 352.87  133     12600    1055.45    1904.12    848.666     2379     4105     
 354.59  134     12669    1055.45    1903.83    848.372     2448     4122     
 356.37  134     12700    1055.45    1903.83    848.372     2479     4146     
 363.83  135     12775    1055.45    1903.7     848.249     2336     4158     
 365.01  135     12800    1055.45    1903.7     848.249     2361     4176     
 366.75  136     12877    1055.46    1903.24    847.784     2438     4193     
 368.1   136     12900    1055.46    1903.24    847.784     2461     4210     
 371.64  137     12969    1055.46    1903.14    847.684     2530     4224     
 373.33  137     13000    1055.46    1903.14    847.684     2561     4245     
 381.19  138     13071    1055.46    1902.95    847.493     2438     4258     
 382.36  138     13100    1055.46    1902.95    847.493     2467     4274     
 384     139     13169    1055.46    1902.9     847.44      2536     4287     
 385.65  139     13200    1055.46    1902.9     847.44      2567     4307     
 395.53  140     13269    1055.46    1902.84    847.38      2426     4318     
 397.17  140     13300    1055.46    1902.84    847.38      2457     4342     
 398.34  141     13359    1055.46    1902.77    847.314     2516     4352     
 400.29  141     13400    1055.46    1902.77    847.314     2557     4377     
 401.38  142     13457    1055.46    1902.72    847.265     2614     4383     
 411.15  143     13539    1055.46    1902.53    847.071     2469     4413     
 411.75  143     13550    1055.46    1902.53    847.071     2480     4421     
 412.94  144     13601    1055.46    1902.52    847.064     2531     4434     
 417.59  144     13650    1055.46    1902.52    847.064     2580     4469     
 419.01  145     13731    1055.46    1902.52    847.064     2661     4479     
 419.94  145     13750    1055.46    1902.52    847.064     2680     4493     
 456.42  146     13855    1055.46    1902.46    847.001     2527     4519     
 456.49  146     13856    1055.46    1902.46    847.001     2528     4519     
 458.15  147     13919    1056.96    1902.3     845.341     2591     4537     
 459.69  147     13950    1056.96    1902.3     845.341     2622     4555     
 464.05  148     14033    1062.74    1902.14    839.408     2705     4571     
 465.17  148     14050    1062.74    1902.14    839.408     2722     4583     
 474.93  149     14125    1062.74    1902.14    839.408     2608     4598     
 476.02  149     14150    1062.74    1902.14    839.408     2633     4615     
 477.09  150     14215    1062.74    1901.76    839.021     2698     4629     
 479.38  150     14250    1062.74    1901.76    839.021     2733     4651     
 480.65  151     14300    1062.74    1901.67    838.939     2783     4658     
 490.71  152     14391    1062.74    1901.58    838.849     2669     4685     
 491.24  152     14400    1062.74    1901.58    838.849     2678     4691     
 495.65  153     14467    1062.74    1901.32    838.583     2745     4711     
 497.84  153     14500    1062.74    1901.32    838.583     2778     4732     
 499.37  154     14550    1063.38    1901.3     837.918     2828     4741     
 502.65  154     14600    1063.38    1901.3     837.918     2878     4772     
 511.86  155     14663    1063.38    1901.22    837.84      2729     4772     
 514.31  155     14700    1063.38    1901.22    837.84      2766     4797     
 516.05  156     14765    1064.06    1901.12    837.061     2831     4806     
 520.25  156     14800    1064.06    1901.12    837.061     2866     4830     
 521.26  157     14850    1064.12    1901.05    836.938     2916     4836     
 524.56  158     14931    1064.12    1901.05    836.93      2997     4863     
 534.1   158     14950    1064.12    1901.05    836.93      2790     4873     
 535.63  159     15000    1064.12    1900.88    836.756     2840     4883     
 538.51  160     15073    1064.12    1900.82    836.696     2913     4906     
 540.64  160     15100    1064.12    1900.82    836.696     2940     4924     
 556.08  161     15217    1064.12    1900.78    836.658     2824     4952     
 556.15  161     15218    1064.12    1900.78    836.658     2825     4952     
 558.5   161     15250    1064.12    1900.78    836.658     2857     4977     
 559.61  162     15303    1064.12    1900.71    836.591     2910     4982     
 562.78  163     15383    1064.12    1900.65    836.528     2990     5008     
 563.65  163     15400    1064.12    1900.65    836.528     3007     5016     
 565.27  164     15451    1064.12    1900.59    836.464     3058     5025     
 576.55  165     15503    1064.12    1900.37    836.249     2893     5040     
 579.45  166     15575    1064.18    1900.29    836.112     2965     5062     
 580.75  166     15600    1064.18    1900.29    836.112     2990     5080     
 586.21  167     15691    1064.18    1900.29    836.112     3081     5101     
 586.72  167     15700    1064.18    1900.29    836.112     3090     5107     
 589.56  168     15777    1064.18    1900.15    835.97      3167     5129     
 600.59  168     15800    1064.18    1900.15    835.97      2966     5143     
 602.21  169     15850    1064.18    1900.05    835.87      3016     5152     
 606.55  169     15900    1064.18    1900.05    835.87      3066     5190     
 608.61  170     15977    1064.18    1899.99    835.812     3143     5196     
 610.03  170     16000    1064.18    1899.99    835.812     3166     5208     
 614.64  171     16050    1064.21    1899.63    835.422     3216     5220     
 628.36  172     16135    1064.21    1899.43    835.218     3066     5245     
 629.23  172     16150    1064.21    1899.43    835.218     3081     5252     
 631.81  173     16231    1064.21    1898.91    834.697     3162     5272     
 633.02  173     16250    1064.21    1898.91    834.697     3181     5286     
 634.93  174     16300    1064.21    1898.86    834.646     3231     5300     
 639.45  174     16350    1064.21    1898.86    834.646     3281     5332     
 652.3   175     16423    1064.21    1898.86    834.646     3087     5336     
 654.32  175     16450    1064.21    1898.86    834.646     3114     5354     
 659.2   176     16500    1064.21    1898.84    834.628     3164     5362     
 661.35  177     16550    1064.21    1898.75    834.54      3214     5378     
 664.85  178     16627    1064.21    1897.93    833.719     3291     5400     
 666.38  178     16650    1064.21    1897.93    833.719     3314     5414     
 669.24  179     16727    1064.21    1897.93    833.719     3391     5431     
 681.79  179     16750    1064.21    1897.93    833.719     3169     5444     
 683.38  180     16800    1064.21    1897.85    833.638     3219     5451     
 687.14  180     16850    1064.21    1897.85    833.638     3269     5486     
 688.41  181     16909    1064.21    1897.85    833.638     3328     5487     
 742.22  182     16985    1064.21    1897.75    833.539     3203     5508     
 743.28  182     17000    1064.21    1897.75    833.539     3218     5515     
 745.74  183     17050    1064.21    1897.73    833.522     3268     5532     
 749.5   184     17133    1064.55    1897.66    833.116     3351     5556     
 750.93  184     17150    1064.55    1897.66    833.116     3368     5567     
 754.07  185     17217    1064.6     1897.53    832.929     3435     5585     
 756.85  185     17250    1064.6     1897.53    832.929     3468     5607     
 772.01  186     17311    1064.6     1897.43    832.822     3254     5614     
 774.38  187     17350    1064.6     1897.43    832.822     3293     5636     
 779.38  187     17400    1064.61    1897.41    832.796     3343     5644     
 784.09  188     17505    1064.64    1897.36    832.72      3448     5677     
 784.17  188     17506    1064.64    1897.36    832.72      3449     5677     
 786.9   189     17579    1064.65    1897.26    832.618     3522     5699     
 788.35  189     17600    1064.65    1897.26    832.618     3543     5712     
 804.23  190     17687    1064.65    1897.23    832.581     3322     5730     
 805.09  190     17700    1064.65    1897.23    832.581     3335     5738     
 808.94  191     17787    1064.65    1897.21    832.565     3422     5764     
 809.73  191     17800    1064.65    1897.21    832.565     3435     5771     
 817.62  192     17899    1064.65    1897.17    832.519     3534     5800     
 817.71  192     17900    1064.65    1897.17    832.519     3535     5800     
 821.8   192     17950    1064.65    1897.17    832.519     3585     5832     
 823.44  193     18013    1064.65    1897.17    832.519     3648     5835     
 838.84  193     18050    1064.65    1897.17    832.519     3396     5862     
 840.55  194     18100    1064.65    1896.98    832.336     3446     5869     
 843.61  195     18177    1075.53    1896.85    821.315     3523     5890     
 845.17  195     18200    1075.53    1896.85    821.315     3546     5906     
 846.92  196     18253    1075.53    1896.49    820.955     3599     5914     
 849.89  197     18325    1075.53    1896.18    820.649     3671     5937     
 851.98  197     18350    1075.53    1896.18    820.649     3696     5958     
 870.83  198     18429    1075.53    1896.03    820.492     3527     5974     
 872.35  198     18450    1075.53    1896.03    820.492     3548     5987     
 876.07  199     18545    1076.49    1896.03    819.532     3643     6009     
 876.31  199     18550    1076.49    1896.03    819.532     3648     6011     
 880.36  200     18600    1076.49    1896.03    819.532     3698     6047     
 881.52  200     18655    1076.58    1896.03    819.447     3753     6047     
 885.12  200     18700    1076.58    1896.03    819.447     3798     6077     
 899.78  201     18759    1076.59    1895.99    819.402     3581     6081     
 902.45  202     18827    1076.59    1895.7     819.118     3649     6098     
-------------------------------------------------------------------------------

SARSOP finishing ...
  Preset timeout reached
  Timeout     : 900.000000s
  Actual Time : 902.450000s

-------------------------------------------------------------------------------
 Time   |#Trial |#Backup |LBound    |UBound    |Precision  |#Alphas |#Beliefs  
-------------------------------------------------------------------------------
 914.82  202     18827    1076.59    1895.7     819.118     3549     6098     
-------------------------------------------------------------------------------

Writing out policy ...
  output file : /home/eliranab/FDMAP/Resources/policies/RS-7x4_2C_2S_4P_TEAM_car2.policy

Solve took 
real	16m1.632s
user	15m58.168s
sys	0m2.764s
