
Loading the model ...
  input file   : /home/eliranab/FDMAP/Resources/problems/RS-7x4_2C_2S_4P_TEAM.pomdpx
  loading time : 9.17s 

SARSOP initializing ...
In sarsop::initialize
0.1
0.2
0.3
0.4
0.5
0.6
0.7
0.8
0.8.1
0.8.2
0.8.3
0.8.4
0.8.5
0.8.6
0.9
0.10
Finished sarsop::initialize
1
2
3
4
5
6
  initialization time : 3.72s

-------------------------------------------------------------------------------
 Time   |#Trial |#Backup |LBound    |UBound    |Precision  |#Alphas |#Beliefs  
-------------------------------------------------------------------------------
 3.72    0       0        0          1285.61    1285.61     21       1        
 3.87    1       63       365.432    1272.67    907.237     35       21       
 4.05    1       100      365.432    1272.67    907.237     60       46       
 4.18    2       167      574.281    1269.7     695.42      96       55       
 4.38    2       200      574.281    1269.7     695.42      110      78       
 4.52    3       250      574.281    1268.88    694.6       146      86       
 4.83    4       327      574.281    1268.44    694.159     180      108      
 5.04    4       350      574.281    1268.44    694.159     196      124      
 5.39    5       443      598.421    1261.96    663.538     236      148      
 5.53    5       450      598.421    1261.96    663.538     243      155      
 5.89    6       517      607.916    1259.67    651.754     275      178      
 6.2     7       565      644.272    1258.93    614.66      308      195      
 6.58    8       633      650.643    1258.93    608.289     334      218      
 6.82    8       650      650.643    1258.93    608.289     351      229      
 7.15    9       709      650.643    1258.75    608.107     358      243      
 7.62    10      783      652.396    1253.28    600.882     401      267      
 7.91    10      800      652.396    1253.28    600.882     418      280      
 8.39    11      885      653.802    1252.44    598.634     432      303      
 8.69    11      900      653.802    1252.44    598.634     447      315      
 10.47   12      977      678.652    1252.08    573.423     466      337      
 10.87   12      1000     678.652    1252.08    573.423     489      354      
 11.26   13      1051     678.652    1251.01    572.354     507      365      
 11.85   14      1123     688.264    1250.14    561.877     550      391      
 12.33   14      1150     688.264    1250.14    561.877     577      414      
 12.72   15      1205     702.396    1249.61    547.217     610      423      
 13.32   15      1250     702.396    1249.61    547.217     655      452      
 13.76   16      1323     702.396    1249.61    547.217     645      459      
 14.35   16      1350     702.396    1249.61    547.217     672      480      
 14.87   17      1413     702.396    1249.17    546.771     684      491      
 15.59   18      1477     729.977    1248.87    518.896     748      513      
 16.2    19      1521     733.656    1248.87    515.216     771      530      
 16.83   19      1550     733.656    1248.87    515.216     800      548      
 17.49   20      1600     733.981    1248.8     514.818     802      562      
 18.32   21      1691     733.981    1248.17    514.189     834      586      
 18.74   21      1700     733.981    1248.17    514.189     843      592      
 19.71   22      1781     733.981    1247.64    513.659     867      615      
 20.28   22      1800     733.981    1247.64    513.659     886      631      
 20.9    23      1850     752.976    1247.59    494.61      936      643      
 25.44   24      1915     758.964    1247.25    488.282     940      661      
 26.26   25      1963     773.674    1246.05    472.38      988      679      
 27.06   25      2000     773.674    1246.05    472.38      1025     703      
 27.78   26      2050     779.829    1244.75    464.924     1007     712      
 28.59   27      2105     779.829    1244.21    464.384     1062     728      
 29.75   28      2191     779.829    1244.17    464.344     1095     757      
 30.26   28      2200     779.829    1244.17    464.344     1104     762      
 31.55   29      2275     787.182    1243.86    456.674     1093     784      
 32.39   29      2300     787.182    1243.86    456.674     1118     800      
 33.09   30      2350     787.182    1241.95    454.767     1168     806      
 34.1    31      2421     787.182    1241.86    454.68      1176     830      
 35.02   31      2450     787.182    1241.86    454.68      1205     850      
 35.64   32      2501     787.182    1241.74    454.561     1256     855      
 36.82   33      2563     787.182    1240.41    453.228     1238     876      
 38.03   34      2633     797.978    1240.1     442.127     1308     896      
 38.81   34      2650     797.978    1240.1     442.127     1325     907      
 39.82   35      2715     798.883    1240.08    441.2       1324     923      
 40.94   35      2750     798.883    1240.08    441.2       1359     947      
 41.81   36      2800     798.883    1240.08    441.2       1409     954      
 42.96   37      2850     798.883    1239.94    441.061     1392     966      
 44.3    38      2915     798.883    1238.85    439.968     1457     988      
 45.64   38      2950     798.883    1238.85    439.968     1492     1014     
 46.56   39      3000     804.086    1238.14    434.05      1450     1018     
 48.07   40      3050     804.086    1238.14    434.05      1500     1052     
 48.78   40      3101     804.086    1238.11    434.025     1551     1052     
 50.67   41      3177     806.769    1237.49    430.72      1523     1078     
 51.87   41      3200     806.769    1237.49    430.72      1546     1095     
 53.1    42      3250     807.464    1237.39    429.929     1596     1105     
 54.66   43      3313     808.041    1237.39    429.352     1659     1126     
 56.74   43      3350     808.041    1237.39    429.352     1615     1154     
 68.88   44      3413     811.596    1237.37    425.772     1614     1163     
 70.4    45      3467     817.024    1237.16    420.132     1668     1182     
 71.81   45      3500     817.024    1237.16    420.132     1701     1203     
 72.81   46      3553     817.024    1236.99    419.968     1754     1208     
 75.09   46      3600     817.024    1236.99    419.968     1715     1240     
 76.12   47      3661     817.024    1236.95    419.925     1776     1243     
 77.94   48      3733     817.024    1236.69    419.67      1848     1268     
 79.22   48      3750     817.024    1236.69    419.67      1771     1281     
 80.33   49      3805     825.928    1236.19    410.263     1826     1293     
 82.25   50      3873     827.192    1235.97    408.78      1894     1318     
 83.69   50      3900     827.192    1235.97    408.78      1921     1334     
 85.5    51      3950     832.661    1235.39    402.728     1886     1349     
 87.79   51      4000     832.661    1235.39    402.728     1936     1380     
 89.24   52      4071     832.661    1234.68    402.017     2007     1382     
 91.02   52      4100     832.661    1234.68    402.017     2036     1405     
 92.53   53      4153     832.661    1234.57    401.906     1953     1410     
 94.44   54      4237     832.661    1234.2     401.534     2037     1438     
 95.62   54      4250     832.661    1234.2     401.534     2050     1447     
 97.37   55      4303     834.04     1234.14    400.103     2103     1459     
 99.32   56      4357     834.04     1234.13    400.092     2052     1479     
 101.56  57      4429     834.162    1234.09    399.933     2124     1504     
 103.39  57      4450     834.162    1234.09    399.933     2145     1518     
 105.19  58      4500     834.172    1233.99    399.814     2195     1533     
 107.03  59      4550     834.173    1233.93    399.758     2245     1551     
 108.9   60      4600     834.173    1233.93    399.758     2155     1561     
 110.56  61      4671     834.173    1233.62    399.451     2226     1580     
 112.36  61      4700     834.173    1233.62    399.451     2255     1599     
 114.19  62      4761     834.173    1233.14    398.969     2316     1608     
 117.04  63      4833     834.173    1232.44    398.268     2252     1631     
 118.56  63      4850     834.173    1232.44    398.268     2269     1644     
 119.92  64      4900     836.81     1232.23    395.416     2319     1652     
 122.16  65      4961     840.338    1232.13    391.791     2380     1673     
 124.17  65      5000     840.338    1232.13    391.791     2419     1701     
 125.57  66      5050     849.756    1231.56    381.8       2469     1706     
 128.51  66      5100     849.756    1231.56    381.8       2406     1737     
 129.78  67      5163     849.756    1231.36    381.602     2469     1738     
 132.22  68      5200     849.756    1231.36    381.602     2506     1762     
 134.42  68      5250     852.572    1231.23    378.655     2556     1773     
 136.57  69      5311     852.572    1230.97    378.398     2457     1786     
 138.68  69      5350     852.572    1230.97    378.398     2496     1814     
 140.78  70      5421     852.572    1230.81    378.235     2567     1826     
 142.95  70      5450     852.572    1230.81    378.235     2596     1849     
 145.3   71      5500     852.821    1230.81    377.987     2646     1861     
 147.99  72      5567     852.843    1230.41    377.564     2606     1877     
 150.65  72      5600     852.843    1230.41    377.564     2639     1902     
 152.55  73      5650     852.845    1230.34    377.497     2689     1912     
 154.67  74      5725     852.845    1230.15    377.304     2764     1932     
 156.75  74      5750     852.845    1230.15    377.304     2789     1946     
 159.66  75      5809     853.948    1230.15    376.201     2848     1957     
 162.76  76      5877     854.045    1229.54    375.498     2777     1979     
 165.25  76      5900     854.045    1229.54    375.498     2800     1997     
 197.39  77      5977     854.054    1229.21    375.16      2793     2014     
 199.94  77      6000     854.054    1229.21    375.16      2816     2028     
 202.51  78      6050     854.161    1229.18    375.021     2866     2042     
 205.54  79      6121     854.161    1228.93    374.767     2937     2060     
 207.75  79      6150     854.161    1228.93    374.767     2966     2079     
 210.53  80      6200     854.161    1228.79    374.628     3016     2092     
 213.17  81      6250     854.171    1228.69    374.516     3066     2107     
 216.26  82      6307     854.172    1228.17    374.001     2980     2126     
 220.38  82      6350     854.172    1228.17    374.001     3023     2155     
 223.11  83      6400     854.172    1227.97    373.797     3073     2160     
 226.56  84      6455     854.182    1227.76    373.575     3128     2176     
 229.68  85      6509     854.183    1227.72    373.534     3182     2191     
 232.68  86      6557     854.183    1227.58    373.393     3039     2210     
 236.77  87      6625     854.183    1227.47    373.283     3107     2234     
 239.42  87      6650     854.183    1227.47    373.283     3132     2252     
 242     88      6700     854.183    1227.38    373.194     3182     2261     
 245.73  89      6783     854.183    1227.2     373.015     3265     2283     
 248     89      6800     854.183    1227.2     373.015     3282     2295     
 252.55  90      6905     854.183    1226.93    372.744     3184     2321     
 253.7   90      6906     854.183    1226.93    372.744     3185     2321     
 257.03  91      6971     854.184    1226.84    372.655     3250     2340     
 259.68  91      7000     854.184    1226.84    372.655     3279     2360     
 261.65  92      7050     854.184    1226.78    372.594     3329     2366     
 265.25  93      7103     854.184    1226.6     372.412     3382     2384     
 270     94      7187     854.184    1226.48    372.291     3466     2411     
 272.11  94      7200     854.184    1226.48    372.291     3479     2419     
 275.51  95      7257     854.184    1226.45    372.263     3358     2433     
 279.56  96      7321     859.155    1226.29    367.132     3422     2453     
 282.99  96      7350     859.155    1226.29    367.132     3451     2470     
 287.12  97      7425     859.155    1226.28    367.125     3526     2487     
 290.07  97      7450     859.155    1226.28    367.125     3551     2503     
 292.47  98      7515     859.155    1226.24    367.084     3616     2512     
 295.85  98      7550     859.155    1226.24    367.084     3651     2532     
 299.95  99      7611     859.155    1226.09    366.931     3505     2541     
 303.38  99      7650     859.155    1226.09    366.931     3544     2569     
 305.48  100     7701     859.155    1226.07    366.92      3595     2572     
 309.62  101     7767     859.155    1225.96    366.803     3661     2594     
 312.62  101     7800     859.155    1225.96    366.803     3694     2613     
 315.84  102     7850     863.293    1225.94    362.648     3744     2621     
 319.55  103     7907     863.293    1225.64    362.346     3801     2642     
 323.19  103     7950     863.293    1225.64    362.346     3844     2667     
 326.78  104     8031     863.293    1225.51    362.221     3728     2677     
 329.42  104     8050     863.293    1225.51    362.221     3747     2691     
 332.74  105     8100     863.658    1225.38    361.724     3797     2701     
 336.07  106     8153     863.69     1225.37    361.684     3850     2718     
 340.93  106     8200     863.69     1225.37    361.684     3897     2746     
 343.38  107     8251     863.69     1225.37    361.684     3948     2747     
 350.46  108     8325     863.69     1225.04    361.351     4022     2772     
 355.06  108     8350     863.69     1225.04    361.351     3821     2792     
 359.47  109     8400     864.529    1225       360.473     3871     2807     
 363.74  110     8450     864.529    1224.95    360.422     3921     2819     
 367.82  111     8511     864.529    1224.86    360.328     3982     2842     
 373.29  112     8575     864.597    1224.74    360.147     4046     2863     
 378.58  112     8600     864.597    1224.74    360.147     4071     2880     
 381.84  113     8653     864.68     1224.7     360.024     4124     2889     
 387.97  114     8725     864.68     1224.59    359.913     3960     2914     
 391.39  114     8750     864.68     1224.59    359.913     3985     2931     
 394.3   115     8800     864.687    1224.56    359.871     4035     2939     
 400.25  116     8875     864.687    1224.49    359.801     4110     2963     
 403.66  116     8900     864.687    1224.49    359.801     4135     2981     
 406.73  117     8950     865.041    1224.48    359.437     4185     2990     
 411.9   118     9021     865.072    1224.44    359.366     4256     3013     
 415.91  118     9050     865.072    1224.44    359.366     4285     3037     
 418.39  119     9100     865.072    1224.37    359.297     4335     3042     
 423.21  120     9150     865.075    1224.28    359.207     4161     3059     
 430.01  120     9200     865.075    1224.28    359.207     4211     3089     
 433.35  121     9275     865.075    1224.14    359.068     4286     3095     
 436.94  121     9300     865.075    1224.14    359.068     4311     3114     
 441.2   122     9350     865.075    1224.14    359.064     4361     3129     
 445.17  123     9403     865.075    1224.08    359.001     4414     3140     
 452.24  124     9479     865.075    1223.99    358.92      4490     3168     
 456.24  124     9500     865.075    1223.99    358.92      4511     3184     
 536.51  125     9609     865.075    1223.99    358.912     4310     3219     
 538.16  125     9610     865.075    1223.99    358.912     4311     3219     
 543.7   126     9689     869.16     1223.99    354.827     4390     3246     
 545.81  126     9700     869.16     1223.99    354.827     4401     3251     
 548.87  127     9755     870.46     1223.94    353.483     4456     3266     
 555.06  128     9843     870.46     1223.94    353.476     4544     3295     
 557.36  128     9850     870.46     1223.94    353.476     4551     3300     
 562.23  129     9907     870.575    1223.86    353.289     4608     3317     
 567.94  130     9950     870.575    1223.86    353.289     4651     3349     
 571.19  130     10000    870.575    1223.74    353.16      4701     3353     
 576.61  131     10055    870.585    1223.56    352.971     4521     3368     
 580.87  132     10100    870.585    1223.56    352.971     4566     3394     
 585.19  132     10150    870.585    1223.36    352.776     4616     3396     
 591     133     10219    870.585    1223.24    352.658     4685     3421     
 595.98  133     10250    870.585    1223.24    352.658     4716     3443     
 600.01  134     10300    870.585    1223.18    352.596     4766     3455     
 603.98  135     10355    870.585    1223.18    352.595     4821     3468     
 609.25  136     10423    870.586    1223.02    352.438     4889     3492     
 614.71  136     10450    870.586    1223.02    352.438     4916     3513     
 620.47  137     10500    870.586    1222.99    352.402     4966     3522     
 625.78  138     10557    870.586    1222.94    352.35      4770     3538     
 632.07  139     10621    870.586    1222.71    352.121     4834     3559     
 637.73  139     10650    870.586    1222.71    352.121     4863     3581     
 641.83  140     10717    870.586    1222.69    352.104     4930     3591     
 646.92  140     10750    870.586    1222.69    352.104     4963     3614     
 657.05  141     10879    870.586    1222.69    352.102     5092     3650     
 658.85  141     10880    870.586    1222.69    352.102     5093     3650     
 663.17  141     10900    870.586    1222.69    352.102     5113     3665     
 667.24  142     10977    870.586    1222.56    351.972     5190     3680     
 672.84  142     11000    870.586    1222.56    351.972     4865     3698     
 675.92  143     11050    870.586    1222.48    351.893     4915     3706     
 684.52  144     11123    870.586    1222.48    351.893     4988     3732     
 689.15  144     11150    870.586    1222.48    351.893     5015     3748     
 693.56  145     11200    870.586    1222.34    351.752     5065     3760     
 699.78  146     11271    870.586    1222.29    351.7       5136     3779     
 704.63  146     11300    870.586    1222.29    351.7       5165     3800     
 707.91  147     11350    870.586    1222.19    351.606     5215     3804     
 713.22  148     11421    870.586    1222.17    351.581     5286     3828     
 718.47  148     11450    870.586    1222.17    351.581     5315     3849     
 724.42  149     11507    870.586    1222.17    351.581     5044     3857     
 729.32  150     11565    870.586    1222.13    351.541     5102     3876     
 733.97  150     11600    870.586    1222.13    351.541     5137     3902     
 739.33  151     11650    870.586    1222.02    351.436     5187     3908     
 744.51  151     11700    870.586    1222.02    351.436     5237     3939     
 747.48  152     11759    870.586    1221.98    351.397     5296     3940     
 754.68  153     11819    870.586    1221.92    351.333     5356     3962     
 759.31  153     11850    870.586    1221.92    351.333     5387     3982     
 763.05  154     11911    870.586    1221.92    351.33      5448     3990     
 768.45  154     11950    870.586    1221.92    351.33      5487     4020     
 771.68  155     12005    870.586    1221.87    351.288     5542     4023     
 783.12  156     12071    870.586    1221.83    351.248     5293     4045     
 789.62  156     12100    870.586    1221.83    351.248     5322     4067     
 793.43  157     12150    870.586    1221.79    351.203     5372     4072     
 799.91  158     12205    870.586    1221.58    350.992     5427     4091     
 807.06  159     12283    870.586    1221.55    350.966     5505     4120     
 811.1   159     12300    870.586    1221.55    350.966     5522     4133     
 814.92  160     12353    871.461    1221.47    350.004     5575     4147     
 822.22  161     12415    871.823    1221.47    349.643     5637     4168     
 828.61  161     12450    871.823    1221.47    349.643     5672     4189     
 832.34  162     12500    871.823    1221.43    349.603     5722     4193     
 840.75  163     12571    871.823    1221.31    349.492     5470     4219     
 847.5   163     12600    871.823    1221.31    349.492     5499     4243     
 851.51  164     12651    871.823    1221.31    349.492     5550     4250     
 860.46  165     12721    871.823    1220.96    349.141     5620     4278     
 867     165     12750    871.823    1220.96    349.141     5649     4300     
 870.62  166     12800    871.823    1220.96    349.137     5699     4304     
 880.84  167     12875    871.823    1220.93    349.107     5774     4329     
 887.06  167     12900    871.823    1220.93    349.107     5799     4347     
 892.77  168     12950    871.932    1220.9     348.969     5849     4358     
 898.93  169     13019    871.932    1220.78    348.847     5918     4380     
 905.55  169     13050    871.932    1220.78    348.847     5949     4402     
 911.63  170     13100    871.932    1220.59    348.661     5999     4414     
 919.65  171     13175    871.932    1220.54    348.61      5744     4433     
 925.75  171     13200    871.932    1220.54    348.61      5769     4450     
 932.17  172     13251    871.932    1220.48    348.55      5820     4456     
 939.53  173     13313    871.932    1220.46    348.525     5882     4478     
 946.64  173     13350    871.932    1220.46    348.525     5919     4502     
 950.55  174     13403    871.932    1220.29    348.354     5972     4506     
 959.02  175     13473    871.932    1220.18    348.253     6042     4530     
 965.24  176     13500    871.932    1220.18    348.253     6069     4552     
 971.51  176     13550    871.932    1220.18    348.253     6119     4569     
 976.45  177     13613    871.932    1220.18    348.253     6182     4583     
 983.84  178     13650    871.932    1220.18    348.253     6219     4609     
 997.35  178     13700    871.932    1220.02    348.091     5916     4619     
 1002.75 179     13757    871.932    1219.79    347.858     5973     4636     
-------------------------------------------------------------------------------

SARSOP finishing ...
  Preset timeout reached
  Timeout     : 1000.000000s
  Actual Time : 1002.750000s

-------------------------------------------------------------------------------
 Time   |#Trial |#Backup |LBound    |UBound    |Precision  |#Alphas |#Beliefs  
-------------------------------------------------------------------------------
 1005.02 179     13757    871.932    1219.79    347.858     5949     4636     
-------------------------------------------------------------------------------

Writing out policy ...
  output file : /home/eliranab/FDMAP/Resources/policies/RS-7x4_2C_2S_4P_TEAM.policy

Solve took 
real	18m0.758s
user	17m52.377s
sys	0m7.005s
